Source the FSL configuration script using:
     . /gpfs/milgram/apps/hpc.rhel7/software/FSL/6.0.3-centos7_64/etc/fslconf/fsl.sh To use FSLeyes GUI, load the separate FSLeyes module.
Source the FSL configuration script using:
     . /gpfs/milgram/apps/hpc.rhel7/software/FSL/6.0.3-centos7_64/etc/fslconf/fsl.sh To use FSLeyes GUI, load the separate FSLeyes module.
Source the FSL configuration script using:
     . /gpfs/milgram/apps/hpc.rhel7/software/FSL/6.0.3-centos7_64/etc/fslconf/fsl.sh To use FSLeyes GUI, load the separate FSLeyes module.
Source the FSL configuration script using:
     . /gpfs/milgram/apps/hpc.rhel7/software/FSL/6.0.3-centos7_64/etc/fslconf/fsl.sh To use FSLeyes GUI, load the separate FSLeyes module.
210311-18:41:46,76 nipype.utils DEBUG:
	 Running a newer version (1.6.0) of nipy/nipype than available (1.5.1)
210311-18:41:46,496 nipype.workflow DEBUG:
	 (csd_flow.infosource, csd_flow.sf): No edge data
210311-18:41:46,496 nipype.workflow DEBUG:
	 (csd_flow.infosource, csd_flow.sf): new edge data: {'connect': [('subject_id', 'subject_id')]}
210311-18:41:46,496 nipype.workflow DEBUG:
	 (csd_flow.sf, csd_flow.seg5tt): No edge data
210311-18:41:46,496 nipype.workflow DEBUG:
	 (csd_flow.sf, csd_flow.seg5tt): new edge data: {'connect': [('t1', 'in_file')]}
210311-18:41:46,497 nipype.workflow DEBUG:
	 (csd_flow.seg5tt, csd_flow.datasink): No edge data
210311-18:41:46,497 nipype.workflow DEBUG:
	 (csd_flow.seg5tt, csd_flow.datasink): new edge data: {'connect': [('out_file', '5_Tract_Reconstruction')]}
210311-18:41:46,497 nipype.workflow DEBUG:
	 (csd_flow.sf, csd_flow.gradconv): No edge data
210311-18:41:46,497 nipype.workflow DEBUG:
	 (csd_flow.sf, csd_flow.gradconv): new edge data: {'connect': [('dti', 'in_file'), ('bval', 'in_bval'), ('bvec', 'in_bvec')]}
210311-18:41:46,497 nipype.workflow DEBUG:
	 (csd_flow.gradconv, csd_flow.dwiresp): No edge data
210311-18:41:46,497 nipype.workflow DEBUG:
	 (csd_flow.gradconv, csd_flow.dwiresp): new edge data: {'connect': [('out_file', 'in_file')]}
210311-18:41:46,497 nipype.workflow DEBUG:
	 (csd_flow.dwiresp, csd_flow.datasink): No edge data
210311-18:41:46,497 nipype.workflow DEBUG:
	 (csd_flow.dwiresp, csd_flow.datasink): new edge data: {'connect': [('wm_file', '4_Deconvolution.@par'), ('gm_file', '4_Deconvolution.@par.@par'), ('csf_file', '4_Deconvolution.@par.@par.@par')]}
210311-18:41:46,497 nipype.workflow DEBUG:
	 (csd_flow.gradconv, csd_flow.mscsd): No edge data
210311-18:41:46,497 nipype.workflow DEBUG:
	 (csd_flow.gradconv, csd_flow.mscsd): new edge data: {'connect': [('out_file', 'in_file')]}
210311-18:41:46,497 nipype.workflow DEBUG:
	 (csd_flow.dwiresp, csd_flow.mscsd): No edge data
210311-18:41:46,497 nipype.workflow DEBUG:
	 (csd_flow.dwiresp, csd_flow.mscsd): new edge data: {'connect': [('wm_file', 'wm_txt'), ('gm_file', 'gm_txt'), ('csf_file', 'csf_txt')]}
210311-18:41:46,497 nipype.workflow DEBUG:
	 (csd_flow.mscsd, csd_flow.tract): No edge data
210311-18:41:46,497 nipype.workflow DEBUG:
	 (csd_flow.mscsd, csd_flow.tract): new edge data: {'connect': [('wm_odf', 'in_file')]}
210311-18:41:46,497 nipype.workflow DEBUG:
	 (csd_flow.mscsd, csd_flow.datasink): No edge data
210311-18:41:46,497 nipype.workflow DEBUG:
	 (csd_flow.mscsd, csd_flow.datasink): new edge data: {'connect': [('wm_odf', '4_Deconvolution.@par.@par.@par.@par'), ('gm_odf', '4_Deconvolution.@par.@par.@par.@par.@par'), ('csf_odf', '4_Deconvolution.@par.@par.@par.@par.@par.@par')]}
210311-18:41:46,497 nipype.workflow DEBUG:
	 (csd_flow.gradconv, csd_flow.datasink): No edge data
210311-18:41:46,497 nipype.workflow DEBUG:
	 (csd_flow.gradconv, csd_flow.datasink): new edge data: {'connect': [('out_file', '4_Deconvolution.@par.@par.@par.@par.@par.@par.@par')]}
210311-18:41:46,509 nipype.workflow DEBUG:
	 Creating flat graph for workflow: csd_flow
210311-18:41:46,512 nipype.workflow DEBUG:
	 expanding workflow: csd_flow
210311-18:41:46,512 nipype.workflow DEBUG:
	 processing node: csd_flow.infosource
210311-18:41:46,515 nipype.workflow DEBUG:
	 processing node: csd_flow.sf
210311-18:41:46,515 nipype.workflow DEBUG:
	 processing node: csd_flow.gradconv
210311-18:41:46,516 nipype.workflow DEBUG:
	 processing node: csd_flow.dwiresp
210311-18:41:46,516 nipype.workflow DEBUG:
	 processing node: csd_flow.mscsd
210311-18:41:46,516 nipype.workflow DEBUG:
	 processing node: csd_flow.tract
210311-18:41:46,516 nipype.workflow DEBUG:
	 processing node: csd_flow.seg5tt
210311-18:41:46,516 nipype.workflow DEBUG:
	 processing node: csd_flow.datasink
210311-18:41:46,516 nipype.workflow DEBUG:
	 finished expanding workflow: csd_flow
210311-18:41:46,519 nipype.workflow DEBUG:
	 using input graph
210311-18:41:47,698 nipype.workflow DEBUG:
	 creating dot graph
210311-18:41:48,755 nipype.workflow INFO:
	 Generated workflow graph: /gpfs/milgram/project/gee_dylan/candlab/analyses/shapes/dwi/workflows/csd_flow/graph.png (graph2use=flat, simple_form=True).
210311-18:41:49,305 nipype.workflow DEBUG:
	 [MultiProc] Starting (n_procs=4, mem_gb=168.77, cwd=/gpfs/milgram/home/lms233/Github/Diffusion)
210311-18:41:49,307 nipype.workflow DEBUG:
	 Creating flat graph for workflow: csd_flow
210311-18:41:49,312 nipype.workflow DEBUG:
	 expanding workflow: csd_flow
210311-18:41:49,312 nipype.workflow DEBUG:
	 processing node: csd_flow.infosource
210311-18:41:49,313 nipype.workflow DEBUG:
	 processing node: csd_flow.sf
210311-18:41:49,313 nipype.workflow DEBUG:
	 processing node: csd_flow.gradconv
210311-18:41:49,313 nipype.workflow DEBUG:
	 processing node: csd_flow.dwiresp
210311-18:41:49,313 nipype.workflow DEBUG:
	 processing node: csd_flow.mscsd
210311-18:41:49,313 nipype.workflow DEBUG:
	 processing node: csd_flow.tract
210311-18:41:49,313 nipype.workflow DEBUG:
	 processing node: csd_flow.seg5tt
210311-18:41:49,313 nipype.workflow DEBUG:
	 processing node: csd_flow.datasink
210311-18:41:49,313 nipype.workflow DEBUG:
	 finished expanding workflow: csd_flow
210311-18:41:49,313 nipype.workflow INFO:
	 Workflow csd_flow settings: ['check', 'execution', 'logging', 'monitoring']
210311-18:41:49,317 nipype.workflow DEBUG:
	 PE: expanding iterables
210311-18:41:49,319 nipype.workflow DEBUG:
	 Detected iterable nodes [csd_flow.infosource]
210311-18:41:49,319 nipype.workflow DEBUG:
	 Expanding the iterable node csd_flow.infosource...
210311-18:41:49,319 nipype.workflow DEBUG:
	 node: csd_flow.infosource iterables: {'subject_id': <function _standardize_iterables.<locals>.make_field_func.<locals>.<lambda> at 0x2b7d89a8d5f0>}
210311-18:41:49,320 nipype.workflow DEBUG:
	 ('subnodes:', [csd_flow.infosource, csd_flow.sf, csd_flow.seg5tt, csd_flow.datasink, csd_flow.gradconv, csd_flow.dwiresp, csd_flow.mscsd, csd_flow.tract])
210311-18:41:49,324 nipype.workflow DEBUG:
	 [Node] infosource - setting input subject_id = sub-A438
210311-18:41:49,325 nipype.workflow DEBUG:
	 Parameterization: paramstr=_subject_id_sub-A438
210311-18:41:49,325 nipype.workflow DEBUG:
	 PE: expanding iterables ... done
210311-18:41:49,325 nipype.workflow DEBUG:
	 [Node] sf - setting input subject_id = sub-A438
210311-18:41:49,325 nipype.workflow DEBUG:
	 Removed the identity node csd_flow.infosource from the graph.
210311-18:41:50,624 nipype.workflow DEBUG:
	 Performing depth first search
210311-18:41:50,714 nipype.workflow INFO:
	 Running in parallel.
210311-18:41:50,718 nipype.workflow DEBUG:
	 Progress: 7 jobs, 0/0/1 (done/running/ready), 0/7 (pending_tasks/waiting).
210311-18:41:50,719 nipype.workflow DEBUG:
	 Tasks currently running: 0. Pending: 0.
210311-18:41:50,721 nipype.workflow INFO:
	 [MultiProc] Running 0 tasks, and 1 jobs ready. Free memory (GB): 168.77/168.77, Free processors: 4/4.
210311-18:41:50,789 nipype.workflow DEBUG:
	 Allocating csd_flow.sf ID=0 (0.20GB, 1 threads). Free: 168.57GB, 3 threads.
210311-18:41:50,790 nipype.workflow DEBUG:
	 [Node] Not cached "/gpfs/milgram/pi/gee_dylan/candlab/analyses/shapes/dwi/workflows/csd_flow/_subject_id_sub-A438/sf".
210311-18:41:50,790 nipype.workflow DEBUG:
	 Checking hash "csd_flow.sf" locally: cached=False, updated=False.
210311-18:41:50,836 nipype.workflow DEBUG:
	 [MultiProc] Submitted task csd_flow.sf (taskid=1).
210311-18:41:50,843 nipype.workflow INFO:
	 [Node] Setting-up "csd_flow.sf" in "/gpfs/milgram/pi/gee_dylan/candlab/analyses/shapes/dwi/workflows/csd_flow/_subject_id_sub-A438/sf".
210311-18:41:50,844 nipype.workflow DEBUG:
	 [Node] Not cached "/gpfs/milgram/pi/gee_dylan/candlab/analyses/shapes/dwi/workflows/csd_flow/_subject_id_sub-A438/sf".
210311-18:41:50,844 nipype.utils DEBUG:
	 Removing contents of /gpfs/milgram/pi/gee_dylan/candlab/analyses/shapes/dwi/workflows/csd_flow/_subject_id_sub-A438/sf
210311-18:41:50,848 nipype.workflow DEBUG:
	 [Node] Writing pre-exec report to "/gpfs/milgram/pi/gee_dylan/candlab/analyses/shapes/dwi/workflows/csd_flow/_subject_id_sub-A438/sf/_report/report.rst"
210311-18:41:50,852 nipype.workflow INFO:
	 [Node] Running "sf" ("nipype.interfaces.io.SelectFiles")
210311-18:41:50,880 nipype.workflow DEBUG:
	 Needed files: /gpfs/milgram/project/gee_dylan/candlab/analyses/shapes/dwi/data/3_Eddy_Corrected/sub-A438/eddy_corrected.nii.gz;/gpfs/milgram/project/gee_dylan/candlab/data/mri/bids_recon/shapes/sub-A438/ses-shapesV1/dwi/sub-A438_ses-shapesV1_dwi.bval;/gpfs/milgram/project/gee_dylan/candlab/analyses/shapes/dwi/data/3_Eddy_Corrected/sub-A438/eddy_corrected.eddy_rotated_bvecs;/gpfs/milgram/project/gee_dylan/candlab/analyses/shapes/dwi/data/1_Check_Unwarped/sub-A438/sub-A438_ses-shapesV1_T1w_flirt_brain.nii.gz;/gpfs/milgram/project/gee_dylan/candlab/atlases/MNI152_T1_2mm_brain.nii.gz;/gpfs/milgram/pi/gee_dylan/candlab/analyses/shapes/dwi/workflows/csd_flow/_subject_id_sub-A438/sf/_0x1b4fe4efd881ede888d89aedc3016ecc_unfinished.json;/gpfs/milgram/pi/gee_dylan/candlab/analyses/shapes/dwi/workflows/csd_flow/_subject_id_sub-A438/sf/_inputs.pklz;/gpfs/milgram/pi/gee_dylan/candlab/analyses/shapes/dwi/workflows/csd_flow/_subject_id_sub-A438/sf/_node.pklz
210311-18:41:50,881 nipype.workflow DEBUG:
	 Needed dirs: /gpfs/milgram/pi/gee_dylan/candlab/analyses/shapes/dwi/workflows/csd_flow/_subject_id_sub-A438/sf/_report
210311-18:41:50,881 nipype.workflow DEBUG:
	 Removing files: 
210311-18:41:50,881 nipype.workflow DEBUG:
	 Saving results file: '/gpfs/milgram/pi/gee_dylan/candlab/analyses/shapes/dwi/workflows/csd_flow/_subject_id_sub-A438/sf/result_sf.pklz'
210311-18:41:50,885 nipype.workflow DEBUG:
	 [Node] Writing post-exec report to "/gpfs/milgram/pi/gee_dylan/candlab/analyses/shapes/dwi/workflows/csd_flow/_subject_id_sub-A438/sf/_report/report.rst"
210311-18:41:50,887 nipype.workflow INFO:
	 [Node] Finished "csd_flow.sf".
210311-18:41:52,723 nipype.workflow DEBUG:
	 Progress: 7 jobs, 0/1/0 (done/running/ready), 1/6 (pending_tasks/waiting).
210311-18:41:52,724 nipype.workflow INFO:
	 [Job 0] Completed (csd_flow.sf).
210311-18:41:52,727 nipype.workflow DEBUG:
	 Tasks currently running: 0. Pending: 0.
210311-18:41:52,728 nipype.workflow INFO:
	 [MultiProc] Running 0 tasks, and 2 jobs ready. Free memory (GB): 168.77/168.77, Free processors: 4/4.
210311-18:41:52,829 nipype.workflow DEBUG:
	 Allocating csd_flow.gradconv ID=1 (0.20GB, 1 threads). Free: 168.57GB, 3 threads.
210311-18:41:52,830 nipype.workflow DEBUG:
	 [Node] Not cached "/gpfs/milgram/pi/gee_dylan/candlab/analyses/shapes/dwi/workflows/csd_flow/_subject_id_sub-A438/gradconv".
210311-18:41:52,831 nipype.workflow DEBUG:
	 Checking hash "csd_flow.gradconv" locally: cached=False, updated=False.
210311-18:41:52,835 nipype.workflow INFO:
	 [Node] Setting-up "csd_flow.gradconv" in "/gpfs/milgram/pi/gee_dylan/candlab/analyses/shapes/dwi/workflows/csd_flow/_subject_id_sub-A438/gradconv".
210311-18:41:52,835 nipype.workflow DEBUG:
	 [Node] Not cached "/gpfs/milgram/pi/gee_dylan/candlab/analyses/shapes/dwi/workflows/csd_flow/_subject_id_sub-A438/gradconv".
210311-18:41:52,836 nipype.workflow DEBUG:
	 [Node] Setting 3 connected inputs of node "gradconv" from 1 previous nodes.
210311-18:41:52,837 nipype.utils DEBUG:
	 Loading pkl: /gpfs/milgram/pi/gee_dylan/candlab/analyses/shapes/dwi/workflows/csd_flow/_subject_id_sub-A438/sf/result_sf.pklz
210311-18:41:52,840 nipype.workflow DEBUG:
	 Resolving paths in outputs loaded from results file.
210311-18:41:52,840 nipype.workflow DEBUG:
	 output: dti
210311-18:41:52,841 nipype.workflow DEBUG:
	 [Node] gradconv - setting input in_file = /gpfs/milgram/project/gee_dylan/candlab/analyses/shapes/dwi/data/3_Eddy_Corrected/sub-A438/eddy_corrected.nii.gz
210311-18:41:52,841 nipype.workflow DEBUG:
	 output: bval
210311-18:41:52,841 nipype.workflow DEBUG:
	 [Node] gradconv - setting input in_bval = /gpfs/milgram/project/gee_dylan/candlab/data/mri/bids_recon/shapes/sub-A438/ses-shapesV1/dwi/sub-A438_ses-shapesV1_dwi.bval
210311-18:41:52,841 nipype.workflow DEBUG:
	 output: bvec
210311-18:41:52,841 nipype.workflow DEBUG:
	 [Node] gradconv - setting input in_bvec = /gpfs/milgram/project/gee_dylan/candlab/analyses/shapes/dwi/data/3_Eddy_Corrected/sub-A438/eddy_corrected.eddy_rotated_bvecs
210311-18:41:52,842 nipype.utils DEBUG:
	 Removing contents of /gpfs/milgram/pi/gee_dylan/candlab/analyses/shapes/dwi/workflows/csd_flow/_subject_id_sub-A438/gradconv
210311-18:41:52,843 nipype.workflow DEBUG:
	 [MultiProc] Submitted task csd_flow.gradconv (taskid=2).
210311-18:41:52,843 nipype.workflow DEBUG:
	 Allocating csd_flow.seg5tt ID=5 (0.20GB, 1 threads). Free: 168.37GB, 2 threads.
210311-18:41:52,843 nipype.workflow DEBUG:
	 [Node] Not cached "/gpfs/milgram/pi/gee_dylan/candlab/analyses/shapes/dwi/workflows/csd_flow/_subject_id_sub-A438/seg5tt".
210311-18:41:52,843 nipype.workflow DEBUG:
	 Checking hash "csd_flow.seg5tt" locally: cached=False, updated=False.
210311-18:41:52,847 nipype.workflow INFO:
	 [Node] Setting-up "csd_flow.seg5tt" in "/gpfs/milgram/pi/gee_dylan/candlab/analyses/shapes/dwi/workflows/csd_flow/_subject_id_sub-A438/seg5tt".
210311-18:41:52,847 nipype.workflow DEBUG:
	 [Node] Not cached "/gpfs/milgram/pi/gee_dylan/candlab/analyses/shapes/dwi/workflows/csd_flow/_subject_id_sub-A438/seg5tt".
210311-18:41:52,848 nipype.workflow DEBUG:
	 [Node] Setting 1 connected inputs of node "seg5tt" from 1 previous nodes.
210311-18:41:52,849 nipype.utils DEBUG:
	 Loading pkl: /gpfs/milgram/pi/gee_dylan/candlab/analyses/shapes/dwi/workflows/csd_flow/_subject_id_sub-A438/sf/result_sf.pklz
210311-18:41:52,850 nipype.workflow DEBUG:
	 [MultiProc] Submitted task csd_flow.seg5tt (taskid=3).
210311-18:41:52,852 nipype.workflow DEBUG:
	 Resolving paths in outputs loaded from results file.
210311-18:41:52,852 nipype.workflow DEBUG:
	 output: t1
210311-18:41:52,852 nipype.workflow DEBUG:
	 [Node] seg5tt - setting input in_file = /gpfs/milgram/project/gee_dylan/candlab/analyses/shapes/dwi/data/1_Check_Unwarped/sub-A438/sub-A438_ses-shapesV1_T1w_flirt_brain.nii.gz
210311-18:41:52,853 nipype.utils DEBUG:
	 Removing contents of /gpfs/milgram/pi/gee_dylan/candlab/analyses/shapes/dwi/workflows/csd_flow/_subject_id_sub-A438/seg5tt
210311-18:41:52,854 nipype.workflow DEBUG:
	 [Node] Writing pre-exec report to "/gpfs/milgram/pi/gee_dylan/candlab/analyses/shapes/dwi/workflows/csd_flow/_subject_id_sub-A438/gradconv/_report/report.rst"
210311-18:41:52,855 nipype.workflow DEBUG:
	 [Node] Writing pre-exec report to "/gpfs/milgram/pi/gee_dylan/candlab/analyses/shapes/dwi/workflows/csd_flow/_subject_id_sub-A438/seg5tt/_report/report.rst"
210311-18:41:52,860 nipype.interface DEBUG:
	 in_file_/gpfs/milgram/project/gee_dylan/candlab/analyses/shapes/dwi/data/3_Eddy_Corrected/sub-A438/eddy_corrected.nii.gz
210311-18:41:52,860 nipype.interface DEBUG:
	 out_file_dwi.mif
210311-18:41:52,860 nipype.workflow INFO:
	 [Node] Running "gradconv" ("nipype.interfaces.mrtrix3.utils.MRConvert"), a CommandLine Interface with command:
mrconvert -fslgrad /gpfs/milgram/project/gee_dylan/candlab/analyses/shapes/dwi/data/3_Eddy_Corrected/sub-A438/eddy_corrected.eddy_rotated_bvecs /gpfs/milgram/project/gee_dylan/candlab/data/mri/bids_recon/shapes/sub-A438/ses-shapesV1/dwi/sub-A438_ses-shapesV1_dwi.bval /gpfs/milgram/project/gee_dylan/candlab/analyses/shapes/dwi/data/3_Eddy_Corrected/sub-A438/eddy_corrected.nii.gz dwi.mif
210311-18:41:52,862 nipype.interface DEBUG:
	 in_file_/gpfs/milgram/project/gee_dylan/candlab/analyses/shapes/dwi/data/3_Eddy_Corrected/sub-A438/eddy_corrected.nii.gz
210311-18:41:52,862 nipype.interface DEBUG:
	 out_file_dwi.mif
210311-18:41:52,869 nipype.interface DEBUG:
	 algorithm_fsl
210311-18:41:52,869 nipype.interface DEBUG:
	 in_file_/gpfs/milgram/project/gee_dylan/candlab/analyses/shapes/dwi/data/1_Check_Unwarped/sub-A438/sub-A438_ses-shapesV1_T1w_flirt_brain.nii.gz
210311-18:41:52,869 nipype.interface DEBUG:
	 out_file_T1s_5tt_segmented.nii.gz
210311-18:41:52,870 nipype.workflow INFO:
	 [Node] Running "seg5tt" ("nipype.interfaces.mrtrix3.utils.Generate5tt"), a CommandLine Interface with command:
5ttgen fsl /gpfs/milgram/project/gee_dylan/candlab/analyses/shapes/dwi/data/1_Check_Unwarped/sub-A438/sub-A438_ses-shapesV1_T1w_flirt_brain.nii.gz T1s_5tt_segmented.nii.gz
210311-18:41:52,871 nipype.interface DEBUG:
	 algorithm_fsl
210311-18:41:52,872 nipype.interface DEBUG:
	 in_file_/gpfs/milgram/project/gee_dylan/candlab/analyses/shapes/dwi/data/1_Check_Unwarped/sub-A438/sub-A438_ses-shapesV1_T1w_flirt_brain.nii.gz
210311-18:41:52,872 nipype.interface DEBUG:
	 out_file_T1s_5tt_segmented.nii.gz
210311-18:41:54,722 nipype.workflow DEBUG:
	 Progress: 7 jobs, 1/2/0 (done/running/ready), 2/4 (pending_tasks/waiting).
210311-18:41:54,723 nipype.workflow DEBUG:
	 Tasks currently running: 2. Pending: 2.
210311-18:41:54,723 nipype.workflow INFO:
	 [MultiProc] Running 2 tasks, and 0 jobs ready. Free memory (GB): 168.37/168.77, Free processors: 2/4.
                     Currently running:
                       * csd_flow.seg5tt
                       * csd_flow.gradconv
210311-18:42:07,136 nipype.workflow DEBUG:
	 Needed files: /gpfs/milgram/pi/gee_dylan/candlab/analyses/shapes/dwi/workflows/csd_flow/_subject_id_sub-A438/gradconv/dwi.mif;/gpfs/milgram/project/gee_dylan/candlab/data/mri/bids_recon/shapes/sub-A438/ses-shapesV1/dwi/sub-A438_ses-shapesV1_dwi.bval;/gpfs/milgram/project/gee_dylan/candlab/analyses/shapes/dwi/data/3_Eddy_Corrected/sub-A438/eddy_corrected.eddy_rotated_bvecs;/gpfs/milgram/project/gee_dylan/candlab/analyses/shapes/dwi/data/3_Eddy_Corrected/sub-A438/eddy_corrected.nii.gz;/gpfs/milgram/pi/gee_dylan/candlab/analyses/shapes/dwi/workflows/csd_flow/_subject_id_sub-A438/gradconv/_0xdd82d05236975397ee6e85f3d5f66442_unfinished.json;/gpfs/milgram/pi/gee_dylan/candlab/analyses/shapes/dwi/workflows/csd_flow/_subject_id_sub-A438/gradconv/command.txt;/gpfs/milgram/pi/gee_dylan/candlab/analyses/shapes/dwi/workflows/csd_flow/_subject_id_sub-A438/gradconv/_inputs.pklz;/gpfs/milgram/pi/gee_dylan/candlab/analyses/shapes/dwi/workflows/csd_flow/_subject_id_sub-A438/gradconv/_node.pklz
210311-18:42:07,203 nipype.workflow DEBUG:
	 Needed dirs: /gpfs/milgram/pi/gee_dylan/candlab/analyses/shapes/dwi/workflows/csd_flow/_subject_id_sub-A438/gradconv/_report
210311-18:42:07,203 nipype.workflow DEBUG:
	 Removing files: 
210311-18:42:07,203 nipype.workflow DEBUG:
	 Saving results file: '/gpfs/milgram/pi/gee_dylan/candlab/analyses/shapes/dwi/workflows/csd_flow/_subject_id_sub-A438/gradconv/result_gradconv.pklz'
210311-18:42:07,206 nipype.workflow DEBUG:
	 [Node] Writing post-exec report to "/gpfs/milgram/pi/gee_dylan/candlab/analyses/shapes/dwi/workflows/csd_flow/_subject_id_sub-A438/gradconv/_report/report.rst"
210311-18:42:07,207 nipype.workflow INFO:
	 [Node] Finished "csd_flow.gradconv".
210311-18:42:08,729 nipype.workflow INFO:
	 [Job 1] Completed (csd_flow.gradconv).
210311-18:42:08,730 nipype.workflow DEBUG:
	 Tasks currently running: 1. Pending: 1.
210311-18:42:08,731 nipype.workflow INFO:
	 [MultiProc] Running 1 tasks, and 1 jobs ready. Free memory (GB): 168.57/168.77, Free processors: 3/4.
                     Currently running:
                       * csd_flow.seg5tt
210311-18:42:08,836 nipype.workflow DEBUG:
	 Allocating csd_flow.dwiresp ID=2 (0.20GB, 1 threads). Free: 168.37GB, 2 threads.
210311-18:42:08,837 nipype.workflow DEBUG:
	 [Node] Not cached "/gpfs/milgram/pi/gee_dylan/candlab/analyses/shapes/dwi/workflows/csd_flow/_subject_id_sub-A438/dwiresp".
210311-18:42:08,837 nipype.workflow DEBUG:
	 Checking hash "csd_flow.dwiresp" locally: cached=False, updated=False.
210311-18:42:08,838 nipype.workflow INFO:
	 [Node] Setting-up "csd_flow.dwiresp" in "/gpfs/milgram/pi/gee_dylan/candlab/analyses/shapes/dwi/workflows/csd_flow/_subject_id_sub-A438/dwiresp".
210311-18:42:08,839 nipype.workflow DEBUG:
	 [Node] Not cached "/gpfs/milgram/pi/gee_dylan/candlab/analyses/shapes/dwi/workflows/csd_flow/_subject_id_sub-A438/dwiresp".
210311-18:42:08,839 nipype.workflow DEBUG:
	 [Node] Setting 1 connected inputs of node "dwiresp" from 1 previous nodes.
210311-18:42:08,839 nipype.utils DEBUG:
	 Loading pkl: /gpfs/milgram/pi/gee_dylan/candlab/analyses/shapes/dwi/workflows/csd_flow/_subject_id_sub-A438/gradconv/result_gradconv.pklz
210311-18:42:08,841 nipype.workflow DEBUG:
	 Resolving paths in outputs loaded from results file.
210311-18:42:08,841 nipype.workflow DEBUG:
	 output: out_file
210311-18:42:08,841 nipype.workflow DEBUG:
	 [Node] dwiresp - setting input in_file = /gpfs/milgram/pi/gee_dylan/candlab/analyses/shapes/dwi/workflows/csd_flow/_subject_id_sub-A438/gradconv/dwi.mif
210311-18:42:08,842 nipype.utils DEBUG:
	 Removing contents of /gpfs/milgram/pi/gee_dylan/candlab/analyses/shapes/dwi/workflows/csd_flow/_subject_id_sub-A438/dwiresp
210311-18:42:08,839 nipype.workflow DEBUG:
	 [MultiProc] Submitted task csd_flow.dwiresp (taskid=4).
210311-18:42:08,843 nipype.workflow DEBUG:
	 [Node] Writing pre-exec report to "/gpfs/milgram/pi/gee_dylan/candlab/analyses/shapes/dwi/workflows/csd_flow/_subject_id_sub-A438/dwiresp/_report/report.rst"
210311-18:42:08,847 nipype.interface DEBUG:
	 algorithm_dhollander
210311-18:42:08,847 nipype.interface DEBUG:
	 csf_file_csf_response.txt
210311-18:42:08,847 nipype.interface DEBUG:
	 gm_file_gm_response.txt
210311-18:42:08,847 nipype.interface DEBUG:
	 in_file_/gpfs/milgram/pi/gee_dylan/candlab/analyses/shapes/dwi/workflows/csd_flow/_subject_id_sub-A438/gradconv/dwi.mif
210311-18:42:08,847 nipype.interface DEBUG:
	 max_sh_[0, 2, 4, 4, 8]
210311-18:42:08,847 nipype.interface DEBUG:
	 wm_file_wm_response.txt
210311-18:42:08,847 nipype.workflow INFO:
	 [Node] Running "dwiresp" ("nipype.interfaces.mrtrix3.preprocess.ResponseSD"), a CommandLine Interface with command:
dwi2response dhollander -lmax 0,2,4,4,8 /gpfs/milgram/pi/gee_dylan/candlab/analyses/shapes/dwi/workflows/csd_flow/_subject_id_sub-A438/gradconv/dwi.mif wm_response.txt gm_response.txt csf_response.txt
210311-18:42:08,848 nipype.interface DEBUG:
	 algorithm_dhollander
210311-18:42:08,848 nipype.interface DEBUG:
	 csf_file_csf_response.txt
210311-18:42:08,849 nipype.interface DEBUG:
	 gm_file_gm_response.txt
210311-18:42:08,849 nipype.interface DEBUG:
	 in_file_/gpfs/milgram/pi/gee_dylan/candlab/analyses/shapes/dwi/workflows/csd_flow/_subject_id_sub-A438/gradconv/dwi.mif
210311-18:42:08,849 nipype.interface DEBUG:
	 max_sh_[0, 2, 4, 4, 8]
210311-18:42:08,849 nipype.interface DEBUG:
	 wm_file_wm_response.txt
210311-18:42:10,730 nipype.workflow DEBUG:
	 Progress: 7 jobs, 2/2/0 (done/running/ready), 2/3 (pending_tasks/waiting).
210311-18:42:10,750 nipype.workflow DEBUG:
	 Tasks currently running: 2. Pending: 2.
210311-18:42:10,761 nipype.workflow INFO:
	 [MultiProc] Running 2 tasks, and 0 jobs ready. Free memory (GB): 168.37/168.77, Free processors: 2/4.
                     Currently running:
                       * csd_flow.dwiresp
                       * csd_flow.seg5tt
210311-18:48:07,803 nipype.workflow DEBUG:
	 Needed files: /gpfs/milgram/pi/gee_dylan/candlab/analyses/shapes/dwi/workflows/csd_flow/_subject_id_sub-A438/dwiresp/wm_response.txt;/gpfs/milgram/pi/gee_dylan/candlab/analyses/shapes/dwi/workflows/csd_flow/_subject_id_sub-A438/dwiresp/gm_response.txt;/gpfs/milgram/pi/gee_dylan/candlab/analyses/shapes/dwi/workflows/csd_flow/_subject_id_sub-A438/dwiresp/csf_response.txt;/gpfs/milgram/pi/gee_dylan/candlab/analyses/shapes/dwi/workflows/csd_flow/_subject_id_sub-A438/gradconv/dwi.mif;/gpfs/milgram/pi/gee_dylan/candlab/analyses/shapes/dwi/workflows/csd_flow/_subject_id_sub-A438/dwiresp/_0x0ab1cfe8b4fa82e8155c55bdc4a1f99e_unfinished.json;/gpfs/milgram/pi/gee_dylan/candlab/analyses/shapes/dwi/workflows/csd_flow/_subject_id_sub-A438/dwiresp/command.txt;/gpfs/milgram/pi/gee_dylan/candlab/analyses/shapes/dwi/workflows/csd_flow/_subject_id_sub-A438/dwiresp/_inputs.pklz;/gpfs/milgram/pi/gee_dylan/candlab/analyses/shapes/dwi/workflows/csd_flow/_subject_id_sub-A438/dwiresp/_node.pklz
210311-18:48:07,813 nipype.workflow DEBUG:
	 Needed dirs: /gpfs/milgram/pi/gee_dylan/candlab/analyses/shapes/dwi/workflows/csd_flow/_subject_id_sub-A438/dwiresp/_report
210311-18:48:07,813 nipype.workflow DEBUG:
	 Removing files: 
210311-18:48:07,813 nipype.workflow DEBUG:
	 Saving results file: '/gpfs/milgram/pi/gee_dylan/candlab/analyses/shapes/dwi/workflows/csd_flow/_subject_id_sub-A438/dwiresp/result_dwiresp.pklz'
210311-18:48:07,816 nipype.workflow DEBUG:
	 [Node] Writing post-exec report to "/gpfs/milgram/pi/gee_dylan/candlab/analyses/shapes/dwi/workflows/csd_flow/_subject_id_sub-A438/dwiresp/_report/report.rst"
210311-18:48:07,817 nipype.workflow INFO:
	 [Node] Finished "csd_flow.dwiresp".
210311-18:48:09,487 nipype.workflow INFO:
	 [Job 2] Completed (csd_flow.dwiresp).
210311-18:48:09,487 nipype.workflow DEBUG:
	 Tasks currently running: 1. Pending: 1.
210311-18:48:09,488 nipype.workflow INFO:
	 [MultiProc] Running 1 tasks, and 1 jobs ready. Free memory (GB): 168.57/168.77, Free processors: 3/4.
                     Currently running:
                       * csd_flow.seg5tt
210311-18:48:09,596 nipype.workflow DEBUG:
	 Allocating csd_flow.mscsd ID=3 (0.20GB, 1 threads). Free: 168.37GB, 2 threads.
210311-18:48:09,596 nipype.workflow DEBUG:
	 [Node] Not cached "/gpfs/milgram/pi/gee_dylan/candlab/analyses/shapes/dwi/workflows/csd_flow/_subject_id_sub-A438/mscsd".
210311-18:48:09,596 nipype.workflow DEBUG:
	 Checking hash "csd_flow.mscsd" locally: cached=False, updated=False.
210311-18:48:09,597 nipype.workflow INFO:
	 [Node] Setting-up "csd_flow.mscsd" in "/gpfs/milgram/pi/gee_dylan/candlab/analyses/shapes/dwi/workflows/csd_flow/_subject_id_sub-A438/mscsd".
210311-18:48:09,597 nipype.workflow DEBUG:
	 [Node] Not cached "/gpfs/milgram/pi/gee_dylan/candlab/analyses/shapes/dwi/workflows/csd_flow/_subject_id_sub-A438/mscsd".
210311-18:48:09,597 nipype.workflow DEBUG:
	 [Node] Setting 4 connected inputs of node "mscsd" from 2 previous nodes.
210311-18:48:09,598 nipype.utils DEBUG:
	 Loading pkl: /gpfs/milgram/pi/gee_dylan/candlab/analyses/shapes/dwi/workflows/csd_flow/_subject_id_sub-A438/gradconv/result_gradconv.pklz
210311-18:48:09,598 nipype.workflow DEBUG:
	 [MultiProc] Submitted task csd_flow.mscsd (taskid=5).
210311-18:48:09,616 nipype.workflow DEBUG:
	 Resolving paths in outputs loaded from results file.
210311-18:48:09,616 nipype.workflow DEBUG:
	 output: out_file
210311-18:48:09,616 nipype.workflow DEBUG:
	 [Node] mscsd - setting input in_file = /gpfs/milgram/pi/gee_dylan/candlab/analyses/shapes/dwi/workflows/csd_flow/_subject_id_sub-A438/gradconv/dwi.mif
210311-18:48:09,616 nipype.utils DEBUG:
	 Loading pkl: /gpfs/milgram/pi/gee_dylan/candlab/analyses/shapes/dwi/workflows/csd_flow/_subject_id_sub-A438/dwiresp/result_dwiresp.pklz
210311-18:48:09,617 nipype.workflow DEBUG:
	 Resolving paths in outputs loaded from results file.
210311-18:48:09,617 nipype.workflow DEBUG:
	 output: wm_file
210311-18:48:09,617 nipype.workflow DEBUG:
	 [Node] mscsd - setting input wm_txt = /gpfs/milgram/pi/gee_dylan/candlab/analyses/shapes/dwi/workflows/csd_flow/_subject_id_sub-A438/dwiresp/wm_response.txt
210311-18:48:09,617 nipype.workflow DEBUG:
	 output: gm_file
210311-18:48:09,617 nipype.workflow DEBUG:
	 [Node] mscsd - setting input gm_txt = /gpfs/milgram/pi/gee_dylan/candlab/analyses/shapes/dwi/workflows/csd_flow/_subject_id_sub-A438/dwiresp/gm_response.txt
210311-18:48:09,617 nipype.workflow DEBUG:
	 output: csf_file
210311-18:48:09,617 nipype.workflow DEBUG:
	 [Node] mscsd - setting input csf_txt = /gpfs/milgram/pi/gee_dylan/candlab/analyses/shapes/dwi/workflows/csd_flow/_subject_id_sub-A438/dwiresp/csf_response.txt
210311-18:48:09,618 nipype.utils DEBUG:
	 Removing contents of /gpfs/milgram/pi/gee_dylan/candlab/analyses/shapes/dwi/workflows/csd_flow/_subject_id_sub-A438/mscsd
210311-18:48:09,620 nipype.workflow DEBUG:
	 [Node] Writing pre-exec report to "/gpfs/milgram/pi/gee_dylan/candlab/analyses/shapes/dwi/workflows/csd_flow/_subject_id_sub-A438/mscsd/_report/report.rst"
210311-18:48:09,634 nipype.interface DEBUG:
	 algorithm_msmt_csd
210311-18:48:09,634 nipype.interface DEBUG:
	 bval_scale_yes
210311-18:48:09,634 nipype.interface DEBUG:
	 csf_odf_csf.mif
210311-18:48:09,634 nipype.interface DEBUG:
	 csf_txt_/gpfs/milgram/pi/gee_dylan/candlab/analyses/shapes/dwi/workflows/csd_flow/_subject_id_sub-A438/dwiresp/csf_response.txt
210311-18:48:09,634 nipype.interface DEBUG:
	 gm_odf_gm.mif
210311-18:48:09,635 nipype.interface DEBUG:
	 gm_txt_/gpfs/milgram/pi/gee_dylan/candlab/analyses/shapes/dwi/workflows/csd_flow/_subject_id_sub-A438/dwiresp/gm_response.txt
210311-18:48:09,635 nipype.interface DEBUG:
	 in_file_/gpfs/milgram/pi/gee_dylan/candlab/analyses/shapes/dwi/workflows/csd_flow/_subject_id_sub-A438/gradconv/dwi.mif
210311-18:48:09,635 nipype.interface DEBUG:
	 max_sh_[8, 8, 8]
210311-18:48:09,635 nipype.interface DEBUG:
	 wm_odf_wm.mif
210311-18:48:09,635 nipype.interface DEBUG:
	 wm_txt_/gpfs/milgram/pi/gee_dylan/candlab/analyses/shapes/dwi/workflows/csd_flow/_subject_id_sub-A438/dwiresp/wm_response.txt
210311-18:48:09,635 nipype.workflow INFO:
	 [Node] Running "mscsd" ("nipype.interfaces.mrtrix3.reconst.EstimateFOD"), a CommandLine Interface with command:
dwi2fod -bvalue_scaling yes -lmax 8,8,8 msmt_csd /gpfs/milgram/pi/gee_dylan/candlab/analyses/shapes/dwi/workflows/csd_flow/_subject_id_sub-A438/gradconv/dwi.mif /gpfs/milgram/pi/gee_dylan/candlab/analyses/shapes/dwi/workflows/csd_flow/_subject_id_sub-A438/dwiresp/wm_response.txt wm.mif /gpfs/milgram/pi/gee_dylan/candlab/analyses/shapes/dwi/workflows/csd_flow/_subject_id_sub-A438/dwiresp/gm_response.txt gm.mif /gpfs/milgram/pi/gee_dylan/candlab/analyses/shapes/dwi/workflows/csd_flow/_subject_id_sub-A438/dwiresp/csf_response.txt csf.mif
210311-18:48:09,636 nipype.interface DEBUG:
	 algorithm_msmt_csd
210311-18:48:09,636 nipype.interface DEBUG:
	 bval_scale_yes
210311-18:48:09,636 nipype.interface DEBUG:
	 csf_odf_csf.mif
210311-18:48:09,636 nipype.interface DEBUG:
	 csf_txt_/gpfs/milgram/pi/gee_dylan/candlab/analyses/shapes/dwi/workflows/csd_flow/_subject_id_sub-A438/dwiresp/csf_response.txt
210311-18:48:09,636 nipype.interface DEBUG:
	 gm_odf_gm.mif
210311-18:48:09,637 nipype.interface DEBUG:
	 gm_txt_/gpfs/milgram/pi/gee_dylan/candlab/analyses/shapes/dwi/workflows/csd_flow/_subject_id_sub-A438/dwiresp/gm_response.txt
210311-18:48:09,637 nipype.interface DEBUG:
	 in_file_/gpfs/milgram/pi/gee_dylan/candlab/analyses/shapes/dwi/workflows/csd_flow/_subject_id_sub-A438/gradconv/dwi.mif
210311-18:48:09,637 nipype.interface DEBUG:
	 max_sh_[8, 8, 8]
210311-18:48:09,637 nipype.interface DEBUG:
	 wm_odf_wm.mif
210311-18:48:09,637 nipype.interface DEBUG:
	 wm_txt_/gpfs/milgram/pi/gee_dylan/candlab/analyses/shapes/dwi/workflows/csd_flow/_subject_id_sub-A438/dwiresp/wm_response.txt
210311-18:48:11,488 nipype.workflow DEBUG:
	 Progress: 7 jobs, 3/2/0 (done/running/ready), 2/2 (pending_tasks/waiting).
210311-18:48:11,488 nipype.workflow DEBUG:
	 Tasks currently running: 2. Pending: 2.
210311-18:48:11,488 nipype.workflow INFO:
	 [MultiProc] Running 2 tasks, and 0 jobs ready. Free memory (GB): 168.37/168.77, Free processors: 2/4.
                     Currently running:
                       * csd_flow.mscsd
                       * csd_flow.seg5tt
210311-19:25:34,324 nipype.workflow DEBUG:
	 Saving results file: '/gpfs/milgram/pi/gee_dylan/candlab/analyses/shapes/dwi/workflows/csd_flow/_subject_id_sub-A438/seg5tt/result_seg5tt.pklz'
210311-19:25:34,336 nipype.workflow WARNING:
	 Storing result file without outputs
210311-19:25:34,413 nipype.workflow WARNING:
	 [Node] Error on "csd_flow.seg5tt" (/gpfs/milgram/pi/gee_dylan/candlab/analyses/shapes/dwi/workflows/csd_flow/_subject_id_sub-A438/seg5tt)
210311-19:25:34,479 nipype.utils DEBUG:
	 Loading pkl: /gpfs/milgram/pi/gee_dylan/candlab/analyses/shapes/dwi/workflows/csd_flow/_subject_id_sub-A438/seg5tt/result_seg5tt.pklz
210311-19:25:35,134 nipype.workflow DEBUG:
	 Clearing 5 from queue
210311-19:25:35,134 nipype.utils DEBUG:
	 Loading pkl: /gpfs/milgram/pi/gee_dylan/candlab/analyses/shapes/dwi/workflows/csd_flow/_subject_id_sub-A438/seg5tt/result_seg5tt.pklz
210311-19:25:35,135 nipype.workflow ERROR:
	 Node seg5tt.a0 failed to run on host p09r02n03.milgram.hpc.yale.internal.
210311-19:25:35,135 nipype.workflow ERROR:
	 Saving crash info to /gpfs/milgram/home/lms233/Github/Diffusion/crash-20210311-192535-lms233-seg5tt.a0-25bb6b86-0dea-43d7-8d12-6ff2046083de.pklz
Traceback (most recent call last):
  File "/gpfs/milgram/pi/gee_dylan/lms233/conda_envs/shapes-dwi3.7/lib/python3.7/site-packages/nipype/pipeline/plugins/multiproc.py", line 67, in run_node
    result["result"] = node.run(updatehash=updatehash)
  File "/gpfs/milgram/pi/gee_dylan/lms233/conda_envs/shapes-dwi3.7/lib/python3.7/site-packages/nipype/pipeline/engine/nodes.py", line 516, in run
    result = self._run_interface(execute=True)
  File "/gpfs/milgram/pi/gee_dylan/lms233/conda_envs/shapes-dwi3.7/lib/python3.7/site-packages/nipype/pipeline/engine/nodes.py", line 635, in _run_interface
    return self._run_command(execute)
  File "/gpfs/milgram/pi/gee_dylan/lms233/conda_envs/shapes-dwi3.7/lib/python3.7/site-packages/nipype/pipeline/engine/nodes.py", line 741, in _run_command
    result = self._interface.run(cwd=outdir)
  File "/gpfs/milgram/pi/gee_dylan/lms233/conda_envs/shapes-dwi3.7/lib/python3.7/site-packages/nipype/interfaces/base/core.py", line 434, in run
    runtime = self._run_interface(runtime)
  File "/gpfs/milgram/pi/gee_dylan/lms233/conda_envs/shapes-dwi3.7/lib/python3.7/site-packages/nipype/interfaces/base/core.py", line 829, in _run_interface
    self.raise_exception(runtime)
  File "/gpfs/milgram/pi/gee_dylan/lms233/conda_envs/shapes-dwi3.7/lib/python3.7/site-packages/nipype/interfaces/base/core.py", line 760, in raise_exception
    ).format(**runtime.dictcopy())
RuntimeError: Command:
5ttgen fsl /gpfs/milgram/project/gee_dylan/candlab/analyses/shapes/dwi/data/1_Check_Unwarped/sub-A438/sub-A438_ses-shapesV1_T1w_flirt_brain.nii.gz T1s_5tt_segmented.nii.gz
Standard output:

Standard error:
5ttgen: 
5ttgen: Note that this script makes use of commands / algorithms that have relevant articles for citation; INCLUDING FROM EXTERNAL SOFTWARE PACKAGES. Please consult the help page (-help option) for more information.
5ttgen: 
5ttgen: Generated temporary directory: /gpfs/milgram/pi/gee_dylan/candlab/analyses/shapes/dwi/workflows/csd_flow/_subject_id_sub-A438/seg5tt/5ttgen-tmp-XFJWBT/
Command:  mrconvert /gpfs/milgram/project/gee_dylan/candlab/analyses/shapes/dwi/data/1_Check_Unwarped/sub-A438/sub-A438_ses-shapesV1_T1w_flirt_brain.nii.gz /gpfs/milgram/pi/gee_dylan/candlab/analyses/shapes/dwi/workflows/csd_flow/_subject_id_sub-A438/seg5tt/5ttgen-tmp-XFJWBT/input.mif
5ttgen: Changing to temporary directory (/gpfs/milgram/pi/gee_dylan/candlab/analyses/shapes/dwi/workflows/csd_flow/_subject_id_sub-A438/seg5tt/5ttgen-tmp-XFJWBT/)
5ttgen: [WARNING] Voxel size larger than expected for T1-weighted images ([1.71429, 1.71429, 1.7]); note that ACT does not require re-gridding of T1 image to DWI space, and indeed retaining the original higher resolution of the T1 image is preferable
Command:  mrconvert input.mif T1.nii -strides -1,+2,+3
Command:  maskfilter /gpfs/milgram/apps/hpc.rhel7/software/FSL/6.0.3-centos7_64/data/standard/MNI152_T1_1mm_brain_mask_dil.nii.gz dilate mni_mask.nii -npass 4
Command:  standard_space_roi T1.nii T1_preBET.nii.gz -maskMASK mni_mask.nii -roiFOV
Command:  bet T1_preBET.nii.gz T1_BET.nii.gz -f 0.15 -R
Command:  fast T1_BET.nii.gz
5ttgen: [WARNING] Generating 1mm isotropic T1 image for FIRST in hope of preventing failure, since input image is of lower resolution
Command:  mrresize T1.nii T1_1mm.nii -voxel 1.0 -interp sinc
Command:  run_first_all -m none -s L_Accu,R_Accu,L_Caud,R_Caud,L_Pall,R_Pall,L_Puta,R_Puta,L_Thal,R_Thal -i T1_1mm.nii -o first
5ttgen: [ERROR] FSL FIRST has failed; only 0 of 10 structures were segmented successfully (check /gpfs/milgram/pi/gee_dylan/candlab/analyses/shapes/dwi/workflows/csd_flow/_subject_id_sub-A438/seg5tt/5ttgen-tmp-XFJWBT/first.logs)
5ttgen: Changing back to original directory (/gpfs/milgram/pi/gee_dylan/candlab/analyses/shapes/dwi/workflows/csd_flow/_subject_id_sub-A438/seg5tt)
5ttgen: Contents of temporary directory kept, location: /gpfs/milgram/pi/gee_dylan/candlab/analyses/shapes/dwi/workflows/csd_flow/_subject_id_sub-A438/seg5tt/5ttgen-tmp-XFJWBT/
Return code: 1

