Source the FSL configuration script using:
     . /gpfs/milgram/apps/hpc.rhel7/software/FSL/6.0.3-centos7_64/etc/fslconf/fsl.sh To use FSLeyes GUI, load the separate FSLeyes module.
Source the FSL configuration script using:
     . /gpfs/milgram/apps/hpc.rhel7/software/FSL/6.0.3-centos7_64/etc/fslconf/fsl.sh To use FSLeyes GUI, load the separate FSLeyes module.
Source the FSL configuration script using:
     . /gpfs/milgram/apps/hpc.rhel7/software/FSL/6.0.3-centos7_64/etc/fslconf/fsl.sh To use FSLeyes GUI, load the separate FSLeyes module.
Source the FSL configuration script using:
     . /gpfs/milgram/apps/hpc.rhel7/software/FSL/6.0.3-centos7_64/etc/fslconf/fsl.sh To use FSLeyes GUI, load the separate FSLeyes module.
210311-18:41:45,678 nipype.utils DEBUG:
	 Running a newer version (1.6.0) of nipy/nipype than available (1.5.1)
210311-18:41:46,541 nipype.workflow DEBUG:
	 (csd_flow.infosource, csd_flow.sf): No edge data
210311-18:41:46,542 nipype.workflow DEBUG:
	 (csd_flow.infosource, csd_flow.sf): new edge data: {'connect': [('subject_id', 'subject_id')]}
210311-18:41:46,542 nipype.workflow DEBUG:
	 (csd_flow.sf, csd_flow.seg5tt): No edge data
210311-18:41:46,542 nipype.workflow DEBUG:
	 (csd_flow.sf, csd_flow.seg5tt): new edge data: {'connect': [('t1', 'in_file')]}
210311-18:41:46,542 nipype.workflow DEBUG:
	 (csd_flow.seg5tt, csd_flow.datasink): No edge data
210311-18:41:46,542 nipype.workflow DEBUG:
	 (csd_flow.seg5tt, csd_flow.datasink): new edge data: {'connect': [('out_file', '5_Tract_Reconstruction')]}
210311-18:41:46,542 nipype.workflow DEBUG:
	 (csd_flow.sf, csd_flow.gradconv): No edge data
210311-18:41:46,542 nipype.workflow DEBUG:
	 (csd_flow.sf, csd_flow.gradconv): new edge data: {'connect': [('dti', 'in_file'), ('bval', 'in_bval'), ('bvec', 'in_bvec')]}
210311-18:41:46,542 nipype.workflow DEBUG:
	 (csd_flow.gradconv, csd_flow.dwiresp): No edge data
210311-18:41:46,542 nipype.workflow DEBUG:
	 (csd_flow.gradconv, csd_flow.dwiresp): new edge data: {'connect': [('out_file', 'in_file')]}
210311-18:41:46,542 nipype.workflow DEBUG:
	 (csd_flow.dwiresp, csd_flow.datasink): No edge data
210311-18:41:46,542 nipype.workflow DEBUG:
	 (csd_flow.dwiresp, csd_flow.datasink): new edge data: {'connect': [('wm_file', '4_Deconvolution.@par'), ('gm_file', '4_Deconvolution.@par.@par'), ('csf_file', '4_Deconvolution.@par.@par.@par')]}
210311-18:41:46,542 nipype.workflow DEBUG:
	 (csd_flow.gradconv, csd_flow.mscsd): No edge data
210311-18:41:46,542 nipype.workflow DEBUG:
	 (csd_flow.gradconv, csd_flow.mscsd): new edge data: {'connect': [('out_file', 'in_file')]}
210311-18:41:46,542 nipype.workflow DEBUG:
	 (csd_flow.dwiresp, csd_flow.mscsd): No edge data
210311-18:41:46,542 nipype.workflow DEBUG:
	 (csd_flow.dwiresp, csd_flow.mscsd): new edge data: {'connect': [('wm_file', 'wm_txt'), ('gm_file', 'gm_txt'), ('csf_file', 'csf_txt')]}
210311-18:41:46,542 nipype.workflow DEBUG:
	 (csd_flow.mscsd, csd_flow.tract): No edge data
210311-18:41:46,542 nipype.workflow DEBUG:
	 (csd_flow.mscsd, csd_flow.tract): new edge data: {'connect': [('wm_odf', 'in_file')]}
210311-18:41:46,542 nipype.workflow DEBUG:
	 (csd_flow.mscsd, csd_flow.datasink): No edge data
210311-18:41:46,542 nipype.workflow DEBUG:
	 (csd_flow.mscsd, csd_flow.datasink): new edge data: {'connect': [('wm_odf', '4_Deconvolution.@par.@par.@par.@par'), ('gm_odf', '4_Deconvolution.@par.@par.@par.@par.@par'), ('csf_odf', '4_Deconvolution.@par.@par.@par.@par.@par.@par')]}
210311-18:41:46,542 nipype.workflow DEBUG:
	 (csd_flow.gradconv, csd_flow.datasink): No edge data
210311-18:41:46,542 nipype.workflow DEBUG:
	 (csd_flow.gradconv, csd_flow.datasink): new edge data: {'connect': [('out_file', '4_Deconvolution.@par.@par.@par.@par.@par.@par.@par')]}
210311-18:41:46,545 nipype.workflow DEBUG:
	 Creating flat graph for workflow: csd_flow
210311-18:41:46,548 nipype.workflow DEBUG:
	 expanding workflow: csd_flow
210311-18:41:46,548 nipype.workflow DEBUG:
	 processing node: csd_flow.infosource
210311-18:41:46,551 nipype.workflow DEBUG:
	 processing node: csd_flow.sf
210311-18:41:46,551 nipype.workflow DEBUG:
	 processing node: csd_flow.gradconv
210311-18:41:46,551 nipype.workflow DEBUG:
	 processing node: csd_flow.dwiresp
210311-18:41:46,551 nipype.workflow DEBUG:
	 processing node: csd_flow.mscsd
210311-18:41:46,551 nipype.workflow DEBUG:
	 processing node: csd_flow.tract
210311-18:41:46,551 nipype.workflow DEBUG:
	 processing node: csd_flow.seg5tt
210311-18:41:46,551 nipype.workflow DEBUG:
	 processing node: csd_flow.datasink
210311-18:41:46,552 nipype.workflow DEBUG:
	 finished expanding workflow: csd_flow
210311-18:41:46,554 nipype.workflow DEBUG:
	 using input graph
210311-18:41:52,690 nipype.workflow DEBUG:
	 creating dot graph
210311-18:41:53,606 nipype.workflow INFO:
	 Generated workflow graph: /gpfs/milgram/project/gee_dylan/candlab/analyses/shapes/dwi/workflows/csd_flow/graph.png (graph2use=flat, simple_form=True).
210311-18:41:54,220 nipype.workflow DEBUG:
	 [MultiProc] Starting (n_procs=4, mem_gb=168.77, cwd=/gpfs/milgram/home/lms233/Github/Diffusion)
210311-18:41:54,223 nipype.workflow DEBUG:
	 Creating flat graph for workflow: csd_flow
210311-18:41:54,225 nipype.workflow DEBUG:
	 expanding workflow: csd_flow
210311-18:41:54,225 nipype.workflow DEBUG:
	 processing node: csd_flow.infosource
210311-18:41:54,225 nipype.workflow DEBUG:
	 processing node: csd_flow.sf
210311-18:41:54,226 nipype.workflow DEBUG:
	 processing node: csd_flow.gradconv
210311-18:41:54,226 nipype.workflow DEBUG:
	 processing node: csd_flow.dwiresp
210311-18:41:54,226 nipype.workflow DEBUG:
	 processing node: csd_flow.mscsd
210311-18:41:54,226 nipype.workflow DEBUG:
	 processing node: csd_flow.tract
210311-18:41:54,226 nipype.workflow DEBUG:
	 processing node: csd_flow.seg5tt
210311-18:41:54,226 nipype.workflow DEBUG:
	 processing node: csd_flow.datasink
210311-18:41:54,226 nipype.workflow DEBUG:
	 finished expanding workflow: csd_flow
210311-18:41:54,226 nipype.workflow INFO:
	 Workflow csd_flow settings: ['check', 'execution', 'logging', 'monitoring']
210311-18:41:54,228 nipype.workflow DEBUG:
	 PE: expanding iterables
210311-18:41:54,229 nipype.workflow DEBUG:
	 Detected iterable nodes [csd_flow.infosource]
210311-18:41:54,229 nipype.workflow DEBUG:
	 Expanding the iterable node csd_flow.infosource...
210311-18:41:54,229 nipype.workflow DEBUG:
	 node: csd_flow.infosource iterables: {'subject_id': <function _standardize_iterables.<locals>.make_field_func.<locals>.<lambda> at 0x2af9c7f055f0>}
210311-18:41:54,229 nipype.workflow DEBUG:
	 ('subnodes:', [csd_flow.infosource, csd_flow.sf, csd_flow.seg5tt, csd_flow.datasink, csd_flow.gradconv, csd_flow.dwiresp, csd_flow.mscsd, csd_flow.tract])
210311-18:41:54,231 nipype.workflow DEBUG:
	 [Node] infosource - setting input subject_id = sub-A383
210311-18:41:54,231 nipype.workflow DEBUG:
	 Parameterization: paramstr=_subject_id_sub-A383
210311-18:41:54,232 nipype.workflow DEBUG:
	 PE: expanding iterables ... done
210311-18:41:54,232 nipype.workflow DEBUG:
	 [Node] sf - setting input subject_id = sub-A383
210311-18:41:54,232 nipype.workflow DEBUG:
	 Removed the identity node csd_flow.infosource from the graph.
210311-18:41:54,785 nipype.workflow DEBUG:
	 Performing depth first search
210311-18:41:54,826 nipype.workflow INFO:
	 Running in parallel.
210311-18:41:54,829 nipype.workflow DEBUG:
	 Progress: 7 jobs, 0/0/1 (done/running/ready), 0/7 (pending_tasks/waiting).
210311-18:41:54,830 nipype.workflow DEBUG:
	 Tasks currently running: 0. Pending: 0.
210311-18:41:54,831 nipype.workflow INFO:
	 [MultiProc] Running 0 tasks, and 1 jobs ready. Free memory (GB): 168.77/168.77, Free processors: 4/4.
210311-18:41:54,896 nipype.workflow DEBUG:
	 Allocating csd_flow.sf ID=0 (0.20GB, 1 threads). Free: 168.57GB, 3 threads.
210311-18:41:54,902 nipype.workflow DEBUG:
	 [Node] Not cached "/gpfs/milgram/pi/gee_dylan/candlab/analyses/shapes/dwi/workflows/csd_flow/_subject_id_sub-A383/sf".
210311-18:41:54,902 nipype.workflow DEBUG:
	 Checking hash "csd_flow.sf" locally: cached=False, updated=False.
210311-18:41:54,950 nipype.workflow DEBUG:
	 [MultiProc] Submitted task csd_flow.sf (taskid=1).
210311-18:41:54,956 nipype.workflow INFO:
	 [Node] Setting-up "csd_flow.sf" in "/gpfs/milgram/pi/gee_dylan/candlab/analyses/shapes/dwi/workflows/csd_flow/_subject_id_sub-A383/sf".
210311-18:41:54,957 nipype.workflow DEBUG:
	 [Node] Not cached "/gpfs/milgram/pi/gee_dylan/candlab/analyses/shapes/dwi/workflows/csd_flow/_subject_id_sub-A383/sf".
210311-18:41:54,958 nipype.utils DEBUG:
	 Removing contents of /gpfs/milgram/pi/gee_dylan/candlab/analyses/shapes/dwi/workflows/csd_flow/_subject_id_sub-A383/sf
210311-18:41:54,962 nipype.workflow DEBUG:
	 [Node] Writing pre-exec report to "/gpfs/milgram/pi/gee_dylan/candlab/analyses/shapes/dwi/workflows/csd_flow/_subject_id_sub-A383/sf/_report/report.rst"
210311-18:41:54,966 nipype.workflow INFO:
	 [Node] Running "sf" ("nipype.interfaces.io.SelectFiles")
210311-18:41:54,975 nipype.workflow DEBUG:
	 Needed files: /gpfs/milgram/project/gee_dylan/candlab/analyses/shapes/dwi/data/3_Eddy_Corrected/sub-A383/eddy_corrected.nii.gz;/gpfs/milgram/project/gee_dylan/candlab/data/mri/bids_recon/shapes/sub-A383/ses-shapesV1/dwi/sub-A383_ses-shapesV1_dwi.bval;/gpfs/milgram/project/gee_dylan/candlab/analyses/shapes/dwi/data/3_Eddy_Corrected/sub-A383/eddy_corrected.eddy_rotated_bvecs;/gpfs/milgram/project/gee_dylan/candlab/analyses/shapes/dwi/data/1_Check_Unwarped/sub-A383/sub-A383_ses-shapesV1_T1w_flirt_brain.nii.gz;/gpfs/milgram/project/gee_dylan/candlab/atlases/MNI152_T1_2mm_brain.nii.gz;/gpfs/milgram/pi/gee_dylan/candlab/analyses/shapes/dwi/workflows/csd_flow/_subject_id_sub-A383/sf/_0x1e098dfc8c631c1bbc5df62207b1d81b_unfinished.json;/gpfs/milgram/pi/gee_dylan/candlab/analyses/shapes/dwi/workflows/csd_flow/_subject_id_sub-A383/sf/_inputs.pklz;/gpfs/milgram/pi/gee_dylan/candlab/analyses/shapes/dwi/workflows/csd_flow/_subject_id_sub-A383/sf/_node.pklz
210311-18:41:54,975 nipype.workflow DEBUG:
	 Needed dirs: /gpfs/milgram/pi/gee_dylan/candlab/analyses/shapes/dwi/workflows/csd_flow/_subject_id_sub-A383/sf/_report
210311-18:41:54,976 nipype.workflow DEBUG:
	 Removing files: 
210311-18:41:54,976 nipype.workflow DEBUG:
	 Saving results file: '/gpfs/milgram/pi/gee_dylan/candlab/analyses/shapes/dwi/workflows/csd_flow/_subject_id_sub-A383/sf/result_sf.pklz'
210311-18:41:54,979 nipype.workflow DEBUG:
	 [Node] Writing post-exec report to "/gpfs/milgram/pi/gee_dylan/candlab/analyses/shapes/dwi/workflows/csd_flow/_subject_id_sub-A383/sf/_report/report.rst"
210311-18:41:54,980 nipype.workflow INFO:
	 [Node] Finished "csd_flow.sf".
210311-18:41:56,836 nipype.workflow DEBUG:
	 Progress: 7 jobs, 0/1/0 (done/running/ready), 1/6 (pending_tasks/waiting).
210311-18:41:56,836 nipype.workflow INFO:
	 [Job 0] Completed (csd_flow.sf).
210311-18:41:56,839 nipype.workflow DEBUG:
	 Tasks currently running: 0. Pending: 0.
210311-18:41:56,840 nipype.workflow INFO:
	 [MultiProc] Running 0 tasks, and 2 jobs ready. Free memory (GB): 168.77/168.77, Free processors: 4/4.
210311-18:41:56,938 nipype.workflow DEBUG:
	 Allocating csd_flow.gradconv ID=1 (0.20GB, 1 threads). Free: 168.57GB, 3 threads.
210311-18:41:56,997 nipype.workflow DEBUG:
	 [Node] Not cached "/gpfs/milgram/pi/gee_dylan/candlab/analyses/shapes/dwi/workflows/csd_flow/_subject_id_sub-A383/gradconv".
210311-18:41:56,997 nipype.workflow DEBUG:
	 Checking hash "csd_flow.gradconv" locally: cached=False, updated=False.
210311-18:41:57,4 nipype.workflow INFO:
	 [Node] Setting-up "csd_flow.gradconv" in "/gpfs/milgram/pi/gee_dylan/candlab/analyses/shapes/dwi/workflows/csd_flow/_subject_id_sub-A383/gradconv".
210311-18:41:57,4 nipype.workflow DEBUG:
	 [Node] Not cached "/gpfs/milgram/pi/gee_dylan/candlab/analyses/shapes/dwi/workflows/csd_flow/_subject_id_sub-A383/gradconv".
210311-18:41:57,5 nipype.workflow DEBUG:
	 [Node] Setting 3 connected inputs of node "gradconv" from 1 previous nodes.
210311-18:41:57,6 nipype.utils DEBUG:
	 Loading pkl: /gpfs/milgram/pi/gee_dylan/candlab/analyses/shapes/dwi/workflows/csd_flow/_subject_id_sub-A383/sf/result_sf.pklz
210311-18:41:57,11 nipype.workflow DEBUG:
	 Resolving paths in outputs loaded from results file.
210311-18:41:57,12 nipype.workflow DEBUG:
	 output: dti
210311-18:41:57,12 nipype.workflow DEBUG:
	 [Node] gradconv - setting input in_file = /gpfs/milgram/project/gee_dylan/candlab/analyses/shapes/dwi/data/3_Eddy_Corrected/sub-A383/eddy_corrected.nii.gz
210311-18:41:57,12 nipype.workflow DEBUG:
	 output: bval
210311-18:41:57,12 nipype.workflow DEBUG:
	 [Node] gradconv - setting input in_bval = /gpfs/milgram/project/gee_dylan/candlab/data/mri/bids_recon/shapes/sub-A383/ses-shapesV1/dwi/sub-A383_ses-shapesV1_dwi.bval
210311-18:41:57,13 nipype.workflow DEBUG:
	 output: bvec
210311-18:41:57,13 nipype.workflow DEBUG:
	 [Node] gradconv - setting input in_bvec = /gpfs/milgram/project/gee_dylan/candlab/analyses/shapes/dwi/data/3_Eddy_Corrected/sub-A383/eddy_corrected.eddy_rotated_bvecs
210311-18:41:57,15 nipype.utils DEBUG:
	 Removing contents of /gpfs/milgram/pi/gee_dylan/candlab/analyses/shapes/dwi/workflows/csd_flow/_subject_id_sub-A383/gradconv
210311-18:41:57,15 nipype.workflow DEBUG:
	 [MultiProc] Submitted task csd_flow.gradconv (taskid=2).
210311-18:41:57,15 nipype.workflow DEBUG:
	 Allocating csd_flow.seg5tt ID=5 (0.20GB, 1 threads). Free: 168.37GB, 2 threads.
210311-18:41:57,16 nipype.workflow DEBUG:
	 [Node] Not cached "/gpfs/milgram/pi/gee_dylan/candlab/analyses/shapes/dwi/workflows/csd_flow/_subject_id_sub-A383/seg5tt".
210311-18:41:57,16 nipype.workflow DEBUG:
	 Checking hash "csd_flow.seg5tt" locally: cached=False, updated=False.
210311-18:41:57,22 nipype.workflow INFO:
	 [Node] Setting-up "csd_flow.seg5tt" in "/gpfs/milgram/pi/gee_dylan/candlab/analyses/shapes/dwi/workflows/csd_flow/_subject_id_sub-A383/seg5tt".
210311-18:41:57,22 nipype.workflow DEBUG:
	 [Node] Not cached "/gpfs/milgram/pi/gee_dylan/candlab/analyses/shapes/dwi/workflows/csd_flow/_subject_id_sub-A383/seg5tt".
210311-18:41:57,22 nipype.workflow DEBUG:
	 [Node] Setting 1 connected inputs of node "seg5tt" from 1 previous nodes.
210311-18:41:57,24 nipype.utils DEBUG:
	 Loading pkl: /gpfs/milgram/pi/gee_dylan/candlab/analyses/shapes/dwi/workflows/csd_flow/_subject_id_sub-A383/sf/result_sf.pklz
210311-18:41:57,28 nipype.workflow DEBUG:
	 Resolving paths in outputs loaded from results file.
210311-18:41:57,29 nipype.workflow DEBUG:
	 output: t1
210311-18:41:57,29 nipype.workflow DEBUG:
	 [Node] seg5tt - setting input in_file = /gpfs/milgram/project/gee_dylan/candlab/analyses/shapes/dwi/data/1_Check_Unwarped/sub-A383/sub-A383_ses-shapesV1_T1w_flirt_brain.nii.gz
210311-18:41:57,30 nipype.utils DEBUG:
	 Removing contents of /gpfs/milgram/pi/gee_dylan/candlab/analyses/shapes/dwi/workflows/csd_flow/_subject_id_sub-A383/seg5tt
210311-18:41:57,30 nipype.workflow DEBUG:
	 [MultiProc] Submitted task csd_flow.seg5tt (taskid=3).
210311-18:41:57,32 nipype.workflow DEBUG:
	 [Node] Writing pre-exec report to "/gpfs/milgram/pi/gee_dylan/candlab/analyses/shapes/dwi/workflows/csd_flow/_subject_id_sub-A383/gradconv/_report/report.rst"
210311-18:41:57,33 nipype.workflow DEBUG:
	 [Node] Writing pre-exec report to "/gpfs/milgram/pi/gee_dylan/candlab/analyses/shapes/dwi/workflows/csd_flow/_subject_id_sub-A383/seg5tt/_report/report.rst"
210311-18:41:57,40 nipype.interface DEBUG:
	 in_file_/gpfs/milgram/project/gee_dylan/candlab/analyses/shapes/dwi/data/3_Eddy_Corrected/sub-A383/eddy_corrected.nii.gz
210311-18:41:57,40 nipype.interface DEBUG:
	 out_file_dwi.mif
210311-18:41:57,43 nipype.interface DEBUG:
	 algorithm_fsl
210311-18:41:57,43 nipype.interface DEBUG:
	 in_file_/gpfs/milgram/project/gee_dylan/candlab/analyses/shapes/dwi/data/1_Check_Unwarped/sub-A383/sub-A383_ses-shapesV1_T1w_flirt_brain.nii.gz
210311-18:41:57,43 nipype.interface DEBUG:
	 out_file_T1s_5tt_segmented.nii.gz
210311-18:41:57,43 nipype.workflow INFO:
	 [Node] Running "gradconv" ("nipype.interfaces.mrtrix3.utils.MRConvert"), a CommandLine Interface with command:
mrconvert -fslgrad /gpfs/milgram/project/gee_dylan/candlab/analyses/shapes/dwi/data/3_Eddy_Corrected/sub-A383/eddy_corrected.eddy_rotated_bvecs /gpfs/milgram/project/gee_dylan/candlab/data/mri/bids_recon/shapes/sub-A383/ses-shapesV1/dwi/sub-A383_ses-shapesV1_dwi.bval /gpfs/milgram/project/gee_dylan/candlab/analyses/shapes/dwi/data/3_Eddy_Corrected/sub-A383/eddy_corrected.nii.gz dwi.mif
210311-18:41:57,46 nipype.interface DEBUG:
	 in_file_/gpfs/milgram/project/gee_dylan/candlab/analyses/shapes/dwi/data/3_Eddy_Corrected/sub-A383/eddy_corrected.nii.gz
210311-18:41:57,46 nipype.interface DEBUG:
	 out_file_dwi.mif
210311-18:41:57,56 nipype.workflow INFO:
	 [Node] Running "seg5tt" ("nipype.interfaces.mrtrix3.utils.Generate5tt"), a CommandLine Interface with command:
5ttgen fsl /gpfs/milgram/project/gee_dylan/candlab/analyses/shapes/dwi/data/1_Check_Unwarped/sub-A383/sub-A383_ses-shapesV1_T1w_flirt_brain.nii.gz T1s_5tt_segmented.nii.gz
210311-18:41:57,58 nipype.interface DEBUG:
	 algorithm_fsl
210311-18:41:57,58 nipype.interface DEBUG:
	 in_file_/gpfs/milgram/project/gee_dylan/candlab/analyses/shapes/dwi/data/1_Check_Unwarped/sub-A383/sub-A383_ses-shapesV1_T1w_flirt_brain.nii.gz
210311-18:41:57,58 nipype.interface DEBUG:
	 out_file_T1s_5tt_segmented.nii.gz
210311-18:41:58,834 nipype.workflow DEBUG:
	 Progress: 7 jobs, 1/2/0 (done/running/ready), 2/4 (pending_tasks/waiting).
210311-18:41:58,834 nipype.workflow DEBUG:
	 Tasks currently running: 2. Pending: 2.
210311-18:41:58,835 nipype.workflow INFO:
	 [MultiProc] Running 2 tasks, and 0 jobs ready. Free memory (GB): 168.37/168.77, Free processors: 2/4.
                     Currently running:
                       * csd_flow.seg5tt
                       * csd_flow.gradconv
210311-18:42:12,104 nipype.workflow DEBUG:
	 Needed files: /gpfs/milgram/pi/gee_dylan/candlab/analyses/shapes/dwi/workflows/csd_flow/_subject_id_sub-A383/gradconv/dwi.mif;/gpfs/milgram/project/gee_dylan/candlab/data/mri/bids_recon/shapes/sub-A383/ses-shapesV1/dwi/sub-A383_ses-shapesV1_dwi.bval;/gpfs/milgram/project/gee_dylan/candlab/analyses/shapes/dwi/data/3_Eddy_Corrected/sub-A383/eddy_corrected.eddy_rotated_bvecs;/gpfs/milgram/project/gee_dylan/candlab/analyses/shapes/dwi/data/3_Eddy_Corrected/sub-A383/eddy_corrected.nii.gz;/gpfs/milgram/pi/gee_dylan/candlab/analyses/shapes/dwi/workflows/csd_flow/_subject_id_sub-A383/gradconv/_0x90d9e77c95e960a0638a4a817170fb63_unfinished.json;/gpfs/milgram/pi/gee_dylan/candlab/analyses/shapes/dwi/workflows/csd_flow/_subject_id_sub-A383/gradconv/command.txt;/gpfs/milgram/pi/gee_dylan/candlab/analyses/shapes/dwi/workflows/csd_flow/_subject_id_sub-A383/gradconv/_inputs.pklz;/gpfs/milgram/pi/gee_dylan/candlab/analyses/shapes/dwi/workflows/csd_flow/_subject_id_sub-A383/gradconv/_node.pklz
210311-18:42:12,436 nipype.workflow DEBUG:
	 Needed dirs: /gpfs/milgram/pi/gee_dylan/candlab/analyses/shapes/dwi/workflows/csd_flow/_subject_id_sub-A383/gradconv/_report
210311-18:42:12,436 nipype.workflow DEBUG:
	 Removing files: 
210311-18:42:12,436 nipype.workflow DEBUG:
	 Saving results file: '/gpfs/milgram/pi/gee_dylan/candlab/analyses/shapes/dwi/workflows/csd_flow/_subject_id_sub-A383/gradconv/result_gradconv.pklz'
210311-18:42:12,440 nipype.workflow DEBUG:
	 [Node] Writing post-exec report to "/gpfs/milgram/pi/gee_dylan/candlab/analyses/shapes/dwi/workflows/csd_flow/_subject_id_sub-A383/gradconv/_report/report.rst"
210311-18:42:12,450 nipype.workflow INFO:
	 [Node] Finished "csd_flow.gradconv".
210311-18:42:12,840 nipype.workflow INFO:
	 [Job 1] Completed (csd_flow.gradconv).
210311-18:42:12,841 nipype.workflow DEBUG:
	 Tasks currently running: 1. Pending: 1.
210311-18:42:12,841 nipype.workflow INFO:
	 [MultiProc] Running 1 tasks, and 1 jobs ready. Free memory (GB): 168.57/168.77, Free processors: 3/4.
                     Currently running:
                       * csd_flow.seg5tt
210311-18:42:12,946 nipype.workflow DEBUG:
	 Allocating csd_flow.dwiresp ID=2 (0.20GB, 1 threads). Free: 168.37GB, 2 threads.
210311-18:42:12,946 nipype.workflow DEBUG:
	 [Node] Not cached "/gpfs/milgram/pi/gee_dylan/candlab/analyses/shapes/dwi/workflows/csd_flow/_subject_id_sub-A383/dwiresp".
210311-18:42:12,947 nipype.workflow DEBUG:
	 Checking hash "csd_flow.dwiresp" locally: cached=False, updated=False.
210311-18:42:12,948 nipype.workflow INFO:
	 [Node] Setting-up "csd_flow.dwiresp" in "/gpfs/milgram/pi/gee_dylan/candlab/analyses/shapes/dwi/workflows/csd_flow/_subject_id_sub-A383/dwiresp".
210311-18:42:12,949 nipype.workflow DEBUG:
	 [Node] Not cached "/gpfs/milgram/pi/gee_dylan/candlab/analyses/shapes/dwi/workflows/csd_flow/_subject_id_sub-A383/dwiresp".
210311-18:42:12,949 nipype.workflow DEBUG:
	 [Node] Setting 1 connected inputs of node "dwiresp" from 1 previous nodes.
210311-18:42:12,949 nipype.utils DEBUG:
	 Loading pkl: /gpfs/milgram/pi/gee_dylan/candlab/analyses/shapes/dwi/workflows/csd_flow/_subject_id_sub-A383/gradconv/result_gradconv.pklz
210311-18:42:12,951 nipype.workflow DEBUG:
	 Resolving paths in outputs loaded from results file.
210311-18:42:12,951 nipype.workflow DEBUG:
	 output: out_file
210311-18:42:12,951 nipype.workflow DEBUG:
	 [Node] dwiresp - setting input in_file = /gpfs/milgram/pi/gee_dylan/candlab/analyses/shapes/dwi/workflows/csd_flow/_subject_id_sub-A383/gradconv/dwi.mif
210311-18:42:12,951 nipype.utils DEBUG:
	 Removing contents of /gpfs/milgram/pi/gee_dylan/candlab/analyses/shapes/dwi/workflows/csd_flow/_subject_id_sub-A383/dwiresp
210311-18:42:12,948 nipype.workflow DEBUG:
	 [MultiProc] Submitted task csd_flow.dwiresp (taskid=4).
210311-18:42:12,982 nipype.workflow DEBUG:
	 [Node] Writing pre-exec report to "/gpfs/milgram/pi/gee_dylan/candlab/analyses/shapes/dwi/workflows/csd_flow/_subject_id_sub-A383/dwiresp/_report/report.rst"
210311-18:42:12,986 nipype.interface DEBUG:
	 algorithm_dhollander
210311-18:42:12,986 nipype.interface DEBUG:
	 csf_file_csf_response.txt
210311-18:42:12,986 nipype.interface DEBUG:
	 gm_file_gm_response.txt
210311-18:42:12,986 nipype.interface DEBUG:
	 in_file_/gpfs/milgram/pi/gee_dylan/candlab/analyses/shapes/dwi/workflows/csd_flow/_subject_id_sub-A383/gradconv/dwi.mif
210311-18:42:12,986 nipype.interface DEBUG:
	 max_sh_[0, 2, 4, 4, 8]
210311-18:42:12,986 nipype.interface DEBUG:
	 wm_file_wm_response.txt
210311-18:42:12,992 nipype.workflow INFO:
	 [Node] Running "dwiresp" ("nipype.interfaces.mrtrix3.preprocess.ResponseSD"), a CommandLine Interface with command:
dwi2response dhollander -lmax 0,2,4,4,8 /gpfs/milgram/pi/gee_dylan/candlab/analyses/shapes/dwi/workflows/csd_flow/_subject_id_sub-A383/gradconv/dwi.mif wm_response.txt gm_response.txt csf_response.txt
210311-18:42:12,994 nipype.interface DEBUG:
	 algorithm_dhollander
210311-18:42:12,994 nipype.interface DEBUG:
	 csf_file_csf_response.txt
210311-18:42:12,994 nipype.interface DEBUG:
	 gm_file_gm_response.txt
210311-18:42:12,994 nipype.interface DEBUG:
	 in_file_/gpfs/milgram/pi/gee_dylan/candlab/analyses/shapes/dwi/workflows/csd_flow/_subject_id_sub-A383/gradconv/dwi.mif
210311-18:42:12,994 nipype.interface DEBUG:
	 max_sh_[0, 2, 4, 4, 8]
210311-18:42:12,994 nipype.interface DEBUG:
	 wm_file_wm_response.txt
210311-18:42:14,841 nipype.workflow DEBUG:
	 Progress: 7 jobs, 2/2/0 (done/running/ready), 2/3 (pending_tasks/waiting).
210311-18:42:14,856 nipype.workflow DEBUG:
	 Tasks currently running: 2. Pending: 2.
210311-18:42:14,862 nipype.workflow INFO:
	 [MultiProc] Running 2 tasks, and 0 jobs ready. Free memory (GB): 168.37/168.77, Free processors: 2/4.
                     Currently running:
                       * csd_flow.dwiresp
                       * csd_flow.seg5tt
210311-18:48:35,663 nipype.workflow DEBUG:
	 Needed files: /gpfs/milgram/pi/gee_dylan/candlab/analyses/shapes/dwi/workflows/csd_flow/_subject_id_sub-A383/dwiresp/wm_response.txt;/gpfs/milgram/pi/gee_dylan/candlab/analyses/shapes/dwi/workflows/csd_flow/_subject_id_sub-A383/dwiresp/gm_response.txt;/gpfs/milgram/pi/gee_dylan/candlab/analyses/shapes/dwi/workflows/csd_flow/_subject_id_sub-A383/dwiresp/csf_response.txt;/gpfs/milgram/pi/gee_dylan/candlab/analyses/shapes/dwi/workflows/csd_flow/_subject_id_sub-A383/gradconv/dwi.mif;/gpfs/milgram/pi/gee_dylan/candlab/analyses/shapes/dwi/workflows/csd_flow/_subject_id_sub-A383/dwiresp/_0xe04d52afa42fb1fd3860c39e1337fb88_unfinished.json;/gpfs/milgram/pi/gee_dylan/candlab/analyses/shapes/dwi/workflows/csd_flow/_subject_id_sub-A383/dwiresp/command.txt;/gpfs/milgram/pi/gee_dylan/candlab/analyses/shapes/dwi/workflows/csd_flow/_subject_id_sub-A383/dwiresp/_inputs.pklz;/gpfs/milgram/pi/gee_dylan/candlab/analyses/shapes/dwi/workflows/csd_flow/_subject_id_sub-A383/dwiresp/_node.pklz
210311-18:48:35,678 nipype.workflow DEBUG:
	 Needed dirs: /gpfs/milgram/pi/gee_dylan/candlab/analyses/shapes/dwi/workflows/csd_flow/_subject_id_sub-A383/dwiresp/_report
210311-18:48:35,678 nipype.workflow DEBUG:
	 Removing files: 
210311-18:48:35,678 nipype.workflow DEBUG:
	 Saving results file: '/gpfs/milgram/pi/gee_dylan/candlab/analyses/shapes/dwi/workflows/csd_flow/_subject_id_sub-A383/dwiresp/result_dwiresp.pklz'
210311-18:48:35,681 nipype.workflow DEBUG:
	 [Node] Writing post-exec report to "/gpfs/milgram/pi/gee_dylan/candlab/analyses/shapes/dwi/workflows/csd_flow/_subject_id_sub-A383/dwiresp/_report/report.rst"
210311-18:48:35,682 nipype.workflow INFO:
	 [Node] Finished "csd_flow.dwiresp".
210311-18:48:37,610 nipype.workflow INFO:
	 [Job 2] Completed (csd_flow.dwiresp).
210311-18:48:37,611 nipype.workflow DEBUG:
	 Tasks currently running: 1. Pending: 1.
210311-18:48:37,611 nipype.workflow INFO:
	 [MultiProc] Running 1 tasks, and 1 jobs ready. Free memory (GB): 168.57/168.77, Free processors: 3/4.
                     Currently running:
                       * csd_flow.seg5tt
210311-18:48:37,716 nipype.workflow DEBUG:
	 Allocating csd_flow.mscsd ID=3 (0.20GB, 1 threads). Free: 168.37GB, 2 threads.
210311-18:48:37,716 nipype.workflow DEBUG:
	 [Node] Not cached "/gpfs/milgram/pi/gee_dylan/candlab/analyses/shapes/dwi/workflows/csd_flow/_subject_id_sub-A383/mscsd".
210311-18:48:37,716 nipype.workflow DEBUG:
	 Checking hash "csd_flow.mscsd" locally: cached=False, updated=False.
210311-18:48:37,717 nipype.workflow INFO:
	 [Node] Setting-up "csd_flow.mscsd" in "/gpfs/milgram/pi/gee_dylan/candlab/analyses/shapes/dwi/workflows/csd_flow/_subject_id_sub-A383/mscsd".
210311-18:48:37,717 nipype.workflow DEBUG:
	 [Node] Not cached "/gpfs/milgram/pi/gee_dylan/candlab/analyses/shapes/dwi/workflows/csd_flow/_subject_id_sub-A383/mscsd".
210311-18:48:37,717 nipype.workflow DEBUG:
	 [Node] Setting 4 connected inputs of node "mscsd" from 2 previous nodes.
210311-18:48:37,718 nipype.utils DEBUG:
	 Loading pkl: /gpfs/milgram/pi/gee_dylan/candlab/analyses/shapes/dwi/workflows/csd_flow/_subject_id_sub-A383/gradconv/result_gradconv.pklz
210311-18:48:37,718 nipype.workflow DEBUG:
	 [MultiProc] Submitted task csd_flow.mscsd (taskid=5).
210311-18:48:37,719 nipype.workflow DEBUG:
	 Resolving paths in outputs loaded from results file.
210311-18:48:37,719 nipype.workflow DEBUG:
	 output: out_file
210311-18:48:37,719 nipype.workflow DEBUG:
	 [Node] mscsd - setting input in_file = /gpfs/milgram/pi/gee_dylan/candlab/analyses/shapes/dwi/workflows/csd_flow/_subject_id_sub-A383/gradconv/dwi.mif
210311-18:48:37,719 nipype.utils DEBUG:
	 Loading pkl: /gpfs/milgram/pi/gee_dylan/candlab/analyses/shapes/dwi/workflows/csd_flow/_subject_id_sub-A383/dwiresp/result_dwiresp.pklz
210311-18:48:37,720 nipype.workflow DEBUG:
	 Resolving paths in outputs loaded from results file.
210311-18:48:37,720 nipype.workflow DEBUG:
	 output: wm_file
210311-18:48:37,720 nipype.workflow DEBUG:
	 [Node] mscsd - setting input wm_txt = /gpfs/milgram/pi/gee_dylan/candlab/analyses/shapes/dwi/workflows/csd_flow/_subject_id_sub-A383/dwiresp/wm_response.txt
210311-18:48:37,720 nipype.workflow DEBUG:
	 output: gm_file
210311-18:48:37,720 nipype.workflow DEBUG:
	 [Node] mscsd - setting input gm_txt = /gpfs/milgram/pi/gee_dylan/candlab/analyses/shapes/dwi/workflows/csd_flow/_subject_id_sub-A383/dwiresp/gm_response.txt
210311-18:48:37,720 nipype.workflow DEBUG:
	 output: csf_file
210311-18:48:37,720 nipype.workflow DEBUG:
	 [Node] mscsd - setting input csf_txt = /gpfs/milgram/pi/gee_dylan/candlab/analyses/shapes/dwi/workflows/csd_flow/_subject_id_sub-A383/dwiresp/csf_response.txt
210311-18:48:37,721 nipype.utils DEBUG:
	 Removing contents of /gpfs/milgram/pi/gee_dylan/candlab/analyses/shapes/dwi/workflows/csd_flow/_subject_id_sub-A383/mscsd
210311-18:48:37,723 nipype.workflow DEBUG:
	 [Node] Writing pre-exec report to "/gpfs/milgram/pi/gee_dylan/candlab/analyses/shapes/dwi/workflows/csd_flow/_subject_id_sub-A383/mscsd/_report/report.rst"
210311-18:48:37,738 nipype.interface DEBUG:
	 algorithm_msmt_csd
210311-18:48:37,738 nipype.interface DEBUG:
	 bval_scale_yes
210311-18:48:37,738 nipype.interface DEBUG:
	 csf_odf_csf.mif
210311-18:48:37,738 nipype.interface DEBUG:
	 csf_txt_/gpfs/milgram/pi/gee_dylan/candlab/analyses/shapes/dwi/workflows/csd_flow/_subject_id_sub-A383/dwiresp/csf_response.txt
210311-18:48:37,738 nipype.interface DEBUG:
	 gm_odf_gm.mif
210311-18:48:37,739 nipype.interface DEBUG:
	 gm_txt_/gpfs/milgram/pi/gee_dylan/candlab/analyses/shapes/dwi/workflows/csd_flow/_subject_id_sub-A383/dwiresp/gm_response.txt
210311-18:48:37,739 nipype.interface DEBUG:
	 in_file_/gpfs/milgram/pi/gee_dylan/candlab/analyses/shapes/dwi/workflows/csd_flow/_subject_id_sub-A383/gradconv/dwi.mif
210311-18:48:37,739 nipype.interface DEBUG:
	 max_sh_[8, 8, 8]
210311-18:48:37,739 nipype.interface DEBUG:
	 wm_odf_wm.mif
210311-18:48:37,739 nipype.interface DEBUG:
	 wm_txt_/gpfs/milgram/pi/gee_dylan/candlab/analyses/shapes/dwi/workflows/csd_flow/_subject_id_sub-A383/dwiresp/wm_response.txt
210311-18:48:37,739 nipype.workflow INFO:
	 [Node] Running "mscsd" ("nipype.interfaces.mrtrix3.reconst.EstimateFOD"), a CommandLine Interface with command:
dwi2fod -bvalue_scaling yes -lmax 8,8,8 msmt_csd /gpfs/milgram/pi/gee_dylan/candlab/analyses/shapes/dwi/workflows/csd_flow/_subject_id_sub-A383/gradconv/dwi.mif /gpfs/milgram/pi/gee_dylan/candlab/analyses/shapes/dwi/workflows/csd_flow/_subject_id_sub-A383/dwiresp/wm_response.txt wm.mif /gpfs/milgram/pi/gee_dylan/candlab/analyses/shapes/dwi/workflows/csd_flow/_subject_id_sub-A383/dwiresp/gm_response.txt gm.mif /gpfs/milgram/pi/gee_dylan/candlab/analyses/shapes/dwi/workflows/csd_flow/_subject_id_sub-A383/dwiresp/csf_response.txt csf.mif
210311-18:48:37,740 nipype.interface DEBUG:
	 algorithm_msmt_csd
210311-18:48:37,740 nipype.interface DEBUG:
	 bval_scale_yes
210311-18:48:37,740 nipype.interface DEBUG:
	 csf_odf_csf.mif
210311-18:48:37,740 nipype.interface DEBUG:
	 csf_txt_/gpfs/milgram/pi/gee_dylan/candlab/analyses/shapes/dwi/workflows/csd_flow/_subject_id_sub-A383/dwiresp/csf_response.txt
210311-18:48:37,740 nipype.interface DEBUG:
	 gm_odf_gm.mif
210311-18:48:37,740 nipype.interface DEBUG:
	 gm_txt_/gpfs/milgram/pi/gee_dylan/candlab/analyses/shapes/dwi/workflows/csd_flow/_subject_id_sub-A383/dwiresp/gm_response.txt
210311-18:48:37,740 nipype.interface DEBUG:
	 in_file_/gpfs/milgram/pi/gee_dylan/candlab/analyses/shapes/dwi/workflows/csd_flow/_subject_id_sub-A383/gradconv/dwi.mif
210311-18:48:37,740 nipype.interface DEBUG:
	 max_sh_[8, 8, 8]
210311-18:48:37,741 nipype.interface DEBUG:
	 wm_odf_wm.mif
210311-18:48:37,741 nipype.interface DEBUG:
	 wm_txt_/gpfs/milgram/pi/gee_dylan/candlab/analyses/shapes/dwi/workflows/csd_flow/_subject_id_sub-A383/dwiresp/wm_response.txt
210311-18:48:39,611 nipype.workflow DEBUG:
	 Progress: 7 jobs, 3/2/0 (done/running/ready), 2/2 (pending_tasks/waiting).
210311-18:48:39,611 nipype.workflow DEBUG:
	 Tasks currently running: 2. Pending: 2.
210311-18:48:39,612 nipype.workflow INFO:
	 [MultiProc] Running 2 tasks, and 0 jobs ready. Free memory (GB): 168.37/168.77, Free processors: 2/4.
                     Currently running:
                       * csd_flow.mscsd
                       * csd_flow.seg5tt
