Source the FSL configuration script using:
     . /gpfs/milgram/apps/hpc.rhel7/software/FSL/6.0.3-centos7_64/etc/fslconf/fsl.sh To use FSLeyes GUI, load the separate FSLeyes module.
Source the FSL configuration script using:
     . /gpfs/milgram/apps/hpc.rhel7/software/FSL/6.0.3-centos7_64/etc/fslconf/fsl.sh To use FSLeyes GUI, load the separate FSLeyes module.
Source the FSL configuration script using:
     . /gpfs/milgram/apps/hpc.rhel7/software/FSL/6.0.3-centos7_64/etc/fslconf/fsl.sh To use FSLeyes GUI, load the separate FSLeyes module.
Source the FSL configuration script using:
     . /gpfs/milgram/apps/hpc.rhel7/software/FSL/6.0.3-centos7_64/etc/fslconf/fsl.sh To use FSLeyes GUI, load the separate FSLeyes module.
210311-18:42:14,659 nipype.utils DEBUG:
	 Running a newer version (1.6.0) of nipy/nipype than available (1.5.1)
210311-18:42:15,497 nipype.workflow DEBUG:
	 (csd_flow.infosource, csd_flow.sf): No edge data
210311-18:42:15,497 nipype.workflow DEBUG:
	 (csd_flow.infosource, csd_flow.sf): new edge data: {'connect': [('subject_id', 'subject_id')]}
210311-18:42:15,497 nipype.workflow DEBUG:
	 (csd_flow.sf, csd_flow.seg5tt): No edge data
210311-18:42:15,497 nipype.workflow DEBUG:
	 (csd_flow.sf, csd_flow.seg5tt): new edge data: {'connect': [('t1', 'in_file')]}
210311-18:42:15,498 nipype.workflow DEBUG:
	 (csd_flow.seg5tt, csd_flow.datasink): No edge data
210311-18:42:15,498 nipype.workflow DEBUG:
	 (csd_flow.seg5tt, csd_flow.datasink): new edge data: {'connect': [('out_file', '5_Tract_Reconstruction')]}
210311-18:42:15,498 nipype.workflow DEBUG:
	 (csd_flow.sf, csd_flow.gradconv): No edge data
210311-18:42:15,498 nipype.workflow DEBUG:
	 (csd_flow.sf, csd_flow.gradconv): new edge data: {'connect': [('dti', 'in_file'), ('bval', 'in_bval'), ('bvec', 'in_bvec')]}
210311-18:42:15,498 nipype.workflow DEBUG:
	 (csd_flow.gradconv, csd_flow.dwiresp): No edge data
210311-18:42:15,498 nipype.workflow DEBUG:
	 (csd_flow.gradconv, csd_flow.dwiresp): new edge data: {'connect': [('out_file', 'in_file')]}
210311-18:42:15,498 nipype.workflow DEBUG:
	 (csd_flow.dwiresp, csd_flow.datasink): No edge data
210311-18:42:15,498 nipype.workflow DEBUG:
	 (csd_flow.dwiresp, csd_flow.datasink): new edge data: {'connect': [('wm_file', '4_Deconvolution.@par'), ('gm_file', '4_Deconvolution.@par.@par'), ('csf_file', '4_Deconvolution.@par.@par.@par')]}
210311-18:42:15,498 nipype.workflow DEBUG:
	 (csd_flow.gradconv, csd_flow.mscsd): No edge data
210311-18:42:15,499 nipype.workflow DEBUG:
	 (csd_flow.gradconv, csd_flow.mscsd): new edge data: {'connect': [('out_file', 'in_file')]}
210311-18:42:15,499 nipype.workflow DEBUG:
	 (csd_flow.dwiresp, csd_flow.mscsd): No edge data
210311-18:42:15,499 nipype.workflow DEBUG:
	 (csd_flow.dwiresp, csd_flow.mscsd): new edge data: {'connect': [('wm_file', 'wm_txt'), ('gm_file', 'gm_txt'), ('csf_file', 'csf_txt')]}
210311-18:42:15,499 nipype.workflow DEBUG:
	 (csd_flow.mscsd, csd_flow.tract): No edge data
210311-18:42:15,499 nipype.workflow DEBUG:
	 (csd_flow.mscsd, csd_flow.tract): new edge data: {'connect': [('wm_odf', 'in_file')]}
210311-18:42:15,499 nipype.workflow DEBUG:
	 (csd_flow.mscsd, csd_flow.datasink): No edge data
210311-18:42:15,499 nipype.workflow DEBUG:
	 (csd_flow.mscsd, csd_flow.datasink): new edge data: {'connect': [('wm_odf', '4_Deconvolution.@par.@par.@par.@par'), ('gm_odf', '4_Deconvolution.@par.@par.@par.@par.@par'), ('csf_odf', '4_Deconvolution.@par.@par.@par.@par.@par.@par')]}
210311-18:42:15,499 nipype.workflow DEBUG:
	 (csd_flow.gradconv, csd_flow.datasink): No edge data
210311-18:42:15,499 nipype.workflow DEBUG:
	 (csd_flow.gradconv, csd_flow.datasink): new edge data: {'connect': [('out_file', '4_Deconvolution.@par.@par.@par.@par.@par.@par.@par')]}
210311-18:42:15,500 nipype.workflow DEBUG:
	 Creating flat graph for workflow: csd_flow
210311-18:42:15,508 nipype.workflow DEBUG:
	 expanding workflow: csd_flow
210311-18:42:15,509 nipype.workflow DEBUG:
	 processing node: csd_flow.infosource
210311-18:42:15,513 nipype.workflow DEBUG:
	 processing node: csd_flow.sf
210311-18:42:15,513 nipype.workflow DEBUG:
	 processing node: csd_flow.gradconv
210311-18:42:15,513 nipype.workflow DEBUG:
	 processing node: csd_flow.dwiresp
210311-18:42:15,514 nipype.workflow DEBUG:
	 processing node: csd_flow.mscsd
210311-18:42:15,514 nipype.workflow DEBUG:
	 processing node: csd_flow.tract
210311-18:42:15,514 nipype.workflow DEBUG:
	 processing node: csd_flow.seg5tt
210311-18:42:15,514 nipype.workflow DEBUG:
	 processing node: csd_flow.datasink
210311-18:42:15,514 nipype.workflow DEBUG:
	 finished expanding workflow: csd_flow
210311-18:42:15,521 nipype.workflow DEBUG:
	 using input graph
210311-18:42:16,208 nipype.workflow DEBUG:
	 creating dot graph
210311-18:42:16,736 nipype.workflow INFO:
	 Generated workflow graph: /gpfs/milgram/project/gee_dylan/candlab/analyses/shapes/dwi/workflows/csd_flow/graph.png (graph2use=flat, simple_form=True).
210311-18:42:17,366 nipype.workflow DEBUG:
	 [MultiProc] Starting (n_procs=4, mem_gb=168.77, cwd=/gpfs/milgram/home/lms233/Github/Diffusion)
210311-18:42:17,368 nipype.workflow DEBUG:
	 Creating flat graph for workflow: csd_flow
210311-18:42:17,373 nipype.workflow DEBUG:
	 expanding workflow: csd_flow
210311-18:42:17,373 nipype.workflow DEBUG:
	 processing node: csd_flow.infosource
210311-18:42:17,373 nipype.workflow DEBUG:
	 processing node: csd_flow.sf
210311-18:42:17,373 nipype.workflow DEBUG:
	 processing node: csd_flow.gradconv
210311-18:42:17,373 nipype.workflow DEBUG:
	 processing node: csd_flow.dwiresp
210311-18:42:17,373 nipype.workflow DEBUG:
	 processing node: csd_flow.mscsd
210311-18:42:17,373 nipype.workflow DEBUG:
	 processing node: csd_flow.tract
210311-18:42:17,373 nipype.workflow DEBUG:
	 processing node: csd_flow.seg5tt
210311-18:42:17,374 nipype.workflow DEBUG:
	 processing node: csd_flow.datasink
210311-18:42:17,374 nipype.workflow DEBUG:
	 finished expanding workflow: csd_flow
210311-18:42:17,374 nipype.workflow INFO:
	 Workflow csd_flow settings: ['check', 'execution', 'logging', 'monitoring']
210311-18:42:17,378 nipype.workflow DEBUG:
	 PE: expanding iterables
210311-18:42:17,380 nipype.workflow DEBUG:
	 Detected iterable nodes [csd_flow.infosource]
210311-18:42:17,380 nipype.workflow DEBUG:
	 Expanding the iterable node csd_flow.infosource...
210311-18:42:17,380 nipype.workflow DEBUG:
	 node: csd_flow.infosource iterables: {'subject_id': <function _standardize_iterables.<locals>.make_field_func.<locals>.<lambda> at 0x2ac7ac8545f0>}
210311-18:42:17,380 nipype.workflow DEBUG:
	 ('subnodes:', [csd_flow.infosource, csd_flow.sf, csd_flow.seg5tt, csd_flow.datasink, csd_flow.gradconv, csd_flow.dwiresp, csd_flow.mscsd, csd_flow.tract])
210311-18:42:17,385 nipype.workflow DEBUG:
	 [Node] infosource - setting input subject_id = sub-A666
210311-18:42:17,385 nipype.workflow DEBUG:
	 Parameterization: paramstr=_subject_id_sub-A666
210311-18:42:17,386 nipype.workflow DEBUG:
	 PE: expanding iterables ... done
210311-18:42:17,386 nipype.workflow DEBUG:
	 [Node] sf - setting input subject_id = sub-A666
210311-18:42:17,386 nipype.workflow DEBUG:
	 Removed the identity node csd_flow.infosource from the graph.
210311-18:42:17,398 nipype.workflow DEBUG:
	 Performing depth first search
210311-18:42:17,401 nipype.workflow INFO:
	 Running in parallel.
210311-18:42:17,403 nipype.workflow DEBUG:
	 Progress: 7 jobs, 0/0/1 (done/running/ready), 0/7 (pending_tasks/waiting).
210311-18:42:17,403 nipype.workflow DEBUG:
	 Tasks currently running: 0. Pending: 0.
210311-18:42:17,404 nipype.workflow INFO:
	 [MultiProc] Running 0 tasks, and 1 jobs ready. Free memory (GB): 168.77/168.77, Free processors: 4/4.
210311-18:42:17,465 nipype.workflow DEBUG:
	 Allocating csd_flow.sf ID=0 (0.20GB, 1 threads). Free: 168.57GB, 3 threads.
210311-18:42:17,466 nipype.workflow DEBUG:
	 [Node] Not cached "/gpfs/milgram/pi/gee_dylan/candlab/analyses/shapes/dwi/workflows/csd_flow/_subject_id_sub-A666/sf".
210311-18:42:17,466 nipype.workflow DEBUG:
	 Checking hash "csd_flow.sf" locally: cached=False, updated=False.
210311-18:42:17,512 nipype.workflow DEBUG:
	 [MultiProc] Submitted task csd_flow.sf (taskid=1).
210311-18:42:17,517 nipype.workflow INFO:
	 [Node] Setting-up "csd_flow.sf" in "/gpfs/milgram/pi/gee_dylan/candlab/analyses/shapes/dwi/workflows/csd_flow/_subject_id_sub-A666/sf".
210311-18:42:17,517 nipype.workflow DEBUG:
	 [Node] Not cached "/gpfs/milgram/pi/gee_dylan/candlab/analyses/shapes/dwi/workflows/csd_flow/_subject_id_sub-A666/sf".
210311-18:42:17,518 nipype.utils DEBUG:
	 Removing contents of /gpfs/milgram/pi/gee_dylan/candlab/analyses/shapes/dwi/workflows/csd_flow/_subject_id_sub-A666/sf
210311-18:42:17,519 nipype.workflow DEBUG:
	 [Node] Writing pre-exec report to "/gpfs/milgram/pi/gee_dylan/candlab/analyses/shapes/dwi/workflows/csd_flow/_subject_id_sub-A666/sf/_report/report.rst"
210311-18:42:17,524 nipype.workflow INFO:
	 [Node] Running "sf" ("nipype.interfaces.io.SelectFiles")
210311-18:42:17,534 nipype.workflow DEBUG:
	 Needed files: /gpfs/milgram/project/gee_dylan/candlab/analyses/shapes/dwi/data/3_Eddy_Corrected/sub-A666/eddy_corrected.nii.gz;/gpfs/milgram/project/gee_dylan/candlab/data/mri/bids_recon/shapes/sub-A666/ses-shapesV1/dwi/sub-A666_ses-shapesV1_dwi.bval;/gpfs/milgram/project/gee_dylan/candlab/analyses/shapes/dwi/data/3_Eddy_Corrected/sub-A666/eddy_corrected.eddy_rotated_bvecs;/gpfs/milgram/project/gee_dylan/candlab/analyses/shapes/dwi/data/1_Check_Unwarped/sub-A666/sub-A666_ses-shapesV1_T1w_flirt_brain.nii.gz;/gpfs/milgram/project/gee_dylan/candlab/atlases/MNI152_T1_2mm_brain.nii.gz;/gpfs/milgram/pi/gee_dylan/candlab/analyses/shapes/dwi/workflows/csd_flow/_subject_id_sub-A666/sf/_0xf7850515e0d055d19c4bc0a2e9c1ee8c_unfinished.json;/gpfs/milgram/pi/gee_dylan/candlab/analyses/shapes/dwi/workflows/csd_flow/_subject_id_sub-A666/sf/_inputs.pklz;/gpfs/milgram/pi/gee_dylan/candlab/analyses/shapes/dwi/workflows/csd_flow/_subject_id_sub-A666/sf/_node.pklz
210311-18:42:17,534 nipype.workflow DEBUG:
	 Needed dirs: /gpfs/milgram/pi/gee_dylan/candlab/analyses/shapes/dwi/workflows/csd_flow/_subject_id_sub-A666/sf/_report
210311-18:42:17,534 nipype.workflow DEBUG:
	 Removing files: 
210311-18:42:17,534 nipype.workflow DEBUG:
	 Saving results file: '/gpfs/milgram/pi/gee_dylan/candlab/analyses/shapes/dwi/workflows/csd_flow/_subject_id_sub-A666/sf/result_sf.pklz'
210311-18:42:17,536 nipype.workflow DEBUG:
	 [Node] Writing post-exec report to "/gpfs/milgram/pi/gee_dylan/candlab/analyses/shapes/dwi/workflows/csd_flow/_subject_id_sub-A666/sf/_report/report.rst"
210311-18:42:17,537 nipype.workflow INFO:
	 [Node] Finished "csd_flow.sf".
210311-18:42:19,407 nipype.workflow DEBUG:
	 Progress: 7 jobs, 0/1/0 (done/running/ready), 1/6 (pending_tasks/waiting).
210311-18:42:19,407 nipype.workflow INFO:
	 [Job 0] Completed (csd_flow.sf).
210311-18:42:19,410 nipype.workflow DEBUG:
	 Tasks currently running: 0. Pending: 0.
210311-18:42:19,411 nipype.workflow INFO:
	 [MultiProc] Running 0 tasks, and 2 jobs ready. Free memory (GB): 168.77/168.77, Free processors: 4/4.
210311-18:42:19,514 nipype.workflow DEBUG:
	 Allocating csd_flow.gradconv ID=1 (0.20GB, 1 threads). Free: 168.57GB, 3 threads.
210311-18:42:19,515 nipype.workflow DEBUG:
	 [Node] Not cached "/gpfs/milgram/pi/gee_dylan/candlab/analyses/shapes/dwi/workflows/csd_flow/_subject_id_sub-A666/gradconv".
210311-18:42:19,516 nipype.workflow DEBUG:
	 Checking hash "csd_flow.gradconv" locally: cached=False, updated=False.
210311-18:42:19,519 nipype.workflow INFO:
	 [Node] Setting-up "csd_flow.gradconv" in "/gpfs/milgram/pi/gee_dylan/candlab/analyses/shapes/dwi/workflows/csd_flow/_subject_id_sub-A666/gradconv".
210311-18:42:19,520 nipype.workflow DEBUG:
	 [Node] Not cached "/gpfs/milgram/pi/gee_dylan/candlab/analyses/shapes/dwi/workflows/csd_flow/_subject_id_sub-A666/gradconv".
210311-18:42:19,520 nipype.workflow DEBUG:
	 [Node] Setting 3 connected inputs of node "gradconv" from 1 previous nodes.
210311-18:42:19,521 nipype.utils DEBUG:
	 Loading pkl: /gpfs/milgram/pi/gee_dylan/candlab/analyses/shapes/dwi/workflows/csd_flow/_subject_id_sub-A666/sf/result_sf.pklz
210311-18:42:19,524 nipype.workflow DEBUG:
	 Resolving paths in outputs loaded from results file.
210311-18:42:19,524 nipype.workflow DEBUG:
	 output: dti
210311-18:42:19,524 nipype.workflow DEBUG:
	 [Node] gradconv - setting input in_file = /gpfs/milgram/project/gee_dylan/candlab/analyses/shapes/dwi/data/3_Eddy_Corrected/sub-A666/eddy_corrected.nii.gz
210311-18:42:19,525 nipype.workflow DEBUG:
	 output: bval
210311-18:42:19,525 nipype.workflow DEBUG:
	 [Node] gradconv - setting input in_bval = /gpfs/milgram/project/gee_dylan/candlab/data/mri/bids_recon/shapes/sub-A666/ses-shapesV1/dwi/sub-A666_ses-shapesV1_dwi.bval
210311-18:42:19,525 nipype.workflow DEBUG:
	 output: bvec
210311-18:42:19,525 nipype.workflow DEBUG:
	 [Node] gradconv - setting input in_bvec = /gpfs/milgram/project/gee_dylan/candlab/analyses/shapes/dwi/data/3_Eddy_Corrected/sub-A666/eddy_corrected.eddy_rotated_bvecs
210311-18:42:19,526 nipype.utils DEBUG:
	 Removing contents of /gpfs/milgram/pi/gee_dylan/candlab/analyses/shapes/dwi/workflows/csd_flow/_subject_id_sub-A666/gradconv
210311-18:42:19,526 nipype.workflow DEBUG:
	 [MultiProc] Submitted task csd_flow.gradconv (taskid=2).
210311-18:42:19,526 nipype.workflow DEBUG:
	 Allocating csd_flow.seg5tt ID=5 (0.20GB, 1 threads). Free: 168.37GB, 2 threads.
210311-18:42:19,527 nipype.workflow DEBUG:
	 [Node] Not cached "/gpfs/milgram/pi/gee_dylan/candlab/analyses/shapes/dwi/workflows/csd_flow/_subject_id_sub-A666/seg5tt".
210311-18:42:19,527 nipype.workflow DEBUG:
	 Checking hash "csd_flow.seg5tt" locally: cached=False, updated=False.
210311-18:42:19,530 nipype.workflow INFO:
	 [Node] Setting-up "csd_flow.seg5tt" in "/gpfs/milgram/pi/gee_dylan/candlab/analyses/shapes/dwi/workflows/csd_flow/_subject_id_sub-A666/seg5tt".
210311-18:42:19,531 nipype.workflow DEBUG:
	 [Node] Not cached "/gpfs/milgram/pi/gee_dylan/candlab/analyses/shapes/dwi/workflows/csd_flow/_subject_id_sub-A666/seg5tt".
210311-18:42:19,531 nipype.workflow DEBUG:
	 [Node] Setting 1 connected inputs of node "seg5tt" from 1 previous nodes.
210311-18:42:19,531 nipype.utils DEBUG:
	 Loading pkl: /gpfs/milgram/pi/gee_dylan/candlab/analyses/shapes/dwi/workflows/csd_flow/_subject_id_sub-A666/sf/result_sf.pklz
210311-18:42:19,535 nipype.workflow DEBUG:
	 Resolving paths in outputs loaded from results file.
210311-18:42:19,535 nipype.workflow DEBUG:
	 output: t1
210311-18:42:19,535 nipype.workflow DEBUG:
	 [Node] seg5tt - setting input in_file = /gpfs/milgram/project/gee_dylan/candlab/analyses/shapes/dwi/data/1_Check_Unwarped/sub-A666/sub-A666_ses-shapesV1_T1w_flirt_brain.nii.gz
210311-18:42:19,536 nipype.utils DEBUG:
	 Removing contents of /gpfs/milgram/pi/gee_dylan/candlab/analyses/shapes/dwi/workflows/csd_flow/_subject_id_sub-A666/seg5tt
210311-18:42:19,537 nipype.workflow DEBUG:
	 [MultiProc] Submitted task csd_flow.seg5tt (taskid=3).
210311-18:42:19,547 nipype.workflow DEBUG:
	 [Node] Writing pre-exec report to "/gpfs/milgram/pi/gee_dylan/candlab/analyses/shapes/dwi/workflows/csd_flow/_subject_id_sub-A666/gradconv/_report/report.rst"
210311-18:42:19,564 nipype.workflow DEBUG:
	 [Node] Writing pre-exec report to "/gpfs/milgram/pi/gee_dylan/candlab/analyses/shapes/dwi/workflows/csd_flow/_subject_id_sub-A666/seg5tt/_report/report.rst"
210311-18:42:19,569 nipype.interface DEBUG:
	 algorithm_fsl
210311-18:42:19,569 nipype.interface DEBUG:
	 in_file_/gpfs/milgram/project/gee_dylan/candlab/analyses/shapes/dwi/data/1_Check_Unwarped/sub-A666/sub-A666_ses-shapesV1_T1w_flirt_brain.nii.gz
210311-18:42:19,569 nipype.interface DEBUG:
	 out_file_T1s_5tt_segmented.nii.gz
210311-18:42:19,570 nipype.interface DEBUG:
	 in_file_/gpfs/milgram/project/gee_dylan/candlab/analyses/shapes/dwi/data/3_Eddy_Corrected/sub-A666/eddy_corrected.nii.gz
210311-18:42:19,570 nipype.interface DEBUG:
	 out_file_dwi.mif
210311-18:42:19,570 nipype.workflow INFO:
	 [Node] Running "seg5tt" ("nipype.interfaces.mrtrix3.utils.Generate5tt"), a CommandLine Interface with command:
5ttgen fsl /gpfs/milgram/project/gee_dylan/candlab/analyses/shapes/dwi/data/1_Check_Unwarped/sub-A666/sub-A666_ses-shapesV1_T1w_flirt_brain.nii.gz T1s_5tt_segmented.nii.gz
210311-18:42:19,572 nipype.interface DEBUG:
	 algorithm_fsl
210311-18:42:19,572 nipype.interface DEBUG:
	 in_file_/gpfs/milgram/project/gee_dylan/candlab/analyses/shapes/dwi/data/1_Check_Unwarped/sub-A666/sub-A666_ses-shapesV1_T1w_flirt_brain.nii.gz
210311-18:42:19,572 nipype.interface DEBUG:
	 out_file_T1s_5tt_segmented.nii.gz
210311-18:42:19,573 nipype.workflow INFO:
	 [Node] Running "gradconv" ("nipype.interfaces.mrtrix3.utils.MRConvert"), a CommandLine Interface with command:
mrconvert -fslgrad /gpfs/milgram/project/gee_dylan/candlab/analyses/shapes/dwi/data/3_Eddy_Corrected/sub-A666/eddy_corrected.eddy_rotated_bvecs /gpfs/milgram/project/gee_dylan/candlab/data/mri/bids_recon/shapes/sub-A666/ses-shapesV1/dwi/sub-A666_ses-shapesV1_dwi.bval /gpfs/milgram/project/gee_dylan/candlab/analyses/shapes/dwi/data/3_Eddy_Corrected/sub-A666/eddy_corrected.nii.gz dwi.mif
210311-18:42:19,578 nipype.interface DEBUG:
	 in_file_/gpfs/milgram/project/gee_dylan/candlab/analyses/shapes/dwi/data/3_Eddy_Corrected/sub-A666/eddy_corrected.nii.gz
210311-18:42:19,579 nipype.interface DEBUG:
	 out_file_dwi.mif
210311-18:42:21,406 nipype.workflow DEBUG:
	 Progress: 7 jobs, 1/2/0 (done/running/ready), 2/4 (pending_tasks/waiting).
210311-18:42:21,407 nipype.workflow DEBUG:
	 Tasks currently running: 2. Pending: 2.
210311-18:42:21,407 nipype.workflow INFO:
	 [MultiProc] Running 2 tasks, and 0 jobs ready. Free memory (GB): 168.37/168.77, Free processors: 2/4.
                     Currently running:
                       * csd_flow.seg5tt
                       * csd_flow.gradconv
210311-18:42:35,17 nipype.workflow DEBUG:
	 Needed files: /gpfs/milgram/pi/gee_dylan/candlab/analyses/shapes/dwi/workflows/csd_flow/_subject_id_sub-A666/gradconv/dwi.mif;/gpfs/milgram/project/gee_dylan/candlab/data/mri/bids_recon/shapes/sub-A666/ses-shapesV1/dwi/sub-A666_ses-shapesV1_dwi.bval;/gpfs/milgram/project/gee_dylan/candlab/analyses/shapes/dwi/data/3_Eddy_Corrected/sub-A666/eddy_corrected.eddy_rotated_bvecs;/gpfs/milgram/project/gee_dylan/candlab/analyses/shapes/dwi/data/3_Eddy_Corrected/sub-A666/eddy_corrected.nii.gz;/gpfs/milgram/pi/gee_dylan/candlab/analyses/shapes/dwi/workflows/csd_flow/_subject_id_sub-A666/gradconv/_0x722ef30d171247dc195ebd89eb1047f6_unfinished.json;/gpfs/milgram/pi/gee_dylan/candlab/analyses/shapes/dwi/workflows/csd_flow/_subject_id_sub-A666/gradconv/command.txt;/gpfs/milgram/pi/gee_dylan/candlab/analyses/shapes/dwi/workflows/csd_flow/_subject_id_sub-A666/gradconv/_inputs.pklz;/gpfs/milgram/pi/gee_dylan/candlab/analyses/shapes/dwi/workflows/csd_flow/_subject_id_sub-A666/gradconv/_node.pklz
210311-18:42:35,18 nipype.workflow DEBUG:
	 Needed dirs: /gpfs/milgram/pi/gee_dylan/candlab/analyses/shapes/dwi/workflows/csd_flow/_subject_id_sub-A666/gradconv/_report
210311-18:42:35,18 nipype.workflow DEBUG:
	 Removing files: 
210311-18:42:35,18 nipype.workflow DEBUG:
	 Saving results file: '/gpfs/milgram/pi/gee_dylan/candlab/analyses/shapes/dwi/workflows/csd_flow/_subject_id_sub-A666/gradconv/result_gradconv.pklz'
210311-18:42:35,21 nipype.workflow DEBUG:
	 [Node] Writing post-exec report to "/gpfs/milgram/pi/gee_dylan/candlab/analyses/shapes/dwi/workflows/csd_flow/_subject_id_sub-A666/gradconv/_report/report.rst"
210311-18:42:35,22 nipype.workflow INFO:
	 [Node] Finished "csd_flow.gradconv".
210311-18:42:35,412 nipype.workflow INFO:
	 [Job 1] Completed (csd_flow.gradconv).
210311-18:42:35,413 nipype.workflow DEBUG:
	 Tasks currently running: 1. Pending: 1.
210311-18:42:35,414 nipype.workflow INFO:
	 [MultiProc] Running 1 tasks, and 1 jobs ready. Free memory (GB): 168.57/168.77, Free processors: 3/4.
                     Currently running:
                       * csd_flow.seg5tt
210311-18:42:35,521 nipype.workflow DEBUG:
	 Allocating csd_flow.dwiresp ID=2 (0.20GB, 1 threads). Free: 168.37GB, 2 threads.
210311-18:42:35,521 nipype.workflow DEBUG:
	 [Node] Not cached "/gpfs/milgram/pi/gee_dylan/candlab/analyses/shapes/dwi/workflows/csd_flow/_subject_id_sub-A666/dwiresp".
210311-18:42:35,521 nipype.workflow DEBUG:
	 Checking hash "csd_flow.dwiresp" locally: cached=False, updated=False.
210311-18:42:35,523 nipype.workflow INFO:
	 [Node] Setting-up "csd_flow.dwiresp" in "/gpfs/milgram/pi/gee_dylan/candlab/analyses/shapes/dwi/workflows/csd_flow/_subject_id_sub-A666/dwiresp".
210311-18:42:35,523 nipype.workflow DEBUG:
	 [Node] Not cached "/gpfs/milgram/pi/gee_dylan/candlab/analyses/shapes/dwi/workflows/csd_flow/_subject_id_sub-A666/dwiresp".
210311-18:42:35,523 nipype.workflow DEBUG:
	 [Node] Setting 1 connected inputs of node "dwiresp" from 1 previous nodes.
210311-18:42:35,523 nipype.utils DEBUG:
	 Loading pkl: /gpfs/milgram/pi/gee_dylan/candlab/analyses/shapes/dwi/workflows/csd_flow/_subject_id_sub-A666/gradconv/result_gradconv.pklz
210311-18:42:35,525 nipype.workflow DEBUG:
	 Resolving paths in outputs loaded from results file.
210311-18:42:35,525 nipype.workflow DEBUG:
	 output: out_file
210311-18:42:35,525 nipype.workflow DEBUG:
	 [Node] dwiresp - setting input in_file = /gpfs/milgram/pi/gee_dylan/candlab/analyses/shapes/dwi/workflows/csd_flow/_subject_id_sub-A666/gradconv/dwi.mif
210311-18:42:35,523 nipype.workflow DEBUG:
	 [MultiProc] Submitted task csd_flow.dwiresp (taskid=4).
210311-18:42:35,526 nipype.utils DEBUG:
	 Removing contents of /gpfs/milgram/pi/gee_dylan/candlab/analyses/shapes/dwi/workflows/csd_flow/_subject_id_sub-A666/dwiresp
210311-18:42:35,528 nipype.workflow DEBUG:
	 [Node] Writing pre-exec report to "/gpfs/milgram/pi/gee_dylan/candlab/analyses/shapes/dwi/workflows/csd_flow/_subject_id_sub-A666/dwiresp/_report/report.rst"
210311-18:42:35,531 nipype.interface DEBUG:
	 algorithm_dhollander
210311-18:42:35,531 nipype.interface DEBUG:
	 csf_file_csf_response.txt
210311-18:42:35,532 nipype.interface DEBUG:
	 gm_file_gm_response.txt
210311-18:42:35,532 nipype.interface DEBUG:
	 in_file_/gpfs/milgram/pi/gee_dylan/candlab/analyses/shapes/dwi/workflows/csd_flow/_subject_id_sub-A666/gradconv/dwi.mif
210311-18:42:35,532 nipype.interface DEBUG:
	 max_sh_[0, 2, 4, 4, 8]
210311-18:42:35,532 nipype.interface DEBUG:
	 wm_file_wm_response.txt
210311-18:42:35,532 nipype.workflow INFO:
	 [Node] Running "dwiresp" ("nipype.interfaces.mrtrix3.preprocess.ResponseSD"), a CommandLine Interface with command:
dwi2response dhollander -lmax 0,2,4,4,8 /gpfs/milgram/pi/gee_dylan/candlab/analyses/shapes/dwi/workflows/csd_flow/_subject_id_sub-A666/gradconv/dwi.mif wm_response.txt gm_response.txt csf_response.txt
210311-18:42:35,534 nipype.interface DEBUG:
	 algorithm_dhollander
210311-18:42:35,534 nipype.interface DEBUG:
	 csf_file_csf_response.txt
210311-18:42:35,534 nipype.interface DEBUG:
	 gm_file_gm_response.txt
210311-18:42:35,534 nipype.interface DEBUG:
	 in_file_/gpfs/milgram/pi/gee_dylan/candlab/analyses/shapes/dwi/workflows/csd_flow/_subject_id_sub-A666/gradconv/dwi.mif
210311-18:42:35,534 nipype.interface DEBUG:
	 max_sh_[0, 2, 4, 4, 8]
210311-18:42:35,534 nipype.interface DEBUG:
	 wm_file_wm_response.txt
210311-18:42:37,413 nipype.workflow DEBUG:
	 Progress: 7 jobs, 2/2/0 (done/running/ready), 2/3 (pending_tasks/waiting).
210311-18:42:37,429 nipype.workflow DEBUG:
	 Tasks currently running: 2. Pending: 2.
210311-18:42:37,446 nipype.workflow INFO:
	 [MultiProc] Running 2 tasks, and 0 jobs ready. Free memory (GB): 168.37/168.77, Free processors: 2/4.
                     Currently running:
                       * csd_flow.dwiresp
                       * csd_flow.seg5tt
210311-18:47:57,970 nipype.workflow DEBUG:
	 Needed files: /gpfs/milgram/pi/gee_dylan/candlab/analyses/shapes/dwi/workflows/csd_flow/_subject_id_sub-A666/dwiresp/wm_response.txt;/gpfs/milgram/pi/gee_dylan/candlab/analyses/shapes/dwi/workflows/csd_flow/_subject_id_sub-A666/dwiresp/gm_response.txt;/gpfs/milgram/pi/gee_dylan/candlab/analyses/shapes/dwi/workflows/csd_flow/_subject_id_sub-A666/dwiresp/csf_response.txt;/gpfs/milgram/pi/gee_dylan/candlab/analyses/shapes/dwi/workflows/csd_flow/_subject_id_sub-A666/gradconv/dwi.mif;/gpfs/milgram/pi/gee_dylan/candlab/analyses/shapes/dwi/workflows/csd_flow/_subject_id_sub-A666/dwiresp/_0x3bda285240f4cb3d9dcedb2dea56185b_unfinished.json;/gpfs/milgram/pi/gee_dylan/candlab/analyses/shapes/dwi/workflows/csd_flow/_subject_id_sub-A666/dwiresp/command.txt;/gpfs/milgram/pi/gee_dylan/candlab/analyses/shapes/dwi/workflows/csd_flow/_subject_id_sub-A666/dwiresp/_inputs.pklz;/gpfs/milgram/pi/gee_dylan/candlab/analyses/shapes/dwi/workflows/csd_flow/_subject_id_sub-A666/dwiresp/_node.pklz
210311-18:47:57,987 nipype.workflow DEBUG:
	 Needed dirs: /gpfs/milgram/pi/gee_dylan/candlab/analyses/shapes/dwi/workflows/csd_flow/_subject_id_sub-A666/dwiresp/_report
210311-18:47:57,987 nipype.workflow DEBUG:
	 Removing files: 
210311-18:47:57,987 nipype.workflow DEBUG:
	 Saving results file: '/gpfs/milgram/pi/gee_dylan/candlab/analyses/shapes/dwi/workflows/csd_flow/_subject_id_sub-A666/dwiresp/result_dwiresp.pklz'
210311-18:47:57,994 nipype.workflow DEBUG:
	 [Node] Writing post-exec report to "/gpfs/milgram/pi/gee_dylan/candlab/analyses/shapes/dwi/workflows/csd_flow/_subject_id_sub-A666/dwiresp/_report/report.rst"
210311-18:47:57,995 nipype.workflow INFO:
	 [Node] Finished "csd_flow.dwiresp".
210311-18:47:58,16 nipype.workflow INFO:
	 [Job 2] Completed (csd_flow.dwiresp).
210311-18:47:58,17 nipype.workflow DEBUG:
	 Tasks currently running: 1. Pending: 1.
210311-18:47:58,18 nipype.workflow INFO:
	 [MultiProc] Running 1 tasks, and 1 jobs ready. Free memory (GB): 168.57/168.77, Free processors: 3/4.
                     Currently running:
                       * csd_flow.seg5tt
210311-18:47:58,123 nipype.workflow DEBUG:
	 Allocating csd_flow.mscsd ID=3 (0.20GB, 1 threads). Free: 168.37GB, 2 threads.
210311-18:47:58,123 nipype.workflow DEBUG:
	 [Node] Not cached "/gpfs/milgram/pi/gee_dylan/candlab/analyses/shapes/dwi/workflows/csd_flow/_subject_id_sub-A666/mscsd".
210311-18:47:58,123 nipype.workflow DEBUG:
	 Checking hash "csd_flow.mscsd" locally: cached=False, updated=False.
210311-18:47:58,125 nipype.workflow INFO:
	 [Node] Setting-up "csd_flow.mscsd" in "/gpfs/milgram/pi/gee_dylan/candlab/analyses/shapes/dwi/workflows/csd_flow/_subject_id_sub-A666/mscsd".
210311-18:47:58,125 nipype.workflow DEBUG:
	 [Node] Not cached "/gpfs/milgram/pi/gee_dylan/candlab/analyses/shapes/dwi/workflows/csd_flow/_subject_id_sub-A666/mscsd".
210311-18:47:58,125 nipype.workflow DEBUG:
	 [Node] Setting 4 connected inputs of node "mscsd" from 2 previous nodes.
210311-18:47:58,125 nipype.utils DEBUG:
	 Loading pkl: /gpfs/milgram/pi/gee_dylan/candlab/analyses/shapes/dwi/workflows/csd_flow/_subject_id_sub-A666/gradconv/result_gradconv.pklz
210311-18:47:58,125 nipype.workflow DEBUG:
	 [MultiProc] Submitted task csd_flow.mscsd (taskid=5).
210311-18:47:58,127 nipype.workflow DEBUG:
	 Resolving paths in outputs loaded from results file.
210311-18:47:58,127 nipype.workflow DEBUG:
	 output: out_file
210311-18:47:58,127 nipype.workflow DEBUG:
	 [Node] mscsd - setting input in_file = /gpfs/milgram/pi/gee_dylan/candlab/analyses/shapes/dwi/workflows/csd_flow/_subject_id_sub-A666/gradconv/dwi.mif
210311-18:47:58,127 nipype.utils DEBUG:
	 Loading pkl: /gpfs/milgram/pi/gee_dylan/candlab/analyses/shapes/dwi/workflows/csd_flow/_subject_id_sub-A666/dwiresp/result_dwiresp.pklz
210311-18:47:58,128 nipype.workflow DEBUG:
	 Resolving paths in outputs loaded from results file.
210311-18:47:58,128 nipype.workflow DEBUG:
	 output: wm_file
210311-18:47:58,128 nipype.workflow DEBUG:
	 [Node] mscsd - setting input wm_txt = /gpfs/milgram/pi/gee_dylan/candlab/analyses/shapes/dwi/workflows/csd_flow/_subject_id_sub-A666/dwiresp/wm_response.txt
210311-18:47:58,128 nipype.workflow DEBUG:
	 output: gm_file
210311-18:47:58,128 nipype.workflow DEBUG:
	 [Node] mscsd - setting input gm_txt = /gpfs/milgram/pi/gee_dylan/candlab/analyses/shapes/dwi/workflows/csd_flow/_subject_id_sub-A666/dwiresp/gm_response.txt
210311-18:47:58,128 nipype.workflow DEBUG:
	 output: csf_file
210311-18:47:58,128 nipype.workflow DEBUG:
	 [Node] mscsd - setting input csf_txt = /gpfs/milgram/pi/gee_dylan/candlab/analyses/shapes/dwi/workflows/csd_flow/_subject_id_sub-A666/dwiresp/csf_response.txt
210311-18:47:58,129 nipype.utils DEBUG:
	 Removing contents of /gpfs/milgram/pi/gee_dylan/candlab/analyses/shapes/dwi/workflows/csd_flow/_subject_id_sub-A666/mscsd
210311-18:47:58,131 nipype.workflow DEBUG:
	 [Node] Writing pre-exec report to "/gpfs/milgram/pi/gee_dylan/candlab/analyses/shapes/dwi/workflows/csd_flow/_subject_id_sub-A666/mscsd/_report/report.rst"
210311-18:47:58,146 nipype.interface DEBUG:
	 algorithm_msmt_csd
210311-18:47:58,146 nipype.interface DEBUG:
	 bval_scale_yes
210311-18:47:58,146 nipype.interface DEBUG:
	 csf_odf_csf.mif
210311-18:47:58,146 nipype.interface DEBUG:
	 csf_txt_/gpfs/milgram/pi/gee_dylan/candlab/analyses/shapes/dwi/workflows/csd_flow/_subject_id_sub-A666/dwiresp/csf_response.txt
210311-18:47:58,146 nipype.interface DEBUG:
	 gm_odf_gm.mif
210311-18:47:58,146 nipype.interface DEBUG:
	 gm_txt_/gpfs/milgram/pi/gee_dylan/candlab/analyses/shapes/dwi/workflows/csd_flow/_subject_id_sub-A666/dwiresp/gm_response.txt
210311-18:47:58,146 nipype.interface DEBUG:
	 in_file_/gpfs/milgram/pi/gee_dylan/candlab/analyses/shapes/dwi/workflows/csd_flow/_subject_id_sub-A666/gradconv/dwi.mif
210311-18:47:58,146 nipype.interface DEBUG:
	 max_sh_[8, 8, 8]
210311-18:47:58,146 nipype.interface DEBUG:
	 wm_odf_wm.mif
210311-18:47:58,146 nipype.interface DEBUG:
	 wm_txt_/gpfs/milgram/pi/gee_dylan/candlab/analyses/shapes/dwi/workflows/csd_flow/_subject_id_sub-A666/dwiresp/wm_response.txt
210311-18:47:58,147 nipype.workflow INFO:
	 [Node] Running "mscsd" ("nipype.interfaces.mrtrix3.reconst.EstimateFOD"), a CommandLine Interface with command:
dwi2fod -bvalue_scaling yes -lmax 8,8,8 msmt_csd /gpfs/milgram/pi/gee_dylan/candlab/analyses/shapes/dwi/workflows/csd_flow/_subject_id_sub-A666/gradconv/dwi.mif /gpfs/milgram/pi/gee_dylan/candlab/analyses/shapes/dwi/workflows/csd_flow/_subject_id_sub-A666/dwiresp/wm_response.txt wm.mif /gpfs/milgram/pi/gee_dylan/candlab/analyses/shapes/dwi/workflows/csd_flow/_subject_id_sub-A666/dwiresp/gm_response.txt gm.mif /gpfs/milgram/pi/gee_dylan/candlab/analyses/shapes/dwi/workflows/csd_flow/_subject_id_sub-A666/dwiresp/csf_response.txt csf.mif
210311-18:47:58,148 nipype.interface DEBUG:
	 algorithm_msmt_csd
210311-18:47:58,148 nipype.interface DEBUG:
	 bval_scale_yes
210311-18:47:58,148 nipype.interface DEBUG:
	 csf_odf_csf.mif
210311-18:47:58,148 nipype.interface DEBUG:
	 csf_txt_/gpfs/milgram/pi/gee_dylan/candlab/analyses/shapes/dwi/workflows/csd_flow/_subject_id_sub-A666/dwiresp/csf_response.txt
210311-18:47:58,148 nipype.interface DEBUG:
	 gm_odf_gm.mif
210311-18:47:58,148 nipype.interface DEBUG:
	 gm_txt_/gpfs/milgram/pi/gee_dylan/candlab/analyses/shapes/dwi/workflows/csd_flow/_subject_id_sub-A666/dwiresp/gm_response.txt
210311-18:47:58,148 nipype.interface DEBUG:
	 in_file_/gpfs/milgram/pi/gee_dylan/candlab/analyses/shapes/dwi/workflows/csd_flow/_subject_id_sub-A666/gradconv/dwi.mif
210311-18:47:58,148 nipype.interface DEBUG:
	 max_sh_[8, 8, 8]
210311-18:47:58,148 nipype.interface DEBUG:
	 wm_odf_wm.mif
210311-18:47:58,149 nipype.interface DEBUG:
	 wm_txt_/gpfs/milgram/pi/gee_dylan/candlab/analyses/shapes/dwi/workflows/csd_flow/_subject_id_sub-A666/dwiresp/wm_response.txt
210311-18:48:00,17 nipype.workflow DEBUG:
	 Progress: 7 jobs, 3/2/0 (done/running/ready), 2/2 (pending_tasks/waiting).
210311-18:48:00,18 nipype.workflow DEBUG:
	 Tasks currently running: 2. Pending: 2.
210311-18:48:00,18 nipype.workflow INFO:
	 [MultiProc] Running 2 tasks, and 0 jobs ready. Free memory (GB): 168.37/168.77, Free processors: 2/4.
                     Currently running:
                       * csd_flow.mscsd
                       * csd_flow.seg5tt
