Source the FSL configuration script using:
     . /gpfs/milgram/apps/hpc.rhel7/software/FSL/6.0.3-centos7_64/etc/fslconf/fsl.sh To use FSLeyes GUI, load the separate FSLeyes module.
Source the FSL configuration script using:
     . /gpfs/milgram/apps/hpc.rhel7/software/FSL/6.0.3-centos7_64/etc/fslconf/fsl.sh To use FSLeyes GUI, load the separate FSLeyes module.
Source the FSL configuration script using:
     . /gpfs/milgram/apps/hpc.rhel7/software/FSL/6.0.3-centos7_64/etc/fslconf/fsl.sh To use FSLeyes GUI, load the separate FSLeyes module.
Source the FSL configuration script using:
     . /gpfs/milgram/apps/hpc.rhel7/software/FSL/6.0.3-centos7_64/etc/fslconf/fsl.sh To use FSLeyes GUI, load the separate FSLeyes module.
210311-18:41:46,58 nipype.utils DEBUG:
	 Running a newer version (1.6.0) of nipy/nipype than available (1.5.1)
210311-18:41:46,543 nipype.workflow DEBUG:
	 (csd_flow.infosource, csd_flow.sf): No edge data
210311-18:41:46,543 nipype.workflow DEBUG:
	 (csd_flow.infosource, csd_flow.sf): new edge data: {'connect': [('subject_id', 'subject_id')]}
210311-18:41:46,543 nipype.workflow DEBUG:
	 (csd_flow.sf, csd_flow.seg5tt): No edge data
210311-18:41:46,543 nipype.workflow DEBUG:
	 (csd_flow.sf, csd_flow.seg5tt): new edge data: {'connect': [('t1', 'in_file')]}
210311-18:41:46,543 nipype.workflow DEBUG:
	 (csd_flow.seg5tt, csd_flow.datasink): No edge data
210311-18:41:46,543 nipype.workflow DEBUG:
	 (csd_flow.seg5tt, csd_flow.datasink): new edge data: {'connect': [('out_file', '5_Tract_Reconstruction')]}
210311-18:41:46,543 nipype.workflow DEBUG:
	 (csd_flow.sf, csd_flow.gradconv): No edge data
210311-18:41:46,543 nipype.workflow DEBUG:
	 (csd_flow.sf, csd_flow.gradconv): new edge data: {'connect': [('dti', 'in_file'), ('bval', 'in_bval'), ('bvec', 'in_bvec')]}
210311-18:41:46,543 nipype.workflow DEBUG:
	 (csd_flow.gradconv, csd_flow.dwiresp): No edge data
210311-18:41:46,543 nipype.workflow DEBUG:
	 (csd_flow.gradconv, csd_flow.dwiresp): new edge data: {'connect': [('out_file', 'in_file')]}
210311-18:41:46,543 nipype.workflow DEBUG:
	 (csd_flow.dwiresp, csd_flow.datasink): No edge data
210311-18:41:46,543 nipype.workflow DEBUG:
	 (csd_flow.dwiresp, csd_flow.datasink): new edge data: {'connect': [('wm_file', '4_Deconvolution.@par'), ('gm_file', '4_Deconvolution.@par.@par'), ('csf_file', '4_Deconvolution.@par.@par.@par')]}
210311-18:41:46,543 nipype.workflow DEBUG:
	 (csd_flow.gradconv, csd_flow.mscsd): No edge data
210311-18:41:46,543 nipype.workflow DEBUG:
	 (csd_flow.gradconv, csd_flow.mscsd): new edge data: {'connect': [('out_file', 'in_file')]}
210311-18:41:46,543 nipype.workflow DEBUG:
	 (csd_flow.dwiresp, csd_flow.mscsd): No edge data
210311-18:41:46,543 nipype.workflow DEBUG:
	 (csd_flow.dwiresp, csd_flow.mscsd): new edge data: {'connect': [('wm_file', 'wm_txt'), ('gm_file', 'gm_txt'), ('csf_file', 'csf_txt')]}
210311-18:41:46,543 nipype.workflow DEBUG:
	 (csd_flow.mscsd, csd_flow.tract): No edge data
210311-18:41:46,544 nipype.workflow DEBUG:
	 (csd_flow.mscsd, csd_flow.tract): new edge data: {'connect': [('wm_odf', 'in_file')]}
210311-18:41:46,544 nipype.workflow DEBUG:
	 (csd_flow.mscsd, csd_flow.datasink): No edge data
210311-18:41:46,544 nipype.workflow DEBUG:
	 (csd_flow.mscsd, csd_flow.datasink): new edge data: {'connect': [('wm_odf', '4_Deconvolution.@par.@par.@par.@par'), ('gm_odf', '4_Deconvolution.@par.@par.@par.@par.@par'), ('csf_odf', '4_Deconvolution.@par.@par.@par.@par.@par.@par')]}
210311-18:41:46,544 nipype.workflow DEBUG:
	 (csd_flow.gradconv, csd_flow.datasink): No edge data
210311-18:41:46,544 nipype.workflow DEBUG:
	 (csd_flow.gradconv, csd_flow.datasink): new edge data: {'connect': [('out_file', '4_Deconvolution.@par.@par.@par.@par.@par.@par.@par')]}
210311-18:41:46,546 nipype.workflow DEBUG:
	 Creating flat graph for workflow: csd_flow
210311-18:41:46,548 nipype.workflow DEBUG:
	 expanding workflow: csd_flow
210311-18:41:46,549 nipype.workflow DEBUG:
	 processing node: csd_flow.infosource
210311-18:41:46,551 nipype.workflow DEBUG:
	 processing node: csd_flow.sf
210311-18:41:46,551 nipype.workflow DEBUG:
	 processing node: csd_flow.gradconv
210311-18:41:46,551 nipype.workflow DEBUG:
	 processing node: csd_flow.dwiresp
210311-18:41:46,551 nipype.workflow DEBUG:
	 processing node: csd_flow.mscsd
210311-18:41:46,551 nipype.workflow DEBUG:
	 processing node: csd_flow.tract
210311-18:41:46,551 nipype.workflow DEBUG:
	 processing node: csd_flow.seg5tt
210311-18:41:46,552 nipype.workflow DEBUG:
	 processing node: csd_flow.datasink
210311-18:41:46,552 nipype.workflow DEBUG:
	 finished expanding workflow: csd_flow
210311-18:41:46,554 nipype.workflow DEBUG:
	 using input graph
210311-18:41:52,653 nipype.workflow DEBUG:
	 creating dot graph
210311-18:41:53,464 nipype.workflow INFO:
	 Generated workflow graph: /gpfs/milgram/project/gee_dylan/candlab/analyses/shapes/dwi/workflows/csd_flow/graph.png (graph2use=flat, simple_form=True).
210311-18:41:53,690 nipype.workflow DEBUG:
	 [MultiProc] Starting (n_procs=4, mem_gb=168.77, cwd=/gpfs/milgram/home/lms233/Github/Diffusion)
210311-18:41:53,691 nipype.workflow DEBUG:
	 Creating flat graph for workflow: csd_flow
210311-18:41:53,694 nipype.workflow DEBUG:
	 expanding workflow: csd_flow
210311-18:41:53,694 nipype.workflow DEBUG:
	 processing node: csd_flow.infosource
210311-18:41:53,694 nipype.workflow DEBUG:
	 processing node: csd_flow.sf
210311-18:41:53,694 nipype.workflow DEBUG:
	 processing node: csd_flow.gradconv
210311-18:41:53,694 nipype.workflow DEBUG:
	 processing node: csd_flow.dwiresp
210311-18:41:53,695 nipype.workflow DEBUG:
	 processing node: csd_flow.mscsd
210311-18:41:53,695 nipype.workflow DEBUG:
	 processing node: csd_flow.tract
210311-18:41:53,695 nipype.workflow DEBUG:
	 processing node: csd_flow.seg5tt
210311-18:41:53,695 nipype.workflow DEBUG:
	 processing node: csd_flow.datasink
210311-18:41:53,695 nipype.workflow DEBUG:
	 finished expanding workflow: csd_flow
210311-18:41:53,695 nipype.workflow INFO:
	 Workflow csd_flow settings: ['check', 'execution', 'logging', 'monitoring']
210311-18:41:53,697 nipype.workflow DEBUG:
	 PE: expanding iterables
210311-18:41:53,698 nipype.workflow DEBUG:
	 Detected iterable nodes [csd_flow.infosource]
210311-18:41:53,698 nipype.workflow DEBUG:
	 Expanding the iterable node csd_flow.infosource...
210311-18:41:53,698 nipype.workflow DEBUG:
	 node: csd_flow.infosource iterables: {'subject_id': <function _standardize_iterables.<locals>.make_field_func.<locals>.<lambda> at 0x2b4e227595f0>}
210311-18:41:53,698 nipype.workflow DEBUG:
	 ('subnodes:', [csd_flow.infosource, csd_flow.sf, csd_flow.seg5tt, csd_flow.datasink, csd_flow.gradconv, csd_flow.dwiresp, csd_flow.mscsd, csd_flow.tract])
210311-18:41:53,701 nipype.workflow DEBUG:
	 [Node] infosource - setting input subject_id = sub-A283
210311-18:41:53,701 nipype.workflow DEBUG:
	 Parameterization: paramstr=_subject_id_sub-A283
210311-18:41:53,701 nipype.workflow DEBUG:
	 PE: expanding iterables ... done
210311-18:41:53,701 nipype.workflow DEBUG:
	 [Node] sf - setting input subject_id = sub-A283
210311-18:41:53,701 nipype.workflow DEBUG:
	 Removed the identity node csd_flow.infosource from the graph.
210311-18:41:54,398 nipype.workflow DEBUG:
	 Performing depth first search
210311-18:41:54,413 nipype.workflow INFO:
	 Running in parallel.
210311-18:41:54,416 nipype.workflow DEBUG:
	 Progress: 7 jobs, 0/0/1 (done/running/ready), 0/7 (pending_tasks/waiting).
210311-18:41:54,416 nipype.workflow DEBUG:
	 Tasks currently running: 0. Pending: 0.
210311-18:41:54,417 nipype.workflow INFO:
	 [MultiProc] Running 0 tasks, and 1 jobs ready. Free memory (GB): 168.77/168.77, Free processors: 4/4.
210311-18:41:54,484 nipype.workflow DEBUG:
	 Allocating csd_flow.sf ID=0 (0.20GB, 1 threads). Free: 168.57GB, 3 threads.
210311-18:41:54,484 nipype.workflow DEBUG:
	 [Node] Not cached "/gpfs/milgram/pi/gee_dylan/candlab/analyses/shapes/dwi/workflows/csd_flow/_subject_id_sub-A283/sf".
210311-18:41:54,484 nipype.workflow DEBUG:
	 Checking hash "csd_flow.sf" locally: cached=False, updated=False.
210311-18:41:54,532 nipype.workflow DEBUG:
	 [MultiProc] Submitted task csd_flow.sf (taskid=1).
210311-18:41:54,538 nipype.workflow INFO:
	 [Node] Setting-up "csd_flow.sf" in "/gpfs/milgram/pi/gee_dylan/candlab/analyses/shapes/dwi/workflows/csd_flow/_subject_id_sub-A283/sf".
210311-18:41:54,538 nipype.workflow DEBUG:
	 [Node] Not cached "/gpfs/milgram/pi/gee_dylan/candlab/analyses/shapes/dwi/workflows/csd_flow/_subject_id_sub-A283/sf".
210311-18:41:54,539 nipype.utils DEBUG:
	 Removing contents of /gpfs/milgram/pi/gee_dylan/candlab/analyses/shapes/dwi/workflows/csd_flow/_subject_id_sub-A283/sf
210311-18:41:54,652 nipype.workflow DEBUG:
	 [Node] Writing pre-exec report to "/gpfs/milgram/pi/gee_dylan/candlab/analyses/shapes/dwi/workflows/csd_flow/_subject_id_sub-A283/sf/_report/report.rst"
210311-18:41:54,660 nipype.workflow INFO:
	 [Node] Running "sf" ("nipype.interfaces.io.SelectFiles")
210311-18:41:54,677 nipype.workflow DEBUG:
	 Needed files: /gpfs/milgram/project/gee_dylan/candlab/analyses/shapes/dwi/data/3_Eddy_Corrected/sub-A283/eddy_corrected.nii.gz;/gpfs/milgram/project/gee_dylan/candlab/data/mri/bids_recon/shapes/sub-A283/ses-shapesV1/dwi/sub-A283_ses-shapesV1_dwi.bval;/gpfs/milgram/project/gee_dylan/candlab/analyses/shapes/dwi/data/3_Eddy_Corrected/sub-A283/eddy_corrected.eddy_rotated_bvecs;/gpfs/milgram/project/gee_dylan/candlab/analyses/shapes/dwi/data/1_Check_Unwarped/sub-A283/sub-A283_ses-shapesV1_T1w_flirt_brain.nii.gz;/gpfs/milgram/project/gee_dylan/candlab/atlases/MNI152_T1_2mm_brain.nii.gz;/gpfs/milgram/pi/gee_dylan/candlab/analyses/shapes/dwi/workflows/csd_flow/_subject_id_sub-A283/sf/_0xd7fb5c0d5abbdd7265ffa07229b03511_unfinished.json;/gpfs/milgram/pi/gee_dylan/candlab/analyses/shapes/dwi/workflows/csd_flow/_subject_id_sub-A283/sf/_inputs.pklz;/gpfs/milgram/pi/gee_dylan/candlab/analyses/shapes/dwi/workflows/csd_flow/_subject_id_sub-A283/sf/_node.pklz
210311-18:41:54,677 nipype.workflow DEBUG:
	 Needed dirs: /gpfs/milgram/pi/gee_dylan/candlab/analyses/shapes/dwi/workflows/csd_flow/_subject_id_sub-A283/sf/_report
210311-18:41:54,678 nipype.workflow DEBUG:
	 Removing files: 
210311-18:41:54,678 nipype.workflow DEBUG:
	 Saving results file: '/gpfs/milgram/pi/gee_dylan/candlab/analyses/shapes/dwi/workflows/csd_flow/_subject_id_sub-A283/sf/result_sf.pklz'
210311-18:41:54,684 nipype.workflow DEBUG:
	 [Node] Writing post-exec report to "/gpfs/milgram/pi/gee_dylan/candlab/analyses/shapes/dwi/workflows/csd_flow/_subject_id_sub-A283/sf/_report/report.rst"
210311-18:41:54,685 nipype.workflow INFO:
	 [Node] Finished "csd_flow.sf".
210311-18:41:56,421 nipype.workflow DEBUG:
	 Progress: 7 jobs, 0/1/0 (done/running/ready), 1/6 (pending_tasks/waiting).
210311-18:41:56,421 nipype.workflow INFO:
	 [Job 0] Completed (csd_flow.sf).
210311-18:41:56,424 nipype.workflow DEBUG:
	 Tasks currently running: 0. Pending: 0.
210311-18:41:56,426 nipype.workflow INFO:
	 [MultiProc] Running 0 tasks, and 2 jobs ready. Free memory (GB): 168.77/168.77, Free processors: 4/4.
210311-18:41:56,526 nipype.workflow DEBUG:
	 Allocating csd_flow.gradconv ID=1 (0.20GB, 1 threads). Free: 168.57GB, 3 threads.
210311-18:41:56,527 nipype.workflow DEBUG:
	 [Node] Not cached "/gpfs/milgram/pi/gee_dylan/candlab/analyses/shapes/dwi/workflows/csd_flow/_subject_id_sub-A283/gradconv".
210311-18:41:56,527 nipype.workflow DEBUG:
	 Checking hash "csd_flow.gradconv" locally: cached=False, updated=False.
210311-18:41:56,531 nipype.workflow INFO:
	 [Node] Setting-up "csd_flow.gradconv" in "/gpfs/milgram/pi/gee_dylan/candlab/analyses/shapes/dwi/workflows/csd_flow/_subject_id_sub-A283/gradconv".
210311-18:41:56,531 nipype.workflow DEBUG:
	 [Node] Not cached "/gpfs/milgram/pi/gee_dylan/candlab/analyses/shapes/dwi/workflows/csd_flow/_subject_id_sub-A283/gradconv".
210311-18:41:56,531 nipype.workflow DEBUG:
	 [Node] Setting 3 connected inputs of node "gradconv" from 1 previous nodes.
210311-18:41:56,532 nipype.utils DEBUG:
	 Loading pkl: /gpfs/milgram/pi/gee_dylan/candlab/analyses/shapes/dwi/workflows/csd_flow/_subject_id_sub-A283/sf/result_sf.pklz
210311-18:41:56,536 nipype.workflow DEBUG:
	 Resolving paths in outputs loaded from results file.
210311-18:41:56,536 nipype.workflow DEBUG:
	 output: dti
210311-18:41:56,536 nipype.workflow DEBUG:
	 [Node] gradconv - setting input in_file = /gpfs/milgram/project/gee_dylan/candlab/analyses/shapes/dwi/data/3_Eddy_Corrected/sub-A283/eddy_corrected.nii.gz
210311-18:41:56,536 nipype.workflow DEBUG:
	 output: bval
210311-18:41:56,536 nipype.workflow DEBUG:
	 [Node] gradconv - setting input in_bval = /gpfs/milgram/project/gee_dylan/candlab/data/mri/bids_recon/shapes/sub-A283/ses-shapesV1/dwi/sub-A283_ses-shapesV1_dwi.bval
210311-18:41:56,537 nipype.workflow DEBUG:
	 output: bvec
210311-18:41:56,537 nipype.workflow DEBUG:
	 [Node] gradconv - setting input in_bvec = /gpfs/milgram/project/gee_dylan/candlab/analyses/shapes/dwi/data/3_Eddy_Corrected/sub-A283/eddy_corrected.eddy_rotated_bvecs
210311-18:41:56,538 nipype.utils DEBUG:
	 Removing contents of /gpfs/milgram/pi/gee_dylan/candlab/analyses/shapes/dwi/workflows/csd_flow/_subject_id_sub-A283/gradconv
210311-18:41:56,538 nipype.workflow DEBUG:
	 [MultiProc] Submitted task csd_flow.gradconv (taskid=2).
210311-18:41:56,538 nipype.workflow DEBUG:
	 Allocating csd_flow.seg5tt ID=5 (0.20GB, 1 threads). Free: 168.37GB, 2 threads.
210311-18:41:56,538 nipype.workflow DEBUG:
	 [Node] Not cached "/gpfs/milgram/pi/gee_dylan/candlab/analyses/shapes/dwi/workflows/csd_flow/_subject_id_sub-A283/seg5tt".
210311-18:41:56,539 nipype.workflow DEBUG:
	 Checking hash "csd_flow.seg5tt" locally: cached=False, updated=False.
210311-18:41:56,542 nipype.workflow INFO:
	 [Node] Setting-up "csd_flow.seg5tt" in "/gpfs/milgram/pi/gee_dylan/candlab/analyses/shapes/dwi/workflows/csd_flow/_subject_id_sub-A283/seg5tt".
210311-18:41:56,543 nipype.workflow DEBUG:
	 [Node] Not cached "/gpfs/milgram/pi/gee_dylan/candlab/analyses/shapes/dwi/workflows/csd_flow/_subject_id_sub-A283/seg5tt".
210311-18:41:56,543 nipype.workflow DEBUG:
	 [Node] Setting 1 connected inputs of node "seg5tt" from 1 previous nodes.
210311-18:41:56,544 nipype.utils DEBUG:
	 Loading pkl: /gpfs/milgram/pi/gee_dylan/candlab/analyses/shapes/dwi/workflows/csd_flow/_subject_id_sub-A283/sf/result_sf.pklz
210311-18:41:56,547 nipype.workflow DEBUG:
	 Resolving paths in outputs loaded from results file.
210311-18:41:56,547 nipype.workflow DEBUG:
	 output: t1
210311-18:41:56,547 nipype.workflow DEBUG:
	 [Node] seg5tt - setting input in_file = /gpfs/milgram/project/gee_dylan/candlab/analyses/shapes/dwi/data/1_Check_Unwarped/sub-A283/sub-A283_ses-shapesV1_T1w_flirt_brain.nii.gz
210311-18:41:56,548 nipype.utils DEBUG:
	 Removing contents of /gpfs/milgram/pi/gee_dylan/candlab/analyses/shapes/dwi/workflows/csd_flow/_subject_id_sub-A283/seg5tt
210311-18:41:56,548 nipype.workflow DEBUG:
	 [MultiProc] Submitted task csd_flow.seg5tt (taskid=3).
210311-18:41:56,550 nipype.workflow DEBUG:
	 [Node] Writing pre-exec report to "/gpfs/milgram/pi/gee_dylan/candlab/analyses/shapes/dwi/workflows/csd_flow/_subject_id_sub-A283/gradconv/_report/report.rst"
210311-18:41:56,550 nipype.workflow DEBUG:
	 [Node] Writing pre-exec report to "/gpfs/milgram/pi/gee_dylan/candlab/analyses/shapes/dwi/workflows/csd_flow/_subject_id_sub-A283/seg5tt/_report/report.rst"
210311-18:41:56,555 nipype.interface DEBUG:
	 in_file_/gpfs/milgram/project/gee_dylan/candlab/analyses/shapes/dwi/data/3_Eddy_Corrected/sub-A283/eddy_corrected.nii.gz
210311-18:41:56,555 nipype.interface DEBUG:
	 out_file_dwi.mif
210311-18:41:56,555 nipype.workflow INFO:
	 [Node] Running "gradconv" ("nipype.interfaces.mrtrix3.utils.MRConvert"), a CommandLine Interface with command:
mrconvert -fslgrad /gpfs/milgram/project/gee_dylan/candlab/analyses/shapes/dwi/data/3_Eddy_Corrected/sub-A283/eddy_corrected.eddy_rotated_bvecs /gpfs/milgram/project/gee_dylan/candlab/data/mri/bids_recon/shapes/sub-A283/ses-shapesV1/dwi/sub-A283_ses-shapesV1_dwi.bval /gpfs/milgram/project/gee_dylan/candlab/analyses/shapes/dwi/data/3_Eddy_Corrected/sub-A283/eddy_corrected.nii.gz dwi.mif
210311-18:41:56,557 nipype.interface DEBUG:
	 in_file_/gpfs/milgram/project/gee_dylan/candlab/analyses/shapes/dwi/data/3_Eddy_Corrected/sub-A283/eddy_corrected.nii.gz
210311-18:41:56,557 nipype.interface DEBUG:
	 out_file_dwi.mif
210311-18:41:56,561 nipype.interface DEBUG:
	 algorithm_fsl
210311-18:41:56,561 nipype.interface DEBUG:
	 in_file_/gpfs/milgram/project/gee_dylan/candlab/analyses/shapes/dwi/data/1_Check_Unwarped/sub-A283/sub-A283_ses-shapesV1_T1w_flirt_brain.nii.gz
210311-18:41:56,561 nipype.interface DEBUG:
	 out_file_T1s_5tt_segmented.nii.gz
210311-18:41:56,562 nipype.workflow INFO:
	 [Node] Running "seg5tt" ("nipype.interfaces.mrtrix3.utils.Generate5tt"), a CommandLine Interface with command:
5ttgen fsl /gpfs/milgram/project/gee_dylan/candlab/analyses/shapes/dwi/data/1_Check_Unwarped/sub-A283/sub-A283_ses-shapesV1_T1w_flirt_brain.nii.gz T1s_5tt_segmented.nii.gz
210311-18:41:56,563 nipype.interface DEBUG:
	 algorithm_fsl
210311-18:41:56,563 nipype.interface DEBUG:
	 in_file_/gpfs/milgram/project/gee_dylan/candlab/analyses/shapes/dwi/data/1_Check_Unwarped/sub-A283/sub-A283_ses-shapesV1_T1w_flirt_brain.nii.gz
210311-18:41:56,563 nipype.interface DEBUG:
	 out_file_T1s_5tt_segmented.nii.gz
210311-18:41:58,420 nipype.workflow DEBUG:
	 Progress: 7 jobs, 1/2/0 (done/running/ready), 2/4 (pending_tasks/waiting).
210311-18:41:58,420 nipype.workflow DEBUG:
	 Tasks currently running: 2. Pending: 2.
210311-18:41:58,421 nipype.workflow INFO:
	 [MultiProc] Running 2 tasks, and 0 jobs ready. Free memory (GB): 168.37/168.77, Free processors: 2/4.
                     Currently running:
                       * csd_flow.seg5tt
                       * csd_flow.gradconv
210311-18:42:09,411 nipype.workflow DEBUG:
	 Needed files: /gpfs/milgram/pi/gee_dylan/candlab/analyses/shapes/dwi/workflows/csd_flow/_subject_id_sub-A283/gradconv/dwi.mif;/gpfs/milgram/project/gee_dylan/candlab/data/mri/bids_recon/shapes/sub-A283/ses-shapesV1/dwi/sub-A283_ses-shapesV1_dwi.bval;/gpfs/milgram/project/gee_dylan/candlab/analyses/shapes/dwi/data/3_Eddy_Corrected/sub-A283/eddy_corrected.eddy_rotated_bvecs;/gpfs/milgram/project/gee_dylan/candlab/analyses/shapes/dwi/data/3_Eddy_Corrected/sub-A283/eddy_corrected.nii.gz;/gpfs/milgram/pi/gee_dylan/candlab/analyses/shapes/dwi/workflows/csd_flow/_subject_id_sub-A283/gradconv/_0x6911f9356dbc7759db5a36763f6610a8_unfinished.json;/gpfs/milgram/pi/gee_dylan/candlab/analyses/shapes/dwi/workflows/csd_flow/_subject_id_sub-A283/gradconv/command.txt;/gpfs/milgram/pi/gee_dylan/candlab/analyses/shapes/dwi/workflows/csd_flow/_subject_id_sub-A283/gradconv/_inputs.pklz;/gpfs/milgram/pi/gee_dylan/candlab/analyses/shapes/dwi/workflows/csd_flow/_subject_id_sub-A283/gradconv/_node.pklz
210311-18:42:09,457 nipype.workflow DEBUG:
	 Needed dirs: /gpfs/milgram/pi/gee_dylan/candlab/analyses/shapes/dwi/workflows/csd_flow/_subject_id_sub-A283/gradconv/_report
210311-18:42:09,457 nipype.workflow DEBUG:
	 Removing files: 
210311-18:42:09,458 nipype.workflow DEBUG:
	 Saving results file: '/gpfs/milgram/pi/gee_dylan/candlab/analyses/shapes/dwi/workflows/csd_flow/_subject_id_sub-A283/gradconv/result_gradconv.pklz'
210311-18:42:09,461 nipype.workflow DEBUG:
	 [Node] Writing post-exec report to "/gpfs/milgram/pi/gee_dylan/candlab/analyses/shapes/dwi/workflows/csd_flow/_subject_id_sub-A283/gradconv/_report/report.rst"
210311-18:42:09,462 nipype.workflow INFO:
	 [Node] Finished "csd_flow.gradconv".
210311-18:42:10,425 nipype.workflow INFO:
	 [Job 1] Completed (csd_flow.gradconv).
210311-18:42:10,426 nipype.workflow DEBUG:
	 Tasks currently running: 1. Pending: 1.
210311-18:42:10,426 nipype.workflow INFO:
	 [MultiProc] Running 1 tasks, and 1 jobs ready. Free memory (GB): 168.57/168.77, Free processors: 3/4.
                     Currently running:
                       * csd_flow.seg5tt
210311-18:42:10,534 nipype.workflow DEBUG:
	 Allocating csd_flow.dwiresp ID=2 (0.20GB, 1 threads). Free: 168.37GB, 2 threads.
210311-18:42:10,534 nipype.workflow DEBUG:
	 [Node] Not cached "/gpfs/milgram/pi/gee_dylan/candlab/analyses/shapes/dwi/workflows/csd_flow/_subject_id_sub-A283/dwiresp".
210311-18:42:10,534 nipype.workflow DEBUG:
	 Checking hash "csd_flow.dwiresp" locally: cached=False, updated=False.
210311-18:42:10,536 nipype.workflow INFO:
	 [Node] Setting-up "csd_flow.dwiresp" in "/gpfs/milgram/pi/gee_dylan/candlab/analyses/shapes/dwi/workflows/csd_flow/_subject_id_sub-A283/dwiresp".
210311-18:42:10,569 nipype.workflow DEBUG:
	 [Node] Not cached "/gpfs/milgram/pi/gee_dylan/candlab/analyses/shapes/dwi/workflows/csd_flow/_subject_id_sub-A283/dwiresp".
210311-18:42:10,569 nipype.workflow DEBUG:
	 [Node] Setting 1 connected inputs of node "dwiresp" from 1 previous nodes.
210311-18:42:10,569 nipype.utils DEBUG:
	 Loading pkl: /gpfs/milgram/pi/gee_dylan/candlab/analyses/shapes/dwi/workflows/csd_flow/_subject_id_sub-A283/gradconv/result_gradconv.pklz
210311-18:42:10,536 nipype.workflow DEBUG:
	 [MultiProc] Submitted task csd_flow.dwiresp (taskid=4).
210311-18:42:10,928 nipype.workflow DEBUG:
	 Resolving paths in outputs loaded from results file.
210311-18:42:10,928 nipype.workflow DEBUG:
	 output: out_file
210311-18:42:10,928 nipype.workflow DEBUG:
	 [Node] dwiresp - setting input in_file = /gpfs/milgram/pi/gee_dylan/candlab/analyses/shapes/dwi/workflows/csd_flow/_subject_id_sub-A283/gradconv/dwi.mif
210311-18:42:12,21 nipype.utils DEBUG:
	 Removing contents of /gpfs/milgram/pi/gee_dylan/candlab/analyses/shapes/dwi/workflows/csd_flow/_subject_id_sub-A283/dwiresp
210311-18:42:12,23 nipype.workflow DEBUG:
	 [Node] Writing pre-exec report to "/gpfs/milgram/pi/gee_dylan/candlab/analyses/shapes/dwi/workflows/csd_flow/_subject_id_sub-A283/dwiresp/_report/report.rst"
210311-18:42:12,26 nipype.interface DEBUG:
	 algorithm_dhollander
210311-18:42:12,26 nipype.interface DEBUG:
	 csf_file_csf_response.txt
210311-18:42:12,26 nipype.interface DEBUG:
	 gm_file_gm_response.txt
210311-18:42:12,26 nipype.interface DEBUG:
	 in_file_/gpfs/milgram/pi/gee_dylan/candlab/analyses/shapes/dwi/workflows/csd_flow/_subject_id_sub-A283/gradconv/dwi.mif
210311-18:42:12,26 nipype.interface DEBUG:
	 max_sh_[0, 2, 4, 4, 8]
210311-18:42:12,26 nipype.interface DEBUG:
	 wm_file_wm_response.txt
210311-18:42:12,174 nipype.workflow INFO:
	 [Node] Running "dwiresp" ("nipype.interfaces.mrtrix3.preprocess.ResponseSD"), a CommandLine Interface with command:
dwi2response dhollander -lmax 0,2,4,4,8 /gpfs/milgram/pi/gee_dylan/candlab/analyses/shapes/dwi/workflows/csd_flow/_subject_id_sub-A283/gradconv/dwi.mif wm_response.txt gm_response.txt csf_response.txt
210311-18:42:12,175 nipype.interface DEBUG:
	 algorithm_dhollander
210311-18:42:12,175 nipype.interface DEBUG:
	 csf_file_csf_response.txt
210311-18:42:12,175 nipype.interface DEBUG:
	 gm_file_gm_response.txt
210311-18:42:12,175 nipype.interface DEBUG:
	 in_file_/gpfs/milgram/pi/gee_dylan/candlab/analyses/shapes/dwi/workflows/csd_flow/_subject_id_sub-A283/gradconv/dwi.mif
210311-18:42:12,175 nipype.interface DEBUG:
	 max_sh_[0, 2, 4, 4, 8]
210311-18:42:12,175 nipype.interface DEBUG:
	 wm_file_wm_response.txt
210311-18:42:12,426 nipype.workflow DEBUG:
	 Progress: 7 jobs, 2/2/0 (done/running/ready), 2/3 (pending_tasks/waiting).
210311-18:42:12,426 nipype.workflow DEBUG:
	 Tasks currently running: 2. Pending: 2.
210311-18:42:12,427 nipype.workflow INFO:
	 [MultiProc] Running 2 tasks, and 0 jobs ready. Free memory (GB): 168.37/168.77, Free processors: 2/4.
                     Currently running:
                       * csd_flow.dwiresp
                       * csd_flow.seg5tt
210311-18:46:48,948 nipype.workflow DEBUG:
	 Needed files: /gpfs/milgram/pi/gee_dylan/candlab/analyses/shapes/dwi/workflows/csd_flow/_subject_id_sub-A283/dwiresp/wm_response.txt;/gpfs/milgram/pi/gee_dylan/candlab/analyses/shapes/dwi/workflows/csd_flow/_subject_id_sub-A283/dwiresp/gm_response.txt;/gpfs/milgram/pi/gee_dylan/candlab/analyses/shapes/dwi/workflows/csd_flow/_subject_id_sub-A283/dwiresp/csf_response.txt;/gpfs/milgram/pi/gee_dylan/candlab/analyses/shapes/dwi/workflows/csd_flow/_subject_id_sub-A283/gradconv/dwi.mif;/gpfs/milgram/pi/gee_dylan/candlab/analyses/shapes/dwi/workflows/csd_flow/_subject_id_sub-A283/dwiresp/_0xfaaf50d90a25832f24b38f506a194507_unfinished.json;/gpfs/milgram/pi/gee_dylan/candlab/analyses/shapes/dwi/workflows/csd_flow/_subject_id_sub-A283/dwiresp/command.txt;/gpfs/milgram/pi/gee_dylan/candlab/analyses/shapes/dwi/workflows/csd_flow/_subject_id_sub-A283/dwiresp/_inputs.pklz;/gpfs/milgram/pi/gee_dylan/candlab/analyses/shapes/dwi/workflows/csd_flow/_subject_id_sub-A283/dwiresp/_node.pklz
210311-18:46:48,966 nipype.workflow DEBUG:
	 Needed dirs: /gpfs/milgram/pi/gee_dylan/candlab/analyses/shapes/dwi/workflows/csd_flow/_subject_id_sub-A283/dwiresp/_report
210311-18:46:48,966 nipype.workflow DEBUG:
	 Removing files: 
210311-18:46:48,966 nipype.workflow DEBUG:
	 Saving results file: '/gpfs/milgram/pi/gee_dylan/candlab/analyses/shapes/dwi/workflows/csd_flow/_subject_id_sub-A283/dwiresp/result_dwiresp.pklz'
210311-18:46:48,969 nipype.workflow DEBUG:
	 [Node] Writing post-exec report to "/gpfs/milgram/pi/gee_dylan/candlab/analyses/shapes/dwi/workflows/csd_flow/_subject_id_sub-A283/dwiresp/_report/report.rst"
210311-18:46:48,970 nipype.workflow INFO:
	 [Node] Finished "csd_flow.dwiresp".
210311-18:46:49,476 nipype.workflow INFO:
	 [Job 2] Completed (csd_flow.dwiresp).
210311-18:46:49,477 nipype.workflow DEBUG:
	 Tasks currently running: 1. Pending: 1.
210311-18:46:49,477 nipype.workflow INFO:
	 [MultiProc] Running 1 tasks, and 1 jobs ready. Free memory (GB): 168.57/168.77, Free processors: 3/4.
                     Currently running:
                       * csd_flow.seg5tt
210311-18:46:49,583 nipype.workflow DEBUG:
	 Allocating csd_flow.mscsd ID=3 (0.20GB, 1 threads). Free: 168.37GB, 2 threads.
210311-18:46:49,583 nipype.workflow DEBUG:
	 [Node] Not cached "/gpfs/milgram/pi/gee_dylan/candlab/analyses/shapes/dwi/workflows/csd_flow/_subject_id_sub-A283/mscsd".
210311-18:46:49,583 nipype.workflow DEBUG:
	 Checking hash "csd_flow.mscsd" locally: cached=False, updated=False.
210311-18:46:49,584 nipype.workflow INFO:
	 [Node] Setting-up "csd_flow.mscsd" in "/gpfs/milgram/pi/gee_dylan/candlab/analyses/shapes/dwi/workflows/csd_flow/_subject_id_sub-A283/mscsd".
210311-18:46:49,584 nipype.workflow DEBUG:
	 [Node] Not cached "/gpfs/milgram/pi/gee_dylan/candlab/analyses/shapes/dwi/workflows/csd_flow/_subject_id_sub-A283/mscsd".
210311-18:46:49,584 nipype.workflow DEBUG:
	 [Node] Setting 4 connected inputs of node "mscsd" from 2 previous nodes.
210311-18:46:49,584 nipype.utils DEBUG:
	 Loading pkl: /gpfs/milgram/pi/gee_dylan/candlab/analyses/shapes/dwi/workflows/csd_flow/_subject_id_sub-A283/gradconv/result_gradconv.pklz
210311-18:46:49,585 nipype.workflow DEBUG:
	 [MultiProc] Submitted task csd_flow.mscsd (taskid=5).
210311-18:46:49,601 nipype.workflow DEBUG:
	 Resolving paths in outputs loaded from results file.
210311-18:46:49,601 nipype.workflow DEBUG:
	 output: out_file
210311-18:46:49,601 nipype.workflow DEBUG:
	 [Node] mscsd - setting input in_file = /gpfs/milgram/pi/gee_dylan/candlab/analyses/shapes/dwi/workflows/csd_flow/_subject_id_sub-A283/gradconv/dwi.mif
210311-18:46:49,601 nipype.utils DEBUG:
	 Loading pkl: /gpfs/milgram/pi/gee_dylan/candlab/analyses/shapes/dwi/workflows/csd_flow/_subject_id_sub-A283/dwiresp/result_dwiresp.pklz
210311-18:46:49,602 nipype.workflow DEBUG:
	 Resolving paths in outputs loaded from results file.
210311-18:46:49,602 nipype.workflow DEBUG:
	 output: wm_file
210311-18:46:49,602 nipype.workflow DEBUG:
	 [Node] mscsd - setting input wm_txt = /gpfs/milgram/pi/gee_dylan/candlab/analyses/shapes/dwi/workflows/csd_flow/_subject_id_sub-A283/dwiresp/wm_response.txt
210311-18:46:49,602 nipype.workflow DEBUG:
	 output: gm_file
210311-18:46:49,602 nipype.workflow DEBUG:
	 [Node] mscsd - setting input gm_txt = /gpfs/milgram/pi/gee_dylan/candlab/analyses/shapes/dwi/workflows/csd_flow/_subject_id_sub-A283/dwiresp/gm_response.txt
210311-18:46:49,602 nipype.workflow DEBUG:
	 output: csf_file
210311-18:46:49,602 nipype.workflow DEBUG:
	 [Node] mscsd - setting input csf_txt = /gpfs/milgram/pi/gee_dylan/candlab/analyses/shapes/dwi/workflows/csd_flow/_subject_id_sub-A283/dwiresp/csf_response.txt
210311-18:46:49,603 nipype.utils DEBUG:
	 Removing contents of /gpfs/milgram/pi/gee_dylan/candlab/analyses/shapes/dwi/workflows/csd_flow/_subject_id_sub-A283/mscsd
210311-18:46:49,605 nipype.workflow DEBUG:
	 [Node] Writing pre-exec report to "/gpfs/milgram/pi/gee_dylan/candlab/analyses/shapes/dwi/workflows/csd_flow/_subject_id_sub-A283/mscsd/_report/report.rst"
210311-18:46:49,627 nipype.interface DEBUG:
	 algorithm_msmt_csd
210311-18:46:49,627 nipype.interface DEBUG:
	 bval_scale_yes
210311-18:46:49,627 nipype.interface DEBUG:
	 csf_odf_csf.mif
210311-18:46:49,627 nipype.interface DEBUG:
	 csf_txt_/gpfs/milgram/pi/gee_dylan/candlab/analyses/shapes/dwi/workflows/csd_flow/_subject_id_sub-A283/dwiresp/csf_response.txt
210311-18:46:49,627 nipype.interface DEBUG:
	 gm_odf_gm.mif
210311-18:46:49,627 nipype.interface DEBUG:
	 gm_txt_/gpfs/milgram/pi/gee_dylan/candlab/analyses/shapes/dwi/workflows/csd_flow/_subject_id_sub-A283/dwiresp/gm_response.txt
210311-18:46:49,627 nipype.interface DEBUG:
	 in_file_/gpfs/milgram/pi/gee_dylan/candlab/analyses/shapes/dwi/workflows/csd_flow/_subject_id_sub-A283/gradconv/dwi.mif
210311-18:46:49,627 nipype.interface DEBUG:
	 max_sh_[8, 8, 8]
210311-18:46:49,627 nipype.interface DEBUG:
	 wm_odf_wm.mif
210311-18:46:49,627 nipype.interface DEBUG:
	 wm_txt_/gpfs/milgram/pi/gee_dylan/candlab/analyses/shapes/dwi/workflows/csd_flow/_subject_id_sub-A283/dwiresp/wm_response.txt
210311-18:46:49,628 nipype.workflow INFO:
	 [Node] Running "mscsd" ("nipype.interfaces.mrtrix3.reconst.EstimateFOD"), a CommandLine Interface with command:
dwi2fod -bvalue_scaling yes -lmax 8,8,8 msmt_csd /gpfs/milgram/pi/gee_dylan/candlab/analyses/shapes/dwi/workflows/csd_flow/_subject_id_sub-A283/gradconv/dwi.mif /gpfs/milgram/pi/gee_dylan/candlab/analyses/shapes/dwi/workflows/csd_flow/_subject_id_sub-A283/dwiresp/wm_response.txt wm.mif /gpfs/milgram/pi/gee_dylan/candlab/analyses/shapes/dwi/workflows/csd_flow/_subject_id_sub-A283/dwiresp/gm_response.txt gm.mif /gpfs/milgram/pi/gee_dylan/candlab/analyses/shapes/dwi/workflows/csd_flow/_subject_id_sub-A283/dwiresp/csf_response.txt csf.mif
210311-18:46:49,629 nipype.interface DEBUG:
	 algorithm_msmt_csd
210311-18:46:49,629 nipype.interface DEBUG:
	 bval_scale_yes
210311-18:46:49,629 nipype.interface DEBUG:
	 csf_odf_csf.mif
210311-18:46:49,629 nipype.interface DEBUG:
	 csf_txt_/gpfs/milgram/pi/gee_dylan/candlab/analyses/shapes/dwi/workflows/csd_flow/_subject_id_sub-A283/dwiresp/csf_response.txt
210311-18:46:49,629 nipype.interface DEBUG:
	 gm_odf_gm.mif
210311-18:46:49,629 nipype.interface DEBUG:
	 gm_txt_/gpfs/milgram/pi/gee_dylan/candlab/analyses/shapes/dwi/workflows/csd_flow/_subject_id_sub-A283/dwiresp/gm_response.txt
210311-18:46:49,629 nipype.interface DEBUG:
	 in_file_/gpfs/milgram/pi/gee_dylan/candlab/analyses/shapes/dwi/workflows/csd_flow/_subject_id_sub-A283/gradconv/dwi.mif
210311-18:46:49,629 nipype.interface DEBUG:
	 max_sh_[8, 8, 8]
210311-18:46:49,629 nipype.interface DEBUG:
	 wm_odf_wm.mif
210311-18:46:49,629 nipype.interface DEBUG:
	 wm_txt_/gpfs/milgram/pi/gee_dylan/candlab/analyses/shapes/dwi/workflows/csd_flow/_subject_id_sub-A283/dwiresp/wm_response.txt
210311-18:46:51,477 nipype.workflow DEBUG:
	 Progress: 7 jobs, 3/2/0 (done/running/ready), 2/2 (pending_tasks/waiting).
210311-18:46:51,477 nipype.workflow DEBUG:
	 Tasks currently running: 2. Pending: 2.
210311-18:46:51,478 nipype.workflow INFO:
	 [MultiProc] Running 2 tasks, and 0 jobs ready. Free memory (GB): 168.37/168.77, Free processors: 2/4.
                     Currently running:
                       * csd_flow.mscsd
                       * csd_flow.seg5tt
