Source the FSL configuration script using:
     . /gpfs/milgram/apps/hpc.rhel7/software/FSL/6.0.3-centos7_64/etc/fslconf/fsl.sh To use FSLeyes GUI, load the separate FSLeyes module.
Source the FSL configuration script using:
     . /gpfs/milgram/apps/hpc.rhel7/software/FSL/6.0.3-centos7_64/etc/fslconf/fsl.sh To use FSLeyes GUI, load the separate FSLeyes module.
Source the FSL configuration script using:
     . /gpfs/milgram/apps/hpc.rhel7/software/FSL/6.0.3-centos7_64/etc/fslconf/fsl.sh To use FSLeyes GUI, load the separate FSLeyes module.
Source the FSL configuration script using:
     . /gpfs/milgram/apps/hpc.rhel7/software/FSL/6.0.3-centos7_64/etc/fslconf/fsl.sh To use FSLeyes GUI, load the separate FSLeyes module.
210311-18:41:46,60 nipype.utils DEBUG:
	 Running a newer version (1.6.0) of nipy/nipype than available (1.5.1)
210311-18:41:46,543 nipype.workflow DEBUG:
	 (csd_flow.infosource, csd_flow.sf): No edge data
210311-18:41:46,544 nipype.workflow DEBUG:
	 (csd_flow.infosource, csd_flow.sf): new edge data: {'connect': [('subject_id', 'subject_id')]}
210311-18:41:46,544 nipype.workflow DEBUG:
	 (csd_flow.sf, csd_flow.seg5tt): No edge data
210311-18:41:46,544 nipype.workflow DEBUG:
	 (csd_flow.sf, csd_flow.seg5tt): new edge data: {'connect': [('t1', 'in_file')]}
210311-18:41:46,544 nipype.workflow DEBUG:
	 (csd_flow.seg5tt, csd_flow.datasink): No edge data
210311-18:41:46,544 nipype.workflow DEBUG:
	 (csd_flow.seg5tt, csd_flow.datasink): new edge data: {'connect': [('out_file', '5_Tract_Reconstruction')]}
210311-18:41:46,544 nipype.workflow DEBUG:
	 (csd_flow.sf, csd_flow.gradconv): No edge data
210311-18:41:46,544 nipype.workflow DEBUG:
	 (csd_flow.sf, csd_flow.gradconv): new edge data: {'connect': [('dti', 'in_file'), ('bval', 'in_bval'), ('bvec', 'in_bvec')]}
210311-18:41:46,544 nipype.workflow DEBUG:
	 (csd_flow.gradconv, csd_flow.dwiresp): No edge data
210311-18:41:46,544 nipype.workflow DEBUG:
	 (csd_flow.gradconv, csd_flow.dwiresp): new edge data: {'connect': [('out_file', 'in_file')]}
210311-18:41:46,544 nipype.workflow DEBUG:
	 (csd_flow.dwiresp, csd_flow.datasink): No edge data
210311-18:41:46,544 nipype.workflow DEBUG:
	 (csd_flow.dwiresp, csd_flow.datasink): new edge data: {'connect': [('wm_file', '4_Deconvolution.@par'), ('gm_file', '4_Deconvolution.@par.@par'), ('csf_file', '4_Deconvolution.@par.@par.@par')]}
210311-18:41:46,544 nipype.workflow DEBUG:
	 (csd_flow.gradconv, csd_flow.mscsd): No edge data
210311-18:41:46,544 nipype.workflow DEBUG:
	 (csd_flow.gradconv, csd_flow.mscsd): new edge data: {'connect': [('out_file', 'in_file')]}
210311-18:41:46,544 nipype.workflow DEBUG:
	 (csd_flow.dwiresp, csd_flow.mscsd): No edge data
210311-18:41:46,544 nipype.workflow DEBUG:
	 (csd_flow.dwiresp, csd_flow.mscsd): new edge data: {'connect': [('wm_file', 'wm_txt'), ('gm_file', 'gm_txt'), ('csf_file', 'csf_txt')]}
210311-18:41:46,544 nipype.workflow DEBUG:
	 (csd_flow.mscsd, csd_flow.tract): No edge data
210311-18:41:46,544 nipype.workflow DEBUG:
	 (csd_flow.mscsd, csd_flow.tract): new edge data: {'connect': [('wm_odf', 'in_file')]}
210311-18:41:46,544 nipype.workflow DEBUG:
	 (csd_flow.mscsd, csd_flow.datasink): No edge data
210311-18:41:46,544 nipype.workflow DEBUG:
	 (csd_flow.mscsd, csd_flow.datasink): new edge data: {'connect': [('wm_odf', '4_Deconvolution.@par.@par.@par.@par'), ('gm_odf', '4_Deconvolution.@par.@par.@par.@par.@par'), ('csf_odf', '4_Deconvolution.@par.@par.@par.@par.@par.@par')]}
210311-18:41:46,544 nipype.workflow DEBUG:
	 (csd_flow.gradconv, csd_flow.datasink): No edge data
210311-18:41:46,544 nipype.workflow DEBUG:
	 (csd_flow.gradconv, csd_flow.datasink): new edge data: {'connect': [('out_file', '4_Deconvolution.@par.@par.@par.@par.@par.@par.@par')]}
210311-18:41:46,547 nipype.workflow DEBUG:
	 Creating flat graph for workflow: csd_flow
210311-18:41:46,549 nipype.workflow DEBUG:
	 expanding workflow: csd_flow
210311-18:41:46,550 nipype.workflow DEBUG:
	 processing node: csd_flow.infosource
210311-18:41:46,553 nipype.workflow DEBUG:
	 processing node: csd_flow.sf
210311-18:41:46,553 nipype.workflow DEBUG:
	 processing node: csd_flow.gradconv
210311-18:41:46,553 nipype.workflow DEBUG:
	 processing node: csd_flow.dwiresp
210311-18:41:46,553 nipype.workflow DEBUG:
	 processing node: csd_flow.mscsd
210311-18:41:46,553 nipype.workflow DEBUG:
	 processing node: csd_flow.tract
210311-18:41:46,553 nipype.workflow DEBUG:
	 processing node: csd_flow.seg5tt
210311-18:41:46,553 nipype.workflow DEBUG:
	 processing node: csd_flow.datasink
210311-18:41:46,553 nipype.workflow DEBUG:
	 finished expanding workflow: csd_flow
210311-18:41:46,556 nipype.workflow DEBUG:
	 using input graph
210311-18:41:52,741 nipype.workflow DEBUG:
	 creating dot graph
210311-18:41:53,603 nipype.workflow INFO:
	 Generated workflow graph: /gpfs/milgram/project/gee_dylan/candlab/analyses/shapes/dwi/workflows/csd_flow/graph.png (graph2use=flat, simple_form=True).
210311-18:41:53,895 nipype.workflow DEBUG:
	 [MultiProc] Starting (n_procs=4, mem_gb=168.77, cwd=/gpfs/milgram/home/lms233/Github/Diffusion)
210311-18:41:53,896 nipype.workflow DEBUG:
	 Creating flat graph for workflow: csd_flow
210311-18:41:53,898 nipype.workflow DEBUG:
	 expanding workflow: csd_flow
210311-18:41:53,898 nipype.workflow DEBUG:
	 processing node: csd_flow.infosource
210311-18:41:53,899 nipype.workflow DEBUG:
	 processing node: csd_flow.sf
210311-18:41:53,899 nipype.workflow DEBUG:
	 processing node: csd_flow.gradconv
210311-18:41:53,899 nipype.workflow DEBUG:
	 processing node: csd_flow.dwiresp
210311-18:41:53,899 nipype.workflow DEBUG:
	 processing node: csd_flow.mscsd
210311-18:41:53,899 nipype.workflow DEBUG:
	 processing node: csd_flow.tract
210311-18:41:53,899 nipype.workflow DEBUG:
	 processing node: csd_flow.seg5tt
210311-18:41:53,899 nipype.workflow DEBUG:
	 processing node: csd_flow.datasink
210311-18:41:53,899 nipype.workflow DEBUG:
	 finished expanding workflow: csd_flow
210311-18:41:53,899 nipype.workflow INFO:
	 Workflow csd_flow settings: ['check', 'execution', 'logging', 'monitoring']
210311-18:41:53,901 nipype.workflow DEBUG:
	 PE: expanding iterables
210311-18:41:53,902 nipype.workflow DEBUG:
	 Detected iterable nodes [csd_flow.infosource]
210311-18:41:53,902 nipype.workflow DEBUG:
	 Expanding the iterable node csd_flow.infosource...
210311-18:41:53,902 nipype.workflow DEBUG:
	 node: csd_flow.infosource iterables: {'subject_id': <function _standardize_iterables.<locals>.make_field_func.<locals>.<lambda> at 0x2b85815ed5f0>}
210311-18:41:53,902 nipype.workflow DEBUG:
	 ('subnodes:', [csd_flow.infosource, csd_flow.sf, csd_flow.seg5tt, csd_flow.datasink, csd_flow.gradconv, csd_flow.dwiresp, csd_flow.mscsd, csd_flow.tract])
210311-18:41:53,905 nipype.workflow DEBUG:
	 [Node] infosource - setting input subject_id = sub-A235
210311-18:41:53,905 nipype.workflow DEBUG:
	 Parameterization: paramstr=_subject_id_sub-A235
210311-18:41:53,905 nipype.workflow DEBUG:
	 PE: expanding iterables ... done
210311-18:41:53,905 nipype.workflow DEBUG:
	 [Node] sf - setting input subject_id = sub-A235
210311-18:41:53,905 nipype.workflow DEBUG:
	 Removed the identity node csd_flow.infosource from the graph.
210311-18:41:54,710 nipype.workflow DEBUG:
	 Performing depth first search
210311-18:41:54,721 nipype.workflow INFO:
	 Running in parallel.
210311-18:41:54,725 nipype.workflow DEBUG:
	 Progress: 7 jobs, 0/0/1 (done/running/ready), 0/7 (pending_tasks/waiting).
210311-18:41:54,725 nipype.workflow DEBUG:
	 Tasks currently running: 0. Pending: 0.
210311-18:41:54,727 nipype.workflow INFO:
	 [MultiProc] Running 0 tasks, and 1 jobs ready. Free memory (GB): 168.77/168.77, Free processors: 4/4.
210311-18:41:54,786 nipype.workflow DEBUG:
	 Allocating csd_flow.sf ID=0 (0.20GB, 1 threads). Free: 168.57GB, 3 threads.
210311-18:41:54,847 nipype.workflow DEBUG:
	 [Node] Not cached "/gpfs/milgram/pi/gee_dylan/candlab/analyses/shapes/dwi/workflows/csd_flow/_subject_id_sub-A235/sf".
210311-18:41:54,848 nipype.workflow DEBUG:
	 Checking hash "csd_flow.sf" locally: cached=False, updated=False.
210311-18:41:54,901 nipype.workflow DEBUG:
	 [MultiProc] Submitted task csd_flow.sf (taskid=1).
210311-18:41:54,909 nipype.workflow INFO:
	 [Node] Setting-up "csd_flow.sf" in "/gpfs/milgram/pi/gee_dylan/candlab/analyses/shapes/dwi/workflows/csd_flow/_subject_id_sub-A235/sf".
210311-18:41:54,911 nipype.workflow DEBUG:
	 [Node] Not cached "/gpfs/milgram/pi/gee_dylan/candlab/analyses/shapes/dwi/workflows/csd_flow/_subject_id_sub-A235/sf".
210311-18:41:54,912 nipype.utils DEBUG:
	 Removing contents of /gpfs/milgram/pi/gee_dylan/candlab/analyses/shapes/dwi/workflows/csd_flow/_subject_id_sub-A235/sf
210311-18:41:54,917 nipype.workflow DEBUG:
	 [Node] Writing pre-exec report to "/gpfs/milgram/pi/gee_dylan/candlab/analyses/shapes/dwi/workflows/csd_flow/_subject_id_sub-A235/sf/_report/report.rst"
210311-18:41:54,922 nipype.workflow INFO:
	 [Node] Running "sf" ("nipype.interfaces.io.SelectFiles")
210311-18:41:54,947 nipype.workflow DEBUG:
	 Needed files: /gpfs/milgram/project/gee_dylan/candlab/analyses/shapes/dwi/data/3_Eddy_Corrected/sub-A235/eddy_corrected.nii.gz;/gpfs/milgram/project/gee_dylan/candlab/data/mri/bids_recon/shapes/sub-A235/ses-shapesV1/dwi/sub-A235_ses-shapesV1_dwi.bval;/gpfs/milgram/project/gee_dylan/candlab/analyses/shapes/dwi/data/3_Eddy_Corrected/sub-A235/eddy_corrected.eddy_rotated_bvecs;/gpfs/milgram/project/gee_dylan/candlab/analyses/shapes/dwi/data/1_Check_Unwarped/sub-A235/sub-A235_ses-shapesV1_T1w_flirt_brain.nii.gz;/gpfs/milgram/project/gee_dylan/candlab/atlases/MNI152_T1_2mm_brain.nii.gz;/gpfs/milgram/pi/gee_dylan/candlab/analyses/shapes/dwi/workflows/csd_flow/_subject_id_sub-A235/sf/_0x0da9c3491b3a8bc78a2963e96c3775ca_unfinished.json;/gpfs/milgram/pi/gee_dylan/candlab/analyses/shapes/dwi/workflows/csd_flow/_subject_id_sub-A235/sf/_inputs.pklz;/gpfs/milgram/pi/gee_dylan/candlab/analyses/shapes/dwi/workflows/csd_flow/_subject_id_sub-A235/sf/_node.pklz
210311-18:41:54,947 nipype.workflow DEBUG:
	 Needed dirs: /gpfs/milgram/pi/gee_dylan/candlab/analyses/shapes/dwi/workflows/csd_flow/_subject_id_sub-A235/sf/_report
210311-18:41:54,947 nipype.workflow DEBUG:
	 Removing files: 
210311-18:41:54,947 nipype.workflow DEBUG:
	 Saving results file: '/gpfs/milgram/pi/gee_dylan/candlab/analyses/shapes/dwi/workflows/csd_flow/_subject_id_sub-A235/sf/result_sf.pklz'
210311-18:41:54,951 nipype.workflow DEBUG:
	 [Node] Writing post-exec report to "/gpfs/milgram/pi/gee_dylan/candlab/analyses/shapes/dwi/workflows/csd_flow/_subject_id_sub-A235/sf/_report/report.rst"
210311-18:41:54,953 nipype.workflow INFO:
	 [Node] Finished "csd_flow.sf".
210311-18:41:56,727 nipype.workflow DEBUG:
	 Progress: 7 jobs, 0/1/0 (done/running/ready), 1/6 (pending_tasks/waiting).
210311-18:41:56,727 nipype.workflow INFO:
	 [Job 0] Completed (csd_flow.sf).
210311-18:41:56,729 nipype.workflow DEBUG:
	 Tasks currently running: 0. Pending: 0.
210311-18:41:56,731 nipype.workflow INFO:
	 [MultiProc] Running 0 tasks, and 2 jobs ready. Free memory (GB): 168.77/168.77, Free processors: 4/4.
210311-18:41:56,815 nipype.workflow DEBUG:
	 Allocating csd_flow.gradconv ID=1 (0.20GB, 1 threads). Free: 168.57GB, 3 threads.
210311-18:41:57,76 nipype.workflow DEBUG:
	 [Node] Not cached "/gpfs/milgram/pi/gee_dylan/candlab/analyses/shapes/dwi/workflows/csd_flow/_subject_id_sub-A235/gradconv".
210311-18:41:57,76 nipype.workflow DEBUG:
	 Checking hash "csd_flow.gradconv" locally: cached=False, updated=False.
210311-18:41:57,83 nipype.workflow INFO:
	 [Node] Setting-up "csd_flow.gradconv" in "/gpfs/milgram/pi/gee_dylan/candlab/analyses/shapes/dwi/workflows/csd_flow/_subject_id_sub-A235/gradconv".
210311-18:41:57,84 nipype.workflow DEBUG:
	 [Node] Not cached "/gpfs/milgram/pi/gee_dylan/candlab/analyses/shapes/dwi/workflows/csd_flow/_subject_id_sub-A235/gradconv".
210311-18:41:57,84 nipype.workflow DEBUG:
	 [Node] Setting 3 connected inputs of node "gradconv" from 1 previous nodes.
210311-18:41:57,86 nipype.utils DEBUG:
	 Loading pkl: /gpfs/milgram/pi/gee_dylan/candlab/analyses/shapes/dwi/workflows/csd_flow/_subject_id_sub-A235/sf/result_sf.pklz
210311-18:41:57,91 nipype.workflow DEBUG:
	 Resolving paths in outputs loaded from results file.
210311-18:41:57,91 nipype.workflow DEBUG:
	 output: dti
210311-18:41:57,91 nipype.workflow DEBUG:
	 [Node] gradconv - setting input in_file = /gpfs/milgram/project/gee_dylan/candlab/analyses/shapes/dwi/data/3_Eddy_Corrected/sub-A235/eddy_corrected.nii.gz
210311-18:41:57,92 nipype.workflow DEBUG:
	 output: bval
210311-18:41:57,92 nipype.workflow DEBUG:
	 [Node] gradconv - setting input in_bval = /gpfs/milgram/project/gee_dylan/candlab/data/mri/bids_recon/shapes/sub-A235/ses-shapesV1/dwi/sub-A235_ses-shapesV1_dwi.bval
210311-18:41:57,92 nipype.workflow DEBUG:
	 output: bvec
210311-18:41:57,92 nipype.workflow DEBUG:
	 [Node] gradconv - setting input in_bvec = /gpfs/milgram/project/gee_dylan/candlab/analyses/shapes/dwi/data/3_Eddy_Corrected/sub-A235/eddy_corrected.eddy_rotated_bvecs
210311-18:41:57,94 nipype.utils DEBUG:
	 Removing contents of /gpfs/milgram/pi/gee_dylan/candlab/analyses/shapes/dwi/workflows/csd_flow/_subject_id_sub-A235/gradconv
210311-18:41:57,94 nipype.workflow DEBUG:
	 [MultiProc] Submitted task csd_flow.gradconv (taskid=2).
210311-18:41:57,95 nipype.workflow DEBUG:
	 Allocating csd_flow.seg5tt ID=5 (0.20GB, 1 threads). Free: 168.37GB, 2 threads.
210311-18:41:57,95 nipype.workflow DEBUG:
	 [Node] Not cached "/gpfs/milgram/pi/gee_dylan/candlab/analyses/shapes/dwi/workflows/csd_flow/_subject_id_sub-A235/seg5tt".
210311-18:41:57,95 nipype.workflow DEBUG:
	 Checking hash "csd_flow.seg5tt" locally: cached=False, updated=False.
210311-18:41:57,101 nipype.workflow INFO:
	 [Node] Setting-up "csd_flow.seg5tt" in "/gpfs/milgram/pi/gee_dylan/candlab/analyses/shapes/dwi/workflows/csd_flow/_subject_id_sub-A235/seg5tt".
210311-18:41:57,102 nipype.workflow DEBUG:
	 [Node] Not cached "/gpfs/milgram/pi/gee_dylan/candlab/analyses/shapes/dwi/workflows/csd_flow/_subject_id_sub-A235/seg5tt".
210311-18:41:57,102 nipype.workflow DEBUG:
	 [Node] Setting 1 connected inputs of node "seg5tt" from 1 previous nodes.
210311-18:41:57,104 nipype.utils DEBUG:
	 Loading pkl: /gpfs/milgram/pi/gee_dylan/candlab/analyses/shapes/dwi/workflows/csd_flow/_subject_id_sub-A235/sf/result_sf.pklz
210311-18:41:57,108 nipype.workflow DEBUG:
	 Resolving paths in outputs loaded from results file.
210311-18:41:57,108 nipype.workflow DEBUG:
	 output: t1
210311-18:41:57,108 nipype.workflow DEBUG:
	 [Node] seg5tt - setting input in_file = /gpfs/milgram/project/gee_dylan/candlab/analyses/shapes/dwi/data/1_Check_Unwarped/sub-A235/sub-A235_ses-shapesV1_T1w_flirt_brain.nii.gz
210311-18:41:57,109 nipype.utils DEBUG:
	 Removing contents of /gpfs/milgram/pi/gee_dylan/candlab/analyses/shapes/dwi/workflows/csd_flow/_subject_id_sub-A235/seg5tt
210311-18:41:57,110 nipype.workflow DEBUG:
	 [MultiProc] Submitted task csd_flow.seg5tt (taskid=3).
210311-18:41:57,111 nipype.workflow DEBUG:
	 [Node] Writing pre-exec report to "/gpfs/milgram/pi/gee_dylan/candlab/analyses/shapes/dwi/workflows/csd_flow/_subject_id_sub-A235/gradconv/_report/report.rst"
210311-18:41:57,112 nipype.workflow DEBUG:
	 [Node] Writing pre-exec report to "/gpfs/milgram/pi/gee_dylan/candlab/analyses/shapes/dwi/workflows/csd_flow/_subject_id_sub-A235/seg5tt/_report/report.rst"
210311-18:41:57,119 nipype.interface DEBUG:
	 in_file_/gpfs/milgram/project/gee_dylan/candlab/analyses/shapes/dwi/data/3_Eddy_Corrected/sub-A235/eddy_corrected.nii.gz
210311-18:41:57,119 nipype.interface DEBUG:
	 out_file_dwi.mif
210311-18:41:57,121 nipype.interface DEBUG:
	 algorithm_fsl
210311-18:41:57,121 nipype.interface DEBUG:
	 in_file_/gpfs/milgram/project/gee_dylan/candlab/analyses/shapes/dwi/data/1_Check_Unwarped/sub-A235/sub-A235_ses-shapesV1_T1w_flirt_brain.nii.gz
210311-18:41:57,121 nipype.interface DEBUG:
	 out_file_T1s_5tt_segmented.nii.gz
210311-18:41:57,122 nipype.workflow INFO:
	 [Node] Running "seg5tt" ("nipype.interfaces.mrtrix3.utils.Generate5tt"), a CommandLine Interface with command:
5ttgen fsl /gpfs/milgram/project/gee_dylan/candlab/analyses/shapes/dwi/data/1_Check_Unwarped/sub-A235/sub-A235_ses-shapesV1_T1w_flirt_brain.nii.gz T1s_5tt_segmented.nii.gz
210311-18:41:57,125 nipype.interface DEBUG:
	 algorithm_fsl
210311-18:41:57,125 nipype.interface DEBUG:
	 in_file_/gpfs/milgram/project/gee_dylan/candlab/analyses/shapes/dwi/data/1_Check_Unwarped/sub-A235/sub-A235_ses-shapesV1_T1w_flirt_brain.nii.gz
210311-18:41:57,125 nipype.interface DEBUG:
	 out_file_T1s_5tt_segmented.nii.gz
210311-18:41:57,125 nipype.workflow INFO:
	 [Node] Running "gradconv" ("nipype.interfaces.mrtrix3.utils.MRConvert"), a CommandLine Interface with command:
mrconvert -fslgrad /gpfs/milgram/project/gee_dylan/candlab/analyses/shapes/dwi/data/3_Eddy_Corrected/sub-A235/eddy_corrected.eddy_rotated_bvecs /gpfs/milgram/project/gee_dylan/candlab/data/mri/bids_recon/shapes/sub-A235/ses-shapesV1/dwi/sub-A235_ses-shapesV1_dwi.bval /gpfs/milgram/project/gee_dylan/candlab/analyses/shapes/dwi/data/3_Eddy_Corrected/sub-A235/eddy_corrected.nii.gz dwi.mif
210311-18:41:57,137 nipype.interface DEBUG:
	 in_file_/gpfs/milgram/project/gee_dylan/candlab/analyses/shapes/dwi/data/3_Eddy_Corrected/sub-A235/eddy_corrected.nii.gz
210311-18:41:57,137 nipype.interface DEBUG:
	 out_file_dwi.mif
210311-18:41:58,726 nipype.workflow DEBUG:
	 Progress: 7 jobs, 1/2/0 (done/running/ready), 2/4 (pending_tasks/waiting).
210311-18:41:58,726 nipype.workflow DEBUG:
	 Tasks currently running: 2. Pending: 2.
210311-18:41:58,727 nipype.workflow INFO:
	 [MultiProc] Running 2 tasks, and 0 jobs ready. Free memory (GB): 168.37/168.77, Free processors: 2/4.
                     Currently running:
                       * csd_flow.seg5tt
                       * csd_flow.gradconv
210311-18:42:09,762 nipype.workflow DEBUG:
	 Needed files: /gpfs/milgram/pi/gee_dylan/candlab/analyses/shapes/dwi/workflows/csd_flow/_subject_id_sub-A235/gradconv/dwi.mif;/gpfs/milgram/project/gee_dylan/candlab/data/mri/bids_recon/shapes/sub-A235/ses-shapesV1/dwi/sub-A235_ses-shapesV1_dwi.bval;/gpfs/milgram/project/gee_dylan/candlab/analyses/shapes/dwi/data/3_Eddy_Corrected/sub-A235/eddy_corrected.eddy_rotated_bvecs;/gpfs/milgram/project/gee_dylan/candlab/analyses/shapes/dwi/data/3_Eddy_Corrected/sub-A235/eddy_corrected.nii.gz;/gpfs/milgram/pi/gee_dylan/candlab/analyses/shapes/dwi/workflows/csd_flow/_subject_id_sub-A235/gradconv/_0xcdf2497f2ef551d93e6bbc1ab02273ca_unfinished.json;/gpfs/milgram/pi/gee_dylan/candlab/analyses/shapes/dwi/workflows/csd_flow/_subject_id_sub-A235/gradconv/command.txt;/gpfs/milgram/pi/gee_dylan/candlab/analyses/shapes/dwi/workflows/csd_flow/_subject_id_sub-A235/gradconv/_inputs.pklz;/gpfs/milgram/pi/gee_dylan/candlab/analyses/shapes/dwi/workflows/csd_flow/_subject_id_sub-A235/gradconv/_node.pklz
210311-18:42:09,818 nipype.workflow DEBUG:
	 Needed dirs: /gpfs/milgram/pi/gee_dylan/candlab/analyses/shapes/dwi/workflows/csd_flow/_subject_id_sub-A235/gradconv/_report
210311-18:42:09,818 nipype.workflow DEBUG:
	 Removing files: 
210311-18:42:09,818 nipype.workflow DEBUG:
	 Saving results file: '/gpfs/milgram/pi/gee_dylan/candlab/analyses/shapes/dwi/workflows/csd_flow/_subject_id_sub-A235/gradconv/result_gradconv.pklz'
210311-18:42:09,822 nipype.workflow DEBUG:
	 [Node] Writing post-exec report to "/gpfs/milgram/pi/gee_dylan/candlab/analyses/shapes/dwi/workflows/csd_flow/_subject_id_sub-A235/gradconv/_report/report.rst"
210311-18:42:09,823 nipype.workflow INFO:
	 [Node] Finished "csd_flow.gradconv".
210311-18:42:10,732 nipype.workflow INFO:
	 [Job 1] Completed (csd_flow.gradconv).
210311-18:42:10,733 nipype.workflow DEBUG:
	 Tasks currently running: 1. Pending: 1.
210311-18:42:10,733 nipype.workflow INFO:
	 [MultiProc] Running 1 tasks, and 1 jobs ready. Free memory (GB): 168.57/168.77, Free processors: 3/4.
                     Currently running:
                       * csd_flow.seg5tt
210311-18:42:10,840 nipype.workflow DEBUG:
	 Allocating csd_flow.dwiresp ID=2 (0.20GB, 1 threads). Free: 168.37GB, 2 threads.
210311-18:42:10,841 nipype.workflow DEBUG:
	 [Node] Not cached "/gpfs/milgram/pi/gee_dylan/candlab/analyses/shapes/dwi/workflows/csd_flow/_subject_id_sub-A235/dwiresp".
210311-18:42:10,841 nipype.workflow DEBUG:
	 Checking hash "csd_flow.dwiresp" locally: cached=False, updated=False.
210311-18:42:10,842 nipype.workflow INFO:
	 [Node] Setting-up "csd_flow.dwiresp" in "/gpfs/milgram/pi/gee_dylan/candlab/analyses/shapes/dwi/workflows/csd_flow/_subject_id_sub-A235/dwiresp".
210311-18:42:11,18 nipype.workflow DEBUG:
	 [Node] Not cached "/gpfs/milgram/pi/gee_dylan/candlab/analyses/shapes/dwi/workflows/csd_flow/_subject_id_sub-A235/dwiresp".
210311-18:42:11,19 nipype.workflow DEBUG:
	 [Node] Setting 1 connected inputs of node "dwiresp" from 1 previous nodes.
210311-18:42:11,19 nipype.utils DEBUG:
	 Loading pkl: /gpfs/milgram/pi/gee_dylan/candlab/analyses/shapes/dwi/workflows/csd_flow/_subject_id_sub-A235/gradconv/result_gradconv.pklz
210311-18:42:11,20 nipype.workflow DEBUG:
	 Resolving paths in outputs loaded from results file.
210311-18:42:11,21 nipype.workflow DEBUG:
	 output: out_file
210311-18:42:11,21 nipype.workflow DEBUG:
	 [Node] dwiresp - setting input in_file = /gpfs/milgram/pi/gee_dylan/candlab/analyses/shapes/dwi/workflows/csd_flow/_subject_id_sub-A235/gradconv/dwi.mif
210311-18:42:10,843 nipype.workflow DEBUG:
	 [MultiProc] Submitted task csd_flow.dwiresp (taskid=4).
210311-18:42:12,329 nipype.utils DEBUG:
	 Removing contents of /gpfs/milgram/pi/gee_dylan/candlab/analyses/shapes/dwi/workflows/csd_flow/_subject_id_sub-A235/dwiresp
210311-18:42:12,331 nipype.workflow DEBUG:
	 [Node] Writing pre-exec report to "/gpfs/milgram/pi/gee_dylan/candlab/analyses/shapes/dwi/workflows/csd_flow/_subject_id_sub-A235/dwiresp/_report/report.rst"
210311-18:42:12,733 nipype.workflow DEBUG:
	 Progress: 7 jobs, 2/2/0 (done/running/ready), 2/3 (pending_tasks/waiting).
210311-18:42:12,733 nipype.workflow DEBUG:
	 Tasks currently running: 2. Pending: 2.
210311-18:42:12,734 nipype.workflow INFO:
	 [MultiProc] Running 2 tasks, and 0 jobs ready. Free memory (GB): 168.37/168.77, Free processors: 2/4.
                     Currently running:
                       * csd_flow.dwiresp
                       * csd_flow.seg5tt
210311-18:42:13,100 nipype.interface DEBUG:
	 algorithm_dhollander
210311-18:42:13,100 nipype.interface DEBUG:
	 csf_file_csf_response.txt
210311-18:42:13,100 nipype.interface DEBUG:
	 gm_file_gm_response.txt
210311-18:42:13,100 nipype.interface DEBUG:
	 in_file_/gpfs/milgram/pi/gee_dylan/candlab/analyses/shapes/dwi/workflows/csd_flow/_subject_id_sub-A235/gradconv/dwi.mif
210311-18:42:13,100 nipype.interface DEBUG:
	 max_sh_[0, 2, 4, 4, 8]
210311-18:42:13,100 nipype.interface DEBUG:
	 wm_file_wm_response.txt
210311-18:42:13,101 nipype.workflow INFO:
	 [Node] Running "dwiresp" ("nipype.interfaces.mrtrix3.preprocess.ResponseSD"), a CommandLine Interface with command:
dwi2response dhollander -lmax 0,2,4,4,8 /gpfs/milgram/pi/gee_dylan/candlab/analyses/shapes/dwi/workflows/csd_flow/_subject_id_sub-A235/gradconv/dwi.mif wm_response.txt gm_response.txt csf_response.txt
210311-18:42:13,102 nipype.interface DEBUG:
	 algorithm_dhollander
210311-18:42:13,102 nipype.interface DEBUG:
	 csf_file_csf_response.txt
210311-18:42:13,102 nipype.interface DEBUG:
	 gm_file_gm_response.txt
210311-18:42:13,102 nipype.interface DEBUG:
	 in_file_/gpfs/milgram/pi/gee_dylan/candlab/analyses/shapes/dwi/workflows/csd_flow/_subject_id_sub-A235/gradconv/dwi.mif
210311-18:42:13,102 nipype.interface DEBUG:
	 max_sh_[0, 2, 4, 4, 8]
210311-18:42:13,102 nipype.interface DEBUG:
	 wm_file_wm_response.txt
210311-18:48:40,552 nipype.workflow DEBUG:
	 Needed files: /gpfs/milgram/pi/gee_dylan/candlab/analyses/shapes/dwi/workflows/csd_flow/_subject_id_sub-A235/dwiresp/wm_response.txt;/gpfs/milgram/pi/gee_dylan/candlab/analyses/shapes/dwi/workflows/csd_flow/_subject_id_sub-A235/dwiresp/gm_response.txt;/gpfs/milgram/pi/gee_dylan/candlab/analyses/shapes/dwi/workflows/csd_flow/_subject_id_sub-A235/dwiresp/csf_response.txt;/gpfs/milgram/pi/gee_dylan/candlab/analyses/shapes/dwi/workflows/csd_flow/_subject_id_sub-A235/gradconv/dwi.mif;/gpfs/milgram/pi/gee_dylan/candlab/analyses/shapes/dwi/workflows/csd_flow/_subject_id_sub-A235/dwiresp/_0xc3017481b8cdeab78a0390416f23a8e6_unfinished.json;/gpfs/milgram/pi/gee_dylan/candlab/analyses/shapes/dwi/workflows/csd_flow/_subject_id_sub-A235/dwiresp/command.txt;/gpfs/milgram/pi/gee_dylan/candlab/analyses/shapes/dwi/workflows/csd_flow/_subject_id_sub-A235/dwiresp/_inputs.pklz;/gpfs/milgram/pi/gee_dylan/candlab/analyses/shapes/dwi/workflows/csd_flow/_subject_id_sub-A235/dwiresp/_node.pklz
210311-18:48:40,566 nipype.workflow DEBUG:
	 Needed dirs: /gpfs/milgram/pi/gee_dylan/candlab/analyses/shapes/dwi/workflows/csd_flow/_subject_id_sub-A235/dwiresp/_report
210311-18:48:40,566 nipype.workflow DEBUG:
	 Removing files: 
210311-18:48:40,566 nipype.workflow DEBUG:
	 Saving results file: '/gpfs/milgram/pi/gee_dylan/candlab/analyses/shapes/dwi/workflows/csd_flow/_subject_id_sub-A235/dwiresp/result_dwiresp.pklz'
210311-18:48:40,569 nipype.workflow DEBUG:
	 [Node] Writing post-exec report to "/gpfs/milgram/pi/gee_dylan/candlab/analyses/shapes/dwi/workflows/csd_flow/_subject_id_sub-A235/dwiresp/_report/report.rst"
210311-18:48:40,570 nipype.workflow INFO:
	 [Node] Finished "csd_flow.dwiresp".
210311-18:48:41,33 nipype.workflow INFO:
	 [Job 2] Completed (csd_flow.dwiresp).
210311-18:48:41,34 nipype.workflow DEBUG:
	 Tasks currently running: 1. Pending: 1.
210311-18:48:41,34 nipype.workflow INFO:
	 [MultiProc] Running 1 tasks, and 1 jobs ready. Free memory (GB): 168.57/168.77, Free processors: 3/4.
                     Currently running:
                       * csd_flow.seg5tt
210311-18:48:41,130 nipype.workflow DEBUG:
	 Allocating csd_flow.mscsd ID=3 (0.20GB, 1 threads). Free: 168.37GB, 2 threads.
210311-18:48:41,130 nipype.workflow DEBUG:
	 [Node] Not cached "/gpfs/milgram/pi/gee_dylan/candlab/analyses/shapes/dwi/workflows/csd_flow/_subject_id_sub-A235/mscsd".
210311-18:48:41,130 nipype.workflow DEBUG:
	 Checking hash "csd_flow.mscsd" locally: cached=False, updated=False.
210311-18:48:41,131 nipype.workflow INFO:
	 [Node] Setting-up "csd_flow.mscsd" in "/gpfs/milgram/pi/gee_dylan/candlab/analyses/shapes/dwi/workflows/csd_flow/_subject_id_sub-A235/mscsd".
210311-18:48:41,132 nipype.workflow DEBUG:
	 [Node] Not cached "/gpfs/milgram/pi/gee_dylan/candlab/analyses/shapes/dwi/workflows/csd_flow/_subject_id_sub-A235/mscsd".
210311-18:48:41,132 nipype.workflow DEBUG:
	 [Node] Setting 4 connected inputs of node "mscsd" from 2 previous nodes.
210311-18:48:41,132 nipype.utils DEBUG:
	 Loading pkl: /gpfs/milgram/pi/gee_dylan/candlab/analyses/shapes/dwi/workflows/csd_flow/_subject_id_sub-A235/gradconv/result_gradconv.pklz
210311-18:48:41,132 nipype.workflow DEBUG:
	 [MultiProc] Submitted task csd_flow.mscsd (taskid=5).
210311-18:48:41,133 nipype.workflow DEBUG:
	 Resolving paths in outputs loaded from results file.
210311-18:48:41,133 nipype.workflow DEBUG:
	 output: out_file
210311-18:48:41,133 nipype.workflow DEBUG:
	 [Node] mscsd - setting input in_file = /gpfs/milgram/pi/gee_dylan/candlab/analyses/shapes/dwi/workflows/csd_flow/_subject_id_sub-A235/gradconv/dwi.mif
210311-18:48:41,134 nipype.utils DEBUG:
	 Loading pkl: /gpfs/milgram/pi/gee_dylan/candlab/analyses/shapes/dwi/workflows/csd_flow/_subject_id_sub-A235/dwiresp/result_dwiresp.pklz
210311-18:48:41,134 nipype.workflow DEBUG:
	 Resolving paths in outputs loaded from results file.
210311-18:48:41,134 nipype.workflow DEBUG:
	 output: wm_file
210311-18:48:41,134 nipype.workflow DEBUG:
	 [Node] mscsd - setting input wm_txt = /gpfs/milgram/pi/gee_dylan/candlab/analyses/shapes/dwi/workflows/csd_flow/_subject_id_sub-A235/dwiresp/wm_response.txt
210311-18:48:41,134 nipype.workflow DEBUG:
	 output: gm_file
210311-18:48:41,135 nipype.workflow DEBUG:
	 [Node] mscsd - setting input gm_txt = /gpfs/milgram/pi/gee_dylan/candlab/analyses/shapes/dwi/workflows/csd_flow/_subject_id_sub-A235/dwiresp/gm_response.txt
210311-18:48:41,135 nipype.workflow DEBUG:
	 output: csf_file
210311-18:48:41,135 nipype.workflow DEBUG:
	 [Node] mscsd - setting input csf_txt = /gpfs/milgram/pi/gee_dylan/candlab/analyses/shapes/dwi/workflows/csd_flow/_subject_id_sub-A235/dwiresp/csf_response.txt
210311-18:48:41,135 nipype.utils DEBUG:
	 Removing contents of /gpfs/milgram/pi/gee_dylan/candlab/analyses/shapes/dwi/workflows/csd_flow/_subject_id_sub-A235/mscsd
210311-18:48:41,138 nipype.workflow DEBUG:
	 [Node] Writing pre-exec report to "/gpfs/milgram/pi/gee_dylan/candlab/analyses/shapes/dwi/workflows/csd_flow/_subject_id_sub-A235/mscsd/_report/report.rst"
210311-18:48:41,152 nipype.interface DEBUG:
	 algorithm_msmt_csd
210311-18:48:41,152 nipype.interface DEBUG:
	 bval_scale_yes
210311-18:48:41,152 nipype.interface DEBUG:
	 csf_odf_csf.mif
210311-18:48:41,152 nipype.interface DEBUG:
	 csf_txt_/gpfs/milgram/pi/gee_dylan/candlab/analyses/shapes/dwi/workflows/csd_flow/_subject_id_sub-A235/dwiresp/csf_response.txt
210311-18:48:41,152 nipype.interface DEBUG:
	 gm_odf_gm.mif
210311-18:48:41,152 nipype.interface DEBUG:
	 gm_txt_/gpfs/milgram/pi/gee_dylan/candlab/analyses/shapes/dwi/workflows/csd_flow/_subject_id_sub-A235/dwiresp/gm_response.txt
210311-18:48:41,152 nipype.interface DEBUG:
	 in_file_/gpfs/milgram/pi/gee_dylan/candlab/analyses/shapes/dwi/workflows/csd_flow/_subject_id_sub-A235/gradconv/dwi.mif
210311-18:48:41,152 nipype.interface DEBUG:
	 max_sh_[8, 8, 8]
210311-18:48:41,152 nipype.interface DEBUG:
	 wm_odf_wm.mif
210311-18:48:41,152 nipype.interface DEBUG:
	 wm_txt_/gpfs/milgram/pi/gee_dylan/candlab/analyses/shapes/dwi/workflows/csd_flow/_subject_id_sub-A235/dwiresp/wm_response.txt
210311-18:48:41,153 nipype.workflow INFO:
	 [Node] Running "mscsd" ("nipype.interfaces.mrtrix3.reconst.EstimateFOD"), a CommandLine Interface with command:
dwi2fod -bvalue_scaling yes -lmax 8,8,8 msmt_csd /gpfs/milgram/pi/gee_dylan/candlab/analyses/shapes/dwi/workflows/csd_flow/_subject_id_sub-A235/gradconv/dwi.mif /gpfs/milgram/pi/gee_dylan/candlab/analyses/shapes/dwi/workflows/csd_flow/_subject_id_sub-A235/dwiresp/wm_response.txt wm.mif /gpfs/milgram/pi/gee_dylan/candlab/analyses/shapes/dwi/workflows/csd_flow/_subject_id_sub-A235/dwiresp/gm_response.txt gm.mif /gpfs/milgram/pi/gee_dylan/candlab/analyses/shapes/dwi/workflows/csd_flow/_subject_id_sub-A235/dwiresp/csf_response.txt csf.mif
210311-18:48:41,154 nipype.interface DEBUG:
	 algorithm_msmt_csd
210311-18:48:41,154 nipype.interface DEBUG:
	 bval_scale_yes
210311-18:48:41,154 nipype.interface DEBUG:
	 csf_odf_csf.mif
210311-18:48:41,154 nipype.interface DEBUG:
	 csf_txt_/gpfs/milgram/pi/gee_dylan/candlab/analyses/shapes/dwi/workflows/csd_flow/_subject_id_sub-A235/dwiresp/csf_response.txt
210311-18:48:41,154 nipype.interface DEBUG:
	 gm_odf_gm.mif
210311-18:48:41,154 nipype.interface DEBUG:
	 gm_txt_/gpfs/milgram/pi/gee_dylan/candlab/analyses/shapes/dwi/workflows/csd_flow/_subject_id_sub-A235/dwiresp/gm_response.txt
210311-18:48:41,154 nipype.interface DEBUG:
	 in_file_/gpfs/milgram/pi/gee_dylan/candlab/analyses/shapes/dwi/workflows/csd_flow/_subject_id_sub-A235/gradconv/dwi.mif
210311-18:48:41,154 nipype.interface DEBUG:
	 max_sh_[8, 8, 8]
210311-18:48:41,154 nipype.interface DEBUG:
	 wm_odf_wm.mif
210311-18:48:41,154 nipype.interface DEBUG:
	 wm_txt_/gpfs/milgram/pi/gee_dylan/candlab/analyses/shapes/dwi/workflows/csd_flow/_subject_id_sub-A235/dwiresp/wm_response.txt
210311-18:48:43,34 nipype.workflow DEBUG:
	 Progress: 7 jobs, 3/2/0 (done/running/ready), 2/2 (pending_tasks/waiting).
210311-18:48:43,34 nipype.workflow DEBUG:
	 Tasks currently running: 2. Pending: 2.
210311-18:48:43,35 nipype.workflow INFO:
	 [MultiProc] Running 2 tasks, and 0 jobs ready. Free memory (GB): 168.37/168.77, Free processors: 2/4.
                     Currently running:
                       * csd_flow.mscsd
                       * csd_flow.seg5tt
