Source the FSL configuration script using:
     . /gpfs/milgram/apps/hpc.rhel7/software/FSL/6.0.3-centos7_64/etc/fslconf/fsl.sh To use FSLeyes GUI, load the separate FSLeyes module.
Source the FSL configuration script using:
     . /gpfs/milgram/apps/hpc.rhel7/software/FSL/6.0.3-centos7_64/etc/fslconf/fsl.sh To use FSLeyes GUI, load the separate FSLeyes module.
Source the FSL configuration script using:
     . /gpfs/milgram/apps/hpc.rhel7/software/FSL/6.0.3-centos7_64/etc/fslconf/fsl.sh To use FSLeyes GUI, load the separate FSLeyes module.
Source the FSL configuration script using:
     . /gpfs/milgram/apps/hpc.rhel7/software/FSL/6.0.3-centos7_64/etc/fslconf/fsl.sh To use FSLeyes GUI, load the separate FSLeyes module.
210311-18:42:14,947 nipype.utils DEBUG:
	 Running a newer version (1.6.0) of nipy/nipype than available (1.5.1)
210311-18:42:15,728 nipype.workflow DEBUG:
	 (csd_flow.infosource, csd_flow.sf): No edge data
210311-18:42:15,728 nipype.workflow DEBUG:
	 (csd_flow.infosource, csd_flow.sf): new edge data: {'connect': [('subject_id', 'subject_id')]}
210311-18:42:15,728 nipype.workflow DEBUG:
	 (csd_flow.sf, csd_flow.seg5tt): No edge data
210311-18:42:15,728 nipype.workflow DEBUG:
	 (csd_flow.sf, csd_flow.seg5tt): new edge data: {'connect': [('t1', 'in_file')]}
210311-18:42:15,728 nipype.workflow DEBUG:
	 (csd_flow.seg5tt, csd_flow.datasink): No edge data
210311-18:42:15,729 nipype.workflow DEBUG:
	 (csd_flow.seg5tt, csd_flow.datasink): new edge data: {'connect': [('out_file', '5_Tract_Reconstruction')]}
210311-18:42:15,729 nipype.workflow DEBUG:
	 (csd_flow.sf, csd_flow.gradconv): No edge data
210311-18:42:15,729 nipype.workflow DEBUG:
	 (csd_flow.sf, csd_flow.gradconv): new edge data: {'connect': [('dti', 'in_file'), ('bval', 'in_bval'), ('bvec', 'in_bvec')]}
210311-18:42:15,729 nipype.workflow DEBUG:
	 (csd_flow.gradconv, csd_flow.dwiresp): No edge data
210311-18:42:15,729 nipype.workflow DEBUG:
	 (csd_flow.gradconv, csd_flow.dwiresp): new edge data: {'connect': [('out_file', 'in_file')]}
210311-18:42:15,729 nipype.workflow DEBUG:
	 (csd_flow.dwiresp, csd_flow.datasink): No edge data
210311-18:42:15,729 nipype.workflow DEBUG:
	 (csd_flow.dwiresp, csd_flow.datasink): new edge data: {'connect': [('wm_file', '4_Deconvolution.@par'), ('gm_file', '4_Deconvolution.@par.@par'), ('csf_file', '4_Deconvolution.@par.@par.@par')]}
210311-18:42:15,729 nipype.workflow DEBUG:
	 (csd_flow.gradconv, csd_flow.mscsd): No edge data
210311-18:42:15,729 nipype.workflow DEBUG:
	 (csd_flow.gradconv, csd_flow.mscsd): new edge data: {'connect': [('out_file', 'in_file')]}
210311-18:42:15,729 nipype.workflow DEBUG:
	 (csd_flow.dwiresp, csd_flow.mscsd): No edge data
210311-18:42:15,729 nipype.workflow DEBUG:
	 (csd_flow.dwiresp, csd_flow.mscsd): new edge data: {'connect': [('wm_file', 'wm_txt'), ('gm_file', 'gm_txt'), ('csf_file', 'csf_txt')]}
210311-18:42:15,729 nipype.workflow DEBUG:
	 (csd_flow.mscsd, csd_flow.tract): No edge data
210311-18:42:15,729 nipype.workflow DEBUG:
	 (csd_flow.mscsd, csd_flow.tract): new edge data: {'connect': [('wm_odf', 'in_file')]}
210311-18:42:15,729 nipype.workflow DEBUG:
	 (csd_flow.mscsd, csd_flow.datasink): No edge data
210311-18:42:15,729 nipype.workflow DEBUG:
	 (csd_flow.mscsd, csd_flow.datasink): new edge data: {'connect': [('wm_odf', '4_Deconvolution.@par.@par.@par.@par'), ('gm_odf', '4_Deconvolution.@par.@par.@par.@par.@par'), ('csf_odf', '4_Deconvolution.@par.@par.@par.@par.@par.@par')]}
210311-18:42:15,729 nipype.workflow DEBUG:
	 (csd_flow.gradconv, csd_flow.datasink): No edge data
210311-18:42:15,729 nipype.workflow DEBUG:
	 (csd_flow.gradconv, csd_flow.datasink): new edge data: {'connect': [('out_file', '4_Deconvolution.@par.@par.@par.@par.@par.@par.@par')]}
210311-18:42:15,734 nipype.workflow DEBUG:
	 Creating flat graph for workflow: csd_flow
210311-18:42:15,738 nipype.workflow DEBUG:
	 expanding workflow: csd_flow
210311-18:42:15,738 nipype.workflow DEBUG:
	 processing node: csd_flow.infosource
210311-18:42:15,742 nipype.workflow DEBUG:
	 processing node: csd_flow.sf
210311-18:42:15,742 nipype.workflow DEBUG:
	 processing node: csd_flow.gradconv
210311-18:42:15,742 nipype.workflow DEBUG:
	 processing node: csd_flow.dwiresp
210311-18:42:15,742 nipype.workflow DEBUG:
	 processing node: csd_flow.mscsd
210311-18:42:15,742 nipype.workflow DEBUG:
	 processing node: csd_flow.tract
210311-18:42:15,742 nipype.workflow DEBUG:
	 processing node: csd_flow.seg5tt
210311-18:42:15,742 nipype.workflow DEBUG:
	 processing node: csd_flow.datasink
210311-18:42:15,742 nipype.workflow DEBUG:
	 finished expanding workflow: csd_flow
210311-18:42:15,745 nipype.workflow DEBUG:
	 using input graph
210311-18:42:16,650 nipype.workflow DEBUG:
	 creating dot graph
210311-18:42:17,639 nipype.workflow INFO:
	 Generated workflow graph: /gpfs/milgram/project/gee_dylan/candlab/analyses/shapes/dwi/workflows/csd_flow/graph.png (graph2use=flat, simple_form=True).
210311-18:42:18,305 nipype.workflow DEBUG:
	 [MultiProc] Starting (n_procs=4, mem_gb=168.77, cwd=/gpfs/milgram/home/lms233/Github/Diffusion)
210311-18:42:18,327 nipype.workflow DEBUG:
	 Creating flat graph for workflow: csd_flow
210311-18:42:18,331 nipype.workflow DEBUG:
	 expanding workflow: csd_flow
210311-18:42:18,332 nipype.workflow DEBUG:
	 processing node: csd_flow.infosource
210311-18:42:18,332 nipype.workflow DEBUG:
	 processing node: csd_flow.sf
210311-18:42:18,332 nipype.workflow DEBUG:
	 processing node: csd_flow.gradconv
210311-18:42:18,332 nipype.workflow DEBUG:
	 processing node: csd_flow.dwiresp
210311-18:42:18,332 nipype.workflow DEBUG:
	 processing node: csd_flow.mscsd
210311-18:42:18,332 nipype.workflow DEBUG:
	 processing node: csd_flow.tract
210311-18:42:18,332 nipype.workflow DEBUG:
	 processing node: csd_flow.seg5tt
210311-18:42:18,332 nipype.workflow DEBUG:
	 processing node: csd_flow.datasink
210311-18:42:18,332 nipype.workflow DEBUG:
	 finished expanding workflow: csd_flow
210311-18:42:18,333 nipype.workflow INFO:
	 Workflow csd_flow settings: ['check', 'execution', 'logging', 'monitoring']
210311-18:42:18,336 nipype.workflow DEBUG:
	 PE: expanding iterables
210311-18:42:18,338 nipype.workflow DEBUG:
	 Detected iterable nodes [csd_flow.infosource]
210311-18:42:18,338 nipype.workflow DEBUG:
	 Expanding the iterable node csd_flow.infosource...
210311-18:42:18,338 nipype.workflow DEBUG:
	 node: csd_flow.infosource iterables: {'subject_id': <function _standardize_iterables.<locals>.make_field_func.<locals>.<lambda> at 0x2affae0865f0>}
210311-18:42:18,339 nipype.workflow DEBUG:
	 ('subnodes:', [csd_flow.infosource, csd_flow.sf, csd_flow.seg5tt, csd_flow.datasink, csd_flow.gradconv, csd_flow.dwiresp, csd_flow.mscsd, csd_flow.tract])
210311-18:42:18,343 nipype.workflow DEBUG:
	 [Node] infosource - setting input subject_id = sub-A648
210311-18:42:18,343 nipype.workflow DEBUG:
	 Parameterization: paramstr=_subject_id_sub-A648
210311-18:42:18,343 nipype.workflow DEBUG:
	 PE: expanding iterables ... done
210311-18:42:18,344 nipype.workflow DEBUG:
	 [Node] sf - setting input subject_id = sub-A648
210311-18:42:18,344 nipype.workflow DEBUG:
	 Removed the identity node csd_flow.infosource from the graph.
210311-18:42:18,518 nipype.workflow DEBUG:
	 Performing depth first search
210311-18:42:18,522 nipype.workflow INFO:
	 Running in parallel.
210311-18:42:18,526 nipype.workflow DEBUG:
	 Progress: 7 jobs, 0/0/1 (done/running/ready), 0/7 (pending_tasks/waiting).
210311-18:42:18,526 nipype.workflow DEBUG:
	 Tasks currently running: 0. Pending: 0.
210311-18:42:18,527 nipype.workflow INFO:
	 [MultiProc] Running 0 tasks, and 1 jobs ready. Free memory (GB): 168.77/168.77, Free processors: 4/4.
210311-18:42:18,594 nipype.workflow DEBUG:
	 Allocating csd_flow.sf ID=0 (0.20GB, 1 threads). Free: 168.57GB, 3 threads.
210311-18:42:18,595 nipype.workflow DEBUG:
	 [Node] Not cached "/gpfs/milgram/pi/gee_dylan/candlab/analyses/shapes/dwi/workflows/csd_flow/_subject_id_sub-A648/sf".
210311-18:42:18,595 nipype.workflow DEBUG:
	 Checking hash "csd_flow.sf" locally: cached=False, updated=False.
210311-18:42:18,643 nipype.workflow DEBUG:
	 [MultiProc] Submitted task csd_flow.sf (taskid=1).
210311-18:42:18,649 nipype.workflow INFO:
	 [Node] Setting-up "csd_flow.sf" in "/gpfs/milgram/pi/gee_dylan/candlab/analyses/shapes/dwi/workflows/csd_flow/_subject_id_sub-A648/sf".
210311-18:42:18,650 nipype.workflow DEBUG:
	 [Node] Not cached "/gpfs/milgram/pi/gee_dylan/candlab/analyses/shapes/dwi/workflows/csd_flow/_subject_id_sub-A648/sf".
210311-18:42:18,651 nipype.utils DEBUG:
	 Removing contents of /gpfs/milgram/pi/gee_dylan/candlab/analyses/shapes/dwi/workflows/csd_flow/_subject_id_sub-A648/sf
210311-18:42:18,656 nipype.workflow DEBUG:
	 [Node] Writing pre-exec report to "/gpfs/milgram/pi/gee_dylan/candlab/analyses/shapes/dwi/workflows/csd_flow/_subject_id_sub-A648/sf/_report/report.rst"
210311-18:42:18,660 nipype.workflow INFO:
	 [Node] Running "sf" ("nipype.interfaces.io.SelectFiles")
210311-18:42:18,733 nipype.workflow DEBUG:
	 Needed files: /gpfs/milgram/project/gee_dylan/candlab/analyses/shapes/dwi/data/3_Eddy_Corrected/sub-A648/eddy_corrected.nii.gz;/gpfs/milgram/project/gee_dylan/candlab/data/mri/bids_recon/shapes/sub-A648/ses-shapesV1/dwi/sub-A648_ses-shapesV1_dwi.bval;/gpfs/milgram/project/gee_dylan/candlab/analyses/shapes/dwi/data/3_Eddy_Corrected/sub-A648/eddy_corrected.eddy_rotated_bvecs;/gpfs/milgram/project/gee_dylan/candlab/analyses/shapes/dwi/data/1_Check_Unwarped/sub-A648/sub-A648_ses-shapesV1_T1w_flirt_brain.nii.gz;/gpfs/milgram/project/gee_dylan/candlab/atlases/MNI152_T1_2mm_brain.nii.gz;/gpfs/milgram/pi/gee_dylan/candlab/analyses/shapes/dwi/workflows/csd_flow/_subject_id_sub-A648/sf/_0x0b29dfb7844e372a5420076ef598d122_unfinished.json;/gpfs/milgram/pi/gee_dylan/candlab/analyses/shapes/dwi/workflows/csd_flow/_subject_id_sub-A648/sf/_inputs.pklz;/gpfs/milgram/pi/gee_dylan/candlab/analyses/shapes/dwi/workflows/csd_flow/_subject_id_sub-A648/sf/_node.pklz
210311-18:42:18,733 nipype.workflow DEBUG:
	 Needed dirs: /gpfs/milgram/pi/gee_dylan/candlab/analyses/shapes/dwi/workflows/csd_flow/_subject_id_sub-A648/sf/_report
210311-18:42:18,733 nipype.workflow DEBUG:
	 Removing files: 
210311-18:42:18,733 nipype.workflow DEBUG:
	 Saving results file: '/gpfs/milgram/pi/gee_dylan/candlab/analyses/shapes/dwi/workflows/csd_flow/_subject_id_sub-A648/sf/result_sf.pklz'
210311-18:42:18,740 nipype.workflow DEBUG:
	 [Node] Writing post-exec report to "/gpfs/milgram/pi/gee_dylan/candlab/analyses/shapes/dwi/workflows/csd_flow/_subject_id_sub-A648/sf/_report/report.rst"
210311-18:42:18,742 nipype.workflow INFO:
	 [Node] Finished "csd_flow.sf".
210311-18:42:20,531 nipype.workflow DEBUG:
	 Progress: 7 jobs, 0/1/0 (done/running/ready), 1/6 (pending_tasks/waiting).
210311-18:42:20,531 nipype.workflow INFO:
	 [Job 0] Completed (csd_flow.sf).
210311-18:42:20,534 nipype.workflow DEBUG:
	 Tasks currently running: 0. Pending: 0.
210311-18:42:20,535 nipype.workflow INFO:
	 [MultiProc] Running 0 tasks, and 2 jobs ready. Free memory (GB): 168.77/168.77, Free processors: 4/4.
210311-18:42:20,637 nipype.workflow DEBUG:
	 Allocating csd_flow.gradconv ID=1 (0.20GB, 1 threads). Free: 168.57GB, 3 threads.
210311-18:42:20,638 nipype.workflow DEBUG:
	 [Node] Not cached "/gpfs/milgram/pi/gee_dylan/candlab/analyses/shapes/dwi/workflows/csd_flow/_subject_id_sub-A648/gradconv".
210311-18:42:20,638 nipype.workflow DEBUG:
	 Checking hash "csd_flow.gradconv" locally: cached=False, updated=False.
210311-18:42:20,643 nipype.workflow INFO:
	 [Node] Setting-up "csd_flow.gradconv" in "/gpfs/milgram/pi/gee_dylan/candlab/analyses/shapes/dwi/workflows/csd_flow/_subject_id_sub-A648/gradconv".
210311-18:42:20,643 nipype.workflow DEBUG:
	 [Node] Not cached "/gpfs/milgram/pi/gee_dylan/candlab/analyses/shapes/dwi/workflows/csd_flow/_subject_id_sub-A648/gradconv".
210311-18:42:20,643 nipype.workflow DEBUG:
	 [Node] Setting 3 connected inputs of node "gradconv" from 1 previous nodes.
210311-18:42:20,644 nipype.utils DEBUG:
	 Loading pkl: /gpfs/milgram/pi/gee_dylan/candlab/analyses/shapes/dwi/workflows/csd_flow/_subject_id_sub-A648/sf/result_sf.pklz
210311-18:42:20,648 nipype.workflow DEBUG:
	 Resolving paths in outputs loaded from results file.
210311-18:42:20,648 nipype.workflow DEBUG:
	 output: dti
210311-18:42:20,648 nipype.workflow DEBUG:
	 [Node] gradconv - setting input in_file = /gpfs/milgram/project/gee_dylan/candlab/analyses/shapes/dwi/data/3_Eddy_Corrected/sub-A648/eddy_corrected.nii.gz
210311-18:42:20,648 nipype.workflow DEBUG:
	 output: bval
210311-18:42:20,649 nipype.workflow DEBUG:
	 [Node] gradconv - setting input in_bval = /gpfs/milgram/project/gee_dylan/candlab/data/mri/bids_recon/shapes/sub-A648/ses-shapesV1/dwi/sub-A648_ses-shapesV1_dwi.bval
210311-18:42:20,649 nipype.workflow DEBUG:
	 output: bvec
210311-18:42:20,649 nipype.workflow DEBUG:
	 [Node] gradconv - setting input in_bvec = /gpfs/milgram/project/gee_dylan/candlab/analyses/shapes/dwi/data/3_Eddy_Corrected/sub-A648/eddy_corrected.eddy_rotated_bvecs
210311-18:42:20,648 nipype.workflow DEBUG:
	 [MultiProc] Submitted task csd_flow.gradconv (taskid=2).
210311-18:42:20,650 nipype.workflow DEBUG:
	 Allocating csd_flow.seg5tt ID=5 (0.20GB, 1 threads). Free: 168.37GB, 2 threads.
210311-18:42:20,650 nipype.workflow DEBUG:
	 [Node] Not cached "/gpfs/milgram/pi/gee_dylan/candlab/analyses/shapes/dwi/workflows/csd_flow/_subject_id_sub-A648/seg5tt".
210311-18:42:20,650 nipype.workflow DEBUG:
	 Checking hash "csd_flow.seg5tt" locally: cached=False, updated=False.
210311-18:42:20,655 nipype.workflow INFO:
	 [Node] Setting-up "csd_flow.seg5tt" in "/gpfs/milgram/pi/gee_dylan/candlab/analyses/shapes/dwi/workflows/csd_flow/_subject_id_sub-A648/seg5tt".
210311-18:42:20,655 nipype.workflow DEBUG:
	 [Node] Not cached "/gpfs/milgram/pi/gee_dylan/candlab/analyses/shapes/dwi/workflows/csd_flow/_subject_id_sub-A648/seg5tt".
210311-18:42:20,655 nipype.workflow DEBUG:
	 [Node] Setting 1 connected inputs of node "seg5tt" from 1 previous nodes.
210311-18:42:20,656 nipype.utils DEBUG:
	 Loading pkl: /gpfs/milgram/pi/gee_dylan/candlab/analyses/shapes/dwi/workflows/csd_flow/_subject_id_sub-A648/sf/result_sf.pklz
210311-18:42:20,658 nipype.workflow DEBUG:
	 [MultiProc] Submitted task csd_flow.seg5tt (taskid=3).
210311-18:42:20,663 nipype.workflow DEBUG:
	 Resolving paths in outputs loaded from results file.
210311-18:42:20,663 nipype.workflow DEBUG:
	 output: t1
210311-18:42:20,663 nipype.workflow DEBUG:
	 [Node] seg5tt - setting input in_file = /gpfs/milgram/project/gee_dylan/candlab/analyses/shapes/dwi/data/1_Check_Unwarped/sub-A648/sub-A648_ses-shapesV1_T1w_flirt_brain.nii.gz
210311-18:42:20,664 nipype.utils DEBUG:
	 Removing contents of /gpfs/milgram/pi/gee_dylan/candlab/analyses/shapes/dwi/workflows/csd_flow/_subject_id_sub-A648/seg5tt
210311-18:42:20,666 nipype.workflow DEBUG:
	 [Node] Writing pre-exec report to "/gpfs/milgram/pi/gee_dylan/candlab/analyses/shapes/dwi/workflows/csd_flow/_subject_id_sub-A648/seg5tt/_report/report.rst"
210311-18:42:20,667 nipype.utils DEBUG:
	 Removing contents of /gpfs/milgram/pi/gee_dylan/candlab/analyses/shapes/dwi/workflows/csd_flow/_subject_id_sub-A648/gradconv
210311-18:42:20,669 nipype.workflow DEBUG:
	 [Node] Writing pre-exec report to "/gpfs/milgram/pi/gee_dylan/candlab/analyses/shapes/dwi/workflows/csd_flow/_subject_id_sub-A648/gradconv/_report/report.rst"
210311-18:42:20,671 nipype.interface DEBUG:
	 algorithm_fsl
210311-18:42:20,671 nipype.interface DEBUG:
	 in_file_/gpfs/milgram/project/gee_dylan/candlab/analyses/shapes/dwi/data/1_Check_Unwarped/sub-A648/sub-A648_ses-shapesV1_T1w_flirt_brain.nii.gz
210311-18:42:20,671 nipype.interface DEBUG:
	 out_file_T1s_5tt_segmented.nii.gz
210311-18:42:20,671 nipype.workflow INFO:
	 [Node] Running "seg5tt" ("nipype.interfaces.mrtrix3.utils.Generate5tt"), a CommandLine Interface with command:
5ttgen fsl /gpfs/milgram/project/gee_dylan/candlab/analyses/shapes/dwi/data/1_Check_Unwarped/sub-A648/sub-A648_ses-shapesV1_T1w_flirt_brain.nii.gz T1s_5tt_segmented.nii.gz
210311-18:42:20,673 nipype.interface DEBUG:
	 algorithm_fsl
210311-18:42:20,673 nipype.interface DEBUG:
	 in_file_/gpfs/milgram/project/gee_dylan/candlab/analyses/shapes/dwi/data/1_Check_Unwarped/sub-A648/sub-A648_ses-shapesV1_T1w_flirt_brain.nii.gz
210311-18:42:20,673 nipype.interface DEBUG:
	 out_file_T1s_5tt_segmented.nii.gz
210311-18:42:20,696 nipype.interface DEBUG:
	 in_file_/gpfs/milgram/project/gee_dylan/candlab/analyses/shapes/dwi/data/3_Eddy_Corrected/sub-A648/eddy_corrected.nii.gz
210311-18:42:20,696 nipype.interface DEBUG:
	 out_file_dwi.mif
210311-18:42:20,696 nipype.workflow INFO:
	 [Node] Running "gradconv" ("nipype.interfaces.mrtrix3.utils.MRConvert"), a CommandLine Interface with command:
mrconvert -fslgrad /gpfs/milgram/project/gee_dylan/candlab/analyses/shapes/dwi/data/3_Eddy_Corrected/sub-A648/eddy_corrected.eddy_rotated_bvecs /gpfs/milgram/project/gee_dylan/candlab/data/mri/bids_recon/shapes/sub-A648/ses-shapesV1/dwi/sub-A648_ses-shapesV1_dwi.bval /gpfs/milgram/project/gee_dylan/candlab/analyses/shapes/dwi/data/3_Eddy_Corrected/sub-A648/eddy_corrected.nii.gz dwi.mif
210311-18:42:20,698 nipype.interface DEBUG:
	 in_file_/gpfs/milgram/project/gee_dylan/candlab/analyses/shapes/dwi/data/3_Eddy_Corrected/sub-A648/eddy_corrected.nii.gz
210311-18:42:20,698 nipype.interface DEBUG:
	 out_file_dwi.mif
210311-18:42:22,530 nipype.workflow DEBUG:
	 Progress: 7 jobs, 1/2/0 (done/running/ready), 2/4 (pending_tasks/waiting).
210311-18:42:22,530 nipype.workflow DEBUG:
	 Tasks currently running: 2. Pending: 2.
210311-18:42:22,530 nipype.workflow INFO:
	 [MultiProc] Running 2 tasks, and 0 jobs ready. Free memory (GB): 168.37/168.77, Free processors: 2/4.
                     Currently running:
                       * csd_flow.seg5tt
                       * csd_flow.gradconv
210311-18:42:33,507 nipype.workflow DEBUG:
	 Needed files: /gpfs/milgram/pi/gee_dylan/candlab/analyses/shapes/dwi/workflows/csd_flow/_subject_id_sub-A648/gradconv/dwi.mif;/gpfs/milgram/project/gee_dylan/candlab/data/mri/bids_recon/shapes/sub-A648/ses-shapesV1/dwi/sub-A648_ses-shapesV1_dwi.bval;/gpfs/milgram/project/gee_dylan/candlab/analyses/shapes/dwi/data/3_Eddy_Corrected/sub-A648/eddy_corrected.eddy_rotated_bvecs;/gpfs/milgram/project/gee_dylan/candlab/analyses/shapes/dwi/data/3_Eddy_Corrected/sub-A648/eddy_corrected.nii.gz;/gpfs/milgram/pi/gee_dylan/candlab/analyses/shapes/dwi/workflows/csd_flow/_subject_id_sub-A648/gradconv/_0xef4c990ae95bbe1c7f385ab029149903_unfinished.json;/gpfs/milgram/pi/gee_dylan/candlab/analyses/shapes/dwi/workflows/csd_flow/_subject_id_sub-A648/gradconv/command.txt;/gpfs/milgram/pi/gee_dylan/candlab/analyses/shapes/dwi/workflows/csd_flow/_subject_id_sub-A648/gradconv/_inputs.pklz;/gpfs/milgram/pi/gee_dylan/candlab/analyses/shapes/dwi/workflows/csd_flow/_subject_id_sub-A648/gradconv/_node.pklz
210311-18:42:34,657 nipype.workflow DEBUG:
	 Needed dirs: /gpfs/milgram/pi/gee_dylan/candlab/analyses/shapes/dwi/workflows/csd_flow/_subject_id_sub-A648/gradconv/_report
210311-18:42:34,658 nipype.workflow DEBUG:
	 Removing files: 
210311-18:42:34,658 nipype.workflow DEBUG:
	 Saving results file: '/gpfs/milgram/pi/gee_dylan/candlab/analyses/shapes/dwi/workflows/csd_flow/_subject_id_sub-A648/gradconv/result_gradconv.pklz'
210311-18:42:34,685 nipype.workflow DEBUG:
	 [Node] Writing post-exec report to "/gpfs/milgram/pi/gee_dylan/candlab/analyses/shapes/dwi/workflows/csd_flow/_subject_id_sub-A648/gradconv/_report/report.rst"
210311-18:42:34,686 nipype.workflow INFO:
	 [Node] Finished "csd_flow.gradconv".
210311-18:42:36,536 nipype.workflow INFO:
	 [Job 1] Completed (csd_flow.gradconv).
210311-18:42:36,536 nipype.workflow DEBUG:
	 Tasks currently running: 1. Pending: 1.
210311-18:42:36,537 nipype.workflow INFO:
	 [MultiProc] Running 1 tasks, and 1 jobs ready. Free memory (GB): 168.57/168.77, Free processors: 3/4.
                     Currently running:
                       * csd_flow.seg5tt
210311-18:42:36,640 nipype.workflow DEBUG:
	 Allocating csd_flow.dwiresp ID=2 (0.20GB, 1 threads). Free: 168.37GB, 2 threads.
210311-18:42:36,640 nipype.workflow DEBUG:
	 [Node] Not cached "/gpfs/milgram/pi/gee_dylan/candlab/analyses/shapes/dwi/workflows/csd_flow/_subject_id_sub-A648/dwiresp".
210311-18:42:36,640 nipype.workflow DEBUG:
	 Checking hash "csd_flow.dwiresp" locally: cached=False, updated=False.
210311-18:42:36,642 nipype.workflow INFO:
	 [Node] Setting-up "csd_flow.dwiresp" in "/gpfs/milgram/pi/gee_dylan/candlab/analyses/shapes/dwi/workflows/csd_flow/_subject_id_sub-A648/dwiresp".
210311-18:42:36,643 nipype.workflow DEBUG:
	 [Node] Not cached "/gpfs/milgram/pi/gee_dylan/candlab/analyses/shapes/dwi/workflows/csd_flow/_subject_id_sub-A648/dwiresp".
210311-18:42:36,643 nipype.workflow DEBUG:
	 [Node] Setting 1 connected inputs of node "dwiresp" from 1 previous nodes.
210311-18:42:36,643 nipype.utils DEBUG:
	 Loading pkl: /gpfs/milgram/pi/gee_dylan/candlab/analyses/shapes/dwi/workflows/csd_flow/_subject_id_sub-A648/gradconv/result_gradconv.pklz
210311-18:42:36,645 nipype.workflow DEBUG:
	 Resolving paths in outputs loaded from results file.
210311-18:42:36,645 nipype.workflow DEBUG:
	 output: out_file
210311-18:42:36,645 nipype.workflow DEBUG:
	 [Node] dwiresp - setting input in_file = /gpfs/milgram/pi/gee_dylan/candlab/analyses/shapes/dwi/workflows/csd_flow/_subject_id_sub-A648/gradconv/dwi.mif
210311-18:42:36,646 nipype.utils DEBUG:
	 Removing contents of /gpfs/milgram/pi/gee_dylan/candlab/analyses/shapes/dwi/workflows/csd_flow/_subject_id_sub-A648/dwiresp
210311-18:42:36,642 nipype.workflow DEBUG:
	 [MultiProc] Submitted task csd_flow.dwiresp (taskid=4).
210311-18:42:36,648 nipype.workflow DEBUG:
	 [Node] Writing pre-exec report to "/gpfs/milgram/pi/gee_dylan/candlab/analyses/shapes/dwi/workflows/csd_flow/_subject_id_sub-A648/dwiresp/_report/report.rst"
210311-18:42:36,651 nipype.interface DEBUG:
	 algorithm_dhollander
210311-18:42:36,651 nipype.interface DEBUG:
	 csf_file_csf_response.txt
210311-18:42:36,651 nipype.interface DEBUG:
	 gm_file_gm_response.txt
210311-18:42:36,651 nipype.interface DEBUG:
	 in_file_/gpfs/milgram/pi/gee_dylan/candlab/analyses/shapes/dwi/workflows/csd_flow/_subject_id_sub-A648/gradconv/dwi.mif
210311-18:42:36,651 nipype.interface DEBUG:
	 max_sh_[0, 2, 4, 4, 8]
210311-18:42:36,651 nipype.interface DEBUG:
	 wm_file_wm_response.txt
210311-18:42:36,651 nipype.workflow INFO:
	 [Node] Running "dwiresp" ("nipype.interfaces.mrtrix3.preprocess.ResponseSD"), a CommandLine Interface with command:
dwi2response dhollander -lmax 0,2,4,4,8 /gpfs/milgram/pi/gee_dylan/candlab/analyses/shapes/dwi/workflows/csd_flow/_subject_id_sub-A648/gradconv/dwi.mif wm_response.txt gm_response.txt csf_response.txt
210311-18:42:36,652 nipype.interface DEBUG:
	 algorithm_dhollander
210311-18:42:36,652 nipype.interface DEBUG:
	 csf_file_csf_response.txt
210311-18:42:36,652 nipype.interface DEBUG:
	 gm_file_gm_response.txt
210311-18:42:36,652 nipype.interface DEBUG:
	 in_file_/gpfs/milgram/pi/gee_dylan/candlab/analyses/shapes/dwi/workflows/csd_flow/_subject_id_sub-A648/gradconv/dwi.mif
210311-18:42:36,652 nipype.interface DEBUG:
	 max_sh_[0, 2, 4, 4, 8]
210311-18:42:36,652 nipype.interface DEBUG:
	 wm_file_wm_response.txt
210311-18:42:38,537 nipype.workflow DEBUG:
	 Progress: 7 jobs, 2/2/0 (done/running/ready), 2/3 (pending_tasks/waiting).
210311-18:42:38,548 nipype.workflow DEBUG:
	 Tasks currently running: 2. Pending: 2.
210311-18:42:38,561 nipype.workflow INFO:
	 [MultiProc] Running 2 tasks, and 0 jobs ready. Free memory (GB): 168.37/168.77, Free processors: 2/4.
                     Currently running:
                       * csd_flow.dwiresp
                       * csd_flow.seg5tt
210311-18:48:30,739 nipype.workflow DEBUG:
	 Needed files: /gpfs/milgram/pi/gee_dylan/candlab/analyses/shapes/dwi/workflows/csd_flow/_subject_id_sub-A648/dwiresp/wm_response.txt;/gpfs/milgram/pi/gee_dylan/candlab/analyses/shapes/dwi/workflows/csd_flow/_subject_id_sub-A648/dwiresp/gm_response.txt;/gpfs/milgram/pi/gee_dylan/candlab/analyses/shapes/dwi/workflows/csd_flow/_subject_id_sub-A648/dwiresp/csf_response.txt;/gpfs/milgram/pi/gee_dylan/candlab/analyses/shapes/dwi/workflows/csd_flow/_subject_id_sub-A648/gradconv/dwi.mif;/gpfs/milgram/pi/gee_dylan/candlab/analyses/shapes/dwi/workflows/csd_flow/_subject_id_sub-A648/dwiresp/_0x0bb7c0f3fafc31851dc9e669dccf5d24_unfinished.json;/gpfs/milgram/pi/gee_dylan/candlab/analyses/shapes/dwi/workflows/csd_flow/_subject_id_sub-A648/dwiresp/command.txt;/gpfs/milgram/pi/gee_dylan/candlab/analyses/shapes/dwi/workflows/csd_flow/_subject_id_sub-A648/dwiresp/_inputs.pklz;/gpfs/milgram/pi/gee_dylan/candlab/analyses/shapes/dwi/workflows/csd_flow/_subject_id_sub-A648/dwiresp/_node.pklz
210311-18:48:30,739 nipype.workflow DEBUG:
	 Needed dirs: /gpfs/milgram/pi/gee_dylan/candlab/analyses/shapes/dwi/workflows/csd_flow/_subject_id_sub-A648/dwiresp/_report
210311-18:48:30,740 nipype.workflow DEBUG:
	 Removing files: 
210311-18:48:30,740 nipype.workflow DEBUG:
	 Saving results file: '/gpfs/milgram/pi/gee_dylan/candlab/analyses/shapes/dwi/workflows/csd_flow/_subject_id_sub-A648/dwiresp/result_dwiresp.pklz'
210311-18:48:30,749 nipype.workflow DEBUG:
	 [Node] Writing post-exec report to "/gpfs/milgram/pi/gee_dylan/candlab/analyses/shapes/dwi/workflows/csd_flow/_subject_id_sub-A648/dwiresp/_report/report.rst"
210311-18:48:30,750 nipype.workflow INFO:
	 [Node] Finished "csd_flow.dwiresp".
210311-18:48:32,650 nipype.workflow INFO:
	 [Job 2] Completed (csd_flow.dwiresp).
210311-18:48:32,650 nipype.workflow DEBUG:
	 Tasks currently running: 1. Pending: 1.
210311-18:48:32,651 nipype.workflow INFO:
	 [MultiProc] Running 1 tasks, and 1 jobs ready. Free memory (GB): 168.57/168.77, Free processors: 3/4.
                     Currently running:
                       * csd_flow.seg5tt
210311-18:48:32,753 nipype.workflow DEBUG:
	 Allocating csd_flow.mscsd ID=3 (0.20GB, 1 threads). Free: 168.37GB, 2 threads.
210311-18:48:32,754 nipype.workflow DEBUG:
	 [Node] Not cached "/gpfs/milgram/pi/gee_dylan/candlab/analyses/shapes/dwi/workflows/csd_flow/_subject_id_sub-A648/mscsd".
210311-18:48:32,754 nipype.workflow DEBUG:
	 Checking hash "csd_flow.mscsd" locally: cached=False, updated=False.
210311-18:48:32,755 nipype.workflow INFO:
	 [Node] Setting-up "csd_flow.mscsd" in "/gpfs/milgram/pi/gee_dylan/candlab/analyses/shapes/dwi/workflows/csd_flow/_subject_id_sub-A648/mscsd".
210311-18:48:32,755 nipype.workflow DEBUG:
	 [Node] Not cached "/gpfs/milgram/pi/gee_dylan/candlab/analyses/shapes/dwi/workflows/csd_flow/_subject_id_sub-A648/mscsd".
210311-18:48:32,755 nipype.workflow DEBUG:
	 [Node] Setting 4 connected inputs of node "mscsd" from 2 previous nodes.
210311-18:48:32,755 nipype.utils DEBUG:
	 Loading pkl: /gpfs/milgram/pi/gee_dylan/candlab/analyses/shapes/dwi/workflows/csd_flow/_subject_id_sub-A648/gradconv/result_gradconv.pklz
210311-18:48:32,755 nipype.workflow DEBUG:
	 [MultiProc] Submitted task csd_flow.mscsd (taskid=5).
210311-18:48:32,772 nipype.workflow DEBUG:
	 Resolving paths in outputs loaded from results file.
210311-18:48:32,773 nipype.workflow DEBUG:
	 output: out_file
210311-18:48:32,773 nipype.workflow DEBUG:
	 [Node] mscsd - setting input in_file = /gpfs/milgram/pi/gee_dylan/candlab/analyses/shapes/dwi/workflows/csd_flow/_subject_id_sub-A648/gradconv/dwi.mif
210311-18:48:32,773 nipype.utils DEBUG:
	 Loading pkl: /gpfs/milgram/pi/gee_dylan/candlab/analyses/shapes/dwi/workflows/csd_flow/_subject_id_sub-A648/dwiresp/result_dwiresp.pklz
210311-18:48:32,774 nipype.workflow DEBUG:
	 Resolving paths in outputs loaded from results file.
210311-18:48:32,774 nipype.workflow DEBUG:
	 output: wm_file
210311-18:48:32,774 nipype.workflow DEBUG:
	 [Node] mscsd - setting input wm_txt = /gpfs/milgram/pi/gee_dylan/candlab/analyses/shapes/dwi/workflows/csd_flow/_subject_id_sub-A648/dwiresp/wm_response.txt
210311-18:48:32,774 nipype.workflow DEBUG:
	 output: gm_file
210311-18:48:32,774 nipype.workflow DEBUG:
	 [Node] mscsd - setting input gm_txt = /gpfs/milgram/pi/gee_dylan/candlab/analyses/shapes/dwi/workflows/csd_flow/_subject_id_sub-A648/dwiresp/gm_response.txt
210311-18:48:32,774 nipype.workflow DEBUG:
	 output: csf_file
210311-18:48:32,774 nipype.workflow DEBUG:
	 [Node] mscsd - setting input csf_txt = /gpfs/milgram/pi/gee_dylan/candlab/analyses/shapes/dwi/workflows/csd_flow/_subject_id_sub-A648/dwiresp/csf_response.txt
210311-18:48:32,778 nipype.utils DEBUG:
	 Removing contents of /gpfs/milgram/pi/gee_dylan/candlab/analyses/shapes/dwi/workflows/csd_flow/_subject_id_sub-A648/mscsd
210311-18:48:32,780 nipype.workflow DEBUG:
	 [Node] Writing pre-exec report to "/gpfs/milgram/pi/gee_dylan/candlab/analyses/shapes/dwi/workflows/csd_flow/_subject_id_sub-A648/mscsd/_report/report.rst"
210311-18:48:32,793 nipype.interface DEBUG:
	 algorithm_msmt_csd
210311-18:48:32,793 nipype.interface DEBUG:
	 bval_scale_yes
210311-18:48:32,793 nipype.interface DEBUG:
	 csf_odf_csf.mif
210311-18:48:32,793 nipype.interface DEBUG:
	 csf_txt_/gpfs/milgram/pi/gee_dylan/candlab/analyses/shapes/dwi/workflows/csd_flow/_subject_id_sub-A648/dwiresp/csf_response.txt
210311-18:48:32,793 nipype.interface DEBUG:
	 gm_odf_gm.mif
210311-18:48:32,793 nipype.interface DEBUG:
	 gm_txt_/gpfs/milgram/pi/gee_dylan/candlab/analyses/shapes/dwi/workflows/csd_flow/_subject_id_sub-A648/dwiresp/gm_response.txt
210311-18:48:32,793 nipype.interface DEBUG:
	 in_file_/gpfs/milgram/pi/gee_dylan/candlab/analyses/shapes/dwi/workflows/csd_flow/_subject_id_sub-A648/gradconv/dwi.mif
210311-18:48:32,793 nipype.interface DEBUG:
	 max_sh_[8, 8, 8]
210311-18:48:32,793 nipype.interface DEBUG:
	 wm_odf_wm.mif
210311-18:48:32,793 nipype.interface DEBUG:
	 wm_txt_/gpfs/milgram/pi/gee_dylan/candlab/analyses/shapes/dwi/workflows/csd_flow/_subject_id_sub-A648/dwiresp/wm_response.txt
210311-18:48:32,794 nipype.workflow INFO:
	 [Node] Running "mscsd" ("nipype.interfaces.mrtrix3.reconst.EstimateFOD"), a CommandLine Interface with command:
dwi2fod -bvalue_scaling yes -lmax 8,8,8 msmt_csd /gpfs/milgram/pi/gee_dylan/candlab/analyses/shapes/dwi/workflows/csd_flow/_subject_id_sub-A648/gradconv/dwi.mif /gpfs/milgram/pi/gee_dylan/candlab/analyses/shapes/dwi/workflows/csd_flow/_subject_id_sub-A648/dwiresp/wm_response.txt wm.mif /gpfs/milgram/pi/gee_dylan/candlab/analyses/shapes/dwi/workflows/csd_flow/_subject_id_sub-A648/dwiresp/gm_response.txt gm.mif /gpfs/milgram/pi/gee_dylan/candlab/analyses/shapes/dwi/workflows/csd_flow/_subject_id_sub-A648/dwiresp/csf_response.txt csf.mif
210311-18:48:32,795 nipype.interface DEBUG:
	 algorithm_msmt_csd
210311-18:48:32,795 nipype.interface DEBUG:
	 bval_scale_yes
210311-18:48:32,795 nipype.interface DEBUG:
	 csf_odf_csf.mif
210311-18:48:32,795 nipype.interface DEBUG:
	 csf_txt_/gpfs/milgram/pi/gee_dylan/candlab/analyses/shapes/dwi/workflows/csd_flow/_subject_id_sub-A648/dwiresp/csf_response.txt
210311-18:48:32,795 nipype.interface DEBUG:
	 gm_odf_gm.mif
210311-18:48:32,795 nipype.interface DEBUG:
	 gm_txt_/gpfs/milgram/pi/gee_dylan/candlab/analyses/shapes/dwi/workflows/csd_flow/_subject_id_sub-A648/dwiresp/gm_response.txt
210311-18:48:32,795 nipype.interface DEBUG:
	 in_file_/gpfs/milgram/pi/gee_dylan/candlab/analyses/shapes/dwi/workflows/csd_flow/_subject_id_sub-A648/gradconv/dwi.mif
210311-18:48:32,795 nipype.interface DEBUG:
	 max_sh_[8, 8, 8]
210311-18:48:32,795 nipype.interface DEBUG:
	 wm_odf_wm.mif
210311-18:48:32,795 nipype.interface DEBUG:
	 wm_txt_/gpfs/milgram/pi/gee_dylan/candlab/analyses/shapes/dwi/workflows/csd_flow/_subject_id_sub-A648/dwiresp/wm_response.txt
210311-18:48:34,651 nipype.workflow DEBUG:
	 Progress: 7 jobs, 3/2/0 (done/running/ready), 2/2 (pending_tasks/waiting).
210311-18:48:34,651 nipype.workflow DEBUG:
	 Tasks currently running: 2. Pending: 2.
210311-18:48:34,651 nipype.workflow INFO:
	 [MultiProc] Running 2 tasks, and 0 jobs ready. Free memory (GB): 168.37/168.77, Free processors: 2/4.
                     Currently running:
                       * csd_flow.mscsd
                       * csd_flow.seg5tt
210311-21:13:23,370 nipype.workflow DEBUG:
	 Saving results file: '/gpfs/milgram/pi/gee_dylan/candlab/analyses/shapes/dwi/workflows/csd_flow/_subject_id_sub-A648/seg5tt/result_seg5tt.pklz'
210311-21:13:23,397 nipype.workflow WARNING:
	 Storing result file without outputs
210311-21:13:23,502 nipype.workflow WARNING:
	 [Node] Error on "csd_flow.seg5tt" (/gpfs/milgram/pi/gee_dylan/candlab/analyses/shapes/dwi/workflows/csd_flow/_subject_id_sub-A648/seg5tt)
210311-21:13:23,526 nipype.utils DEBUG:
	 Loading pkl: /gpfs/milgram/pi/gee_dylan/candlab/analyses/shapes/dwi/workflows/csd_flow/_subject_id_sub-A648/seg5tt/result_seg5tt.pklz
210311-21:13:24,133 nipype.workflow DEBUG:
	 Clearing 5 from queue
210311-21:13:24,133 nipype.utils DEBUG:
	 Loading pkl: /gpfs/milgram/pi/gee_dylan/candlab/analyses/shapes/dwi/workflows/csd_flow/_subject_id_sub-A648/seg5tt/result_seg5tt.pklz
210311-21:13:24,134 nipype.workflow ERROR:
	 Node seg5tt.a0 failed to run on host p09r02n08.milgram.hpc.yale.internal.
210311-21:13:24,134 nipype.workflow ERROR:
	 Saving crash info to /gpfs/milgram/home/lms233/Github/Diffusion/crash-20210311-211324-lms233-seg5tt.a0-88500eb6-188b-4ff2-9233-adabe3415cf3.pklz
Traceback (most recent call last):
  File "/gpfs/milgram/pi/gee_dylan/lms233/conda_envs/shapes-dwi3.7/lib/python3.7/site-packages/nipype/pipeline/plugins/multiproc.py", line 67, in run_node
    result["result"] = node.run(updatehash=updatehash)
  File "/gpfs/milgram/pi/gee_dylan/lms233/conda_envs/shapes-dwi3.7/lib/python3.7/site-packages/nipype/pipeline/engine/nodes.py", line 516, in run
    result = self._run_interface(execute=True)
  File "/gpfs/milgram/pi/gee_dylan/lms233/conda_envs/shapes-dwi3.7/lib/python3.7/site-packages/nipype/pipeline/engine/nodes.py", line 635, in _run_interface
    return self._run_command(execute)
  File "/gpfs/milgram/pi/gee_dylan/lms233/conda_envs/shapes-dwi3.7/lib/python3.7/site-packages/nipype/pipeline/engine/nodes.py", line 741, in _run_command
    result = self._interface.run(cwd=outdir)
  File "/gpfs/milgram/pi/gee_dylan/lms233/conda_envs/shapes-dwi3.7/lib/python3.7/site-packages/nipype/interfaces/base/core.py", line 434, in run
    runtime = self._run_interface(runtime)
  File "/gpfs/milgram/pi/gee_dylan/lms233/conda_envs/shapes-dwi3.7/lib/python3.7/site-packages/nipype/interfaces/base/core.py", line 829, in _run_interface
    self.raise_exception(runtime)
  File "/gpfs/milgram/pi/gee_dylan/lms233/conda_envs/shapes-dwi3.7/lib/python3.7/site-packages/nipype/interfaces/base/core.py", line 760, in raise_exception
    ).format(**runtime.dictcopy())
RuntimeError: Command:
5ttgen fsl /gpfs/milgram/project/gee_dylan/candlab/analyses/shapes/dwi/data/1_Check_Unwarped/sub-A648/sub-A648_ses-shapesV1_T1w_flirt_brain.nii.gz T1s_5tt_segmented.nii.gz
Standard output:

Standard error:
5ttgen: 
5ttgen: Note that this script makes use of commands / algorithms that have relevant articles for citation; INCLUDING FROM EXTERNAL SOFTWARE PACKAGES. Please consult the help page (-help option) for more information.
5ttgen: 
5ttgen: Generated temporary directory: /gpfs/milgram/pi/gee_dylan/candlab/analyses/shapes/dwi/workflows/csd_flow/_subject_id_sub-A648/seg5tt/5ttgen-tmp-88G9JD/
Command:  mrconvert /gpfs/milgram/project/gee_dylan/candlab/analyses/shapes/dwi/data/1_Check_Unwarped/sub-A648/sub-A648_ses-shapesV1_T1w_flirt_brain.nii.gz /gpfs/milgram/pi/gee_dylan/candlab/analyses/shapes/dwi/workflows/csd_flow/_subject_id_sub-A648/seg5tt/5ttgen-tmp-88G9JD/input.mif
5ttgen: Changing to temporary directory (/gpfs/milgram/pi/gee_dylan/candlab/analyses/shapes/dwi/workflows/csd_flow/_subject_id_sub-A648/seg5tt/5ttgen-tmp-88G9JD/)
5ttgen: [WARNING] Voxel size larger than expected for T1-weighted images ([1.71429, 1.71429, 1.7]); note that ACT does not require re-gridding of T1 image to DWI space, and indeed retaining the original higher resolution of the T1 image is preferable
Command:  mrconvert input.mif T1.nii -strides -1,+2,+3
Command:  maskfilter /gpfs/milgram/apps/hpc.rhel7/software/FSL/6.0.3-centos7_64/data/standard/MNI152_T1_1mm_brain_mask_dil.nii.gz dilate mni_mask.nii -npass 4
Command:  standard_space_roi T1.nii T1_preBET.nii.gz -maskMASK mni_mask.nii -roiFOV
Command:  bet T1_preBET.nii.gz T1_BET.nii.gz -f 0.15 -R
Command:  fast T1_BET.nii.gz
5ttgen: [WARNING] Generating 1mm isotropic T1 image for FIRST in hope of preventing failure, since input image is of lower resolution
Command:  mrresize T1.nii T1_1mm.nii -voxel 1.0 -interp sinc
Command:  run_first_all -m none -s L_Accu,R_Accu,L_Caud,R_Caud,L_Pall,R_Pall,L_Puta,R_Puta,L_Thal,R_Thal -i T1_1mm.nii -o first
5ttgen: [ERROR] FSL FIRST has failed; only 7 of 10 structures were segmented successfully (check /gpfs/milgram/pi/gee_dylan/candlab/analyses/shapes/dwi/workflows/csd_flow/_subject_id_sub-A648/seg5tt/5ttgen-tmp-88G9JD/first.logs)
5ttgen: Changing back to original directory (/gpfs/milgram/pi/gee_dylan/candlab/analyses/shapes/dwi/workflows/csd_flow/_subject_id_sub-A648/seg5tt)
5ttgen: Contents of temporary directory kept, location: /gpfs/milgram/pi/gee_dylan/candlab/analyses/shapes/dwi/workflows/csd_flow/_subject_id_sub-A648/seg5tt/5ttgen-tmp-88G9JD/
Return code: 1

