Source the FSL configuration script using:
     . /gpfs/milgram/apps/hpc.rhel7/software/FSL/6.0.3-centos7_64/etc/fslconf/fsl.sh To use FSLeyes GUI, load the separate FSLeyes module.
Source the FSL configuration script using:
     . /gpfs/milgram/apps/hpc.rhel7/software/FSL/6.0.3-centos7_64/etc/fslconf/fsl.sh To use FSLeyes GUI, load the separate FSLeyes module.
Source the FSL configuration script using:
     . /gpfs/milgram/apps/hpc.rhel7/software/FSL/6.0.3-centos7_64/etc/fslconf/fsl.sh To use FSLeyes GUI, load the separate FSLeyes module.
Source the FSL configuration script using:
     . /gpfs/milgram/apps/hpc.rhel7/software/FSL/6.0.3-centos7_64/etc/fslconf/fsl.sh To use FSLeyes GUI, load the separate FSLeyes module.
210311-18:42:04,391 nipype.utils DEBUG:
	 Running a newer version (1.6.0) of nipy/nipype than available (1.5.1)
210311-18:42:05,238 nipype.workflow DEBUG:
	 (csd_flow.infosource, csd_flow.sf): No edge data
210311-18:42:05,239 nipype.workflow DEBUG:
	 (csd_flow.infosource, csd_flow.sf): new edge data: {'connect': [('subject_id', 'subject_id')]}
210311-18:42:05,239 nipype.workflow DEBUG:
	 (csd_flow.sf, csd_flow.seg5tt): No edge data
210311-18:42:05,239 nipype.workflow DEBUG:
	 (csd_flow.sf, csd_flow.seg5tt): new edge data: {'connect': [('t1', 'in_file')]}
210311-18:42:05,239 nipype.workflow DEBUG:
	 (csd_flow.seg5tt, csd_flow.datasink): No edge data
210311-18:42:05,239 nipype.workflow DEBUG:
	 (csd_flow.seg5tt, csd_flow.datasink): new edge data: {'connect': [('out_file', '5_Tract_Reconstruction')]}
210311-18:42:05,239 nipype.workflow DEBUG:
	 (csd_flow.sf, csd_flow.gradconv): No edge data
210311-18:42:05,239 nipype.workflow DEBUG:
	 (csd_flow.sf, csd_flow.gradconv): new edge data: {'connect': [('dti', 'in_file'), ('bval', 'in_bval'), ('bvec', 'in_bvec')]}
210311-18:42:05,239 nipype.workflow DEBUG:
	 (csd_flow.gradconv, csd_flow.dwiresp): No edge data
210311-18:42:05,239 nipype.workflow DEBUG:
	 (csd_flow.gradconv, csd_flow.dwiresp): new edge data: {'connect': [('out_file', 'in_file')]}
210311-18:42:05,240 nipype.workflow DEBUG:
	 (csd_flow.dwiresp, csd_flow.datasink): No edge data
210311-18:42:05,240 nipype.workflow DEBUG:
	 (csd_flow.dwiresp, csd_flow.datasink): new edge data: {'connect': [('wm_file', '4_Deconvolution.@par'), ('gm_file', '4_Deconvolution.@par.@par'), ('csf_file', '4_Deconvolution.@par.@par.@par')]}
210311-18:42:05,240 nipype.workflow DEBUG:
	 (csd_flow.gradconv, csd_flow.mscsd): No edge data
210311-18:42:05,240 nipype.workflow DEBUG:
	 (csd_flow.gradconv, csd_flow.mscsd): new edge data: {'connect': [('out_file', 'in_file')]}
210311-18:42:05,240 nipype.workflow DEBUG:
	 (csd_flow.dwiresp, csd_flow.mscsd): No edge data
210311-18:42:05,240 nipype.workflow DEBUG:
	 (csd_flow.dwiresp, csd_flow.mscsd): new edge data: {'connect': [('wm_file', 'wm_txt'), ('gm_file', 'gm_txt'), ('csf_file', 'csf_txt')]}
210311-18:42:05,240 nipype.workflow DEBUG:
	 (csd_flow.mscsd, csd_flow.tract): No edge data
210311-18:42:05,240 nipype.workflow DEBUG:
	 (csd_flow.mscsd, csd_flow.tract): new edge data: {'connect': [('wm_odf', 'in_file')]}
210311-18:42:05,240 nipype.workflow DEBUG:
	 (csd_flow.mscsd, csd_flow.datasink): No edge data
210311-18:42:05,240 nipype.workflow DEBUG:
	 (csd_flow.mscsd, csd_flow.datasink): new edge data: {'connect': [('wm_odf', '4_Deconvolution.@par.@par.@par.@par'), ('gm_odf', '4_Deconvolution.@par.@par.@par.@par.@par'), ('csf_odf', '4_Deconvolution.@par.@par.@par.@par.@par.@par')]}
210311-18:42:05,241 nipype.workflow DEBUG:
	 (csd_flow.gradconv, csd_flow.datasink): No edge data
210311-18:42:05,241 nipype.workflow DEBUG:
	 (csd_flow.gradconv, csd_flow.datasink): new edge data: {'connect': [('out_file', '4_Deconvolution.@par.@par.@par.@par.@par.@par.@par')]}
210311-18:42:05,241 nipype.workflow DEBUG:
	 Creating flat graph for workflow: csd_flow
210311-18:42:05,249 nipype.workflow DEBUG:
	 expanding workflow: csd_flow
210311-18:42:05,250 nipype.workflow DEBUG:
	 processing node: csd_flow.infosource
210311-18:42:05,253 nipype.workflow DEBUG:
	 processing node: csd_flow.sf
210311-18:42:05,253 nipype.workflow DEBUG:
	 processing node: csd_flow.gradconv
210311-18:42:05,253 nipype.workflow DEBUG:
	 processing node: csd_flow.dwiresp
210311-18:42:05,254 nipype.workflow DEBUG:
	 processing node: csd_flow.mscsd
210311-18:42:05,254 nipype.workflow DEBUG:
	 processing node: csd_flow.tract
210311-18:42:05,254 nipype.workflow DEBUG:
	 processing node: csd_flow.seg5tt
210311-18:42:05,254 nipype.workflow DEBUG:
	 processing node: csd_flow.datasink
210311-18:42:05,254 nipype.workflow DEBUG:
	 finished expanding workflow: csd_flow
210311-18:42:05,261 nipype.workflow DEBUG:
	 using input graph
210311-18:42:08,710 nipype.workflow DEBUG:
	 creating dot graph
210311-18:42:09,968 nipype.workflow INFO:
	 Generated workflow graph: /gpfs/milgram/project/gee_dylan/candlab/analyses/shapes/dwi/workflows/csd_flow/graph.png (graph2use=flat, simple_form=True).
210311-18:42:10,874 nipype.workflow DEBUG:
	 [MultiProc] Starting (n_procs=4, mem_gb=168.77, cwd=/gpfs/milgram/home/lms233/Github/Diffusion)
210311-18:42:10,926 nipype.workflow DEBUG:
	 Creating flat graph for workflow: csd_flow
210311-18:42:10,933 nipype.workflow DEBUG:
	 expanding workflow: csd_flow
210311-18:42:10,933 nipype.workflow DEBUG:
	 processing node: csd_flow.infosource
210311-18:42:10,934 nipype.workflow DEBUG:
	 processing node: csd_flow.sf
210311-18:42:10,934 nipype.workflow DEBUG:
	 processing node: csd_flow.gradconv
210311-18:42:10,934 nipype.workflow DEBUG:
	 processing node: csd_flow.dwiresp
210311-18:42:10,934 nipype.workflow DEBUG:
	 processing node: csd_flow.mscsd
210311-18:42:10,934 nipype.workflow DEBUG:
	 processing node: csd_flow.tract
210311-18:42:10,934 nipype.workflow DEBUG:
	 processing node: csd_flow.seg5tt
210311-18:42:10,934 nipype.workflow DEBUG:
	 processing node: csd_flow.datasink
210311-18:42:10,934 nipype.workflow DEBUG:
	 finished expanding workflow: csd_flow
210311-18:42:10,935 nipype.workflow INFO:
	 Workflow csd_flow settings: ['check', 'execution', 'logging', 'monitoring']
210311-18:42:10,940 nipype.workflow DEBUG:
	 PE: expanding iterables
210311-18:42:10,942 nipype.workflow DEBUG:
	 Detected iterable nodes [csd_flow.infosource]
210311-18:42:10,942 nipype.workflow DEBUG:
	 Expanding the iterable node csd_flow.infosource...
210311-18:42:10,942 nipype.workflow DEBUG:
	 node: csd_flow.infosource iterables: {'subject_id': <function _standardize_iterables.<locals>.make_field_func.<locals>.<lambda> at 0x2ab994a5a5f0>}
210311-18:42:10,943 nipype.workflow DEBUG:
	 ('subnodes:', [csd_flow.infosource, csd_flow.sf, csd_flow.seg5tt, csd_flow.datasink, csd_flow.gradconv, csd_flow.dwiresp, csd_flow.mscsd, csd_flow.tract])
210311-18:42:10,949 nipype.workflow DEBUG:
	 [Node] infosource - setting input subject_id = sub-A619
210311-18:42:10,949 nipype.workflow DEBUG:
	 Parameterization: paramstr=_subject_id_sub-A619
210311-18:42:10,949 nipype.workflow DEBUG:
	 PE: expanding iterables ... done
210311-18:42:10,950 nipype.workflow DEBUG:
	 [Node] sf - setting input subject_id = sub-A619
210311-18:42:10,950 nipype.workflow DEBUG:
	 Removed the identity node csd_flow.infosource from the graph.
210311-18:42:11,293 nipype.workflow DEBUG:
	 Performing depth first search
210311-18:42:11,311 nipype.workflow INFO:
	 Running in parallel.
210311-18:42:11,314 nipype.workflow DEBUG:
	 Progress: 7 jobs, 0/0/1 (done/running/ready), 0/7 (pending_tasks/waiting).
210311-18:42:11,314 nipype.workflow DEBUG:
	 Tasks currently running: 0. Pending: 0.
210311-18:42:11,315 nipype.workflow INFO:
	 [MultiProc] Running 0 tasks, and 1 jobs ready. Free memory (GB): 168.77/168.77, Free processors: 4/4.
210311-18:42:11,381 nipype.workflow DEBUG:
	 Allocating csd_flow.sf ID=0 (0.20GB, 1 threads). Free: 168.57GB, 3 threads.
210311-18:42:11,381 nipype.workflow DEBUG:
	 [Node] Not cached "/gpfs/milgram/pi/gee_dylan/candlab/analyses/shapes/dwi/workflows/csd_flow/_subject_id_sub-A619/sf".
210311-18:42:11,381 nipype.workflow DEBUG:
	 Checking hash "csd_flow.sf" locally: cached=False, updated=False.
210311-18:42:11,531 nipype.workflow DEBUG:
	 [MultiProc] Submitted task csd_flow.sf (taskid=1).
210311-18:42:11,540 nipype.workflow INFO:
	 [Node] Setting-up "csd_flow.sf" in "/gpfs/milgram/pi/gee_dylan/candlab/analyses/shapes/dwi/workflows/csd_flow/_subject_id_sub-A619/sf".
210311-18:42:11,583 nipype.workflow DEBUG:
	 [Node] Not cached "/gpfs/milgram/pi/gee_dylan/candlab/analyses/shapes/dwi/workflows/csd_flow/_subject_id_sub-A619/sf".
210311-18:42:11,584 nipype.utils DEBUG:
	 Removing contents of /gpfs/milgram/pi/gee_dylan/candlab/analyses/shapes/dwi/workflows/csd_flow/_subject_id_sub-A619/sf
210311-18:42:11,656 nipype.workflow DEBUG:
	 [Node] Writing pre-exec report to "/gpfs/milgram/pi/gee_dylan/candlab/analyses/shapes/dwi/workflows/csd_flow/_subject_id_sub-A619/sf/_report/report.rst"
210311-18:42:11,664 nipype.workflow INFO:
	 [Node] Running "sf" ("nipype.interfaces.io.SelectFiles")
210311-18:42:11,707 nipype.workflow DEBUG:
	 Needed files: /gpfs/milgram/project/gee_dylan/candlab/analyses/shapes/dwi/data/3_Eddy_Corrected/sub-A619/eddy_corrected.nii.gz;/gpfs/milgram/project/gee_dylan/candlab/data/mri/bids_recon/shapes/sub-A619/ses-shapesV1/dwi/sub-A619_ses-shapesV1_dwi.bval;/gpfs/milgram/project/gee_dylan/candlab/analyses/shapes/dwi/data/3_Eddy_Corrected/sub-A619/eddy_corrected.eddy_rotated_bvecs;/gpfs/milgram/project/gee_dylan/candlab/analyses/shapes/dwi/data/1_Check_Unwarped/sub-A619/sub-A619_ses-shapesV1_T1w_flirt_brain.nii.gz;/gpfs/milgram/project/gee_dylan/candlab/atlases/MNI152_T1_2mm_brain.nii.gz;/gpfs/milgram/pi/gee_dylan/candlab/analyses/shapes/dwi/workflows/csd_flow/_subject_id_sub-A619/sf/_0xa8d319914e61fa4efdc4d8d6b5df5565_unfinished.json;/gpfs/milgram/pi/gee_dylan/candlab/analyses/shapes/dwi/workflows/csd_flow/_subject_id_sub-A619/sf/_inputs.pklz;/gpfs/milgram/pi/gee_dylan/candlab/analyses/shapes/dwi/workflows/csd_flow/_subject_id_sub-A619/sf/_node.pklz
210311-18:42:11,707 nipype.workflow DEBUG:
	 Needed dirs: /gpfs/milgram/pi/gee_dylan/candlab/analyses/shapes/dwi/workflows/csd_flow/_subject_id_sub-A619/sf/_report
210311-18:42:11,707 nipype.workflow DEBUG:
	 Removing files: 
210311-18:42:11,708 nipype.workflow DEBUG:
	 Saving results file: '/gpfs/milgram/pi/gee_dylan/candlab/analyses/shapes/dwi/workflows/csd_flow/_subject_id_sub-A619/sf/result_sf.pklz'
210311-18:42:11,714 nipype.workflow DEBUG:
	 [Node] Writing post-exec report to "/gpfs/milgram/pi/gee_dylan/candlab/analyses/shapes/dwi/workflows/csd_flow/_subject_id_sub-A619/sf/_report/report.rst"
210311-18:42:11,716 nipype.workflow INFO:
	 [Node] Finished "csd_flow.sf".
210311-18:42:13,319 nipype.workflow DEBUG:
	 Progress: 7 jobs, 0/1/0 (done/running/ready), 1/6 (pending_tasks/waiting).
210311-18:42:13,319 nipype.workflow INFO:
	 [Job 0] Completed (csd_flow.sf).
210311-18:42:13,321 nipype.workflow DEBUG:
	 Tasks currently running: 0. Pending: 0.
210311-18:42:13,323 nipype.workflow INFO:
	 [MultiProc] Running 0 tasks, and 2 jobs ready. Free memory (GB): 168.77/168.77, Free processors: 4/4.
210311-18:42:13,425 nipype.workflow DEBUG:
	 Allocating csd_flow.gradconv ID=1 (0.20GB, 1 threads). Free: 168.57GB, 3 threads.
210311-18:42:13,430 nipype.workflow DEBUG:
	 [Node] Not cached "/gpfs/milgram/pi/gee_dylan/candlab/analyses/shapes/dwi/workflows/csd_flow/_subject_id_sub-A619/gradconv".
210311-18:42:13,430 nipype.workflow DEBUG:
	 Checking hash "csd_flow.gradconv" locally: cached=False, updated=False.
210311-18:42:13,434 nipype.workflow INFO:
	 [Node] Setting-up "csd_flow.gradconv" in "/gpfs/milgram/pi/gee_dylan/candlab/analyses/shapes/dwi/workflows/csd_flow/_subject_id_sub-A619/gradconv".
210311-18:42:13,435 nipype.workflow DEBUG:
	 [Node] Not cached "/gpfs/milgram/pi/gee_dylan/candlab/analyses/shapes/dwi/workflows/csd_flow/_subject_id_sub-A619/gradconv".
210311-18:42:13,435 nipype.workflow DEBUG:
	 [Node] Setting 3 connected inputs of node "gradconv" from 1 previous nodes.
210311-18:42:13,436 nipype.utils DEBUG:
	 Loading pkl: /gpfs/milgram/pi/gee_dylan/candlab/analyses/shapes/dwi/workflows/csd_flow/_subject_id_sub-A619/sf/result_sf.pklz
210311-18:42:13,440 nipype.workflow DEBUG:
	 Resolving paths in outputs loaded from results file.
210311-18:42:13,440 nipype.workflow DEBUG:
	 output: dti
210311-18:42:13,440 nipype.workflow DEBUG:
	 [Node] gradconv - setting input in_file = /gpfs/milgram/project/gee_dylan/candlab/analyses/shapes/dwi/data/3_Eddy_Corrected/sub-A619/eddy_corrected.nii.gz
210311-18:42:13,440 nipype.workflow DEBUG:
	 output: bval
210311-18:42:13,441 nipype.workflow DEBUG:
	 [Node] gradconv - setting input in_bval = /gpfs/milgram/project/gee_dylan/candlab/data/mri/bids_recon/shapes/sub-A619/ses-shapesV1/dwi/sub-A619_ses-shapesV1_dwi.bval
210311-18:42:13,441 nipype.workflow DEBUG:
	 output: bvec
210311-18:42:13,441 nipype.workflow DEBUG:
	 [Node] gradconv - setting input in_bvec = /gpfs/milgram/project/gee_dylan/candlab/analyses/shapes/dwi/data/3_Eddy_Corrected/sub-A619/eddy_corrected.eddy_rotated_bvecs
210311-18:42:13,442 nipype.utils DEBUG:
	 Removing contents of /gpfs/milgram/pi/gee_dylan/candlab/analyses/shapes/dwi/workflows/csd_flow/_subject_id_sub-A619/gradconv
210311-18:42:13,442 nipype.workflow DEBUG:
	 [MultiProc] Submitted task csd_flow.gradconv (taskid=2).
210311-18:42:13,442 nipype.workflow DEBUG:
	 Allocating csd_flow.seg5tt ID=5 (0.20GB, 1 threads). Free: 168.37GB, 2 threads.
210311-18:42:13,442 nipype.workflow DEBUG:
	 [Node] Not cached "/gpfs/milgram/pi/gee_dylan/candlab/analyses/shapes/dwi/workflows/csd_flow/_subject_id_sub-A619/seg5tt".
210311-18:42:13,442 nipype.workflow DEBUG:
	 Checking hash "csd_flow.seg5tt" locally: cached=False, updated=False.
210311-18:42:13,446 nipype.workflow INFO:
	 [Node] Setting-up "csd_flow.seg5tt" in "/gpfs/milgram/pi/gee_dylan/candlab/analyses/shapes/dwi/workflows/csd_flow/_subject_id_sub-A619/seg5tt".
210311-18:42:13,447 nipype.workflow DEBUG:
	 [Node] Not cached "/gpfs/milgram/pi/gee_dylan/candlab/analyses/shapes/dwi/workflows/csd_flow/_subject_id_sub-A619/seg5tt".
210311-18:42:13,447 nipype.workflow DEBUG:
	 [Node] Setting 1 connected inputs of node "seg5tt" from 1 previous nodes.
210311-18:42:13,448 nipype.utils DEBUG:
	 Loading pkl: /gpfs/milgram/pi/gee_dylan/candlab/analyses/shapes/dwi/workflows/csd_flow/_subject_id_sub-A619/sf/result_sf.pklz
210311-18:42:13,452 nipype.workflow DEBUG:
	 Resolving paths in outputs loaded from results file.
210311-18:42:13,452 nipype.workflow DEBUG:
	 output: t1
210311-18:42:13,452 nipype.workflow DEBUG:
	 [Node] seg5tt - setting input in_file = /gpfs/milgram/project/gee_dylan/candlab/analyses/shapes/dwi/data/1_Check_Unwarped/sub-A619/sub-A619_ses-shapesV1_T1w_flirt_brain.nii.gz
210311-18:42:13,453 nipype.utils DEBUG:
	 Removing contents of /gpfs/milgram/pi/gee_dylan/candlab/analyses/shapes/dwi/workflows/csd_flow/_subject_id_sub-A619/seg5tt
210311-18:42:13,453 nipype.workflow DEBUG:
	 [MultiProc] Submitted task csd_flow.seg5tt (taskid=3).
210311-18:42:13,472 nipype.workflow DEBUG:
	 [Node] Writing pre-exec report to "/gpfs/milgram/pi/gee_dylan/candlab/analyses/shapes/dwi/workflows/csd_flow/_subject_id_sub-A619/gradconv/_report/report.rst"
210311-18:42:13,472 nipype.workflow DEBUG:
	 [Node] Writing pre-exec report to "/gpfs/milgram/pi/gee_dylan/candlab/analyses/shapes/dwi/workflows/csd_flow/_subject_id_sub-A619/seg5tt/_report/report.rst"
210311-18:42:13,478 nipype.interface DEBUG:
	 algorithm_fsl
210311-18:42:13,478 nipype.interface DEBUG:
	 in_file_/gpfs/milgram/project/gee_dylan/candlab/analyses/shapes/dwi/data/1_Check_Unwarped/sub-A619/sub-A619_ses-shapesV1_T1w_flirt_brain.nii.gz
210311-18:42:13,478 nipype.interface DEBUG:
	 out_file_T1s_5tt_segmented.nii.gz
210311-18:42:13,478 nipype.workflow INFO:
	 [Node] Running "seg5tt" ("nipype.interfaces.mrtrix3.utils.Generate5tt"), a CommandLine Interface with command:
5ttgen fsl /gpfs/milgram/project/gee_dylan/candlab/analyses/shapes/dwi/data/1_Check_Unwarped/sub-A619/sub-A619_ses-shapesV1_T1w_flirt_brain.nii.gz T1s_5tt_segmented.nii.gz
210311-18:42:13,480 nipype.interface DEBUG:
	 algorithm_fsl
210311-18:42:13,480 nipype.interface DEBUG:
	 in_file_/gpfs/milgram/project/gee_dylan/candlab/analyses/shapes/dwi/data/1_Check_Unwarped/sub-A619/sub-A619_ses-shapesV1_T1w_flirt_brain.nii.gz
210311-18:42:13,480 nipype.interface DEBUG:
	 out_file_T1s_5tt_segmented.nii.gz
210311-18:42:13,483 nipype.interface DEBUG:
	 in_file_/gpfs/milgram/project/gee_dylan/candlab/analyses/shapes/dwi/data/3_Eddy_Corrected/sub-A619/eddy_corrected.nii.gz
210311-18:42:13,483 nipype.interface DEBUG:
	 out_file_dwi.mif
210311-18:42:13,485 nipype.workflow INFO:
	 [Node] Running "gradconv" ("nipype.interfaces.mrtrix3.utils.MRConvert"), a CommandLine Interface with command:
mrconvert -fslgrad /gpfs/milgram/project/gee_dylan/candlab/analyses/shapes/dwi/data/3_Eddy_Corrected/sub-A619/eddy_corrected.eddy_rotated_bvecs /gpfs/milgram/project/gee_dylan/candlab/data/mri/bids_recon/shapes/sub-A619/ses-shapesV1/dwi/sub-A619_ses-shapesV1_dwi.bval /gpfs/milgram/project/gee_dylan/candlab/analyses/shapes/dwi/data/3_Eddy_Corrected/sub-A619/eddy_corrected.nii.gz dwi.mif
210311-18:42:13,486 nipype.interface DEBUG:
	 in_file_/gpfs/milgram/project/gee_dylan/candlab/analyses/shapes/dwi/data/3_Eddy_Corrected/sub-A619/eddy_corrected.nii.gz
210311-18:42:13,486 nipype.interface DEBUG:
	 out_file_dwi.mif
210311-18:42:15,318 nipype.workflow DEBUG:
	 Progress: 7 jobs, 1/2/0 (done/running/ready), 2/4 (pending_tasks/waiting).
210311-18:42:15,318 nipype.workflow DEBUG:
	 Tasks currently running: 2. Pending: 2.
210311-18:42:15,318 nipype.workflow INFO:
	 [MultiProc] Running 2 tasks, and 0 jobs ready. Free memory (GB): 168.37/168.77, Free processors: 2/4.
                     Currently running:
                       * csd_flow.seg5tt
                       * csd_flow.gradconv
210311-18:42:26,819 nipype.workflow DEBUG:
	 Needed files: /gpfs/milgram/pi/gee_dylan/candlab/analyses/shapes/dwi/workflows/csd_flow/_subject_id_sub-A619/gradconv/dwi.mif;/gpfs/milgram/project/gee_dylan/candlab/data/mri/bids_recon/shapes/sub-A619/ses-shapesV1/dwi/sub-A619_ses-shapesV1_dwi.bval;/gpfs/milgram/project/gee_dylan/candlab/analyses/shapes/dwi/data/3_Eddy_Corrected/sub-A619/eddy_corrected.eddy_rotated_bvecs;/gpfs/milgram/project/gee_dylan/candlab/analyses/shapes/dwi/data/3_Eddy_Corrected/sub-A619/eddy_corrected.nii.gz;/gpfs/milgram/pi/gee_dylan/candlab/analyses/shapes/dwi/workflows/csd_flow/_subject_id_sub-A619/gradconv/_0x153931cf62232bd9da847969b7df9abb_unfinished.json;/gpfs/milgram/pi/gee_dylan/candlab/analyses/shapes/dwi/workflows/csd_flow/_subject_id_sub-A619/gradconv/command.txt;/gpfs/milgram/pi/gee_dylan/candlab/analyses/shapes/dwi/workflows/csd_flow/_subject_id_sub-A619/gradconv/_inputs.pklz;/gpfs/milgram/pi/gee_dylan/candlab/analyses/shapes/dwi/workflows/csd_flow/_subject_id_sub-A619/gradconv/_node.pklz
210311-18:42:27,97 nipype.workflow DEBUG:
	 Needed dirs: /gpfs/milgram/pi/gee_dylan/candlab/analyses/shapes/dwi/workflows/csd_flow/_subject_id_sub-A619/gradconv/_report
210311-18:42:27,97 nipype.workflow DEBUG:
	 Removing files: 
210311-18:42:27,97 nipype.workflow DEBUG:
	 Saving results file: '/gpfs/milgram/pi/gee_dylan/candlab/analyses/shapes/dwi/workflows/csd_flow/_subject_id_sub-A619/gradconv/result_gradconv.pklz'
210311-18:42:27,787 nipype.workflow DEBUG:
	 [Node] Writing post-exec report to "/gpfs/milgram/pi/gee_dylan/candlab/analyses/shapes/dwi/workflows/csd_flow/_subject_id_sub-A619/gradconv/_report/report.rst"
210311-18:42:27,788 nipype.workflow INFO:
	 [Node] Finished "csd_flow.gradconv".
210311-18:42:29,324 nipype.workflow INFO:
	 [Job 1] Completed (csd_flow.gradconv).
210311-18:42:29,324 nipype.workflow DEBUG:
	 Tasks currently running: 1. Pending: 1.
210311-18:42:29,325 nipype.workflow INFO:
	 [MultiProc] Running 1 tasks, and 1 jobs ready. Free memory (GB): 168.57/168.77, Free processors: 3/4.
                     Currently running:
                       * csd_flow.seg5tt
210311-18:42:29,417 nipype.workflow DEBUG:
	 Allocating csd_flow.dwiresp ID=2 (0.20GB, 1 threads). Free: 168.37GB, 2 threads.
210311-18:42:29,417 nipype.workflow DEBUG:
	 [Node] Not cached "/gpfs/milgram/pi/gee_dylan/candlab/analyses/shapes/dwi/workflows/csd_flow/_subject_id_sub-A619/dwiresp".
210311-18:42:29,417 nipype.workflow DEBUG:
	 Checking hash "csd_flow.dwiresp" locally: cached=False, updated=False.
210311-18:42:29,419 nipype.workflow INFO:
	 [Node] Setting-up "csd_flow.dwiresp" in "/gpfs/milgram/pi/gee_dylan/candlab/analyses/shapes/dwi/workflows/csd_flow/_subject_id_sub-A619/dwiresp".
210311-18:42:29,420 nipype.workflow DEBUG:
	 [Node] Not cached "/gpfs/milgram/pi/gee_dylan/candlab/analyses/shapes/dwi/workflows/csd_flow/_subject_id_sub-A619/dwiresp".
210311-18:42:29,420 nipype.workflow DEBUG:
	 [Node] Setting 1 connected inputs of node "dwiresp" from 1 previous nodes.
210311-18:42:29,420 nipype.utils DEBUG:
	 Loading pkl: /gpfs/milgram/pi/gee_dylan/candlab/analyses/shapes/dwi/workflows/csd_flow/_subject_id_sub-A619/gradconv/result_gradconv.pklz
210311-18:42:29,421 nipype.workflow DEBUG:
	 Resolving paths in outputs loaded from results file.
210311-18:42:29,422 nipype.workflow DEBUG:
	 output: out_file
210311-18:42:29,422 nipype.workflow DEBUG:
	 [Node] dwiresp - setting input in_file = /gpfs/milgram/pi/gee_dylan/candlab/analyses/shapes/dwi/workflows/csd_flow/_subject_id_sub-A619/gradconv/dwi.mif
210311-18:42:29,422 nipype.utils DEBUG:
	 Removing contents of /gpfs/milgram/pi/gee_dylan/candlab/analyses/shapes/dwi/workflows/csd_flow/_subject_id_sub-A619/dwiresp
210311-18:42:29,424 nipype.workflow DEBUG:
	 [Node] Writing pre-exec report to "/gpfs/milgram/pi/gee_dylan/candlab/analyses/shapes/dwi/workflows/csd_flow/_subject_id_sub-A619/dwiresp/_report/report.rst"
210311-18:42:29,427 nipype.interface DEBUG:
	 algorithm_dhollander
210311-18:42:29,427 nipype.interface DEBUG:
	 csf_file_csf_response.txt
210311-18:42:29,427 nipype.interface DEBUG:
	 gm_file_gm_response.txt
210311-18:42:29,427 nipype.interface DEBUG:
	 in_file_/gpfs/milgram/pi/gee_dylan/candlab/analyses/shapes/dwi/workflows/csd_flow/_subject_id_sub-A619/gradconv/dwi.mif
210311-18:42:29,427 nipype.interface DEBUG:
	 max_sh_[0, 2, 4, 4, 8]
210311-18:42:29,427 nipype.interface DEBUG:
	 wm_file_wm_response.txt
210311-18:42:29,428 nipype.workflow INFO:
	 [Node] Running "dwiresp" ("nipype.interfaces.mrtrix3.preprocess.ResponseSD"), a CommandLine Interface with command:
dwi2response dhollander -lmax 0,2,4,4,8 /gpfs/milgram/pi/gee_dylan/candlab/analyses/shapes/dwi/workflows/csd_flow/_subject_id_sub-A619/gradconv/dwi.mif wm_response.txt gm_response.txt csf_response.txt
210311-18:42:29,429 nipype.interface DEBUG:
	 algorithm_dhollander
210311-18:42:29,429 nipype.interface DEBUG:
	 csf_file_csf_response.txt
210311-18:42:29,429 nipype.interface DEBUG:
	 gm_file_gm_response.txt
210311-18:42:29,429 nipype.interface DEBUG:
	 in_file_/gpfs/milgram/pi/gee_dylan/candlab/analyses/shapes/dwi/workflows/csd_flow/_subject_id_sub-A619/gradconv/dwi.mif
210311-18:42:29,429 nipype.interface DEBUG:
	 max_sh_[0, 2, 4, 4, 8]
210311-18:42:29,429 nipype.interface DEBUG:
	 wm_file_wm_response.txt
210311-18:42:29,442 nipype.workflow DEBUG:
	 [MultiProc] Submitted task csd_flow.dwiresp (taskid=4).
210311-18:42:31,325 nipype.workflow DEBUG:
	 Progress: 7 jobs, 2/2/0 (done/running/ready), 2/3 (pending_tasks/waiting).
210311-18:42:31,335 nipype.workflow DEBUG:
	 Tasks currently running: 2. Pending: 2.
210311-18:42:31,346 nipype.workflow INFO:
	 [MultiProc] Running 2 tasks, and 0 jobs ready. Free memory (GB): 168.37/168.77, Free processors: 2/4.
                     Currently running:
                       * csd_flow.dwiresp
                       * csd_flow.seg5tt
210311-18:47:05,689 nipype.workflow DEBUG:
	 Needed files: /gpfs/milgram/pi/gee_dylan/candlab/analyses/shapes/dwi/workflows/csd_flow/_subject_id_sub-A619/dwiresp/wm_response.txt;/gpfs/milgram/pi/gee_dylan/candlab/analyses/shapes/dwi/workflows/csd_flow/_subject_id_sub-A619/dwiresp/gm_response.txt;/gpfs/milgram/pi/gee_dylan/candlab/analyses/shapes/dwi/workflows/csd_flow/_subject_id_sub-A619/dwiresp/csf_response.txt;/gpfs/milgram/pi/gee_dylan/candlab/analyses/shapes/dwi/workflows/csd_flow/_subject_id_sub-A619/gradconv/dwi.mif;/gpfs/milgram/pi/gee_dylan/candlab/analyses/shapes/dwi/workflows/csd_flow/_subject_id_sub-A619/dwiresp/_0x5d70486f2b6cfc379c6afbd4e55b96b9_unfinished.json;/gpfs/milgram/pi/gee_dylan/candlab/analyses/shapes/dwi/workflows/csd_flow/_subject_id_sub-A619/dwiresp/command.txt;/gpfs/milgram/pi/gee_dylan/candlab/analyses/shapes/dwi/workflows/csd_flow/_subject_id_sub-A619/dwiresp/_inputs.pklz;/gpfs/milgram/pi/gee_dylan/candlab/analyses/shapes/dwi/workflows/csd_flow/_subject_id_sub-A619/dwiresp/_node.pklz
210311-18:47:05,690 nipype.workflow DEBUG:
	 Needed dirs: /gpfs/milgram/pi/gee_dylan/candlab/analyses/shapes/dwi/workflows/csd_flow/_subject_id_sub-A619/dwiresp/_report
210311-18:47:05,690 nipype.workflow DEBUG:
	 Removing files: 
210311-18:47:05,690 nipype.workflow DEBUG:
	 Saving results file: '/gpfs/milgram/pi/gee_dylan/candlab/analyses/shapes/dwi/workflows/csd_flow/_subject_id_sub-A619/dwiresp/result_dwiresp.pklz'
210311-18:47:05,694 nipype.workflow DEBUG:
	 [Node] Writing post-exec report to "/gpfs/milgram/pi/gee_dylan/candlab/analyses/shapes/dwi/workflows/csd_flow/_subject_id_sub-A619/dwiresp/_report/report.rst"
210311-18:47:05,695 nipype.workflow INFO:
	 [Node] Finished "csd_flow.dwiresp".
210311-18:47:07,516 nipype.workflow INFO:
	 [Job 2] Completed (csd_flow.dwiresp).
210311-18:47:07,516 nipype.workflow DEBUG:
	 Tasks currently running: 1. Pending: 1.
210311-18:47:07,517 nipype.workflow INFO:
	 [MultiProc] Running 1 tasks, and 1 jobs ready. Free memory (GB): 168.57/168.77, Free processors: 3/4.
                     Currently running:
                       * csd_flow.seg5tt
210311-18:47:07,620 nipype.workflow DEBUG:
	 Allocating csd_flow.mscsd ID=3 (0.20GB, 1 threads). Free: 168.37GB, 2 threads.
210311-18:47:07,620 nipype.workflow DEBUG:
	 [Node] Not cached "/gpfs/milgram/pi/gee_dylan/candlab/analyses/shapes/dwi/workflows/csd_flow/_subject_id_sub-A619/mscsd".
210311-18:47:07,620 nipype.workflow DEBUG:
	 Checking hash "csd_flow.mscsd" locally: cached=False, updated=False.
210311-18:47:07,621 nipype.workflow INFO:
	 [Node] Setting-up "csd_flow.mscsd" in "/gpfs/milgram/pi/gee_dylan/candlab/analyses/shapes/dwi/workflows/csd_flow/_subject_id_sub-A619/mscsd".
210311-18:47:07,622 nipype.workflow DEBUG:
	 [Node] Not cached "/gpfs/milgram/pi/gee_dylan/candlab/analyses/shapes/dwi/workflows/csd_flow/_subject_id_sub-A619/mscsd".
210311-18:47:07,622 nipype.workflow DEBUG:
	 [Node] Setting 4 connected inputs of node "mscsd" from 2 previous nodes.
210311-18:47:07,622 nipype.utils DEBUG:
	 Loading pkl: /gpfs/milgram/pi/gee_dylan/candlab/analyses/shapes/dwi/workflows/csd_flow/_subject_id_sub-A619/gradconv/result_gradconv.pklz
210311-18:47:07,622 nipype.workflow DEBUG:
	 [MultiProc] Submitted task csd_flow.mscsd (taskid=5).
210311-18:47:07,630 nipype.workflow DEBUG:
	 Resolving paths in outputs loaded from results file.
210311-18:47:07,630 nipype.workflow DEBUG:
	 output: out_file
210311-18:47:07,630 nipype.workflow DEBUG:
	 [Node] mscsd - setting input in_file = /gpfs/milgram/pi/gee_dylan/candlab/analyses/shapes/dwi/workflows/csd_flow/_subject_id_sub-A619/gradconv/dwi.mif
210311-18:47:07,630 nipype.utils DEBUG:
	 Loading pkl: /gpfs/milgram/pi/gee_dylan/candlab/analyses/shapes/dwi/workflows/csd_flow/_subject_id_sub-A619/dwiresp/result_dwiresp.pklz
210311-18:47:07,631 nipype.workflow DEBUG:
	 Resolving paths in outputs loaded from results file.
210311-18:47:07,631 nipype.workflow DEBUG:
	 output: wm_file
210311-18:47:07,631 nipype.workflow DEBUG:
	 [Node] mscsd - setting input wm_txt = /gpfs/milgram/pi/gee_dylan/candlab/analyses/shapes/dwi/workflows/csd_flow/_subject_id_sub-A619/dwiresp/wm_response.txt
210311-18:47:07,631 nipype.workflow DEBUG:
	 output: gm_file
210311-18:47:07,631 nipype.workflow DEBUG:
	 [Node] mscsd - setting input gm_txt = /gpfs/milgram/pi/gee_dylan/candlab/analyses/shapes/dwi/workflows/csd_flow/_subject_id_sub-A619/dwiresp/gm_response.txt
210311-18:47:07,631 nipype.workflow DEBUG:
	 output: csf_file
210311-18:47:07,631 nipype.workflow DEBUG:
	 [Node] mscsd - setting input csf_txt = /gpfs/milgram/pi/gee_dylan/candlab/analyses/shapes/dwi/workflows/csd_flow/_subject_id_sub-A619/dwiresp/csf_response.txt
210311-18:47:07,632 nipype.utils DEBUG:
	 Removing contents of /gpfs/milgram/pi/gee_dylan/candlab/analyses/shapes/dwi/workflows/csd_flow/_subject_id_sub-A619/mscsd
210311-18:47:07,635 nipype.workflow DEBUG:
	 [Node] Writing pre-exec report to "/gpfs/milgram/pi/gee_dylan/candlab/analyses/shapes/dwi/workflows/csd_flow/_subject_id_sub-A619/mscsd/_report/report.rst"
210311-18:47:07,656 nipype.interface DEBUG:
	 algorithm_msmt_csd
210311-18:47:07,656 nipype.interface DEBUG:
	 bval_scale_yes
210311-18:47:07,656 nipype.interface DEBUG:
	 csf_odf_csf.mif
210311-18:47:07,656 nipype.interface DEBUG:
	 csf_txt_/gpfs/milgram/pi/gee_dylan/candlab/analyses/shapes/dwi/workflows/csd_flow/_subject_id_sub-A619/dwiresp/csf_response.txt
210311-18:47:07,656 nipype.interface DEBUG:
	 gm_odf_gm.mif
210311-18:47:07,656 nipype.interface DEBUG:
	 gm_txt_/gpfs/milgram/pi/gee_dylan/candlab/analyses/shapes/dwi/workflows/csd_flow/_subject_id_sub-A619/dwiresp/gm_response.txt
210311-18:47:07,656 nipype.interface DEBUG:
	 in_file_/gpfs/milgram/pi/gee_dylan/candlab/analyses/shapes/dwi/workflows/csd_flow/_subject_id_sub-A619/gradconv/dwi.mif
210311-18:47:07,656 nipype.interface DEBUG:
	 max_sh_[8, 8, 8]
210311-18:47:07,656 nipype.interface DEBUG:
	 wm_odf_wm.mif
210311-18:47:07,656 nipype.interface DEBUG:
	 wm_txt_/gpfs/milgram/pi/gee_dylan/candlab/analyses/shapes/dwi/workflows/csd_flow/_subject_id_sub-A619/dwiresp/wm_response.txt
210311-18:47:07,656 nipype.workflow INFO:
	 [Node] Running "mscsd" ("nipype.interfaces.mrtrix3.reconst.EstimateFOD"), a CommandLine Interface with command:
dwi2fod -bvalue_scaling yes -lmax 8,8,8 msmt_csd /gpfs/milgram/pi/gee_dylan/candlab/analyses/shapes/dwi/workflows/csd_flow/_subject_id_sub-A619/gradconv/dwi.mif /gpfs/milgram/pi/gee_dylan/candlab/analyses/shapes/dwi/workflows/csd_flow/_subject_id_sub-A619/dwiresp/wm_response.txt wm.mif /gpfs/milgram/pi/gee_dylan/candlab/analyses/shapes/dwi/workflows/csd_flow/_subject_id_sub-A619/dwiresp/gm_response.txt gm.mif /gpfs/milgram/pi/gee_dylan/candlab/analyses/shapes/dwi/workflows/csd_flow/_subject_id_sub-A619/dwiresp/csf_response.txt csf.mif
210311-18:47:07,658 nipype.interface DEBUG:
	 algorithm_msmt_csd
210311-18:47:07,658 nipype.interface DEBUG:
	 bval_scale_yes
210311-18:47:07,658 nipype.interface DEBUG:
	 csf_odf_csf.mif
210311-18:47:07,658 nipype.interface DEBUG:
	 csf_txt_/gpfs/milgram/pi/gee_dylan/candlab/analyses/shapes/dwi/workflows/csd_flow/_subject_id_sub-A619/dwiresp/csf_response.txt
210311-18:47:07,658 nipype.interface DEBUG:
	 gm_odf_gm.mif
210311-18:47:07,658 nipype.interface DEBUG:
	 gm_txt_/gpfs/milgram/pi/gee_dylan/candlab/analyses/shapes/dwi/workflows/csd_flow/_subject_id_sub-A619/dwiresp/gm_response.txt
210311-18:47:07,658 nipype.interface DEBUG:
	 in_file_/gpfs/milgram/pi/gee_dylan/candlab/analyses/shapes/dwi/workflows/csd_flow/_subject_id_sub-A619/gradconv/dwi.mif
210311-18:47:07,658 nipype.interface DEBUG:
	 max_sh_[8, 8, 8]
210311-18:47:07,658 nipype.interface DEBUG:
	 wm_odf_wm.mif
210311-18:47:07,658 nipype.interface DEBUG:
	 wm_txt_/gpfs/milgram/pi/gee_dylan/candlab/analyses/shapes/dwi/workflows/csd_flow/_subject_id_sub-A619/dwiresp/wm_response.txt
210311-18:47:09,517 nipype.workflow DEBUG:
	 Progress: 7 jobs, 3/2/0 (done/running/ready), 2/2 (pending_tasks/waiting).
210311-18:47:09,517 nipype.workflow DEBUG:
	 Tasks currently running: 2. Pending: 2.
210311-18:47:09,517 nipype.workflow INFO:
	 [MultiProc] Running 2 tasks, and 0 jobs ready. Free memory (GB): 168.37/168.77, Free processors: 2/4.
                     Currently running:
                       * csd_flow.mscsd
                       * csd_flow.seg5tt
