Source the FSL configuration script using:
     . /gpfs/milgram/apps/hpc.rhel7/software/FSL/6.0.1-centos7_64/etc/fslconf/fsl.sh
191120-09:52:19,980 nipype.workflow INFO:
	 Generated workflow graph: /gpfs/milgram/project/gee_dylan/candlab/analyses/shapes/dwi/workflows/eddy_flow/graph.png (graph2use=flat, simple_form=True).
191120-09:52:21,543 nipype.workflow INFO:
	 Workflow eddy_flow settings: ['check', 'execution', 'logging', 'monitoring']
191120-09:52:22,49 nipype.workflow INFO:
	 Running in parallel.
191120-09:52:22,58 nipype.workflow INFO:
	 [MultiProc] Running 0 tasks, and 27 jobs ready. Free memory (GB): 338.91/338.91, Free processors: 4/4.
191120-09:52:22,144 nipype.workflow INFO:
	 [Node] Setting-up "eddy_flow.sf" in "/gpfs/milgram/project/gee_dylan/candlab/analyses/shapes/dwi/workflows/eddy_flow/_subject_id_sub-A733/sf".
191120-09:52:22,149 nipype.workflow INFO:
	 [Node] Setting-up "eddy_flow.sf" in "/gpfs/milgram/project/gee_dylan/candlab/analyses/shapes/dwi/workflows/eddy_flow/_subject_id_sub-A730/sf".
191120-09:52:22,161 nipype.workflow INFO:
	 [Node] Setting-up "eddy_flow.sf" in "/gpfs/milgram/project/gee_dylan/candlab/analyses/shapes/dwi/workflows/eddy_flow/_subject_id_sub-A726/sf".
191120-09:52:22,168 nipype.workflow INFO:
	 [Node] Setting-up "eddy_flow.sf" in "/gpfs/milgram/project/gee_dylan/candlab/analyses/shapes/dwi/workflows/eddy_flow/_subject_id_sub-A724/sf".
191120-09:52:22,192 nipype.workflow INFO:
	 [Node] Running "sf" ("nipype.interfaces.io.SelectFiles")
191120-09:52:22,212 nipype.workflow INFO:
	 [Node] Running "sf" ("nipype.interfaces.io.SelectFiles")
191120-09:52:22,221 nipype.workflow INFO:
	 [Node] Running "sf" ("nipype.interfaces.io.SelectFiles")
191120-09:52:22,237 nipype.workflow INFO:
	 [Node] Finished "eddy_flow.sf".
191120-09:52:22,275 nipype.workflow INFO:
	 [Node] Finished "eddy_flow.sf".
191120-09:52:22,279 nipype.workflow INFO:
	 [Node] Finished "eddy_flow.sf".
191120-09:52:22,301 nipype.workflow INFO:
	 [Node] Running "sf" ("nipype.interfaces.io.SelectFiles")
191120-09:52:22,325 nipype.workflow INFO:
	 [Node] Finished "eddy_flow.sf".
191120-09:52:24,60 nipype.workflow INFO:
	 [Job 0] Completed (eddy_flow.sf).
191120-09:52:24,70 nipype.workflow INFO:
	 [Job 6] Completed (eddy_flow.sf).
191120-09:52:24,72 nipype.workflow INFO:
	 [Job 12] Completed (eddy_flow.sf).
191120-09:52:24,73 nipype.workflow INFO:
	 [Job 18] Completed (eddy_flow.sf).
191120-09:52:24,77 nipype.workflow INFO:
	 [MultiProc] Running 0 tasks, and 27 jobs ready. Free memory (GB): 338.91/338.91, Free processors: 4/4.
191120-09:52:24,141 nipype.workflow INFO:
	 [Job 1] Cached (eddy_flow.fslroi).
191120-09:52:24,146 nipype.workflow INFO:
	 [Job 7] Cached (eddy_flow.fslroi).
191120-09:52:24,153 nipype.workflow INFO:
	 [Job 13] Cached (eddy_flow.fslroi).
191120-09:52:24,158 nipype.workflow INFO:
	 [Job 19] Cached (eddy_flow.fslroi).
191120-09:52:26,109 nipype.workflow INFO:
	 [Job 2] Cached (eddy_flow.stripb0).
191120-09:52:26,118 nipype.workflow INFO:
	 [Job 8] Cached (eddy_flow.stripb0).
191120-09:52:26,147 nipype.workflow INFO:
	 [Job 14] Cached (eddy_flow.stripb0).
191120-09:52:26,158 nipype.workflow INFO:
	 [Job 20] Cached (eddy_flow.stripb0).
191120-09:52:28,132 nipype.workflow INFO:
	 [Job 3] Cached (eddy_flow.eddy).
191120-09:52:28,187 nipype.workflow INFO:
	 [Job 9] Cached (eddy_flow.eddy).
191120-09:52:28,198 nipype.workflow INFO:
	 [Job 15] Cached (eddy_flow.eddy).
191120-09:52:28,209 nipype.workflow INFO:
	 [Job 21] Cached (eddy_flow.eddy).
191120-09:52:30,122 nipype.workflow INFO:
	 [Job 4] Cached (eddy_flow.resample).
191120-09:52:30,149 nipype.workflow INFO:
	 [Job 10] Cached (eddy_flow.resample).
191120-09:52:30,163 nipype.workflow INFO:
	 [Job 16] Cached (eddy_flow.resample).
191120-09:52:30,187 nipype.workflow INFO:
	 [Job 22] Cached (eddy_flow.resample).
191120-09:52:32,136 nipype.workflow INFO:
	 [Node] Setting-up "eddy_flow.datasink" in "/gpfs/milgram/project/gee_dylan/candlab/analyses/shapes/dwi/workflows/eddy_flow/_subject_id_sub-A733/datasink".
191120-09:52:32,164 nipype.workflow INFO:
	 [Node] Setting-up "eddy_flow.datasink" in "/gpfs/milgram/project/gee_dylan/candlab/analyses/shapes/dwi/workflows/eddy_flow/_subject_id_sub-A730/datasink".
191120-09:52:32,195 nipype.workflow INFO:
	 [Node] Setting-up "eddy_flow.datasink" in "/gpfs/milgram/project/gee_dylan/candlab/analyses/shapes/dwi/workflows/eddy_flow/_subject_id_sub-A726/datasink".
191120-09:52:32,207 nipype.workflow INFO:
	 [Node] Running "datasink" ("nipype.interfaces.io.DataSink")
191120-09:52:32,209 nipype.interface INFO:
	 sub: /gpfs/milgram/project/gee_dylan/candlab/analyses/shapes/dwi/data/3_Eddy_Corrected/_subject_id_sub-A733/b0_img_brain_mask.nii.gz -> /gpfs/milgram/project/gee_dylan/candlab/analyses/shapes/dwi/data/3_Eddy_Corrected/sub-A733/b0_img_brain_mask.nii.gz
191120-09:52:32,213 nipype.interface INFO:
	 sub: /gpfs/milgram/project/gee_dylan/candlab/analyses/shapes/dwi/data/3_Eddy_Corrected/_subject_id_sub-A733/eddy_corrected.nii.gz -> /gpfs/milgram/project/gee_dylan/candlab/analyses/shapes/dwi/data/3_Eddy_Corrected/sub-A733/eddy_corrected.nii.gz
191120-09:52:32,214 nipype.interface INFO:
	 sub: /gpfs/milgram/project/gee_dylan/candlab/analyses/shapes/dwi/data/3_Eddy_Corrected/_subject_id_sub-A733/eddy_corrected.eddy_rotated_bvecs -> /gpfs/milgram/project/gee_dylan/candlab/analyses/shapes/dwi/data/3_Eddy_Corrected/sub-A733/eddy_corrected.eddy_rotated_bvecs
191120-09:52:32,214 nipype.interface INFO:
	 sub: /gpfs/milgram/project/gee_dylan/candlab/analyses/shapes/dwi/data/3_Eddy_Corrected/_subject_id_sub-A733/eddy_corrected.eddy_movement_rms -> /gpfs/milgram/project/gee_dylan/candlab/analyses/shapes/dwi/data/3_Eddy_Corrected/sub-A733/eddy_corrected.eddy_movement_rms
191120-09:52:32,214 nipype.interface INFO:
	 sub: /gpfs/milgram/project/gee_dylan/candlab/analyses/shapes/dwi/data/3_Eddy_Corrected/_subject_id_sub-A733/eddy_corrected.eddy_parameters -> /gpfs/milgram/project/gee_dylan/candlab/analyses/shapes/dwi/data/3_Eddy_Corrected/sub-A733/eddy_corrected.eddy_parameters
191120-09:52:32,215 nipype.interface INFO:
	 sub: /gpfs/milgram/project/gee_dylan/candlab/analyses/shapes/dwi/data/3_Eddy_Corrected/_subject_id_sub-A733/eddy_corrected.eddy_restricted_movement_rms -> /gpfs/milgram/project/gee_dylan/candlab/analyses/shapes/dwi/data/3_Eddy_Corrected/sub-A733/eddy_corrected.eddy_restricted_movement_rms
191120-09:52:32,215 nipype.interface INFO:
	 sub: /gpfs/milgram/project/gee_dylan/candlab/analyses/shapes/dwi/data/3_Eddy_Corrected/_subject_id_sub-A733/eddy_corrected.eddy_post_eddy_shell_alignment_parameters -> /gpfs/milgram/project/gee_dylan/candlab/analyses/shapes/dwi/data/3_Eddy_Corrected/sub-A733/eddy_corrected.eddy_post_eddy_shell_alignment_parameters
191120-09:52:32,215 nipype.interface INFO:
	 sub: /gpfs/milgram/project/gee_dylan/candlab/analyses/shapes/dwi/data/3_Eddy_Corrected/_subject_id_sub-A733/eddy_corrected.eddy_cnr_maps.nii.gz -> /gpfs/milgram/project/gee_dylan/candlab/analyses/shapes/dwi/data/3_Eddy_Corrected/sub-A733/eddy_corrected.eddy_cnr_maps.nii.gz
191120-09:52:32,216 nipype.interface INFO:
	 sub: /gpfs/milgram/project/gee_dylan/candlab/analyses/shapes/dwi/data/3_Eddy_Corrected/_subject_id_sub-A733/eddy_corrected.eddy_residuals.nii.gz -> /gpfs/milgram/project/gee_dylan/candlab/analyses/shapes/dwi/data/3_Eddy_Corrected/sub-A733/eddy_corrected.eddy_residuals.nii.gz
191120-09:52:32,216 nipype.interface INFO:
	 sub: /gpfs/milgram/project/gee_dylan/candlab/analyses/shapes/dwi/data/3_Eddy_Corrected/_subject_id_sub-A733/eddy_corrected.eddy_outlier_report -> /gpfs/milgram/project/gee_dylan/candlab/analyses/shapes/dwi/data/3_Eddy_Corrected/sub-A733/eddy_corrected.eddy_outlier_report
191120-09:52:32,216 nipype.interface INFO:
	 sub: /gpfs/milgram/project/gee_dylan/candlab/analyses/shapes/dwi/data/3_Eddy_Corrected/_subject_id_sub-A733/eddy_corrected_resample.nii.gz -> /gpfs/milgram/project/gee_dylan/candlab/analyses/shapes/dwi/data/3_Eddy_Corrected/sub-A733/eddy_corrected_resample.nii.gz
191120-09:52:32,224 nipype.workflow INFO:
	 [Node] Running "datasink" ("nipype.interfaces.io.DataSink")
191120-09:52:32,225 nipype.interface INFO:
	 sub: /gpfs/milgram/project/gee_dylan/candlab/analyses/shapes/dwi/data/3_Eddy_Corrected/_subject_id_sub-A730/b0_img_brain_mask.nii.gz -> /gpfs/milgram/project/gee_dylan/candlab/analyses/shapes/dwi/data/3_Eddy_Corrected/sub-A730/b0_img_brain_mask.nii.gz
191120-09:52:32,227 nipype.interface INFO:
	 sub: /gpfs/milgram/project/gee_dylan/candlab/analyses/shapes/dwi/data/3_Eddy_Corrected/_subject_id_sub-A730/eddy_corrected.nii.gz -> /gpfs/milgram/project/gee_dylan/candlab/analyses/shapes/dwi/data/3_Eddy_Corrected/sub-A730/eddy_corrected.nii.gz
191120-09:52:32,227 nipype.interface INFO:
	 sub: /gpfs/milgram/project/gee_dylan/candlab/analyses/shapes/dwi/data/3_Eddy_Corrected/_subject_id_sub-A730/eddy_corrected.eddy_rotated_bvecs -> /gpfs/milgram/project/gee_dylan/candlab/analyses/shapes/dwi/data/3_Eddy_Corrected/sub-A730/eddy_corrected.eddy_rotated_bvecs
191120-09:52:32,227 nipype.interface INFO:
	 sub: /gpfs/milgram/project/gee_dylan/candlab/analyses/shapes/dwi/data/3_Eddy_Corrected/_subject_id_sub-A730/eddy_corrected.eddy_movement_rms -> /gpfs/milgram/project/gee_dylan/candlab/analyses/shapes/dwi/data/3_Eddy_Corrected/sub-A730/eddy_corrected.eddy_movement_rms
191120-09:52:32,227 nipype.interface INFO:
	 sub: /gpfs/milgram/project/gee_dylan/candlab/analyses/shapes/dwi/data/3_Eddy_Corrected/_subject_id_sub-A730/eddy_corrected.eddy_parameters -> /gpfs/milgram/project/gee_dylan/candlab/analyses/shapes/dwi/data/3_Eddy_Corrected/sub-A730/eddy_corrected.eddy_parameters
191120-09:52:32,228 nipype.interface INFO:
	 sub: /gpfs/milgram/project/gee_dylan/candlab/analyses/shapes/dwi/data/3_Eddy_Corrected/_subject_id_sub-A730/eddy_corrected.eddy_restricted_movement_rms -> /gpfs/milgram/project/gee_dylan/candlab/analyses/shapes/dwi/data/3_Eddy_Corrected/sub-A730/eddy_corrected.eddy_restricted_movement_rms
191120-09:52:32,228 nipype.interface INFO:
	 sub: /gpfs/milgram/project/gee_dylan/candlab/analyses/shapes/dwi/data/3_Eddy_Corrected/_subject_id_sub-A730/eddy_corrected.eddy_post_eddy_shell_alignment_parameters -> /gpfs/milgram/project/gee_dylan/candlab/analyses/shapes/dwi/data/3_Eddy_Corrected/sub-A730/eddy_corrected.eddy_post_eddy_shell_alignment_parameters
191120-09:52:32,228 nipype.interface INFO:
	 sub: /gpfs/milgram/project/gee_dylan/candlab/analyses/shapes/dwi/data/3_Eddy_Corrected/_subject_id_sub-A730/eddy_corrected.eddy_cnr_maps.nii.gz -> /gpfs/milgram/project/gee_dylan/candlab/analyses/shapes/dwi/data/3_Eddy_Corrected/sub-A730/eddy_corrected.eddy_cnr_maps.nii.gz
191120-09:52:32,228 nipype.interface INFO:
	 sub: /gpfs/milgram/project/gee_dylan/candlab/analyses/shapes/dwi/data/3_Eddy_Corrected/_subject_id_sub-A730/eddy_corrected.eddy_residuals.nii.gz -> /gpfs/milgram/project/gee_dylan/candlab/analyses/shapes/dwi/data/3_Eddy_Corrected/sub-A730/eddy_corrected.eddy_residuals.nii.gz
191120-09:52:32,228 nipype.interface INFO:
	 sub: /gpfs/milgram/project/gee_dylan/candlab/analyses/shapes/dwi/data/3_Eddy_Corrected/_subject_id_sub-A730/eddy_corrected.eddy_outlier_report -> /gpfs/milgram/project/gee_dylan/candlab/analyses/shapes/dwi/data/3_Eddy_Corrected/sub-A730/eddy_corrected.eddy_outlier_report
191120-09:52:32,229 nipype.interface INFO:
	 sub: /gpfs/milgram/project/gee_dylan/candlab/analyses/shapes/dwi/data/3_Eddy_Corrected/_subject_id_sub-A730/eddy_corrected_resample.nii.gz -> /gpfs/milgram/project/gee_dylan/candlab/analyses/shapes/dwi/data/3_Eddy_Corrected/sub-A730/eddy_corrected_resample.nii.gz
191120-09:52:32,230 nipype.workflow INFO:
	 [Node] Finished "eddy_flow.datasink".
191120-09:52:32,232 nipype.utils ERROR:
	 No metadata was found in the pkl file. Make sure you are currently using the same Nipype version from the generated pkl.
191120-09:52:32,238 nipype.workflow INFO:
	 [Node] Finished "eddy_flow.datasink".
191120-09:52:32,238 nipype.workflow WARNING:
	 Error while checking node hash, forcing re-run. Although this error may not prevent the workflow from running, it could indicate a major problem. Please report a new issue at https://github.com/nipy/nipype/issues adding the following information:

	Node: eddy_flow.datasink
	Interface: nipype.interfaces.io.DataSink
	Traceback:
Traceback (most recent call last):

  File "/gpfs/milgram/project/gee_dylan/lms233/conda_envs/shapes_dwi/lib/python3.6/site-packages/nipype/pipeline/plugins/base.py", line 337, in _local_hash_check
    cached, updated = self.procs[jobid].is_cached()

  File "/gpfs/milgram/project/gee_dylan/lms233/conda_envs/shapes_dwi/lib/python3.6/site-packages/nipype/pipeline/engine/nodes.py", line 297, in is_cached
    hashed_inputs, hashvalue = self._get_hashval()

  File "/gpfs/milgram/project/gee_dylan/lms233/conda_envs/shapes_dwi/lib/python3.6/site-packages/nipype/pipeline/engine/nodes.py", line 494, in _get_hashval
    self._get_inputs()

  File "/gpfs/milgram/project/gee_dylan/lms233/conda_envs/shapes_dwi/lib/python3.6/site-packages/nipype/pipeline/engine/nodes.py", line 521, in _get_inputs
    outputs = _load_resultfile(results_file)[0].outputs

  File "/gpfs/milgram/project/gee_dylan/lms233/conda_envs/shapes_dwi/lib/python3.6/site-packages/nipype/pipeline/engine/utils.py", line 311, in load_resultfile
    if resolve and result.outputs:

AttributeError: 'NoneType' object has no attribute 'outputs'

191120-09:52:32,241 nipype.workflow INFO:
	 [Node] Setting-up "eddy_flow.datasink" in "/gpfs/milgram/project/gee_dylan/candlab/analyses/shapes/dwi/workflows/eddy_flow/_subject_id_sub-A724/datasink".
191120-09:52:32,260 nipype.workflow INFO:
	 [Node] Running "datasink" ("nipype.interfaces.io.DataSink")
191120-09:52:32,261 nipype.interface INFO:
	 sub: /gpfs/milgram/project/gee_dylan/candlab/analyses/shapes/dwi/data/3_Eddy_Corrected/_subject_id_sub-A726/b0_img_brain_mask.nii.gz -> /gpfs/milgram/project/gee_dylan/candlab/analyses/shapes/dwi/data/3_Eddy_Corrected/sub-A726/b0_img_brain_mask.nii.gz
191120-09:52:32,264 nipype.interface INFO:
	 sub: /gpfs/milgram/project/gee_dylan/candlab/analyses/shapes/dwi/data/3_Eddy_Corrected/_subject_id_sub-A726/eddy_corrected.nii.gz -> /gpfs/milgram/project/gee_dylan/candlab/analyses/shapes/dwi/data/3_Eddy_Corrected/sub-A726/eddy_corrected.nii.gz
191120-09:52:32,264 nipype.interface INFO:
	 sub: /gpfs/milgram/project/gee_dylan/candlab/analyses/shapes/dwi/data/3_Eddy_Corrected/_subject_id_sub-A726/eddy_corrected.eddy_rotated_bvecs -> /gpfs/milgram/project/gee_dylan/candlab/analyses/shapes/dwi/data/3_Eddy_Corrected/sub-A726/eddy_corrected.eddy_rotated_bvecs
191120-09:52:32,264 nipype.interface INFO:
	 sub: /gpfs/milgram/project/gee_dylan/candlab/analyses/shapes/dwi/data/3_Eddy_Corrected/_subject_id_sub-A726/eddy_corrected.eddy_movement_rms -> /gpfs/milgram/project/gee_dylan/candlab/analyses/shapes/dwi/data/3_Eddy_Corrected/sub-A726/eddy_corrected.eddy_movement_rms
191120-09:52:32,264 nipype.interface INFO:
	 sub: /gpfs/milgram/project/gee_dylan/candlab/analyses/shapes/dwi/data/3_Eddy_Corrected/_subject_id_sub-A726/eddy_corrected.eddy_parameters -> /gpfs/milgram/project/gee_dylan/candlab/analyses/shapes/dwi/data/3_Eddy_Corrected/sub-A726/eddy_corrected.eddy_parameters
191120-09:52:32,265 nipype.interface INFO:
	 sub: /gpfs/milgram/project/gee_dylan/candlab/analyses/shapes/dwi/data/3_Eddy_Corrected/_subject_id_sub-A726/eddy_corrected.eddy_restricted_movement_rms -> /gpfs/milgram/project/gee_dylan/candlab/analyses/shapes/dwi/data/3_Eddy_Corrected/sub-A726/eddy_corrected.eddy_restricted_movement_rms
191120-09:52:32,265 nipype.interface INFO:
	 sub: /gpfs/milgram/project/gee_dylan/candlab/analyses/shapes/dwi/data/3_Eddy_Corrected/_subject_id_sub-A726/eddy_corrected.eddy_post_eddy_shell_alignment_parameters -> /gpfs/milgram/project/gee_dylan/candlab/analyses/shapes/dwi/data/3_Eddy_Corrected/sub-A726/eddy_corrected.eddy_post_eddy_shell_alignment_parameters
191120-09:52:32,266 nipype.interface INFO:
	 sub: /gpfs/milgram/project/gee_dylan/candlab/analyses/shapes/dwi/data/3_Eddy_Corrected/_subject_id_sub-A726/eddy_corrected.eddy_cnr_maps.nii.gz -> /gpfs/milgram/project/gee_dylan/candlab/analyses/shapes/dwi/data/3_Eddy_Corrected/sub-A726/eddy_corrected.eddy_cnr_maps.nii.gz
191120-09:52:32,266 nipype.interface INFO:
	 sub: /gpfs/milgram/project/gee_dylan/candlab/analyses/shapes/dwi/data/3_Eddy_Corrected/_subject_id_sub-A726/eddy_corrected.eddy_residuals.nii.gz -> /gpfs/milgram/project/gee_dylan/candlab/analyses/shapes/dwi/data/3_Eddy_Corrected/sub-A726/eddy_corrected.eddy_residuals.nii.gz
191120-09:52:32,266 nipype.interface INFO:
	 sub: /gpfs/milgram/project/gee_dylan/candlab/analyses/shapes/dwi/data/3_Eddy_Corrected/_subject_id_sub-A726/eddy_corrected.eddy_outlier_report -> /gpfs/milgram/project/gee_dylan/candlab/analyses/shapes/dwi/data/3_Eddy_Corrected/sub-A726/eddy_corrected.eddy_outlier_report
191120-09:52:32,266 nipype.interface INFO:
	 sub: /gpfs/milgram/project/gee_dylan/candlab/analyses/shapes/dwi/data/3_Eddy_Corrected/_subject_id_sub-A726/eddy_corrected_resample.nii.gz -> /gpfs/milgram/project/gee_dylan/candlab/analyses/shapes/dwi/data/3_Eddy_Corrected/sub-A726/eddy_corrected_resample.nii.gz
191120-09:52:32,276 nipype.workflow INFO:
	 [Node] Finished "eddy_flow.datasink".
191120-09:52:32,329 nipype.workflow INFO:
	 [Node] Running "datasink" ("nipype.interfaces.io.DataSink")
191120-09:52:32,331 nipype.interface INFO:
	 sub: /gpfs/milgram/project/gee_dylan/candlab/analyses/shapes/dwi/data/3_Eddy_Corrected/_subject_id_sub-A724/b0_img_brain_mask.nii.gz -> /gpfs/milgram/project/gee_dylan/candlab/analyses/shapes/dwi/data/3_Eddy_Corrected/sub-A724/b0_img_brain_mask.nii.gz
191120-09:52:32,333 nipype.interface INFO:
	 sub: /gpfs/milgram/project/gee_dylan/candlab/analyses/shapes/dwi/data/3_Eddy_Corrected/_subject_id_sub-A724/eddy_corrected.nii.gz -> /gpfs/milgram/project/gee_dylan/candlab/analyses/shapes/dwi/data/3_Eddy_Corrected/sub-A724/eddy_corrected.nii.gz
191120-09:52:32,333 nipype.interface INFO:
	 sub: /gpfs/milgram/project/gee_dylan/candlab/analyses/shapes/dwi/data/3_Eddy_Corrected/_subject_id_sub-A724/eddy_corrected.eddy_rotated_bvecs -> /gpfs/milgram/project/gee_dylan/candlab/analyses/shapes/dwi/data/3_Eddy_Corrected/sub-A724/eddy_corrected.eddy_rotated_bvecs
191120-09:52:32,334 nipype.interface INFO:
	 sub: /gpfs/milgram/project/gee_dylan/candlab/analyses/shapes/dwi/data/3_Eddy_Corrected/_subject_id_sub-A724/eddy_corrected.eddy_movement_rms -> /gpfs/milgram/project/gee_dylan/candlab/analyses/shapes/dwi/data/3_Eddy_Corrected/sub-A724/eddy_corrected.eddy_movement_rms
191120-09:52:32,335 nipype.interface INFO:
	 sub: /gpfs/milgram/project/gee_dylan/candlab/analyses/shapes/dwi/data/3_Eddy_Corrected/_subject_id_sub-A724/eddy_corrected.eddy_parameters -> /gpfs/milgram/project/gee_dylan/candlab/analyses/shapes/dwi/data/3_Eddy_Corrected/sub-A724/eddy_corrected.eddy_parameters
191120-09:52:32,335 nipype.interface INFO:
	 sub: /gpfs/milgram/project/gee_dylan/candlab/analyses/shapes/dwi/data/3_Eddy_Corrected/_subject_id_sub-A724/eddy_corrected.eddy_restricted_movement_rms -> /gpfs/milgram/project/gee_dylan/candlab/analyses/shapes/dwi/data/3_Eddy_Corrected/sub-A724/eddy_corrected.eddy_restricted_movement_rms
191120-09:52:32,336 nipype.interface INFO:
	 sub: /gpfs/milgram/project/gee_dylan/candlab/analyses/shapes/dwi/data/3_Eddy_Corrected/_subject_id_sub-A724/eddy_corrected.eddy_post_eddy_shell_alignment_parameters -> /gpfs/milgram/project/gee_dylan/candlab/analyses/shapes/dwi/data/3_Eddy_Corrected/sub-A724/eddy_corrected.eddy_post_eddy_shell_alignment_parameters
191120-09:52:32,336 nipype.interface INFO:
	 sub: /gpfs/milgram/project/gee_dylan/candlab/analyses/shapes/dwi/data/3_Eddy_Corrected/_subject_id_sub-A724/eddy_corrected.eddy_cnr_maps.nii.gz -> /gpfs/milgram/project/gee_dylan/candlab/analyses/shapes/dwi/data/3_Eddy_Corrected/sub-A724/eddy_corrected.eddy_cnr_maps.nii.gz
191120-09:52:32,336 nipype.interface INFO:
	 sub: /gpfs/milgram/project/gee_dylan/candlab/analyses/shapes/dwi/data/3_Eddy_Corrected/_subject_id_sub-A724/eddy_corrected.eddy_residuals.nii.gz -> /gpfs/milgram/project/gee_dylan/candlab/analyses/shapes/dwi/data/3_Eddy_Corrected/sub-A724/eddy_corrected.eddy_residuals.nii.gz
191120-09:52:32,337 nipype.interface INFO:
	 sub: /gpfs/milgram/project/gee_dylan/candlab/analyses/shapes/dwi/data/3_Eddy_Corrected/_subject_id_sub-A724/eddy_corrected.eddy_outlier_report -> /gpfs/milgram/project/gee_dylan/candlab/analyses/shapes/dwi/data/3_Eddy_Corrected/sub-A724/eddy_corrected.eddy_outlier_report
191120-09:52:32,337 nipype.interface INFO:
	 sub: /gpfs/milgram/project/gee_dylan/candlab/analyses/shapes/dwi/data/3_Eddy_Corrected/_subject_id_sub-A724/eddy_corrected_resample.nii.gz -> /gpfs/milgram/project/gee_dylan/candlab/analyses/shapes/dwi/data/3_Eddy_Corrected/sub-A724/eddy_corrected_resample.nii.gz
191120-09:52:32,348 nipype.workflow INFO:
	 [Node] Finished "eddy_flow.datasink".
191120-09:52:34,69 nipype.workflow INFO:
	 [Job 5] Completed (eddy_flow.datasink).
191120-09:52:34,71 nipype.workflow INFO:
	 [Job 11] Completed (eddy_flow.datasink).
191120-09:52:34,71 nipype.workflow INFO:
	 [Job 17] Completed (eddy_flow.datasink).
191120-09:52:34,72 nipype.workflow INFO:
	 [Job 23] Completed (eddy_flow.datasink).
191120-09:52:34,74 nipype.workflow INFO:
	 [MultiProc] Running 0 tasks, and 23 jobs ready. Free memory (GB): 338.91/338.91, Free processors: 4/4.
191120-09:52:34,124 nipype.workflow INFO:
	 [Node] Setting-up "eddy_flow.sf" in "/gpfs/milgram/project/gee_dylan/candlab/analyses/shapes/dwi/workflows/eddy_flow/_subject_id_sub-A723/sf".
191120-09:52:34,129 nipype.workflow INFO:
	 [Node] Setting-up "eddy_flow.sf" in "/gpfs/milgram/project/gee_dylan/candlab/analyses/shapes/dwi/workflows/eddy_flow/_subject_id_sub-A721/sf".
191120-09:52:34,134 nipype.workflow INFO:
	 [Node] Setting-up "eddy_flow.sf" in "/gpfs/milgram/project/gee_dylan/candlab/analyses/shapes/dwi/workflows/eddy_flow/_subject_id_sub-A718/sf".
191120-09:52:34,139 nipype.workflow INFO:
	 [Node] Setting-up "eddy_flow.sf" in "/gpfs/milgram/project/gee_dylan/candlab/analyses/shapes/dwi/workflows/eddy_flow/_subject_id_sub-A717/sf".
191120-09:52:34,180 nipype.workflow INFO:
	 [Node] Running "sf" ("nipype.interfaces.io.SelectFiles")
191120-09:52:34,184 nipype.workflow INFO:
	 [Node] Running "sf" ("nipype.interfaces.io.SelectFiles")
191120-09:52:34,192 nipype.workflow INFO:
	 [Node] Running "sf" ("nipype.interfaces.io.SelectFiles")
191120-09:52:34,196 nipype.workflow INFO:
	 [Node] Running "sf" ("nipype.interfaces.io.SelectFiles")
191120-09:52:34,216 nipype.workflow INFO:
	 [Node] Finished "eddy_flow.sf".
191120-09:52:34,217 nipype.workflow INFO:
	 [Node] Finished "eddy_flow.sf".
191120-09:52:34,219 nipype.workflow INFO:
	 [Node] Finished "eddy_flow.sf".
191120-09:52:34,220 nipype.workflow INFO:
	 [Node] Finished "eddy_flow.sf".
191120-09:52:36,70 nipype.workflow INFO:
	 [Job 24] Completed (eddy_flow.sf).
191120-09:52:36,71 nipype.workflow INFO:
	 [Job 30] Completed (eddy_flow.sf).
191120-09:52:36,72 nipype.workflow INFO:
	 [Job 36] Completed (eddy_flow.sf).
191120-09:52:36,72 nipype.workflow INFO:
	 [Job 42] Completed (eddy_flow.sf).
191120-09:52:36,74 nipype.workflow INFO:
	 [MultiProc] Running 0 tasks, and 23 jobs ready. Free memory (GB): 338.91/338.91, Free processors: 4/4.
191120-09:52:36,133 nipype.workflow INFO:
	 [Job 25] Cached (eddy_flow.fslroi).
191120-09:52:36,140 nipype.workflow INFO:
	 [Job 31] Cached (eddy_flow.fslroi).
191120-09:52:36,145 nipype.workflow INFO:
	 [Job 37] Cached (eddy_flow.fslroi).
191120-09:52:36,164 nipype.workflow INFO:
	 [Job 43] Cached (eddy_flow.fslroi).
191120-09:52:38,124 nipype.workflow INFO:
	 [Job 26] Cached (eddy_flow.stripb0).
191120-09:52:38,147 nipype.workflow INFO:
	 [Job 32] Cached (eddy_flow.stripb0).
191120-09:52:38,168 nipype.workflow INFO:
	 [Job 38] Cached (eddy_flow.stripb0).
191120-09:52:38,177 nipype.workflow INFO:
	 [Job 44] Cached (eddy_flow.stripb0).
191120-09:52:40,126 nipype.workflow INFO:
	 [Job 27] Cached (eddy_flow.eddy).
191120-09:52:40,136 nipype.workflow INFO:
	 [Job 33] Cached (eddy_flow.eddy).
191120-09:52:40,151 nipype.workflow INFO:
	 [Job 39] Cached (eddy_flow.eddy).
191120-09:52:40,165 nipype.workflow INFO:
	 [Job 45] Cached (eddy_flow.eddy).
191120-09:52:42,128 nipype.workflow INFO:
	 [Job 28] Cached (eddy_flow.resample).
191120-09:52:42,143 nipype.workflow INFO:
	 [Job 34] Cached (eddy_flow.resample).
191120-09:52:42,156 nipype.workflow INFO:
	 [Job 40] Cached (eddy_flow.resample).
191120-09:52:42,168 nipype.workflow INFO:
	 [Job 46] Cached (eddy_flow.resample).
191120-09:52:44,140 nipype.workflow INFO:
	 [Node] Setting-up "eddy_flow.datasink" in "/gpfs/milgram/project/gee_dylan/candlab/analyses/shapes/dwi/workflows/eddy_flow/_subject_id_sub-A723/datasink".
191120-09:52:44,167 nipype.workflow INFO:
	 [Node] Setting-up "eddy_flow.datasink" in "/gpfs/milgram/project/gee_dylan/candlab/analyses/shapes/dwi/workflows/eddy_flow/_subject_id_sub-A721/datasink".
191120-09:52:44,184 nipype.workflow INFO:
	 [Node] Running "datasink" ("nipype.interfaces.io.DataSink")
191120-09:52:44,185 nipype.interface INFO:
	 sub: /gpfs/milgram/project/gee_dylan/candlab/analyses/shapes/dwi/data/3_Eddy_Corrected/_subject_id_sub-A723/b0_img_brain_mask.nii.gz -> /gpfs/milgram/project/gee_dylan/candlab/analyses/shapes/dwi/data/3_Eddy_Corrected/sub-A723/b0_img_brain_mask.nii.gz
191120-09:52:44,187 nipype.interface INFO:
	 sub: /gpfs/milgram/project/gee_dylan/candlab/analyses/shapes/dwi/data/3_Eddy_Corrected/_subject_id_sub-A723/eddy_corrected.nii.gz -> /gpfs/milgram/project/gee_dylan/candlab/analyses/shapes/dwi/data/3_Eddy_Corrected/sub-A723/eddy_corrected.nii.gz
191120-09:52:44,187 nipype.interface INFO:
	 sub: /gpfs/milgram/project/gee_dylan/candlab/analyses/shapes/dwi/data/3_Eddy_Corrected/_subject_id_sub-A723/eddy_corrected.eddy_rotated_bvecs -> /gpfs/milgram/project/gee_dylan/candlab/analyses/shapes/dwi/data/3_Eddy_Corrected/sub-A723/eddy_corrected.eddy_rotated_bvecs
191120-09:52:44,187 nipype.interface INFO:
	 sub: /gpfs/milgram/project/gee_dylan/candlab/analyses/shapes/dwi/data/3_Eddy_Corrected/_subject_id_sub-A723/eddy_corrected.eddy_movement_rms -> /gpfs/milgram/project/gee_dylan/candlab/analyses/shapes/dwi/data/3_Eddy_Corrected/sub-A723/eddy_corrected.eddy_movement_rms
191120-09:52:44,187 nipype.interface INFO:
	 sub: /gpfs/milgram/project/gee_dylan/candlab/analyses/shapes/dwi/data/3_Eddy_Corrected/_subject_id_sub-A723/eddy_corrected.eddy_parameters -> /gpfs/milgram/project/gee_dylan/candlab/analyses/shapes/dwi/data/3_Eddy_Corrected/sub-A723/eddy_corrected.eddy_parameters
191120-09:52:44,188 nipype.interface INFO:
	 sub: /gpfs/milgram/project/gee_dylan/candlab/analyses/shapes/dwi/data/3_Eddy_Corrected/_subject_id_sub-A723/eddy_corrected.eddy_restricted_movement_rms -> /gpfs/milgram/project/gee_dylan/candlab/analyses/shapes/dwi/data/3_Eddy_Corrected/sub-A723/eddy_corrected.eddy_restricted_movement_rms
191120-09:52:44,188 nipype.interface INFO:
	 sub: /gpfs/milgram/project/gee_dylan/candlab/analyses/shapes/dwi/data/3_Eddy_Corrected/_subject_id_sub-A723/eddy_corrected.eddy_post_eddy_shell_alignment_parameters -> /gpfs/milgram/project/gee_dylan/candlab/analyses/shapes/dwi/data/3_Eddy_Corrected/sub-A723/eddy_corrected.eddy_post_eddy_shell_alignment_parameters
191120-09:52:44,188 nipype.interface INFO:
	 sub: /gpfs/milgram/project/gee_dylan/candlab/analyses/shapes/dwi/data/3_Eddy_Corrected/_subject_id_sub-A723/eddy_corrected.eddy_cnr_maps.nii.gz -> /gpfs/milgram/project/gee_dylan/candlab/analyses/shapes/dwi/data/3_Eddy_Corrected/sub-A723/eddy_corrected.eddy_cnr_maps.nii.gz
191120-09:52:44,188 nipype.interface INFO:
	 sub: /gpfs/milgram/project/gee_dylan/candlab/analyses/shapes/dwi/data/3_Eddy_Corrected/_subject_id_sub-A723/eddy_corrected.eddy_residuals.nii.gz -> /gpfs/milgram/project/gee_dylan/candlab/analyses/shapes/dwi/data/3_Eddy_Corrected/sub-A723/eddy_corrected.eddy_residuals.nii.gz
191120-09:52:44,189 nipype.interface INFO:
	 sub: /gpfs/milgram/project/gee_dylan/candlab/analyses/shapes/dwi/data/3_Eddy_Corrected/_subject_id_sub-A723/eddy_corrected.eddy_outlier_report -> /gpfs/milgram/project/gee_dylan/candlab/analyses/shapes/dwi/data/3_Eddy_Corrected/sub-A723/eddy_corrected.eddy_outlier_report
191120-09:52:44,189 nipype.interface INFO:
	 sub: /gpfs/milgram/project/gee_dylan/candlab/analyses/shapes/dwi/data/3_Eddy_Corrected/_subject_id_sub-A723/eddy_corrected_resample.nii.gz -> /gpfs/milgram/project/gee_dylan/candlab/analyses/shapes/dwi/data/3_Eddy_Corrected/sub-A723/eddy_corrected_resample.nii.gz
191120-09:52:44,198 nipype.workflow INFO:
	 [Node] Finished "eddy_flow.datasink".
191120-09:52:44,205 nipype.workflow INFO:
	 [Node] Setting-up "eddy_flow.datasink" in "/gpfs/milgram/project/gee_dylan/candlab/analyses/shapes/dwi/workflows/eddy_flow/_subject_id_sub-A718/datasink".
191120-09:52:44,237 nipype.workflow INFO:
	 [Node] Running "datasink" ("nipype.interfaces.io.DataSink")
191120-09:52:44,238 nipype.interface INFO:
	 sub: /gpfs/milgram/project/gee_dylan/candlab/analyses/shapes/dwi/data/3_Eddy_Corrected/_subject_id_sub-A718/b0_img_brain_mask.nii.gz -> /gpfs/milgram/project/gee_dylan/candlab/analyses/shapes/dwi/data/3_Eddy_Corrected/sub-A718/b0_img_brain_mask.nii.gz
191120-09:52:44,240 nipype.interface INFO:
	 sub: /gpfs/milgram/project/gee_dylan/candlab/analyses/shapes/dwi/data/3_Eddy_Corrected/_subject_id_sub-A718/eddy_corrected.nii.gz -> /gpfs/milgram/project/gee_dylan/candlab/analyses/shapes/dwi/data/3_Eddy_Corrected/sub-A718/eddy_corrected.nii.gz
191120-09:52:44,240 nipype.interface INFO:
	 sub: /gpfs/milgram/project/gee_dylan/candlab/analyses/shapes/dwi/data/3_Eddy_Corrected/_subject_id_sub-A718/eddy_corrected.eddy_rotated_bvecs -> /gpfs/milgram/project/gee_dylan/candlab/analyses/shapes/dwi/data/3_Eddy_Corrected/sub-A718/eddy_corrected.eddy_rotated_bvecs
191120-09:52:44,240 nipype.interface INFO:
	 sub: /gpfs/milgram/project/gee_dylan/candlab/analyses/shapes/dwi/data/3_Eddy_Corrected/_subject_id_sub-A718/eddy_corrected.eddy_movement_rms -> /gpfs/milgram/project/gee_dylan/candlab/analyses/shapes/dwi/data/3_Eddy_Corrected/sub-A718/eddy_corrected.eddy_movement_rms
191120-09:52:44,241 nipype.interface INFO:
	 sub: /gpfs/milgram/project/gee_dylan/candlab/analyses/shapes/dwi/data/3_Eddy_Corrected/_subject_id_sub-A718/eddy_corrected.eddy_parameters -> /gpfs/milgram/project/gee_dylan/candlab/analyses/shapes/dwi/data/3_Eddy_Corrected/sub-A718/eddy_corrected.eddy_parameters
191120-09:52:44,242 nipype.interface INFO:
	 sub: /gpfs/milgram/project/gee_dylan/candlab/analyses/shapes/dwi/data/3_Eddy_Corrected/_subject_id_sub-A718/eddy_corrected.eddy_restricted_movement_rms -> /gpfs/milgram/project/gee_dylan/candlab/analyses/shapes/dwi/data/3_Eddy_Corrected/sub-A718/eddy_corrected.eddy_restricted_movement_rms
191120-09:52:44,242 nipype.interface INFO:
	 sub: /gpfs/milgram/project/gee_dylan/candlab/analyses/shapes/dwi/data/3_Eddy_Corrected/_subject_id_sub-A718/eddy_corrected.eddy_post_eddy_shell_alignment_parameters -> /gpfs/milgram/project/gee_dylan/candlab/analyses/shapes/dwi/data/3_Eddy_Corrected/sub-A718/eddy_corrected.eddy_post_eddy_shell_alignment_parameters
191120-09:52:44,243 nipype.interface INFO:
	 sub: /gpfs/milgram/project/gee_dylan/candlab/analyses/shapes/dwi/data/3_Eddy_Corrected/_subject_id_sub-A718/eddy_corrected.eddy_cnr_maps.nii.gz -> /gpfs/milgram/project/gee_dylan/candlab/analyses/shapes/dwi/data/3_Eddy_Corrected/sub-A718/eddy_corrected.eddy_cnr_maps.nii.gz
191120-09:52:44,244 nipype.interface INFO:
	 sub: /gpfs/milgram/project/gee_dylan/candlab/analyses/shapes/dwi/data/3_Eddy_Corrected/_subject_id_sub-A718/eddy_corrected.eddy_residuals.nii.gz -> /gpfs/milgram/project/gee_dylan/candlab/analyses/shapes/dwi/data/3_Eddy_Corrected/sub-A718/eddy_corrected.eddy_residuals.nii.gz
191120-09:52:44,246 nipype.workflow INFO:
	 [Node] Running "datasink" ("nipype.interfaces.io.DataSink")
191120-09:52:44,248 nipype.interface INFO:
	 sub: /gpfs/milgram/project/gee_dylan/candlab/analyses/shapes/dwi/data/3_Eddy_Corrected/_subject_id_sub-A721/b0_img_brain_mask.nii.gz -> /gpfs/milgram/project/gee_dylan/candlab/analyses/shapes/dwi/data/3_Eddy_Corrected/sub-A721/b0_img_brain_mask.nii.gz
191120-09:52:44,248 nipype.interface INFO:
	 sub: /gpfs/milgram/project/gee_dylan/candlab/analyses/shapes/dwi/data/3_Eddy_Corrected/_subject_id_sub-A718/eddy_corrected.eddy_outlier_report -> /gpfs/milgram/project/gee_dylan/candlab/analyses/shapes/dwi/data/3_Eddy_Corrected/sub-A718/eddy_corrected.eddy_outlier_report
191120-09:52:44,248 nipype.interface INFO:
	 sub: /gpfs/milgram/project/gee_dylan/candlab/analyses/shapes/dwi/data/3_Eddy_Corrected/_subject_id_sub-A718/eddy_corrected_resample.nii.gz -> /gpfs/milgram/project/gee_dylan/candlab/analyses/shapes/dwi/data/3_Eddy_Corrected/sub-A718/eddy_corrected_resample.nii.gz
191120-09:52:44,250 nipype.interface INFO:
	 sub: /gpfs/milgram/project/gee_dylan/candlab/analyses/shapes/dwi/data/3_Eddy_Corrected/_subject_id_sub-A721/eddy_corrected.nii.gz -> /gpfs/milgram/project/gee_dylan/candlab/analyses/shapes/dwi/data/3_Eddy_Corrected/sub-A721/eddy_corrected.nii.gz
191120-09:52:44,250 nipype.interface INFO:
	 sub: /gpfs/milgram/project/gee_dylan/candlab/analyses/shapes/dwi/data/3_Eddy_Corrected/_subject_id_sub-A721/eddy_corrected.eddy_rotated_bvecs -> /gpfs/milgram/project/gee_dylan/candlab/analyses/shapes/dwi/data/3_Eddy_Corrected/sub-A721/eddy_corrected.eddy_rotated_bvecs
191120-09:52:44,250 nipype.interface INFO:
	 sub: /gpfs/milgram/project/gee_dylan/candlab/analyses/shapes/dwi/data/3_Eddy_Corrected/_subject_id_sub-A721/eddy_corrected.eddy_movement_rms -> /gpfs/milgram/project/gee_dylan/candlab/analyses/shapes/dwi/data/3_Eddy_Corrected/sub-A721/eddy_corrected.eddy_movement_rms
191120-09:52:44,251 nipype.interface INFO:
	 sub: /gpfs/milgram/project/gee_dylan/candlab/analyses/shapes/dwi/data/3_Eddy_Corrected/_subject_id_sub-A721/eddy_corrected.eddy_parameters -> /gpfs/milgram/project/gee_dylan/candlab/analyses/shapes/dwi/data/3_Eddy_Corrected/sub-A721/eddy_corrected.eddy_parameters
191120-09:52:44,251 nipype.interface INFO:
	 sub: /gpfs/milgram/project/gee_dylan/candlab/analyses/shapes/dwi/data/3_Eddy_Corrected/_subject_id_sub-A721/eddy_corrected.eddy_restricted_movement_rms -> /gpfs/milgram/project/gee_dylan/candlab/analyses/shapes/dwi/data/3_Eddy_Corrected/sub-A721/eddy_corrected.eddy_restricted_movement_rms
191120-09:52:44,251 nipype.interface INFO:
	 sub: /gpfs/milgram/project/gee_dylan/candlab/analyses/shapes/dwi/data/3_Eddy_Corrected/_subject_id_sub-A721/eddy_corrected.eddy_post_eddy_shell_alignment_parameters -> /gpfs/milgram/project/gee_dylan/candlab/analyses/shapes/dwi/data/3_Eddy_Corrected/sub-A721/eddy_corrected.eddy_post_eddy_shell_alignment_parameters
191120-09:52:44,251 nipype.interface INFO:
	 sub: /gpfs/milgram/project/gee_dylan/candlab/analyses/shapes/dwi/data/3_Eddy_Corrected/_subject_id_sub-A721/eddy_corrected.eddy_cnr_maps.nii.gz -> /gpfs/milgram/project/gee_dylan/candlab/analyses/shapes/dwi/data/3_Eddy_Corrected/sub-A721/eddy_corrected.eddy_cnr_maps.nii.gz
191120-09:52:44,251 nipype.interface INFO:
	 sub: /gpfs/milgram/project/gee_dylan/candlab/analyses/shapes/dwi/data/3_Eddy_Corrected/_subject_id_sub-A721/eddy_corrected.eddy_residuals.nii.gz -> /gpfs/milgram/project/gee_dylan/candlab/analyses/shapes/dwi/data/3_Eddy_Corrected/sub-A721/eddy_corrected.eddy_residuals.nii.gz
191120-09:52:44,252 nipype.interface INFO:
	 sub: /gpfs/milgram/project/gee_dylan/candlab/analyses/shapes/dwi/data/3_Eddy_Corrected/_subject_id_sub-A721/eddy_corrected.eddy_outlier_report -> /gpfs/milgram/project/gee_dylan/candlab/analyses/shapes/dwi/data/3_Eddy_Corrected/sub-A721/eddy_corrected.eddy_outlier_report
191120-09:52:44,252 nipype.interface INFO:
	 sub: /gpfs/milgram/project/gee_dylan/candlab/analyses/shapes/dwi/data/3_Eddy_Corrected/_subject_id_sub-A721/eddy_corrected_resample.nii.gz -> /gpfs/milgram/project/gee_dylan/candlab/analyses/shapes/dwi/data/3_Eddy_Corrected/sub-A721/eddy_corrected_resample.nii.gz
191120-09:52:44,255 nipype.workflow INFO:
	 [Node] Setting-up "eddy_flow.datasink" in "/gpfs/milgram/project/gee_dylan/candlab/analyses/shapes/dwi/workflows/eddy_flow/_subject_id_sub-A717/datasink".
191120-09:52:44,262 nipype.workflow INFO:
	 [Node] Finished "eddy_flow.datasink".
191120-09:52:44,264 nipype.workflow INFO:
	 [Node] Finished "eddy_flow.datasink".
191120-09:52:44,290 nipype.workflow INFO:
	 [Node] Running "datasink" ("nipype.interfaces.io.DataSink")
191120-09:52:44,292 nipype.interface INFO:
	 sub: /gpfs/milgram/project/gee_dylan/candlab/analyses/shapes/dwi/data/3_Eddy_Corrected/_subject_id_sub-A717/b0_img_brain_mask.nii.gz -> /gpfs/milgram/project/gee_dylan/candlab/analyses/shapes/dwi/data/3_Eddy_Corrected/sub-A717/b0_img_brain_mask.nii.gz
191120-09:52:44,293 nipype.interface INFO:
	 sub: /gpfs/milgram/project/gee_dylan/candlab/analyses/shapes/dwi/data/3_Eddy_Corrected/_subject_id_sub-A717/eddy_corrected.nii.gz -> /gpfs/milgram/project/gee_dylan/candlab/analyses/shapes/dwi/data/3_Eddy_Corrected/sub-A717/eddy_corrected.nii.gz
191120-09:52:44,294 nipype.interface INFO:
	 sub: /gpfs/milgram/project/gee_dylan/candlab/analyses/shapes/dwi/data/3_Eddy_Corrected/_subject_id_sub-A717/eddy_corrected.eddy_rotated_bvecs -> /gpfs/milgram/project/gee_dylan/candlab/analyses/shapes/dwi/data/3_Eddy_Corrected/sub-A717/eddy_corrected.eddy_rotated_bvecs
191120-09:52:44,295 nipype.interface INFO:
	 sub: /gpfs/milgram/project/gee_dylan/candlab/analyses/shapes/dwi/data/3_Eddy_Corrected/_subject_id_sub-A717/eddy_corrected.eddy_movement_rms -> /gpfs/milgram/project/gee_dylan/candlab/analyses/shapes/dwi/data/3_Eddy_Corrected/sub-A717/eddy_corrected.eddy_movement_rms
191120-09:52:44,295 nipype.interface INFO:
	 sub: /gpfs/milgram/project/gee_dylan/candlab/analyses/shapes/dwi/data/3_Eddy_Corrected/_subject_id_sub-A717/eddy_corrected.eddy_parameters -> /gpfs/milgram/project/gee_dylan/candlab/analyses/shapes/dwi/data/3_Eddy_Corrected/sub-A717/eddy_corrected.eddy_parameters
191120-09:52:44,295 nipype.interface INFO:
	 sub: /gpfs/milgram/project/gee_dylan/candlab/analyses/shapes/dwi/data/3_Eddy_Corrected/_subject_id_sub-A717/eddy_corrected.eddy_restricted_movement_rms -> /gpfs/milgram/project/gee_dylan/candlab/analyses/shapes/dwi/data/3_Eddy_Corrected/sub-A717/eddy_corrected.eddy_restricted_movement_rms
191120-09:52:44,296 nipype.interface INFO:
	 sub: /gpfs/milgram/project/gee_dylan/candlab/analyses/shapes/dwi/data/3_Eddy_Corrected/_subject_id_sub-A717/eddy_corrected.eddy_post_eddy_shell_alignment_parameters -> /gpfs/milgram/project/gee_dylan/candlab/analyses/shapes/dwi/data/3_Eddy_Corrected/sub-A717/eddy_corrected.eddy_post_eddy_shell_alignment_parameters
191120-09:52:44,296 nipype.interface INFO:
	 sub: /gpfs/milgram/project/gee_dylan/candlab/analyses/shapes/dwi/data/3_Eddy_Corrected/_subject_id_sub-A717/eddy_corrected.eddy_cnr_maps.nii.gz -> /gpfs/milgram/project/gee_dylan/candlab/analyses/shapes/dwi/data/3_Eddy_Corrected/sub-A717/eddy_corrected.eddy_cnr_maps.nii.gz
191120-09:52:44,296 nipype.interface INFO:
	 sub: /gpfs/milgram/project/gee_dylan/candlab/analyses/shapes/dwi/data/3_Eddy_Corrected/_subject_id_sub-A717/eddy_corrected.eddy_residuals.nii.gz -> /gpfs/milgram/project/gee_dylan/candlab/analyses/shapes/dwi/data/3_Eddy_Corrected/sub-A717/eddy_corrected.eddy_residuals.nii.gz
191120-09:52:44,296 nipype.interface INFO:
	 sub: /gpfs/milgram/project/gee_dylan/candlab/analyses/shapes/dwi/data/3_Eddy_Corrected/_subject_id_sub-A717/eddy_corrected.eddy_outlier_report -> /gpfs/milgram/project/gee_dylan/candlab/analyses/shapes/dwi/data/3_Eddy_Corrected/sub-A717/eddy_corrected.eddy_outlier_report
191120-09:52:44,297 nipype.interface INFO:
	 sub: /gpfs/milgram/project/gee_dylan/candlab/analyses/shapes/dwi/data/3_Eddy_Corrected/_subject_id_sub-A717/eddy_corrected_resample.nii.gz -> /gpfs/milgram/project/gee_dylan/candlab/analyses/shapes/dwi/data/3_Eddy_Corrected/sub-A717/eddy_corrected_resample.nii.gz
191120-09:52:44,307 nipype.workflow INFO:
	 [Node] Finished "eddy_flow.datasink".
191120-09:52:46,80 nipype.workflow INFO:
	 [Job 29] Completed (eddy_flow.datasink).
191120-09:52:46,81 nipype.workflow INFO:
	 [Job 35] Completed (eddy_flow.datasink).
191120-09:52:46,82 nipype.workflow INFO:
	 [Job 41] Completed (eddy_flow.datasink).
191120-09:52:46,83 nipype.workflow INFO:
	 [Job 47] Completed (eddy_flow.datasink).
191120-09:52:46,84 nipype.workflow INFO:
	 [MultiProc] Running 0 tasks, and 19 jobs ready. Free memory (GB): 338.91/338.91, Free processors: 4/4.
191120-09:52:46,147 nipype.workflow INFO:
	 [Node] Setting-up "eddy_flow.sf" in "/gpfs/milgram/project/gee_dylan/candlab/analyses/shapes/dwi/workflows/eddy_flow/_subject_id_sub-A715/sf".
191120-09:52:46,152 nipype.workflow INFO:
	 [Node] Setting-up "eddy_flow.sf" in "/gpfs/milgram/project/gee_dylan/candlab/analyses/shapes/dwi/workflows/eddy_flow/_subject_id_sub-A712/sf".
191120-09:52:46,158 nipype.workflow INFO:
	 [Node] Setting-up "eddy_flow.sf" in "/gpfs/milgram/project/gee_dylan/candlab/analyses/shapes/dwi/workflows/eddy_flow/_subject_id_sub-A711/sf".
191120-09:52:46,163 nipype.workflow INFO:
	 [Node] Setting-up "eddy_flow.sf" in "/gpfs/milgram/project/gee_dylan/candlab/analyses/shapes/dwi/workflows/eddy_flow/_subject_id_sub-A710/sf".
191120-09:52:46,195 nipype.workflow INFO:
	 [Node] Running "sf" ("nipype.interfaces.io.SelectFiles")
191120-09:52:46,203 nipype.workflow INFO:
	 [Node] Running "sf" ("nipype.interfaces.io.SelectFiles")
191120-09:52:46,206 nipype.workflow INFO:
	 [Node] Running "sf" ("nipype.interfaces.io.SelectFiles")
191120-09:52:46,210 nipype.workflow INFO:
	 [Node] Running "sf" ("nipype.interfaces.io.SelectFiles")
191120-09:52:46,231 nipype.workflow INFO:
	 [Node] Finished "eddy_flow.sf".
191120-09:52:46,233 nipype.workflow INFO:
	 [Node] Finished "eddy_flow.sf".
191120-09:52:46,234 nipype.workflow INFO:
	 [Node] Finished "eddy_flow.sf".
191120-09:52:46,236 nipype.workflow INFO:
	 [Node] Finished "eddy_flow.sf".
191120-09:52:48,83 nipype.workflow INFO:
	 [Job 48] Completed (eddy_flow.sf).
191120-09:52:48,86 nipype.workflow INFO:
	 [Job 54] Completed (eddy_flow.sf).
191120-09:52:48,88 nipype.workflow INFO:
	 [Job 60] Completed (eddy_flow.sf).
191120-09:52:48,90 nipype.workflow INFO:
	 [Job 66] Completed (eddy_flow.sf).
191120-09:52:48,92 nipype.workflow INFO:
	 [MultiProc] Running 0 tasks, and 19 jobs ready. Free memory (GB): 338.91/338.91, Free processors: 4/4.
191120-09:52:48,141 nipype.workflow INFO:
	 [Job 49] Cached (eddy_flow.fslroi).
191120-09:52:48,144 nipype.workflow INFO:
	 [Job 55] Cached (eddy_flow.fslroi).
191120-09:52:48,150 nipype.workflow INFO:
	 [Job 61] Cached (eddy_flow.fslroi).
191120-09:52:48,154 nipype.workflow INFO:
	 [Job 67] Cached (eddy_flow.fslroi).
191120-09:52:50,131 nipype.workflow INFO:
	 [Job 50] Cached (eddy_flow.stripb0).
191120-09:52:50,140 nipype.workflow INFO:
	 [Job 56] Cached (eddy_flow.stripb0).
191120-09:52:50,160 nipype.workflow INFO:
	 [Job 62] Cached (eddy_flow.stripb0).
191120-09:52:50,170 nipype.workflow INFO:
	 [Job 68] Cached (eddy_flow.stripb0).
191120-09:52:52,142 nipype.workflow INFO:
	 [Job 51] Cached (eddy_flow.eddy).
191120-09:52:52,156 nipype.workflow INFO:
	 [Job 57] Cached (eddy_flow.eddy).
191120-09:52:52,180 nipype.workflow INFO:
	 [Node] Setting-up "eddy_flow.eddy" in "/gpfs/milgram/project/gee_dylan/candlab/analyses/shapes/dwi/workflows/eddy_flow/_subject_id_sub-A711/eddy".
191120-09:52:52,195 nipype.workflow INFO:
	 [Node] Setting-up "eddy_flow.eddy" in "/gpfs/milgram/project/gee_dylan/candlab/analyses/shapes/dwi/workflows/eddy_flow/_subject_id_sub-A710/eddy".
191120-09:52:52,238 nipype.workflow INFO:
	 [Node] Running "eddy" ("nipype.interfaces.fsl.epi.Eddy"), a CommandLine Interface with command:
eddy_cuda --cnr_maps --ff=10.0 --acqp=/gpfs/milgram/project/gee_dylan/candlab/analyses/shapes/dwi/shapes_acqparams.txt --bvals=/gpfs/milgram/project/gee_dylan/candlab/data/mri/bids_recon/shapes/sub-A711/ses-shapesV1/dwi/sub-A711_ses-shapesV1_dwi.bval --bvecs=/gpfs/milgram/project/gee_dylan/candlab/data/mri/bids_recon/shapes/sub-A711/ses-shapesV1/dwi/sub-A711_ses-shapesV1_dwi.bvec --imain=/gpfs/milgram/project/gee_dylan/candlab/analyses/shapes/dwi/data/2_Preprocessed/sub-A711/preprocessed_dwi.nii.gz --index=/gpfs/milgram/project/gee_dylan/candlab/analyses/shapes/dwi/shapes_index.txt --mask=/gpfs/milgram/project/gee_dylan/candlab/analyses/shapes/dwi/workflows/eddy_flow/_subject_id_sub-A711/stripb0/b0_img_brain_mask.nii.gz --interp=trilinear --data_is_shelled --resamp=jac --niter=5 --nvoxhp=1000 --out=/gpfs/milgram/project/gee_dylan/candlab/analyses/shapes/dwi/workflows/eddy_flow/_subject_id_sub-A711/eddy/eddy_corrected --repol --residuals
191120-09:52:52,243 nipype.workflow INFO:
	 [Node] Running "eddy" ("nipype.interfaces.fsl.epi.Eddy"), a CommandLine Interface with command:
eddy_cuda --cnr_maps --ff=10.0 --acqp=/gpfs/milgram/project/gee_dylan/candlab/analyses/shapes/dwi/shapes_acqparams.txt --bvals=/gpfs/milgram/project/gee_dylan/candlab/data/mri/bids_recon/shapes/sub-A710/ses-shapesV1/dwi/sub-A710_ses-shapesV1_dwi.bval --bvecs=/gpfs/milgram/project/gee_dylan/candlab/data/mri/bids_recon/shapes/sub-A710/ses-shapesV1/dwi/sub-A710_ses-shapesV1_dwi.bvec --imain=/gpfs/milgram/project/gee_dylan/candlab/analyses/shapes/dwi/data/2_Preprocessed/sub-A710/preprocessed_dwi.nii.gz --index=/gpfs/milgram/project/gee_dylan/candlab/analyses/shapes/dwi/shapes_index.txt --mask=/gpfs/milgram/project/gee_dylan/candlab/analyses/shapes/dwi/workflows/eddy_flow/_subject_id_sub-A710/stripb0/b0_img_brain_mask.nii.gz --interp=trilinear --data_is_shelled --resamp=jac --niter=5 --nvoxhp=1000 --out=/gpfs/milgram/project/gee_dylan/candlab/analyses/shapes/dwi/workflows/eddy_flow/_subject_id_sub-A710/eddy/eddy_corrected --repol --residuals
191120-09:52:54,87 nipype.workflow INFO:
	 [MultiProc] Running 2 tasks, and 17 jobs ready. Free memory (GB): 338.51/338.91, Free processors: 2/4.
                     Currently running:
                       * eddy_flow.eddy
                       * eddy_flow.eddy
191120-09:52:54,249 nipype.workflow INFO:
	 [Job 52] Cached (eddy_flow.resample).
191120-09:52:54,262 nipype.workflow INFO:
	 [Job 58] Cached (eddy_flow.resample).
191120-09:52:56,246 nipype.workflow INFO:
	 [Node] Setting-up "eddy_flow.datasink" in "/gpfs/milgram/project/gee_dylan/candlab/analyses/shapes/dwi/workflows/eddy_flow/_subject_id_sub-A715/datasink".
191120-09:52:56,293 nipype.workflow INFO:
	 [Node] Running "datasink" ("nipype.interfaces.io.DataSink")
191120-09:52:56,294 nipype.interface INFO:
	 sub: /gpfs/milgram/project/gee_dylan/candlab/analyses/shapes/dwi/data/3_Eddy_Corrected/_subject_id_sub-A715/b0_img_brain_mask.nii.gz -> /gpfs/milgram/project/gee_dylan/candlab/analyses/shapes/dwi/data/3_Eddy_Corrected/sub-A715/b0_img_brain_mask.nii.gz
191120-09:52:56,296 nipype.interface INFO:
	 sub: /gpfs/milgram/project/gee_dylan/candlab/analyses/shapes/dwi/data/3_Eddy_Corrected/_subject_id_sub-A715/eddy_corrected.nii.gz -> /gpfs/milgram/project/gee_dylan/candlab/analyses/shapes/dwi/data/3_Eddy_Corrected/sub-A715/eddy_corrected.nii.gz
191120-09:52:56,296 nipype.interface INFO:
	 sub: /gpfs/milgram/project/gee_dylan/candlab/analyses/shapes/dwi/data/3_Eddy_Corrected/_subject_id_sub-A715/eddy_corrected.eddy_rotated_bvecs -> /gpfs/milgram/project/gee_dylan/candlab/analyses/shapes/dwi/data/3_Eddy_Corrected/sub-A715/eddy_corrected.eddy_rotated_bvecs
191120-09:52:56,297 nipype.interface INFO:
	 sub: /gpfs/milgram/project/gee_dylan/candlab/analyses/shapes/dwi/data/3_Eddy_Corrected/_subject_id_sub-A715/eddy_corrected.eddy_movement_rms -> /gpfs/milgram/project/gee_dylan/candlab/analyses/shapes/dwi/data/3_Eddy_Corrected/sub-A715/eddy_corrected.eddy_movement_rms
191120-09:52:56,297 nipype.interface INFO:
	 sub: /gpfs/milgram/project/gee_dylan/candlab/analyses/shapes/dwi/data/3_Eddy_Corrected/_subject_id_sub-A715/eddy_corrected.eddy_parameters -> /gpfs/milgram/project/gee_dylan/candlab/analyses/shapes/dwi/data/3_Eddy_Corrected/sub-A715/eddy_corrected.eddy_parameters
191120-09:52:56,297 nipype.interface INFO:
	 sub: /gpfs/milgram/project/gee_dylan/candlab/analyses/shapes/dwi/data/3_Eddy_Corrected/_subject_id_sub-A715/eddy_corrected.eddy_restricted_movement_rms -> /gpfs/milgram/project/gee_dylan/candlab/analyses/shapes/dwi/data/3_Eddy_Corrected/sub-A715/eddy_corrected.eddy_restricted_movement_rms
191120-09:52:56,297 nipype.interface INFO:
	 sub: /gpfs/milgram/project/gee_dylan/candlab/analyses/shapes/dwi/data/3_Eddy_Corrected/_subject_id_sub-A715/eddy_corrected.eddy_post_eddy_shell_alignment_parameters -> /gpfs/milgram/project/gee_dylan/candlab/analyses/shapes/dwi/data/3_Eddy_Corrected/sub-A715/eddy_corrected.eddy_post_eddy_shell_alignment_parameters
191120-09:52:56,297 nipype.interface INFO:
	 sub: /gpfs/milgram/project/gee_dylan/candlab/analyses/shapes/dwi/data/3_Eddy_Corrected/_subject_id_sub-A715/eddy_corrected.eddy_cnr_maps.nii.gz -> /gpfs/milgram/project/gee_dylan/candlab/analyses/shapes/dwi/data/3_Eddy_Corrected/sub-A715/eddy_corrected.eddy_cnr_maps.nii.gz
191120-09:52:56,298 nipype.interface INFO:
	 sub: /gpfs/milgram/project/gee_dylan/candlab/analyses/shapes/dwi/data/3_Eddy_Corrected/_subject_id_sub-A715/eddy_corrected.eddy_residuals.nii.gz -> /gpfs/milgram/project/gee_dylan/candlab/analyses/shapes/dwi/data/3_Eddy_Corrected/sub-A715/eddy_corrected.eddy_residuals.nii.gz
191120-09:52:56,298 nipype.interface INFO:
	 sub: /gpfs/milgram/project/gee_dylan/candlab/analyses/shapes/dwi/data/3_Eddy_Corrected/_subject_id_sub-A715/eddy_corrected.eddy_outlier_report -> /gpfs/milgram/project/gee_dylan/candlab/analyses/shapes/dwi/data/3_Eddy_Corrected/sub-A715/eddy_corrected.eddy_outlier_report
191120-09:52:56,298 nipype.interface INFO:
	 sub: /gpfs/milgram/project/gee_dylan/candlab/analyses/shapes/dwi/data/3_Eddy_Corrected/_subject_id_sub-A715/eddy_corrected_resample.nii.gz -> /gpfs/milgram/project/gee_dylan/candlab/analyses/shapes/dwi/data/3_Eddy_Corrected/sub-A715/eddy_corrected_resample.nii.gz
191120-09:52:56,306 nipype.workflow INFO:
	 [Node] Setting-up "eddy_flow.datasink" in "/gpfs/milgram/project/gee_dylan/candlab/analyses/shapes/dwi/workflows/eddy_flow/_subject_id_sub-A712/datasink".
191120-09:52:56,307 nipype.workflow INFO:
	 [Node] Finished "eddy_flow.datasink".
191120-09:52:56,362 nipype.workflow INFO:
	 [Node] Running "datasink" ("nipype.interfaces.io.DataSink")
191120-09:52:56,363 nipype.interface INFO:
	 sub: /gpfs/milgram/project/gee_dylan/candlab/analyses/shapes/dwi/data/3_Eddy_Corrected/_subject_id_sub-A712/b0_img_brain_mask.nii.gz -> /gpfs/milgram/project/gee_dylan/candlab/analyses/shapes/dwi/data/3_Eddy_Corrected/sub-A712/b0_img_brain_mask.nii.gz
191120-09:52:56,364 nipype.interface INFO:
	 sub: /gpfs/milgram/project/gee_dylan/candlab/analyses/shapes/dwi/data/3_Eddy_Corrected/_subject_id_sub-A712/eddy_corrected.nii.gz -> /gpfs/milgram/project/gee_dylan/candlab/analyses/shapes/dwi/data/3_Eddy_Corrected/sub-A712/eddy_corrected.nii.gz
191120-09:52:56,364 nipype.interface INFO:
	 sub: /gpfs/milgram/project/gee_dylan/candlab/analyses/shapes/dwi/data/3_Eddy_Corrected/_subject_id_sub-A712/eddy_corrected.eddy_rotated_bvecs -> /gpfs/milgram/project/gee_dylan/candlab/analyses/shapes/dwi/data/3_Eddy_Corrected/sub-A712/eddy_corrected.eddy_rotated_bvecs
191120-09:52:56,364 nipype.interface INFO:
	 sub: /gpfs/milgram/project/gee_dylan/candlab/analyses/shapes/dwi/data/3_Eddy_Corrected/_subject_id_sub-A712/eddy_corrected.eddy_movement_rms -> /gpfs/milgram/project/gee_dylan/candlab/analyses/shapes/dwi/data/3_Eddy_Corrected/sub-A712/eddy_corrected.eddy_movement_rms
191120-09:52:56,364 nipype.interface INFO:
	 sub: /gpfs/milgram/project/gee_dylan/candlab/analyses/shapes/dwi/data/3_Eddy_Corrected/_subject_id_sub-A712/eddy_corrected.eddy_parameters -> /gpfs/milgram/project/gee_dylan/candlab/analyses/shapes/dwi/data/3_Eddy_Corrected/sub-A712/eddy_corrected.eddy_parameters
191120-09:52:56,364 nipype.interface INFO:
	 sub: /gpfs/milgram/project/gee_dylan/candlab/analyses/shapes/dwi/data/3_Eddy_Corrected/_subject_id_sub-A712/eddy_corrected.eddy_restricted_movement_rms -> /gpfs/milgram/project/gee_dylan/candlab/analyses/shapes/dwi/data/3_Eddy_Corrected/sub-A712/eddy_corrected.eddy_restricted_movement_rms
191120-09:52:56,365 nipype.interface INFO:
	 sub: /gpfs/milgram/project/gee_dylan/candlab/analyses/shapes/dwi/data/3_Eddy_Corrected/_subject_id_sub-A712/eddy_corrected.eddy_post_eddy_shell_alignment_parameters -> /gpfs/milgram/project/gee_dylan/candlab/analyses/shapes/dwi/data/3_Eddy_Corrected/sub-A712/eddy_corrected.eddy_post_eddy_shell_alignment_parameters
191120-09:52:56,365 nipype.interface INFO:
	 sub: /gpfs/milgram/project/gee_dylan/candlab/analyses/shapes/dwi/data/3_Eddy_Corrected/_subject_id_sub-A712/eddy_corrected.eddy_cnr_maps.nii.gz -> /gpfs/milgram/project/gee_dylan/candlab/analyses/shapes/dwi/data/3_Eddy_Corrected/sub-A712/eddy_corrected.eddy_cnr_maps.nii.gz
191120-09:52:56,365 nipype.interface INFO:
	 sub: /gpfs/milgram/project/gee_dylan/candlab/analyses/shapes/dwi/data/3_Eddy_Corrected/_subject_id_sub-A712/eddy_corrected.eddy_residuals.nii.gz -> /gpfs/milgram/project/gee_dylan/candlab/analyses/shapes/dwi/data/3_Eddy_Corrected/sub-A712/eddy_corrected.eddy_residuals.nii.gz
191120-09:52:56,365 nipype.interface INFO:
	 sub: /gpfs/milgram/project/gee_dylan/candlab/analyses/shapes/dwi/data/3_Eddy_Corrected/_subject_id_sub-A712/eddy_corrected.eddy_outlier_report -> /gpfs/milgram/project/gee_dylan/candlab/analyses/shapes/dwi/data/3_Eddy_Corrected/sub-A712/eddy_corrected.eddy_outlier_report
191120-09:52:56,366 nipype.interface INFO:
	 sub: /gpfs/milgram/project/gee_dylan/candlab/analyses/shapes/dwi/data/3_Eddy_Corrected/_subject_id_sub-A712/eddy_corrected_resample.nii.gz -> /gpfs/milgram/project/gee_dylan/candlab/analyses/shapes/dwi/data/3_Eddy_Corrected/sub-A712/eddy_corrected_resample.nii.gz
191120-09:52:56,378 nipype.workflow INFO:
	 [Node] Finished "eddy_flow.datasink".
191120-09:52:58,89 nipype.workflow INFO:
	 [Job 53] Completed (eddy_flow.datasink).
191120-09:52:58,90 nipype.workflow INFO:
	 [Job 59] Completed (eddy_flow.datasink).
191120-09:52:58,91 nipype.workflow INFO:
	 [MultiProc] Running 2 tasks, and 15 jobs ready. Free memory (GB): 338.51/338.91, Free processors: 2/4.
                     Currently running:
                       * eddy_flow.eddy
                       * eddy_flow.eddy
191120-09:52:58,217 nipype.workflow INFO:
	 [Node] Setting-up "eddy_flow.sf" in "/gpfs/milgram/project/gee_dylan/candlab/analyses/shapes/dwi/workflows/eddy_flow/_subject_id_sub-A708/sf".
191120-09:52:58,222 nipype.workflow INFO:
	 [Node] Setting-up "eddy_flow.sf" in "/gpfs/milgram/project/gee_dylan/candlab/analyses/shapes/dwi/workflows/eddy_flow/_subject_id_sub-A707/sf".
191120-09:52:58,261 nipype.workflow INFO:
	 [Node] Running "sf" ("nipype.interfaces.io.SelectFiles")
191120-09:52:58,263 nipype.workflow INFO:
	 [Node] Running "sf" ("nipype.interfaces.io.SelectFiles")
191120-09:52:58,277 nipype.workflow INFO:
	 [Node] Finished "eddy_flow.sf".
191120-09:52:58,279 nipype.workflow INFO:
	 [Node] Finished "eddy_flow.sf".
191120-09:53:00,90 nipype.workflow INFO:
	 [Job 72] Completed (eddy_flow.sf).
191120-09:53:00,91 nipype.workflow INFO:
	 [Job 78] Completed (eddy_flow.sf).
191120-09:53:00,92 nipype.workflow INFO:
	 [MultiProc] Running 2 tasks, and 15 jobs ready. Free memory (GB): 338.51/338.91, Free processors: 2/4.
                     Currently running:
                       * eddy_flow.eddy
                       * eddy_flow.eddy
191120-09:53:00,210 nipype.workflow INFO:
	 [Job 73] Cached (eddy_flow.fslroi).
191120-09:53:00,213 nipype.workflow INFO:
	 [Job 79] Cached (eddy_flow.fslroi).
191120-09:53:02,210 nipype.workflow INFO:
	 [Job 74] Cached (eddy_flow.stripb0).
191120-09:53:02,221 nipype.workflow INFO:
	 [Job 80] Cached (eddy_flow.stripb0).
191120-09:53:04,227 nipype.workflow INFO:
	 [Job 75] Cached (eddy_flow.eddy).
191120-09:53:04,250 nipype.workflow INFO:
	 [Job 81] Cached (eddy_flow.eddy).
191120-09:53:06,199 nipype.workflow INFO:
	 [Job 76] Cached (eddy_flow.resample).
191120-09:53:06,213 nipype.workflow INFO:
	 [Job 82] Cached (eddy_flow.resample).
191120-09:53:08,266 nipype.workflow INFO:
	 [Node] Setting-up "eddy_flow.datasink" in "/gpfs/milgram/project/gee_dylan/candlab/analyses/shapes/dwi/workflows/eddy_flow/_subject_id_sub-A708/datasink".
191120-09:53:08,297 nipype.workflow INFO:
	 [Node] Running "datasink" ("nipype.interfaces.io.DataSink")
191120-09:53:08,298 nipype.interface INFO:
	 sub: /gpfs/milgram/project/gee_dylan/candlab/analyses/shapes/dwi/data/3_Eddy_Corrected/_subject_id_sub-A708/b0_img_brain_mask.nii.gz -> /gpfs/milgram/project/gee_dylan/candlab/analyses/shapes/dwi/data/3_Eddy_Corrected/sub-A708/b0_img_brain_mask.nii.gz
191120-09:53:08,299 nipype.interface INFO:
	 sub: /gpfs/milgram/project/gee_dylan/candlab/analyses/shapes/dwi/data/3_Eddy_Corrected/_subject_id_sub-A708/eddy_corrected.nii.gz -> /gpfs/milgram/project/gee_dylan/candlab/analyses/shapes/dwi/data/3_Eddy_Corrected/sub-A708/eddy_corrected.nii.gz
191120-09:53:08,299 nipype.interface INFO:
	 sub: /gpfs/milgram/project/gee_dylan/candlab/analyses/shapes/dwi/data/3_Eddy_Corrected/_subject_id_sub-A708/eddy_corrected.eddy_rotated_bvecs -> /gpfs/milgram/project/gee_dylan/candlab/analyses/shapes/dwi/data/3_Eddy_Corrected/sub-A708/eddy_corrected.eddy_rotated_bvecs
191120-09:53:08,299 nipype.interface INFO:
	 sub: /gpfs/milgram/project/gee_dylan/candlab/analyses/shapes/dwi/data/3_Eddy_Corrected/_subject_id_sub-A708/eddy_corrected.eddy_movement_rms -> /gpfs/milgram/project/gee_dylan/candlab/analyses/shapes/dwi/data/3_Eddy_Corrected/sub-A708/eddy_corrected.eddy_movement_rms
191120-09:53:08,300 nipype.interface INFO:
	 sub: /gpfs/milgram/project/gee_dylan/candlab/analyses/shapes/dwi/data/3_Eddy_Corrected/_subject_id_sub-A708/eddy_corrected.eddy_parameters -> /gpfs/milgram/project/gee_dylan/candlab/analyses/shapes/dwi/data/3_Eddy_Corrected/sub-A708/eddy_corrected.eddy_parameters
191120-09:53:08,300 nipype.interface INFO:
	 sub: /gpfs/milgram/project/gee_dylan/candlab/analyses/shapes/dwi/data/3_Eddy_Corrected/_subject_id_sub-A708/eddy_corrected.eddy_restricted_movement_rms -> /gpfs/milgram/project/gee_dylan/candlab/analyses/shapes/dwi/data/3_Eddy_Corrected/sub-A708/eddy_corrected.eddy_restricted_movement_rms
191120-09:53:08,300 nipype.interface INFO:
	 sub: /gpfs/milgram/project/gee_dylan/candlab/analyses/shapes/dwi/data/3_Eddy_Corrected/_subject_id_sub-A708/eddy_corrected.eddy_post_eddy_shell_alignment_parameters -> /gpfs/milgram/project/gee_dylan/candlab/analyses/shapes/dwi/data/3_Eddy_Corrected/sub-A708/eddy_corrected.eddy_post_eddy_shell_alignment_parameters
191120-09:53:08,300 nipype.interface INFO:
	 sub: /gpfs/milgram/project/gee_dylan/candlab/analyses/shapes/dwi/data/3_Eddy_Corrected/_subject_id_sub-A708/eddy_corrected.eddy_cnr_maps.nii.gz -> /gpfs/milgram/project/gee_dylan/candlab/analyses/shapes/dwi/data/3_Eddy_Corrected/sub-A708/eddy_corrected.eddy_cnr_maps.nii.gz
191120-09:53:08,300 nipype.interface INFO:
	 sub: /gpfs/milgram/project/gee_dylan/candlab/analyses/shapes/dwi/data/3_Eddy_Corrected/_subject_id_sub-A708/eddy_corrected.eddy_residuals.nii.gz -> /gpfs/milgram/project/gee_dylan/candlab/analyses/shapes/dwi/data/3_Eddy_Corrected/sub-A708/eddy_corrected.eddy_residuals.nii.gz
191120-09:53:08,301 nipype.interface INFO:
	 sub: /gpfs/milgram/project/gee_dylan/candlab/analyses/shapes/dwi/data/3_Eddy_Corrected/_subject_id_sub-A708/eddy_corrected.eddy_outlier_report -> /gpfs/milgram/project/gee_dylan/candlab/analyses/shapes/dwi/data/3_Eddy_Corrected/sub-A708/eddy_corrected.eddy_outlier_report
191120-09:53:08,301 nipype.interface INFO:
	 sub: /gpfs/milgram/project/gee_dylan/candlab/analyses/shapes/dwi/data/3_Eddy_Corrected/_subject_id_sub-A708/eddy_corrected_resample.nii.gz -> /gpfs/milgram/project/gee_dylan/candlab/analyses/shapes/dwi/data/3_Eddy_Corrected/sub-A708/eddy_corrected_resample.nii.gz
191120-09:53:08,312 nipype.workflow INFO:
	 [Node] Finished "eddy_flow.datasink".
191120-09:53:08,313 nipype.utils ERROR:
	 No metadata was found in the pkl file. Make sure you are currently using the same Nipype version from the generated pkl.
191120-09:53:08,320 nipype.workflow WARNING:
	 Error while checking node hash, forcing re-run. Although this error may not prevent the workflow from running, it could indicate a major problem. Please report a new issue at https://github.com/nipy/nipype/issues adding the following information:

	Node: eddy_flow.datasink
	Interface: nipype.interfaces.io.DataSink
	Traceback:
Traceback (most recent call last):

  File "/gpfs/milgram/project/gee_dylan/lms233/conda_envs/shapes_dwi/lib/python3.6/site-packages/nipype/pipeline/plugins/base.py", line 337, in _local_hash_check
    cached, updated = self.procs[jobid].is_cached()

  File "/gpfs/milgram/project/gee_dylan/lms233/conda_envs/shapes_dwi/lib/python3.6/site-packages/nipype/pipeline/engine/nodes.py", line 297, in is_cached
    hashed_inputs, hashvalue = self._get_hashval()

  File "/gpfs/milgram/project/gee_dylan/lms233/conda_envs/shapes_dwi/lib/python3.6/site-packages/nipype/pipeline/engine/nodes.py", line 494, in _get_hashval
    self._get_inputs()

  File "/gpfs/milgram/project/gee_dylan/lms233/conda_envs/shapes_dwi/lib/python3.6/site-packages/nipype/pipeline/engine/nodes.py", line 521, in _get_inputs
    outputs = _load_resultfile(results_file)[0].outputs

  File "/gpfs/milgram/project/gee_dylan/lms233/conda_envs/shapes_dwi/lib/python3.6/site-packages/nipype/pipeline/engine/utils.py", line 311, in load_resultfile
    if resolve and result.outputs:

AttributeError: 'NoneType' object has no attribute 'outputs'

191120-09:53:08,322 nipype.workflow INFO:
	 [Node] Setting-up "eddy_flow.datasink" in "/gpfs/milgram/project/gee_dylan/candlab/analyses/shapes/dwi/workflows/eddy_flow/_subject_id_sub-A707/datasink".
191120-09:53:08,379 nipype.workflow INFO:
	 [Node] Running "datasink" ("nipype.interfaces.io.DataSink")
191120-09:53:08,380 nipype.interface INFO:
	 sub: /gpfs/milgram/project/gee_dylan/candlab/analyses/shapes/dwi/data/3_Eddy_Corrected/_subject_id_sub-A707/b0_img_brain_mask.nii.gz -> /gpfs/milgram/project/gee_dylan/candlab/analyses/shapes/dwi/data/3_Eddy_Corrected/sub-A707/b0_img_brain_mask.nii.gz
191120-09:53:08,381 nipype.interface INFO:
	 sub: /gpfs/milgram/project/gee_dylan/candlab/analyses/shapes/dwi/data/3_Eddy_Corrected/_subject_id_sub-A707/eddy_corrected.nii.gz -> /gpfs/milgram/project/gee_dylan/candlab/analyses/shapes/dwi/data/3_Eddy_Corrected/sub-A707/eddy_corrected.nii.gz
191120-09:53:08,381 nipype.interface INFO:
	 sub: /gpfs/milgram/project/gee_dylan/candlab/analyses/shapes/dwi/data/3_Eddy_Corrected/_subject_id_sub-A707/eddy_corrected.eddy_rotated_bvecs -> /gpfs/milgram/project/gee_dylan/candlab/analyses/shapes/dwi/data/3_Eddy_Corrected/sub-A707/eddy_corrected.eddy_rotated_bvecs
191120-09:53:08,381 nipype.interface INFO:
	 sub: /gpfs/milgram/project/gee_dylan/candlab/analyses/shapes/dwi/data/3_Eddy_Corrected/_subject_id_sub-A707/eddy_corrected.eddy_movement_rms -> /gpfs/milgram/project/gee_dylan/candlab/analyses/shapes/dwi/data/3_Eddy_Corrected/sub-A707/eddy_corrected.eddy_movement_rms
191120-09:53:08,382 nipype.interface INFO:
	 sub: /gpfs/milgram/project/gee_dylan/candlab/analyses/shapes/dwi/data/3_Eddy_Corrected/_subject_id_sub-A707/eddy_corrected.eddy_parameters -> /gpfs/milgram/project/gee_dylan/candlab/analyses/shapes/dwi/data/3_Eddy_Corrected/sub-A707/eddy_corrected.eddy_parameters
191120-09:53:08,383 nipype.interface INFO:
	 sub: /gpfs/milgram/project/gee_dylan/candlab/analyses/shapes/dwi/data/3_Eddy_Corrected/_subject_id_sub-A707/eddy_corrected.eddy_restricted_movement_rms -> /gpfs/milgram/project/gee_dylan/candlab/analyses/shapes/dwi/data/3_Eddy_Corrected/sub-A707/eddy_corrected.eddy_restricted_movement_rms
191120-09:53:08,383 nipype.interface INFO:
	 sub: /gpfs/milgram/project/gee_dylan/candlab/analyses/shapes/dwi/data/3_Eddy_Corrected/_subject_id_sub-A707/eddy_corrected.eddy_post_eddy_shell_alignment_parameters -> /gpfs/milgram/project/gee_dylan/candlab/analyses/shapes/dwi/data/3_Eddy_Corrected/sub-A707/eddy_corrected.eddy_post_eddy_shell_alignment_parameters
191120-09:53:08,383 nipype.interface INFO:
	 sub: /gpfs/milgram/project/gee_dylan/candlab/analyses/shapes/dwi/data/3_Eddy_Corrected/_subject_id_sub-A707/eddy_corrected.eddy_cnr_maps.nii.gz -> /gpfs/milgram/project/gee_dylan/candlab/analyses/shapes/dwi/data/3_Eddy_Corrected/sub-A707/eddy_corrected.eddy_cnr_maps.nii.gz
191120-09:53:08,383 nipype.interface INFO:
	 sub: /gpfs/milgram/project/gee_dylan/candlab/analyses/shapes/dwi/data/3_Eddy_Corrected/_subject_id_sub-A707/eddy_corrected.eddy_residuals.nii.gz -> /gpfs/milgram/project/gee_dylan/candlab/analyses/shapes/dwi/data/3_Eddy_Corrected/sub-A707/eddy_corrected.eddy_residuals.nii.gz
191120-09:53:08,384 nipype.interface INFO:
	 sub: /gpfs/milgram/project/gee_dylan/candlab/analyses/shapes/dwi/data/3_Eddy_Corrected/_subject_id_sub-A707/eddy_corrected.eddy_outlier_report -> /gpfs/milgram/project/gee_dylan/candlab/analyses/shapes/dwi/data/3_Eddy_Corrected/sub-A707/eddy_corrected.eddy_outlier_report
191120-09:53:08,384 nipype.interface INFO:
	 sub: /gpfs/milgram/project/gee_dylan/candlab/analyses/shapes/dwi/data/3_Eddy_Corrected/_subject_id_sub-A707/eddy_corrected_resample.nii.gz -> /gpfs/milgram/project/gee_dylan/candlab/analyses/shapes/dwi/data/3_Eddy_Corrected/sub-A707/eddy_corrected_resample.nii.gz
191120-09:53:08,393 nipype.workflow INFO:
	 [Node] Finished "eddy_flow.datasink".
191120-09:53:10,96 nipype.workflow INFO:
	 [Job 77] Completed (eddy_flow.datasink).
191120-09:53:10,98 nipype.workflow INFO:
	 [Job 83] Completed (eddy_flow.datasink).
191120-09:53:10,100 nipype.workflow INFO:
	 [MultiProc] Running 2 tasks, and 13 jobs ready. Free memory (GB): 338.51/338.91, Free processors: 2/4.
                     Currently running:
                       * eddy_flow.eddy
                       * eddy_flow.eddy
191120-09:53:10,270 nipype.workflow INFO:
	 [Node] Setting-up "eddy_flow.sf" in "/gpfs/milgram/project/gee_dylan/candlab/analyses/shapes/dwi/workflows/eddy_flow/_subject_id_sub-A704/sf".
191120-09:53:10,274 nipype.workflow INFO:
	 [Node] Setting-up "eddy_flow.sf" in "/gpfs/milgram/project/gee_dylan/candlab/analyses/shapes/dwi/workflows/eddy_flow/_subject_id_sub-A696/sf".
191120-09:53:10,301 nipype.workflow INFO:
	 [Node] Running "sf" ("nipype.interfaces.io.SelectFiles")
191120-09:53:10,315 nipype.workflow INFO:
	 [Node] Finished "eddy_flow.sf".
191120-09:53:10,319 nipype.workflow INFO:
	 [Node] Running "sf" ("nipype.interfaces.io.SelectFiles")
191120-09:53:10,335 nipype.workflow INFO:
	 [Node] Finished "eddy_flow.sf".
191120-09:53:12,97 nipype.workflow INFO:
	 [Job 84] Completed (eddy_flow.sf).
191120-09:53:12,99 nipype.workflow INFO:
	 [Job 90] Completed (eddy_flow.sf).
191120-09:53:12,101 nipype.workflow INFO:
	 [MultiProc] Running 2 tasks, and 13 jobs ready. Free memory (GB): 338.51/338.91, Free processors: 2/4.
                     Currently running:
                       * eddy_flow.eddy
                       * eddy_flow.eddy
191120-09:53:12,216 nipype.workflow INFO:
	 [Job 85] Cached (eddy_flow.fslroi).
191120-09:53:12,220 nipype.workflow INFO:
	 [Job 91] Cached (eddy_flow.fslroi).
191120-09:53:14,217 nipype.workflow INFO:
	 [Job 86] Cached (eddy_flow.stripb0).
191120-09:53:14,225 nipype.workflow INFO:
	 [Job 92] Cached (eddy_flow.stripb0).
191120-09:53:16,240 nipype.workflow INFO:
	 [Node] Setting-up "eddy_flow.eddy" in "/gpfs/milgram/project/gee_dylan/candlab/analyses/shapes/dwi/workflows/eddy_flow/_subject_id_sub-A704/eddy".
191120-09:53:16,262 nipype.workflow INFO:
	 [Node] Setting-up "eddy_flow.eddy" in "/gpfs/milgram/project/gee_dylan/candlab/analyses/shapes/dwi/workflows/eddy_flow/_subject_id_sub-A696/eddy".
191120-09:53:16,299 nipype.workflow INFO:
	 [Node] Running "eddy" ("nipype.interfaces.fsl.epi.Eddy"), a CommandLine Interface with command:
eddy_cuda --cnr_maps --ff=10.0 --acqp=/gpfs/milgram/project/gee_dylan/candlab/analyses/shapes/dwi/shapes_acqparams.txt --bvals=/gpfs/milgram/project/gee_dylan/candlab/data/mri/bids_recon/shapes/sub-A696/ses-shapesV1/dwi/sub-A696_ses-shapesV1_dwi.bval --bvecs=/gpfs/milgram/project/gee_dylan/candlab/data/mri/bids_recon/shapes/sub-A696/ses-shapesV1/dwi/sub-A696_ses-shapesV1_dwi.bvec --imain=/gpfs/milgram/project/gee_dylan/candlab/analyses/shapes/dwi/data/2_Preprocessed/sub-A696/preprocessed_dwi.nii.gz --index=/gpfs/milgram/project/gee_dylan/candlab/analyses/shapes/dwi/shapes_index.txt --mask=/gpfs/milgram/project/gee_dylan/candlab/analyses/shapes/dwi/workflows/eddy_flow/_subject_id_sub-A696/stripb0/b0_img_brain_mask.nii.gz --interp=trilinear --data_is_shelled --resamp=jac --niter=5 --nvoxhp=1000 --out=/gpfs/milgram/project/gee_dylan/candlab/analyses/shapes/dwi/workflows/eddy_flow/_subject_id_sub-A696/eddy/eddy_corrected --repol --residuals
191120-09:53:16,305 nipype.workflow INFO:
	 [Node] Running "eddy" ("nipype.interfaces.fsl.epi.Eddy"), a CommandLine Interface with command:
eddy_cuda --cnr_maps --ff=10.0 --acqp=/gpfs/milgram/project/gee_dylan/candlab/analyses/shapes/dwi/shapes_acqparams.txt --bvals=/gpfs/milgram/project/gee_dylan/candlab/data/mri/bids_recon/shapes/sub-A704/ses-shapesV1/dwi/sub-A704_ses-shapesV1_dwi.bval --bvecs=/gpfs/milgram/project/gee_dylan/candlab/data/mri/bids_recon/shapes/sub-A704/ses-shapesV1/dwi/sub-A704_ses-shapesV1_dwi.bvec --imain=/gpfs/milgram/project/gee_dylan/candlab/analyses/shapes/dwi/data/2_Preprocessed/sub-A704/preprocessed_dwi.nii.gz --index=/gpfs/milgram/project/gee_dylan/candlab/analyses/shapes/dwi/shapes_index.txt --mask=/gpfs/milgram/project/gee_dylan/candlab/analyses/shapes/dwi/workflows/eddy_flow/_subject_id_sub-A704/stripb0/b0_img_brain_mask.nii.gz --interp=trilinear --data_is_shelled --resamp=jac --niter=5 --nvoxhp=1000 --out=/gpfs/milgram/project/gee_dylan/candlab/analyses/shapes/dwi/workflows/eddy_flow/_subject_id_sub-A704/eddy/eddy_corrected --repol --residuals
191120-09:53:18,101 nipype.workflow INFO:
	 [MultiProc] Running 4 tasks, and 11 jobs ready. Free memory (GB): 338.11/338.91, Free processors: 0/4.
                     Currently running:
                       * eddy_flow.eddy
                       * eddy_flow.eddy
                       * eddy_flow.eddy
                       * eddy_flow.eddy
slurmstepd: error: *** JOB 10553172 ON gpu01 CANCELLED AT 2019-11-20T09:56:01 ***
