Source the FSL configuration script using:
     . /gpfs/milgram/apps/hpc.rhel7/software/FSL/6.0.1-centos7_64/etc/fslconf/fsl.sh
191120-09:56:25,610 nipype.workflow INFO:
	 Generated workflow graph: /gpfs/milgram/project/gee_dylan/candlab/analyses/shapes/dwi/workflows/eddy_flow/graph.png (graph2use=flat, simple_form=True).
191120-09:56:26,650 nipype.workflow INFO:
	 Workflow eddy_flow settings: ['check', 'execution', 'logging', 'monitoring']
191120-09:56:26,891 nipype.workflow INFO:
	 Running in parallel.
191120-09:56:26,899 nipype.workflow INFO:
	 [MultiProc] Running 0 tasks, and 27 jobs ready. Free memory (GB): 338.91/338.91, Free processors: 4/4.
191120-09:56:26,977 nipype.workflow INFO:
	 [Node] Setting-up "eddy_flow.sf" in "/gpfs/milgram/project/gee_dylan/candlab/analyses/shapes/dwi/workflows/eddy_flow/_subject_id_sub-A733/sf".
191120-09:56:26,983 nipype.workflow INFO:
	 [Node] Setting-up "eddy_flow.sf" in "/gpfs/milgram/project/gee_dylan/candlab/analyses/shapes/dwi/workflows/eddy_flow/_subject_id_sub-A730/sf".
191120-09:56:26,985 nipype.workflow INFO:
	 [Node] Setting-up "eddy_flow.sf" in "/gpfs/milgram/project/gee_dylan/candlab/analyses/shapes/dwi/workflows/eddy_flow/_subject_id_sub-A726/sf".
191120-09:56:26,986 nipype.workflow INFO:
	 [Node] Setting-up "eddy_flow.sf" in "/gpfs/milgram/project/gee_dylan/candlab/analyses/shapes/dwi/workflows/eddy_flow/_subject_id_sub-A724/sf".
191120-09:56:26,993 nipype.workflow INFO:
	 [Node] Running "sf" ("nipype.interfaces.io.SelectFiles")
191120-09:56:26,997 nipype.workflow INFO:
	 [Node] Running "sf" ("nipype.interfaces.io.SelectFiles")
191120-09:56:26,998 nipype.workflow INFO:
	 [Node] Running "sf" ("nipype.interfaces.io.SelectFiles")
191120-09:56:27,0 nipype.workflow INFO:
	 [Node] Running "sf" ("nipype.interfaces.io.SelectFiles")
191120-09:56:27,22 nipype.workflow INFO:
	 [Node] Finished "eddy_flow.sf".
191120-09:56:27,23 nipype.workflow INFO:
	 [Node] Finished "eddy_flow.sf".
191120-09:56:27,24 nipype.workflow INFO:
	 [Node] Finished "eddy_flow.sf".
191120-09:56:27,25 nipype.workflow INFO:
	 [Node] Finished "eddy_flow.sf".
191120-09:56:28,903 nipype.workflow INFO:
	 [Job 0] Completed (eddy_flow.sf).
191120-09:56:28,907 nipype.workflow INFO:
	 [Job 6] Completed (eddy_flow.sf).
191120-09:56:28,909 nipype.workflow INFO:
	 [Job 12] Completed (eddy_flow.sf).
191120-09:56:28,910 nipype.workflow INFO:
	 [Job 18] Completed (eddy_flow.sf).
191120-09:56:28,912 nipype.workflow INFO:
	 [MultiProc] Running 0 tasks, and 27 jobs ready. Free memory (GB): 338.91/338.91, Free processors: 4/4.
191120-09:56:28,971 nipype.workflow INFO:
	 [Job 1] Cached (eddy_flow.fslroi).
191120-09:56:28,975 nipype.workflow INFO:
	 [Job 7] Cached (eddy_flow.fslroi).
191120-09:56:28,980 nipype.workflow INFO:
	 [Job 13] Cached (eddy_flow.fslroi).
191120-09:56:28,984 nipype.workflow INFO:
	 [Job 19] Cached (eddy_flow.fslroi).
191120-09:56:30,946 nipype.workflow INFO:
	 [Job 2] Cached (eddy_flow.stripb0).
191120-09:56:30,950 nipype.workflow INFO:
	 [Job 8] Cached (eddy_flow.stripb0).
191120-09:56:30,958 nipype.workflow INFO:
	 [Job 14] Cached (eddy_flow.stripb0).
191120-09:56:30,963 nipype.workflow INFO:
	 [Job 20] Cached (eddy_flow.stripb0).
191120-09:56:32,951 nipype.workflow INFO:
	 [Job 3] Cached (eddy_flow.eddy).
191120-09:56:32,962 nipype.workflow INFO:
	 [Job 9] Cached (eddy_flow.eddy).
191120-09:56:32,974 nipype.workflow INFO:
	 [Job 15] Cached (eddy_flow.eddy).
191120-09:56:32,986 nipype.workflow INFO:
	 [Job 21] Cached (eddy_flow.eddy).
191120-09:56:34,964 nipype.workflow INFO:
	 [Job 4] Cached (eddy_flow.resample).
191120-09:56:34,976 nipype.workflow INFO:
	 [Job 10] Cached (eddy_flow.resample).
191120-09:56:34,988 nipype.workflow INFO:
	 [Job 16] Cached (eddy_flow.resample).
191120-09:56:35,0 nipype.workflow INFO:
	 [Job 22] Cached (eddy_flow.resample).
191120-09:56:36,971 nipype.workflow INFO:
	 [Node] Setting-up "eddy_flow.datasink" in "/gpfs/milgram/project/gee_dylan/candlab/analyses/shapes/dwi/workflows/eddy_flow/_subject_id_sub-A733/datasink".
191120-09:56:36,990 nipype.workflow INFO:
	 [Node] Running "datasink" ("nipype.interfaces.io.DataSink")
191120-09:56:36,992 nipype.interface INFO:
	 sub: /gpfs/milgram/project/gee_dylan/candlab/analyses/shapes/dwi/data/3_Eddy_Corrected/_subject_id_sub-A733/b0_img_brain_mask.nii.gz -> /gpfs/milgram/project/gee_dylan/candlab/analyses/shapes/dwi/data/3_Eddy_Corrected/sub-A733/b0_img_brain_mask.nii.gz
191120-09:56:36,995 nipype.interface INFO:
	 sub: /gpfs/milgram/project/gee_dylan/candlab/analyses/shapes/dwi/data/3_Eddy_Corrected/_subject_id_sub-A733/eddy_corrected.nii.gz -> /gpfs/milgram/project/gee_dylan/candlab/analyses/shapes/dwi/data/3_Eddy_Corrected/sub-A733/eddy_corrected.nii.gz
191120-09:56:36,995 nipype.workflow INFO:
	 [Node] Setting-up "eddy_flow.datasink" in "/gpfs/milgram/project/gee_dylan/candlab/analyses/shapes/dwi/workflows/eddy_flow/_subject_id_sub-A730/datasink".
191120-09:56:36,996 nipype.interface INFO:
	 sub: /gpfs/milgram/project/gee_dylan/candlab/analyses/shapes/dwi/data/3_Eddy_Corrected/_subject_id_sub-A733/eddy_corrected.eddy_rotated_bvecs -> /gpfs/milgram/project/gee_dylan/candlab/analyses/shapes/dwi/data/3_Eddy_Corrected/sub-A733/eddy_corrected.eddy_rotated_bvecs
191120-09:56:36,996 nipype.interface INFO:
	 sub: /gpfs/milgram/project/gee_dylan/candlab/analyses/shapes/dwi/data/3_Eddy_Corrected/_subject_id_sub-A733/eddy_corrected.eddy_movement_rms -> /gpfs/milgram/project/gee_dylan/candlab/analyses/shapes/dwi/data/3_Eddy_Corrected/sub-A733/eddy_corrected.eddy_movement_rms
191120-09:56:36,996 nipype.interface INFO:
	 sub: /gpfs/milgram/project/gee_dylan/candlab/analyses/shapes/dwi/data/3_Eddy_Corrected/_subject_id_sub-A733/eddy_corrected.eddy_parameters -> /gpfs/milgram/project/gee_dylan/candlab/analyses/shapes/dwi/data/3_Eddy_Corrected/sub-A733/eddy_corrected.eddy_parameters
191120-09:56:36,997 nipype.interface INFO:
	 sub: /gpfs/milgram/project/gee_dylan/candlab/analyses/shapes/dwi/data/3_Eddy_Corrected/_subject_id_sub-A733/eddy_corrected.eddy_restricted_movement_rms -> /gpfs/milgram/project/gee_dylan/candlab/analyses/shapes/dwi/data/3_Eddy_Corrected/sub-A733/eddy_corrected.eddy_restricted_movement_rms
191120-09:56:36,997 nipype.interface INFO:
	 sub: /gpfs/milgram/project/gee_dylan/candlab/analyses/shapes/dwi/data/3_Eddy_Corrected/_subject_id_sub-A733/eddy_corrected.eddy_post_eddy_shell_alignment_parameters -> /gpfs/milgram/project/gee_dylan/candlab/analyses/shapes/dwi/data/3_Eddy_Corrected/sub-A733/eddy_corrected.eddy_post_eddy_shell_alignment_parameters
191120-09:56:36,998 nipype.interface INFO:
	 sub: /gpfs/milgram/project/gee_dylan/candlab/analyses/shapes/dwi/data/3_Eddy_Corrected/_subject_id_sub-A733/eddy_corrected.eddy_cnr_maps.nii.gz -> /gpfs/milgram/project/gee_dylan/candlab/analyses/shapes/dwi/data/3_Eddy_Corrected/sub-A733/eddy_corrected.eddy_cnr_maps.nii.gz
191120-09:56:36,998 nipype.interface INFO:
	 sub: /gpfs/milgram/project/gee_dylan/candlab/analyses/shapes/dwi/data/3_Eddy_Corrected/_subject_id_sub-A733/eddy_corrected.eddy_residuals.nii.gz -> /gpfs/milgram/project/gee_dylan/candlab/analyses/shapes/dwi/data/3_Eddy_Corrected/sub-A733/eddy_corrected.eddy_residuals.nii.gz
191120-09:56:36,999 nipype.interface INFO:
	 sub: /gpfs/milgram/project/gee_dylan/candlab/analyses/shapes/dwi/data/3_Eddy_Corrected/_subject_id_sub-A733/eddy_corrected.eddy_outlier_report -> /gpfs/milgram/project/gee_dylan/candlab/analyses/shapes/dwi/data/3_Eddy_Corrected/sub-A733/eddy_corrected.eddy_outlier_report
191120-09:56:36,999 nipype.interface INFO:
	 sub: /gpfs/milgram/project/gee_dylan/candlab/analyses/shapes/dwi/data/3_Eddy_Corrected/_subject_id_sub-A733/eddy_corrected_resample.nii.gz -> /gpfs/milgram/project/gee_dylan/candlab/analyses/shapes/dwi/data/3_Eddy_Corrected/sub-A733/eddy_corrected_resample.nii.gz
191120-09:56:37,10 nipype.workflow INFO:
	 [Node] Finished "eddy_flow.datasink".
191120-09:56:37,10 nipype.workflow INFO:
	 [Node] Running "datasink" ("nipype.interfaces.io.DataSink")
191120-09:56:37,12 nipype.utils ERROR:
	 No metadata was found in the pkl file. Make sure you are currently using the same Nipype version from the generated pkl.
191120-09:56:37,12 nipype.interface INFO:
	 sub: /gpfs/milgram/project/gee_dylan/candlab/analyses/shapes/dwi/data/3_Eddy_Corrected/_subject_id_sub-A730/b0_img_brain_mask.nii.gz -> /gpfs/milgram/project/gee_dylan/candlab/analyses/shapes/dwi/data/3_Eddy_Corrected/sub-A730/b0_img_brain_mask.nii.gz
191120-09:56:37,14 nipype.interface INFO:
	 sub: /gpfs/milgram/project/gee_dylan/candlab/analyses/shapes/dwi/data/3_Eddy_Corrected/_subject_id_sub-A730/eddy_corrected.nii.gz -> /gpfs/milgram/project/gee_dylan/candlab/analyses/shapes/dwi/data/3_Eddy_Corrected/sub-A730/eddy_corrected.nii.gz
191120-09:56:37,14 nipype.interface INFO:
	 sub: /gpfs/milgram/project/gee_dylan/candlab/analyses/shapes/dwi/data/3_Eddy_Corrected/_subject_id_sub-A730/eddy_corrected.eddy_rotated_bvecs -> /gpfs/milgram/project/gee_dylan/candlab/analyses/shapes/dwi/data/3_Eddy_Corrected/sub-A730/eddy_corrected.eddy_rotated_bvecs
191120-09:56:37,15 nipype.interface INFO:
	 sub: /gpfs/milgram/project/gee_dylan/candlab/analyses/shapes/dwi/data/3_Eddy_Corrected/_subject_id_sub-A730/eddy_corrected.eddy_movement_rms -> /gpfs/milgram/project/gee_dylan/candlab/analyses/shapes/dwi/data/3_Eddy_Corrected/sub-A730/eddy_corrected.eddy_movement_rms
191120-09:56:37,15 nipype.interface INFO:
	 sub: /gpfs/milgram/project/gee_dylan/candlab/analyses/shapes/dwi/data/3_Eddy_Corrected/_subject_id_sub-A730/eddy_corrected.eddy_parameters -> /gpfs/milgram/project/gee_dylan/candlab/analyses/shapes/dwi/data/3_Eddy_Corrected/sub-A730/eddy_corrected.eddy_parameters
191120-09:56:37,16 nipype.interface INFO:
	 sub: /gpfs/milgram/project/gee_dylan/candlab/analyses/shapes/dwi/data/3_Eddy_Corrected/_subject_id_sub-A730/eddy_corrected.eddy_restricted_movement_rms -> /gpfs/milgram/project/gee_dylan/candlab/analyses/shapes/dwi/data/3_Eddy_Corrected/sub-A730/eddy_corrected.eddy_restricted_movement_rms
191120-09:56:37,16 nipype.workflow WARNING:
	 Error while checking node hash, forcing re-run. Although this error may not prevent the workflow from running, it could indicate a major problem. Please report a new issue at https://github.com/nipy/nipype/issues adding the following information:

	Node: eddy_flow.datasink
	Interface: nipype.interfaces.io.DataSink
	Traceback:
Traceback (most recent call last):

  File "/gpfs/milgram/project/gee_dylan/lms233/conda_envs/shapes_dwi/lib/python3.6/site-packages/nipype/pipeline/plugins/base.py", line 337, in _local_hash_check
    cached, updated = self.procs[jobid].is_cached()

  File "/gpfs/milgram/project/gee_dylan/lms233/conda_envs/shapes_dwi/lib/python3.6/site-packages/nipype/pipeline/engine/nodes.py", line 297, in is_cached
    hashed_inputs, hashvalue = self._get_hashval()

  File "/gpfs/milgram/project/gee_dylan/lms233/conda_envs/shapes_dwi/lib/python3.6/site-packages/nipype/pipeline/engine/nodes.py", line 494, in _get_hashval
    self._get_inputs()

  File "/gpfs/milgram/project/gee_dylan/lms233/conda_envs/shapes_dwi/lib/python3.6/site-packages/nipype/pipeline/engine/nodes.py", line 521, in _get_inputs
    outputs = _load_resultfile(results_file)[0].outputs

  File "/gpfs/milgram/project/gee_dylan/lms233/conda_envs/shapes_dwi/lib/python3.6/site-packages/nipype/pipeline/engine/utils.py", line 311, in load_resultfile
    if resolve and result.outputs:

AttributeError: 'NoneType' object has no attribute 'outputs'

191120-09:56:37,16 nipype.interface INFO:
	 sub: /gpfs/milgram/project/gee_dylan/candlab/analyses/shapes/dwi/data/3_Eddy_Corrected/_subject_id_sub-A730/eddy_corrected.eddy_post_eddy_shell_alignment_parameters -> /gpfs/milgram/project/gee_dylan/candlab/analyses/shapes/dwi/data/3_Eddy_Corrected/sub-A730/eddy_corrected.eddy_post_eddy_shell_alignment_parameters
191120-09:56:37,17 nipype.interface INFO:
	 sub: /gpfs/milgram/project/gee_dylan/candlab/analyses/shapes/dwi/data/3_Eddy_Corrected/_subject_id_sub-A730/eddy_corrected.eddy_cnr_maps.nii.gz -> /gpfs/milgram/project/gee_dylan/candlab/analyses/shapes/dwi/data/3_Eddy_Corrected/sub-A730/eddy_corrected.eddy_cnr_maps.nii.gz
191120-09:56:37,17 nipype.interface INFO:
	 sub: /gpfs/milgram/project/gee_dylan/candlab/analyses/shapes/dwi/data/3_Eddy_Corrected/_subject_id_sub-A730/eddy_corrected.eddy_residuals.nii.gz -> /gpfs/milgram/project/gee_dylan/candlab/analyses/shapes/dwi/data/3_Eddy_Corrected/sub-A730/eddy_corrected.eddy_residuals.nii.gz
191120-09:56:37,18 nipype.interface INFO:
	 sub: /gpfs/milgram/project/gee_dylan/candlab/analyses/shapes/dwi/data/3_Eddy_Corrected/_subject_id_sub-A730/eddy_corrected.eddy_outlier_report -> /gpfs/milgram/project/gee_dylan/candlab/analyses/shapes/dwi/data/3_Eddy_Corrected/sub-A730/eddy_corrected.eddy_outlier_report
191120-09:56:37,18 nipype.interface INFO:
	 sub: /gpfs/milgram/project/gee_dylan/candlab/analyses/shapes/dwi/data/3_Eddy_Corrected/_subject_id_sub-A730/eddy_corrected_resample.nii.gz -> /gpfs/milgram/project/gee_dylan/candlab/analyses/shapes/dwi/data/3_Eddy_Corrected/sub-A730/eddy_corrected_resample.nii.gz
191120-09:56:37,19 nipype.workflow INFO:
	 [Node] Setting-up "eddy_flow.datasink" in "/gpfs/milgram/project/gee_dylan/candlab/analyses/shapes/dwi/workflows/eddy_flow/_subject_id_sub-A726/datasink".
191120-09:56:37,28 nipype.workflow INFO:
	 [Node] Finished "eddy_flow.datasink".
191120-09:56:37,46 nipype.workflow INFO:
	 [Node] Setting-up "eddy_flow.datasink" in "/gpfs/milgram/project/gee_dylan/candlab/analyses/shapes/dwi/workflows/eddy_flow/_subject_id_sub-A724/datasink".
191120-09:56:37,57 nipype.workflow INFO:
	 [Node] Running "datasink" ("nipype.interfaces.io.DataSink")
191120-09:56:37,58 nipype.workflow INFO:
	 [Node] Running "datasink" ("nipype.interfaces.io.DataSink")
191120-09:56:37,59 nipype.interface INFO:
	 sub: /gpfs/milgram/project/gee_dylan/candlab/analyses/shapes/dwi/data/3_Eddy_Corrected/_subject_id_sub-A726/b0_img_brain_mask.nii.gz -> /gpfs/milgram/project/gee_dylan/candlab/analyses/shapes/dwi/data/3_Eddy_Corrected/sub-A726/b0_img_brain_mask.nii.gz
191120-09:56:37,60 nipype.interface INFO:
	 sub: /gpfs/milgram/project/gee_dylan/candlab/analyses/shapes/dwi/data/3_Eddy_Corrected/_subject_id_sub-A726/eddy_corrected.nii.gz -> /gpfs/milgram/project/gee_dylan/candlab/analyses/shapes/dwi/data/3_Eddy_Corrected/sub-A726/eddy_corrected.nii.gz
191120-09:56:37,60 nipype.interface INFO:
	 sub: /gpfs/milgram/project/gee_dylan/candlab/analyses/shapes/dwi/data/3_Eddy_Corrected/_subject_id_sub-A724/b0_img_brain_mask.nii.gz -> /gpfs/milgram/project/gee_dylan/candlab/analyses/shapes/dwi/data/3_Eddy_Corrected/sub-A724/b0_img_brain_mask.nii.gz
191120-09:56:37,60 nipype.interface INFO:
	 sub: /gpfs/milgram/project/gee_dylan/candlab/analyses/shapes/dwi/data/3_Eddy_Corrected/_subject_id_sub-A726/eddy_corrected.eddy_rotated_bvecs -> /gpfs/milgram/project/gee_dylan/candlab/analyses/shapes/dwi/data/3_Eddy_Corrected/sub-A726/eddy_corrected.eddy_rotated_bvecs
191120-09:56:37,61 nipype.interface INFO:
	 sub: /gpfs/milgram/project/gee_dylan/candlab/analyses/shapes/dwi/data/3_Eddy_Corrected/_subject_id_sub-A726/eddy_corrected.eddy_movement_rms -> /gpfs/milgram/project/gee_dylan/candlab/analyses/shapes/dwi/data/3_Eddy_Corrected/sub-A726/eddy_corrected.eddy_movement_rms
191120-09:56:37,61 nipype.interface INFO:
	 sub: /gpfs/milgram/project/gee_dylan/candlab/analyses/shapes/dwi/data/3_Eddy_Corrected/_subject_id_sub-A726/eddy_corrected.eddy_parameters -> /gpfs/milgram/project/gee_dylan/candlab/analyses/shapes/dwi/data/3_Eddy_Corrected/sub-A726/eddy_corrected.eddy_parameters
191120-09:56:37,61 nipype.interface INFO:
	 sub: /gpfs/milgram/project/gee_dylan/candlab/analyses/shapes/dwi/data/3_Eddy_Corrected/_subject_id_sub-A726/eddy_corrected.eddy_restricted_movement_rms -> /gpfs/milgram/project/gee_dylan/candlab/analyses/shapes/dwi/data/3_Eddy_Corrected/sub-A726/eddy_corrected.eddy_restricted_movement_rms
191120-09:56:37,62 nipype.interface INFO:
	 sub: /gpfs/milgram/project/gee_dylan/candlab/analyses/shapes/dwi/data/3_Eddy_Corrected/_subject_id_sub-A726/eddy_corrected.eddy_post_eddy_shell_alignment_parameters -> /gpfs/milgram/project/gee_dylan/candlab/analyses/shapes/dwi/data/3_Eddy_Corrected/sub-A726/eddy_corrected.eddy_post_eddy_shell_alignment_parameters
191120-09:56:37,62 nipype.interface INFO:
	 sub: /gpfs/milgram/project/gee_dylan/candlab/analyses/shapes/dwi/data/3_Eddy_Corrected/_subject_id_sub-A724/eddy_corrected.nii.gz -> /gpfs/milgram/project/gee_dylan/candlab/analyses/shapes/dwi/data/3_Eddy_Corrected/sub-A724/eddy_corrected.nii.gz
191120-09:56:37,62 nipype.interface INFO:
	 sub: /gpfs/milgram/project/gee_dylan/candlab/analyses/shapes/dwi/data/3_Eddy_Corrected/_subject_id_sub-A726/eddy_corrected.eddy_cnr_maps.nii.gz -> /gpfs/milgram/project/gee_dylan/candlab/analyses/shapes/dwi/data/3_Eddy_Corrected/sub-A726/eddy_corrected.eddy_cnr_maps.nii.gz
191120-09:56:37,63 nipype.interface INFO:
	 sub: /gpfs/milgram/project/gee_dylan/candlab/analyses/shapes/dwi/data/3_Eddy_Corrected/_subject_id_sub-A724/eddy_corrected.eddy_rotated_bvecs -> /gpfs/milgram/project/gee_dylan/candlab/analyses/shapes/dwi/data/3_Eddy_Corrected/sub-A724/eddy_corrected.eddy_rotated_bvecs
191120-09:56:37,63 nipype.interface INFO:
	 sub: /gpfs/milgram/project/gee_dylan/candlab/analyses/shapes/dwi/data/3_Eddy_Corrected/_subject_id_sub-A726/eddy_corrected.eddy_residuals.nii.gz -> /gpfs/milgram/project/gee_dylan/candlab/analyses/shapes/dwi/data/3_Eddy_Corrected/sub-A726/eddy_corrected.eddy_residuals.nii.gz
191120-09:56:37,63 nipype.interface INFO:
	 sub: /gpfs/milgram/project/gee_dylan/candlab/analyses/shapes/dwi/data/3_Eddy_Corrected/_subject_id_sub-A726/eddy_corrected.eddy_outlier_report -> /gpfs/milgram/project/gee_dylan/candlab/analyses/shapes/dwi/data/3_Eddy_Corrected/sub-A726/eddy_corrected.eddy_outlier_report
191120-09:56:37,63 nipype.interface INFO:
	 sub: /gpfs/milgram/project/gee_dylan/candlab/analyses/shapes/dwi/data/3_Eddy_Corrected/_subject_id_sub-A724/eddy_corrected.eddy_movement_rms -> /gpfs/milgram/project/gee_dylan/candlab/analyses/shapes/dwi/data/3_Eddy_Corrected/sub-A724/eddy_corrected.eddy_movement_rms
191120-09:56:37,63 nipype.interface INFO:
	 sub: /gpfs/milgram/project/gee_dylan/candlab/analyses/shapes/dwi/data/3_Eddy_Corrected/_subject_id_sub-A726/eddy_corrected_resample.nii.gz -> /gpfs/milgram/project/gee_dylan/candlab/analyses/shapes/dwi/data/3_Eddy_Corrected/sub-A726/eddy_corrected_resample.nii.gz
191120-09:56:37,63 nipype.interface INFO:
	 sub: /gpfs/milgram/project/gee_dylan/candlab/analyses/shapes/dwi/data/3_Eddy_Corrected/_subject_id_sub-A724/eddy_corrected.eddy_parameters -> /gpfs/milgram/project/gee_dylan/candlab/analyses/shapes/dwi/data/3_Eddy_Corrected/sub-A724/eddy_corrected.eddy_parameters
191120-09:56:37,64 nipype.interface INFO:
	 sub: /gpfs/milgram/project/gee_dylan/candlab/analyses/shapes/dwi/data/3_Eddy_Corrected/_subject_id_sub-A724/eddy_corrected.eddy_restricted_movement_rms -> /gpfs/milgram/project/gee_dylan/candlab/analyses/shapes/dwi/data/3_Eddy_Corrected/sub-A724/eddy_corrected.eddy_restricted_movement_rms
191120-09:56:37,64 nipype.interface INFO:
	 sub: /gpfs/milgram/project/gee_dylan/candlab/analyses/shapes/dwi/data/3_Eddy_Corrected/_subject_id_sub-A724/eddy_corrected.eddy_post_eddy_shell_alignment_parameters -> /gpfs/milgram/project/gee_dylan/candlab/analyses/shapes/dwi/data/3_Eddy_Corrected/sub-A724/eddy_corrected.eddy_post_eddy_shell_alignment_parameters
191120-09:56:37,65 nipype.interface INFO:
	 sub: /gpfs/milgram/project/gee_dylan/candlab/analyses/shapes/dwi/data/3_Eddy_Corrected/_subject_id_sub-A724/eddy_corrected.eddy_cnr_maps.nii.gz -> /gpfs/milgram/project/gee_dylan/candlab/analyses/shapes/dwi/data/3_Eddy_Corrected/sub-A724/eddy_corrected.eddy_cnr_maps.nii.gz
191120-09:56:37,65 nipype.interface INFO:
	 sub: /gpfs/milgram/project/gee_dylan/candlab/analyses/shapes/dwi/data/3_Eddy_Corrected/_subject_id_sub-A724/eddy_corrected.eddy_residuals.nii.gz -> /gpfs/milgram/project/gee_dylan/candlab/analyses/shapes/dwi/data/3_Eddy_Corrected/sub-A724/eddy_corrected.eddy_residuals.nii.gz
191120-09:56:37,65 nipype.interface INFO:
	 sub: /gpfs/milgram/project/gee_dylan/candlab/analyses/shapes/dwi/data/3_Eddy_Corrected/_subject_id_sub-A724/eddy_corrected.eddy_outlier_report -> /gpfs/milgram/project/gee_dylan/candlab/analyses/shapes/dwi/data/3_Eddy_Corrected/sub-A724/eddy_corrected.eddy_outlier_report
191120-09:56:37,66 nipype.interface INFO:
	 sub: /gpfs/milgram/project/gee_dylan/candlab/analyses/shapes/dwi/data/3_Eddy_Corrected/_subject_id_sub-A724/eddy_corrected_resample.nii.gz -> /gpfs/milgram/project/gee_dylan/candlab/analyses/shapes/dwi/data/3_Eddy_Corrected/sub-A724/eddy_corrected_resample.nii.gz
191120-09:56:37,73 nipype.workflow INFO:
	 [Node] Finished "eddy_flow.datasink".
191120-09:56:37,76 nipype.workflow INFO:
	 [Node] Finished "eddy_flow.datasink".
191120-09:56:38,911 nipype.workflow INFO:
	 [Job 5] Completed (eddy_flow.datasink).
191120-09:56:38,933 nipype.workflow INFO:
	 [Job 11] Completed (eddy_flow.datasink).
191120-09:56:38,934 nipype.workflow INFO:
	 [Job 17] Completed (eddy_flow.datasink).
191120-09:56:38,934 nipype.workflow INFO:
	 [Job 23] Completed (eddy_flow.datasink).
191120-09:56:38,936 nipype.workflow INFO:
	 [MultiProc] Running 0 tasks, and 23 jobs ready. Free memory (GB): 338.91/338.91, Free processors: 4/4.
191120-09:56:38,978 nipype.workflow INFO:
	 [Node] Setting-up "eddy_flow.sf" in "/gpfs/milgram/project/gee_dylan/candlab/analyses/shapes/dwi/workflows/eddy_flow/_subject_id_sub-A723/sf".
191120-09:56:38,979 nipype.workflow INFO:
	 [Node] Setting-up "eddy_flow.sf" in "/gpfs/milgram/project/gee_dylan/candlab/analyses/shapes/dwi/workflows/eddy_flow/_subject_id_sub-A721/sf".
191120-09:56:38,981 nipype.workflow INFO:
	 [Node] Setting-up "eddy_flow.sf" in "/gpfs/milgram/project/gee_dylan/candlab/analyses/shapes/dwi/workflows/eddy_flow/_subject_id_sub-A718/sf".
191120-09:56:38,982 nipype.workflow INFO:
	 [Node] Setting-up "eddy_flow.sf" in "/gpfs/milgram/project/gee_dylan/candlab/analyses/shapes/dwi/workflows/eddy_flow/_subject_id_sub-A717/sf".
191120-09:56:38,990 nipype.workflow INFO:
	 [Node] Running "sf" ("nipype.interfaces.io.SelectFiles")
191120-09:56:38,991 nipype.workflow INFO:
	 [Node] Running "sf" ("nipype.interfaces.io.SelectFiles")
191120-09:56:38,992 nipype.workflow INFO:
	 [Node] Running "sf" ("nipype.interfaces.io.SelectFiles")
191120-09:56:39,2 nipype.workflow INFO:
	 [Node] Running "sf" ("nipype.interfaces.io.SelectFiles")
191120-09:56:39,9 nipype.workflow INFO:
	 [Node] Finished "eddy_flow.sf".
191120-09:56:39,10 nipype.workflow INFO:
	 [Node] Finished "eddy_flow.sf".
191120-09:56:39,10 nipype.workflow INFO:
	 [Node] Finished "eddy_flow.sf".
191120-09:56:39,21 nipype.workflow INFO:
	 [Node] Finished "eddy_flow.sf".
191120-09:56:40,914 nipype.workflow INFO:
	 [Job 24] Completed (eddy_flow.sf).
191120-09:56:40,916 nipype.workflow INFO:
	 [Job 30] Completed (eddy_flow.sf).
191120-09:56:40,918 nipype.workflow INFO:
	 [Job 36] Completed (eddy_flow.sf).
191120-09:56:40,920 nipype.workflow INFO:
	 [Job 42] Completed (eddy_flow.sf).
191120-09:56:40,921 nipype.workflow INFO:
	 [MultiProc] Running 0 tasks, and 23 jobs ready. Free memory (GB): 338.91/338.91, Free processors: 4/4.
191120-09:56:40,966 nipype.workflow INFO:
	 [Job 25] Cached (eddy_flow.fslroi).
191120-09:56:40,969 nipype.workflow INFO:
	 [Job 31] Cached (eddy_flow.fslroi).
191120-09:56:40,973 nipype.workflow INFO:
	 [Job 37] Cached (eddy_flow.fslroi).
191120-09:56:40,978 nipype.workflow INFO:
	 [Job 43] Cached (eddy_flow.fslroi).
191120-09:56:42,963 nipype.workflow INFO:
	 [Job 26] Cached (eddy_flow.stripb0).
191120-09:56:42,970 nipype.workflow INFO:
	 [Job 32] Cached (eddy_flow.stripb0).
191120-09:56:42,976 nipype.workflow INFO:
	 [Job 38] Cached (eddy_flow.stripb0).
191120-09:56:42,983 nipype.workflow INFO:
	 [Job 44] Cached (eddy_flow.stripb0).
191120-09:56:44,965 nipype.workflow INFO:
	 [Job 27] Cached (eddy_flow.eddy).
191120-09:56:44,976 nipype.workflow INFO:
	 [Job 33] Cached (eddy_flow.eddy).
191120-09:56:44,990 nipype.workflow INFO:
	 [Job 39] Cached (eddy_flow.eddy).
191120-09:56:45,3 nipype.workflow INFO:
	 [Job 45] Cached (eddy_flow.eddy).
191120-09:56:46,967 nipype.workflow INFO:
	 [Job 28] Cached (eddy_flow.resample).
191120-09:56:46,979 nipype.workflow INFO:
	 [Job 34] Cached (eddy_flow.resample).
191120-09:56:46,991 nipype.workflow INFO:
	 [Job 40] Cached (eddy_flow.resample).
191120-09:56:47,3 nipype.workflow INFO:
	 [Job 46] Cached (eddy_flow.resample).
191120-09:56:48,988 nipype.workflow INFO:
	 [Node] Setting-up "eddy_flow.datasink" in "/gpfs/milgram/project/gee_dylan/candlab/analyses/shapes/dwi/workflows/eddy_flow/_subject_id_sub-A723/datasink".
191120-09:56:49,3 nipype.workflow INFO:
	 [Node] Running "datasink" ("nipype.interfaces.io.DataSink")
191120-09:56:49,5 nipype.interface INFO:
	 sub: /gpfs/milgram/project/gee_dylan/candlab/analyses/shapes/dwi/data/3_Eddy_Corrected/_subject_id_sub-A723/b0_img_brain_mask.nii.gz -> /gpfs/milgram/project/gee_dylan/candlab/analyses/shapes/dwi/data/3_Eddy_Corrected/sub-A723/b0_img_brain_mask.nii.gz
191120-09:56:49,7 nipype.interface INFO:
	 sub: /gpfs/milgram/project/gee_dylan/candlab/analyses/shapes/dwi/data/3_Eddy_Corrected/_subject_id_sub-A723/eddy_corrected.nii.gz -> /gpfs/milgram/project/gee_dylan/candlab/analyses/shapes/dwi/data/3_Eddy_Corrected/sub-A723/eddy_corrected.nii.gz
191120-09:56:49,8 nipype.interface INFO:
	 sub: /gpfs/milgram/project/gee_dylan/candlab/analyses/shapes/dwi/data/3_Eddy_Corrected/_subject_id_sub-A723/eddy_corrected.eddy_rotated_bvecs -> /gpfs/milgram/project/gee_dylan/candlab/analyses/shapes/dwi/data/3_Eddy_Corrected/sub-A723/eddy_corrected.eddy_rotated_bvecs
191120-09:56:49,8 nipype.interface INFO:
	 sub: /gpfs/milgram/project/gee_dylan/candlab/analyses/shapes/dwi/data/3_Eddy_Corrected/_subject_id_sub-A723/eddy_corrected.eddy_movement_rms -> /gpfs/milgram/project/gee_dylan/candlab/analyses/shapes/dwi/data/3_Eddy_Corrected/sub-A723/eddy_corrected.eddy_movement_rms
191120-09:56:49,9 nipype.interface INFO:
	 sub: /gpfs/milgram/project/gee_dylan/candlab/analyses/shapes/dwi/data/3_Eddy_Corrected/_subject_id_sub-A723/eddy_corrected.eddy_parameters -> /gpfs/milgram/project/gee_dylan/candlab/analyses/shapes/dwi/data/3_Eddy_Corrected/sub-A723/eddy_corrected.eddy_parameters
191120-09:56:49,9 nipype.interface INFO:
	 sub: /gpfs/milgram/project/gee_dylan/candlab/analyses/shapes/dwi/data/3_Eddy_Corrected/_subject_id_sub-A723/eddy_corrected.eddy_restricted_movement_rms -> /gpfs/milgram/project/gee_dylan/candlab/analyses/shapes/dwi/data/3_Eddy_Corrected/sub-A723/eddy_corrected.eddy_restricted_movement_rms
191120-09:56:49,10 nipype.interface INFO:
	 sub: /gpfs/milgram/project/gee_dylan/candlab/analyses/shapes/dwi/data/3_Eddy_Corrected/_subject_id_sub-A723/eddy_corrected.eddy_post_eddy_shell_alignment_parameters -> /gpfs/milgram/project/gee_dylan/candlab/analyses/shapes/dwi/data/3_Eddy_Corrected/sub-A723/eddy_corrected.eddy_post_eddy_shell_alignment_parameters
191120-09:56:49,10 nipype.interface INFO:
	 sub: /gpfs/milgram/project/gee_dylan/candlab/analyses/shapes/dwi/data/3_Eddy_Corrected/_subject_id_sub-A723/eddy_corrected.eddy_cnr_maps.nii.gz -> /gpfs/milgram/project/gee_dylan/candlab/analyses/shapes/dwi/data/3_Eddy_Corrected/sub-A723/eddy_corrected.eddy_cnr_maps.nii.gz
191120-09:56:49,10 nipype.interface INFO:
	 sub: /gpfs/milgram/project/gee_dylan/candlab/analyses/shapes/dwi/data/3_Eddy_Corrected/_subject_id_sub-A723/eddy_corrected.eddy_residuals.nii.gz -> /gpfs/milgram/project/gee_dylan/candlab/analyses/shapes/dwi/data/3_Eddy_Corrected/sub-A723/eddy_corrected.eddy_residuals.nii.gz
191120-09:56:49,11 nipype.workflow INFO:
	 [Node] Setting-up "eddy_flow.datasink" in "/gpfs/milgram/project/gee_dylan/candlab/analyses/shapes/dwi/workflows/eddy_flow/_subject_id_sub-A721/datasink".
191120-09:56:49,12 nipype.interface INFO:
	 sub: /gpfs/milgram/project/gee_dylan/candlab/analyses/shapes/dwi/data/3_Eddy_Corrected/_subject_id_sub-A723/eddy_corrected.eddy_outlier_report -> /gpfs/milgram/project/gee_dylan/candlab/analyses/shapes/dwi/data/3_Eddy_Corrected/sub-A723/eddy_corrected.eddy_outlier_report
191120-09:56:49,12 nipype.interface INFO:
	 sub: /gpfs/milgram/project/gee_dylan/candlab/analyses/shapes/dwi/data/3_Eddy_Corrected/_subject_id_sub-A723/eddy_corrected_resample.nii.gz -> /gpfs/milgram/project/gee_dylan/candlab/analyses/shapes/dwi/data/3_Eddy_Corrected/sub-A723/eddy_corrected_resample.nii.gz
191120-09:56:49,21 nipype.workflow INFO:
	 [Node] Finished "eddy_flow.datasink".
191120-09:56:49,25 nipype.workflow INFO:
	 [Node] Running "datasink" ("nipype.interfaces.io.DataSink")
191120-09:56:49,27 nipype.interface INFO:
	 sub: /gpfs/milgram/project/gee_dylan/candlab/analyses/shapes/dwi/data/3_Eddy_Corrected/_subject_id_sub-A721/b0_img_brain_mask.nii.gz -> /gpfs/milgram/project/gee_dylan/candlab/analyses/shapes/dwi/data/3_Eddy_Corrected/sub-A721/b0_img_brain_mask.nii.gz
191120-09:56:49,28 nipype.interface INFO:
	 sub: /gpfs/milgram/project/gee_dylan/candlab/analyses/shapes/dwi/data/3_Eddy_Corrected/_subject_id_sub-A721/eddy_corrected.nii.gz -> /gpfs/milgram/project/gee_dylan/candlab/analyses/shapes/dwi/data/3_Eddy_Corrected/sub-A721/eddy_corrected.nii.gz
191120-09:56:49,29 nipype.interface INFO:
	 sub: /gpfs/milgram/project/gee_dylan/candlab/analyses/shapes/dwi/data/3_Eddy_Corrected/_subject_id_sub-A721/eddy_corrected.eddy_rotated_bvecs -> /gpfs/milgram/project/gee_dylan/candlab/analyses/shapes/dwi/data/3_Eddy_Corrected/sub-A721/eddy_corrected.eddy_rotated_bvecs
191120-09:56:49,29 nipype.interface INFO:
	 sub: /gpfs/milgram/project/gee_dylan/candlab/analyses/shapes/dwi/data/3_Eddy_Corrected/_subject_id_sub-A721/eddy_corrected.eddy_movement_rms -> /gpfs/milgram/project/gee_dylan/candlab/analyses/shapes/dwi/data/3_Eddy_Corrected/sub-A721/eddy_corrected.eddy_movement_rms
191120-09:56:49,30 nipype.interface INFO:
	 sub: /gpfs/milgram/project/gee_dylan/candlab/analyses/shapes/dwi/data/3_Eddy_Corrected/_subject_id_sub-A721/eddy_corrected.eddy_parameters -> /gpfs/milgram/project/gee_dylan/candlab/analyses/shapes/dwi/data/3_Eddy_Corrected/sub-A721/eddy_corrected.eddy_parameters
191120-09:56:49,30 nipype.interface INFO:
	 sub: /gpfs/milgram/project/gee_dylan/candlab/analyses/shapes/dwi/data/3_Eddy_Corrected/_subject_id_sub-A721/eddy_corrected.eddy_restricted_movement_rms -> /gpfs/milgram/project/gee_dylan/candlab/analyses/shapes/dwi/data/3_Eddy_Corrected/sub-A721/eddy_corrected.eddy_restricted_movement_rms
191120-09:56:49,30 nipype.interface INFO:
	 sub: /gpfs/milgram/project/gee_dylan/candlab/analyses/shapes/dwi/data/3_Eddy_Corrected/_subject_id_sub-A721/eddy_corrected.eddy_post_eddy_shell_alignment_parameters -> /gpfs/milgram/project/gee_dylan/candlab/analyses/shapes/dwi/data/3_Eddy_Corrected/sub-A721/eddy_corrected.eddy_post_eddy_shell_alignment_parameters
191120-09:56:49,31 nipype.interface INFO:
	 sub: /gpfs/milgram/project/gee_dylan/candlab/analyses/shapes/dwi/data/3_Eddy_Corrected/_subject_id_sub-A721/eddy_corrected.eddy_cnr_maps.nii.gz -> /gpfs/milgram/project/gee_dylan/candlab/analyses/shapes/dwi/data/3_Eddy_Corrected/sub-A721/eddy_corrected.eddy_cnr_maps.nii.gz
191120-09:56:49,31 nipype.interface INFO:
	 sub: /gpfs/milgram/project/gee_dylan/candlab/analyses/shapes/dwi/data/3_Eddy_Corrected/_subject_id_sub-A721/eddy_corrected.eddy_residuals.nii.gz -> /gpfs/milgram/project/gee_dylan/candlab/analyses/shapes/dwi/data/3_Eddy_Corrected/sub-A721/eddy_corrected.eddy_residuals.nii.gz
191120-09:56:49,32 nipype.interface INFO:
	 sub: /gpfs/milgram/project/gee_dylan/candlab/analyses/shapes/dwi/data/3_Eddy_Corrected/_subject_id_sub-A721/eddy_corrected.eddy_outlier_report -> /gpfs/milgram/project/gee_dylan/candlab/analyses/shapes/dwi/data/3_Eddy_Corrected/sub-A721/eddy_corrected.eddy_outlier_report
191120-09:56:49,33 nipype.interface INFO:
	 sub: /gpfs/milgram/project/gee_dylan/candlab/analyses/shapes/dwi/data/3_Eddy_Corrected/_subject_id_sub-A721/eddy_corrected_resample.nii.gz -> /gpfs/milgram/project/gee_dylan/candlab/analyses/shapes/dwi/data/3_Eddy_Corrected/sub-A721/eddy_corrected_resample.nii.gz
191120-09:56:49,43 nipype.workflow INFO:
	 [Node] Finished "eddy_flow.datasink".
191120-09:56:49,43 nipype.workflow INFO:
	 [Node] Setting-up "eddy_flow.datasink" in "/gpfs/milgram/project/gee_dylan/candlab/analyses/shapes/dwi/workflows/eddy_flow/_subject_id_sub-A718/datasink".
191120-09:56:49,57 nipype.workflow INFO:
	 [Node] Running "datasink" ("nipype.interfaces.io.DataSink")
191120-09:56:49,59 nipype.interface INFO:
	 sub: /gpfs/milgram/project/gee_dylan/candlab/analyses/shapes/dwi/data/3_Eddy_Corrected/_subject_id_sub-A718/b0_img_brain_mask.nii.gz -> /gpfs/milgram/project/gee_dylan/candlab/analyses/shapes/dwi/data/3_Eddy_Corrected/sub-A718/b0_img_brain_mask.nii.gz
191120-09:56:49,60 nipype.interface INFO:
	 sub: /gpfs/milgram/project/gee_dylan/candlab/analyses/shapes/dwi/data/3_Eddy_Corrected/_subject_id_sub-A718/eddy_corrected.nii.gz -> /gpfs/milgram/project/gee_dylan/candlab/analyses/shapes/dwi/data/3_Eddy_Corrected/sub-A718/eddy_corrected.nii.gz
191120-09:56:49,61 nipype.interface INFO:
	 sub: /gpfs/milgram/project/gee_dylan/candlab/analyses/shapes/dwi/data/3_Eddy_Corrected/_subject_id_sub-A718/eddy_corrected.eddy_rotated_bvecs -> /gpfs/milgram/project/gee_dylan/candlab/analyses/shapes/dwi/data/3_Eddy_Corrected/sub-A718/eddy_corrected.eddy_rotated_bvecs
191120-09:56:49,61 nipype.interface INFO:
	 sub: /gpfs/milgram/project/gee_dylan/candlab/analyses/shapes/dwi/data/3_Eddy_Corrected/_subject_id_sub-A718/eddy_corrected.eddy_movement_rms -> /gpfs/milgram/project/gee_dylan/candlab/analyses/shapes/dwi/data/3_Eddy_Corrected/sub-A718/eddy_corrected.eddy_movement_rms
191120-09:56:49,62 nipype.interface INFO:
	 sub: /gpfs/milgram/project/gee_dylan/candlab/analyses/shapes/dwi/data/3_Eddy_Corrected/_subject_id_sub-A718/eddy_corrected.eddy_parameters -> /gpfs/milgram/project/gee_dylan/candlab/analyses/shapes/dwi/data/3_Eddy_Corrected/sub-A718/eddy_corrected.eddy_parameters
191120-09:56:49,62 nipype.interface INFO:
	 sub: /gpfs/milgram/project/gee_dylan/candlab/analyses/shapes/dwi/data/3_Eddy_Corrected/_subject_id_sub-A718/eddy_corrected.eddy_restricted_movement_rms -> /gpfs/milgram/project/gee_dylan/candlab/analyses/shapes/dwi/data/3_Eddy_Corrected/sub-A718/eddy_corrected.eddy_restricted_movement_rms
191120-09:56:49,62 nipype.interface INFO:
	 sub: /gpfs/milgram/project/gee_dylan/candlab/analyses/shapes/dwi/data/3_Eddy_Corrected/_subject_id_sub-A718/eddy_corrected.eddy_post_eddy_shell_alignment_parameters -> /gpfs/milgram/project/gee_dylan/candlab/analyses/shapes/dwi/data/3_Eddy_Corrected/sub-A718/eddy_corrected.eddy_post_eddy_shell_alignment_parameters
191120-09:56:49,63 nipype.interface INFO:
	 sub: /gpfs/milgram/project/gee_dylan/candlab/analyses/shapes/dwi/data/3_Eddy_Corrected/_subject_id_sub-A718/eddy_corrected.eddy_cnr_maps.nii.gz -> /gpfs/milgram/project/gee_dylan/candlab/analyses/shapes/dwi/data/3_Eddy_Corrected/sub-A718/eddy_corrected.eddy_cnr_maps.nii.gz
191120-09:56:49,63 nipype.interface INFO:
	 sub: /gpfs/milgram/project/gee_dylan/candlab/analyses/shapes/dwi/data/3_Eddy_Corrected/_subject_id_sub-A718/eddy_corrected.eddy_residuals.nii.gz -> /gpfs/milgram/project/gee_dylan/candlab/analyses/shapes/dwi/data/3_Eddy_Corrected/sub-A718/eddy_corrected.eddy_residuals.nii.gz
191120-09:56:49,63 nipype.interface INFO:
	 sub: /gpfs/milgram/project/gee_dylan/candlab/analyses/shapes/dwi/data/3_Eddy_Corrected/_subject_id_sub-A718/eddy_corrected.eddy_outlier_report -> /gpfs/milgram/project/gee_dylan/candlab/analyses/shapes/dwi/data/3_Eddy_Corrected/sub-A718/eddy_corrected.eddy_outlier_report
191120-09:56:49,63 nipype.interface INFO:
	 sub: /gpfs/milgram/project/gee_dylan/candlab/analyses/shapes/dwi/data/3_Eddy_Corrected/_subject_id_sub-A718/eddy_corrected_resample.nii.gz -> /gpfs/milgram/project/gee_dylan/candlab/analyses/shapes/dwi/data/3_Eddy_Corrected/sub-A718/eddy_corrected_resample.nii.gz
191120-09:56:49,69 nipype.workflow INFO:
	 [Node] Setting-up "eddy_flow.datasink" in "/gpfs/milgram/project/gee_dylan/candlab/analyses/shapes/dwi/workflows/eddy_flow/_subject_id_sub-A717/datasink".
191120-09:56:49,74 nipype.workflow INFO:
	 [Node] Finished "eddy_flow.datasink".
191120-09:56:49,83 nipype.workflow INFO:
	 [Node] Running "datasink" ("nipype.interfaces.io.DataSink")
191120-09:56:49,85 nipype.interface INFO:
	 sub: /gpfs/milgram/project/gee_dylan/candlab/analyses/shapes/dwi/data/3_Eddy_Corrected/_subject_id_sub-A717/b0_img_brain_mask.nii.gz -> /gpfs/milgram/project/gee_dylan/candlab/analyses/shapes/dwi/data/3_Eddy_Corrected/sub-A717/b0_img_brain_mask.nii.gz
191120-09:56:49,87 nipype.interface INFO:
	 sub: /gpfs/milgram/project/gee_dylan/candlab/analyses/shapes/dwi/data/3_Eddy_Corrected/_subject_id_sub-A717/eddy_corrected.nii.gz -> /gpfs/milgram/project/gee_dylan/candlab/analyses/shapes/dwi/data/3_Eddy_Corrected/sub-A717/eddy_corrected.nii.gz
191120-09:56:49,88 nipype.interface INFO:
	 sub: /gpfs/milgram/project/gee_dylan/candlab/analyses/shapes/dwi/data/3_Eddy_Corrected/_subject_id_sub-A717/eddy_corrected.eddy_rotated_bvecs -> /gpfs/milgram/project/gee_dylan/candlab/analyses/shapes/dwi/data/3_Eddy_Corrected/sub-A717/eddy_corrected.eddy_rotated_bvecs
191120-09:56:49,88 nipype.interface INFO:
	 sub: /gpfs/milgram/project/gee_dylan/candlab/analyses/shapes/dwi/data/3_Eddy_Corrected/_subject_id_sub-A717/eddy_corrected.eddy_movement_rms -> /gpfs/milgram/project/gee_dylan/candlab/analyses/shapes/dwi/data/3_Eddy_Corrected/sub-A717/eddy_corrected.eddy_movement_rms
191120-09:56:49,89 nipype.interface INFO:
	 sub: /gpfs/milgram/project/gee_dylan/candlab/analyses/shapes/dwi/data/3_Eddy_Corrected/_subject_id_sub-A717/eddy_corrected.eddy_parameters -> /gpfs/milgram/project/gee_dylan/candlab/analyses/shapes/dwi/data/3_Eddy_Corrected/sub-A717/eddy_corrected.eddy_parameters
191120-09:56:49,89 nipype.interface INFO:
	 sub: /gpfs/milgram/project/gee_dylan/candlab/analyses/shapes/dwi/data/3_Eddy_Corrected/_subject_id_sub-A717/eddy_corrected.eddy_restricted_movement_rms -> /gpfs/milgram/project/gee_dylan/candlab/analyses/shapes/dwi/data/3_Eddy_Corrected/sub-A717/eddy_corrected.eddy_restricted_movement_rms
191120-09:56:49,90 nipype.interface INFO:
	 sub: /gpfs/milgram/project/gee_dylan/candlab/analyses/shapes/dwi/data/3_Eddy_Corrected/_subject_id_sub-A717/eddy_corrected.eddy_post_eddy_shell_alignment_parameters -> /gpfs/milgram/project/gee_dylan/candlab/analyses/shapes/dwi/data/3_Eddy_Corrected/sub-A717/eddy_corrected.eddy_post_eddy_shell_alignment_parameters
191120-09:56:49,90 nipype.interface INFO:
	 sub: /gpfs/milgram/project/gee_dylan/candlab/analyses/shapes/dwi/data/3_Eddy_Corrected/_subject_id_sub-A717/eddy_corrected.eddy_cnr_maps.nii.gz -> /gpfs/milgram/project/gee_dylan/candlab/analyses/shapes/dwi/data/3_Eddy_Corrected/sub-A717/eddy_corrected.eddy_cnr_maps.nii.gz
191120-09:56:49,90 nipype.interface INFO:
	 sub: /gpfs/milgram/project/gee_dylan/candlab/analyses/shapes/dwi/data/3_Eddy_Corrected/_subject_id_sub-A717/eddy_corrected.eddy_residuals.nii.gz -> /gpfs/milgram/project/gee_dylan/candlab/analyses/shapes/dwi/data/3_Eddy_Corrected/sub-A717/eddy_corrected.eddy_residuals.nii.gz
191120-09:56:49,91 nipype.interface INFO:
	 sub: /gpfs/milgram/project/gee_dylan/candlab/analyses/shapes/dwi/data/3_Eddy_Corrected/_subject_id_sub-A717/eddy_corrected.eddy_outlier_report -> /gpfs/milgram/project/gee_dylan/candlab/analyses/shapes/dwi/data/3_Eddy_Corrected/sub-A717/eddy_corrected.eddy_outlier_report
191120-09:56:49,91 nipype.interface INFO:
	 sub: /gpfs/milgram/project/gee_dylan/candlab/analyses/shapes/dwi/data/3_Eddy_Corrected/_subject_id_sub-A717/eddy_corrected_resample.nii.gz -> /gpfs/milgram/project/gee_dylan/candlab/analyses/shapes/dwi/data/3_Eddy_Corrected/sub-A717/eddy_corrected_resample.nii.gz
191120-09:56:49,102 nipype.workflow INFO:
	 [Node] Finished "eddy_flow.datasink".
191120-09:56:50,924 nipype.workflow INFO:
	 [Job 29] Completed (eddy_flow.datasink).
191120-09:56:50,927 nipype.workflow INFO:
	 [Job 35] Completed (eddy_flow.datasink).
191120-09:56:50,929 nipype.workflow INFO:
	 [Job 41] Completed (eddy_flow.datasink).
191120-09:56:50,931 nipype.workflow INFO:
	 [Job 47] Completed (eddy_flow.datasink).
191120-09:56:50,932 nipype.workflow INFO:
	 [MultiProc] Running 0 tasks, and 19 jobs ready. Free memory (GB): 338.91/338.91, Free processors: 4/4.
191120-09:56:50,979 nipype.workflow INFO:
	 [Node] Setting-up "eddy_flow.sf" in "/gpfs/milgram/project/gee_dylan/candlab/analyses/shapes/dwi/workflows/eddy_flow/_subject_id_sub-A715/sf".
191120-09:56:50,981 nipype.workflow INFO:
	 [Node] Setting-up "eddy_flow.sf" in "/gpfs/milgram/project/gee_dylan/candlab/analyses/shapes/dwi/workflows/eddy_flow/_subject_id_sub-A712/sf".
191120-09:56:50,983 nipype.workflow INFO:
	 [Node] Setting-up "eddy_flow.sf" in "/gpfs/milgram/project/gee_dylan/candlab/analyses/shapes/dwi/workflows/eddy_flow/_subject_id_sub-A711/sf".
191120-09:56:50,986 nipype.workflow INFO:
	 [Node] Setting-up "eddy_flow.sf" in "/gpfs/milgram/project/gee_dylan/candlab/analyses/shapes/dwi/workflows/eddy_flow/_subject_id_sub-A710/sf".
191120-09:56:50,994 nipype.workflow INFO:
	 [Node] Running "sf" ("nipype.interfaces.io.SelectFiles")
191120-09:56:50,996 nipype.workflow INFO:
	 [Node] Running "sf" ("nipype.interfaces.io.SelectFiles")
191120-09:56:51,1 nipype.workflow INFO:
	 [Node] Running "sf" ("nipype.interfaces.io.SelectFiles")
191120-09:56:51,2 nipype.workflow INFO:
	 [Node] Running "sf" ("nipype.interfaces.io.SelectFiles")
191120-09:56:51,15 nipype.workflow INFO:
	 [Node] Finished "eddy_flow.sf".
191120-09:56:51,18 nipype.workflow INFO:
	 [Node] Finished "eddy_flow.sf".
191120-09:56:51,19 nipype.workflow INFO:
	 [Node] Finished "eddy_flow.sf".
191120-09:56:51,26 nipype.workflow INFO:
	 [Node] Finished "eddy_flow.sf".
191120-09:56:52,926 nipype.workflow INFO:
	 [Job 48] Completed (eddy_flow.sf).
191120-09:56:52,929 nipype.workflow INFO:
	 [Job 54] Completed (eddy_flow.sf).
191120-09:56:52,930 nipype.workflow INFO:
	 [Job 60] Completed (eddy_flow.sf).
191120-09:56:52,931 nipype.workflow INFO:
	 [Job 66] Completed (eddy_flow.sf).
191120-09:56:52,933 nipype.workflow INFO:
	 [MultiProc] Running 0 tasks, and 19 jobs ready. Free memory (GB): 338.91/338.91, Free processors: 4/4.
191120-09:56:52,977 nipype.workflow INFO:
	 [Job 49] Cached (eddy_flow.fslroi).
191120-09:56:52,981 nipype.workflow INFO:
	 [Job 55] Cached (eddy_flow.fslroi).
191120-09:56:52,986 nipype.workflow INFO:
	 [Job 61] Cached (eddy_flow.fslroi).
191120-09:56:52,990 nipype.workflow INFO:
	 [Job 67] Cached (eddy_flow.fslroi).
191120-09:56:54,974 nipype.workflow INFO:
	 [Job 50] Cached (eddy_flow.stripb0).
191120-09:56:54,981 nipype.workflow INFO:
	 [Job 56] Cached (eddy_flow.stripb0).
191120-09:56:54,988 nipype.workflow INFO:
	 [Job 62] Cached (eddy_flow.stripb0).
191120-09:56:54,996 nipype.workflow INFO:
	 [Job 68] Cached (eddy_flow.stripb0).
191120-09:56:56,976 nipype.workflow INFO:
	 [Job 51] Cached (eddy_flow.eddy).
191120-09:56:56,989 nipype.workflow INFO:
	 [Job 57] Cached (eddy_flow.eddy).
191120-09:56:57,6 nipype.workflow INFO:
	 [Node] Setting-up "eddy_flow.eddy" in "/gpfs/milgram/project/gee_dylan/candlab/analyses/shapes/dwi/workflows/eddy_flow/_subject_id_sub-A711/eddy".
191120-09:56:57,18 nipype.workflow INFO:
	 [Node] Setting-up "eddy_flow.eddy" in "/gpfs/milgram/project/gee_dylan/candlab/analyses/shapes/dwi/workflows/eddy_flow/_subject_id_sub-A710/eddy".
191120-09:56:57,23 nipype.workflow INFO:
	 [Node] Running "eddy" ("nipype.interfaces.fsl.epi.Eddy"), a CommandLine Interface with command:
eddy_cuda --cnr_maps --ff=10.0 --acqp=/gpfs/milgram/project/gee_dylan/candlab/analyses/shapes/dwi/shapes_acqparams.txt --bvals=/gpfs/milgram/project/gee_dylan/candlab/data/mri/bids_recon/shapes/sub-A711/ses-shapesV1/dwi/sub-A711_ses-shapesV1_dwi.bval --bvecs=/gpfs/milgram/project/gee_dylan/candlab/data/mri/bids_recon/shapes/sub-A711/ses-shapesV1/dwi/sub-A711_ses-shapesV1_dwi.bvec --imain=/gpfs/milgram/project/gee_dylan/candlab/analyses/shapes/dwi/data/2_Preprocessed/sub-A711/preprocessed_dwi.nii.gz --index=/gpfs/milgram/project/gee_dylan/candlab/analyses/shapes/dwi/shapes_index.txt --mask=/gpfs/milgram/project/gee_dylan/candlab/analyses/shapes/dwi/workflows/eddy_flow/_subject_id_sub-A711/stripb0/b0_img_brain_mask.nii.gz --interp=trilinear --data_is_shelled --resamp=jac --niter=5 --nvoxhp=1000 --out=/gpfs/milgram/project/gee_dylan/candlab/analyses/shapes/dwi/workflows/eddy_flow/_subject_id_sub-A711/eddy/eddy_corrected --repol --residuals
191120-09:56:57,34 nipype.workflow INFO:
	 [Node] Running "eddy" ("nipype.interfaces.fsl.epi.Eddy"), a CommandLine Interface with command:
eddy_cuda --cnr_maps --ff=10.0 --acqp=/gpfs/milgram/project/gee_dylan/candlab/analyses/shapes/dwi/shapes_acqparams.txt --bvals=/gpfs/milgram/project/gee_dylan/candlab/data/mri/bids_recon/shapes/sub-A710/ses-shapesV1/dwi/sub-A710_ses-shapesV1_dwi.bval --bvecs=/gpfs/milgram/project/gee_dylan/candlab/data/mri/bids_recon/shapes/sub-A710/ses-shapesV1/dwi/sub-A710_ses-shapesV1_dwi.bvec --imain=/gpfs/milgram/project/gee_dylan/candlab/analyses/shapes/dwi/data/2_Preprocessed/sub-A710/preprocessed_dwi.nii.gz --index=/gpfs/milgram/project/gee_dylan/candlab/analyses/shapes/dwi/shapes_index.txt --mask=/gpfs/milgram/project/gee_dylan/candlab/analyses/shapes/dwi/workflows/eddy_flow/_subject_id_sub-A710/stripb0/b0_img_brain_mask.nii.gz --interp=trilinear --data_is_shelled --resamp=jac --niter=5 --nvoxhp=1000 --out=/gpfs/milgram/project/gee_dylan/candlab/analyses/shapes/dwi/workflows/eddy_flow/_subject_id_sub-A710/eddy/eddy_corrected --repol --residuals
191120-09:56:58,935 nipype.workflow INFO:
	 [MultiProc] Running 2 tasks, and 17 jobs ready. Free memory (GB): 338.51/338.91, Free processors: 2/4.
                     Currently running:
                       * eddy_flow.eddy
                       * eddy_flow.eddy
191120-09:56:59,7 nipype.workflow INFO:
	 [Job 52] Cached (eddy_flow.resample).
191120-09:56:59,25 nipype.workflow INFO:
	 [Job 58] Cached (eddy_flow.resample).
191120-09:57:01,5 nipype.workflow INFO:
	 [Node] Setting-up "eddy_flow.datasink" in "/gpfs/milgram/project/gee_dylan/candlab/analyses/shapes/dwi/workflows/eddy_flow/_subject_id_sub-A715/datasink".
191120-09:57:01,17 nipype.workflow INFO:
	 [Node] Running "datasink" ("nipype.interfaces.io.DataSink")
191120-09:57:01,19 nipype.interface INFO:
	 sub: /gpfs/milgram/project/gee_dylan/candlab/analyses/shapes/dwi/data/3_Eddy_Corrected/_subject_id_sub-A715/b0_img_brain_mask.nii.gz -> /gpfs/milgram/project/gee_dylan/candlab/analyses/shapes/dwi/data/3_Eddy_Corrected/sub-A715/b0_img_brain_mask.nii.gz
191120-09:57:01,21 nipype.interface INFO:
	 sub: /gpfs/milgram/project/gee_dylan/candlab/analyses/shapes/dwi/data/3_Eddy_Corrected/_subject_id_sub-A715/eddy_corrected.nii.gz -> /gpfs/milgram/project/gee_dylan/candlab/analyses/shapes/dwi/data/3_Eddy_Corrected/sub-A715/eddy_corrected.nii.gz
191120-09:57:01,22 nipype.interface INFO:
	 sub: /gpfs/milgram/project/gee_dylan/candlab/analyses/shapes/dwi/data/3_Eddy_Corrected/_subject_id_sub-A715/eddy_corrected.eddy_rotated_bvecs -> /gpfs/milgram/project/gee_dylan/candlab/analyses/shapes/dwi/data/3_Eddy_Corrected/sub-A715/eddy_corrected.eddy_rotated_bvecs
191120-09:57:01,22 nipype.interface INFO:
	 sub: /gpfs/milgram/project/gee_dylan/candlab/analyses/shapes/dwi/data/3_Eddy_Corrected/_subject_id_sub-A715/eddy_corrected.eddy_movement_rms -> /gpfs/milgram/project/gee_dylan/candlab/analyses/shapes/dwi/data/3_Eddy_Corrected/sub-A715/eddy_corrected.eddy_movement_rms
191120-09:57:01,22 nipype.interface INFO:
	 sub: /gpfs/milgram/project/gee_dylan/candlab/analyses/shapes/dwi/data/3_Eddy_Corrected/_subject_id_sub-A715/eddy_corrected.eddy_parameters -> /gpfs/milgram/project/gee_dylan/candlab/analyses/shapes/dwi/data/3_Eddy_Corrected/sub-A715/eddy_corrected.eddy_parameters
191120-09:57:01,23 nipype.interface INFO:
	 sub: /gpfs/milgram/project/gee_dylan/candlab/analyses/shapes/dwi/data/3_Eddy_Corrected/_subject_id_sub-A715/eddy_corrected.eddy_restricted_movement_rms -> /gpfs/milgram/project/gee_dylan/candlab/analyses/shapes/dwi/data/3_Eddy_Corrected/sub-A715/eddy_corrected.eddy_restricted_movement_rms
191120-09:57:01,23 nipype.interface INFO:
	 sub: /gpfs/milgram/project/gee_dylan/candlab/analyses/shapes/dwi/data/3_Eddy_Corrected/_subject_id_sub-A715/eddy_corrected.eddy_post_eddy_shell_alignment_parameters -> /gpfs/milgram/project/gee_dylan/candlab/analyses/shapes/dwi/data/3_Eddy_Corrected/sub-A715/eddy_corrected.eddy_post_eddy_shell_alignment_parameters
191120-09:57:01,23 nipype.interface INFO:
	 sub: /gpfs/milgram/project/gee_dylan/candlab/analyses/shapes/dwi/data/3_Eddy_Corrected/_subject_id_sub-A715/eddy_corrected.eddy_cnr_maps.nii.gz -> /gpfs/milgram/project/gee_dylan/candlab/analyses/shapes/dwi/data/3_Eddy_Corrected/sub-A715/eddy_corrected.eddy_cnr_maps.nii.gz
191120-09:57:01,24 nipype.interface INFO:
	 sub: /gpfs/milgram/project/gee_dylan/candlab/analyses/shapes/dwi/data/3_Eddy_Corrected/_subject_id_sub-A715/eddy_corrected.eddy_residuals.nii.gz -> /gpfs/milgram/project/gee_dylan/candlab/analyses/shapes/dwi/data/3_Eddy_Corrected/sub-A715/eddy_corrected.eddy_residuals.nii.gz
191120-09:57:01,24 nipype.interface INFO:
	 sub: /gpfs/milgram/project/gee_dylan/candlab/analyses/shapes/dwi/data/3_Eddy_Corrected/_subject_id_sub-A715/eddy_corrected.eddy_outlier_report -> /gpfs/milgram/project/gee_dylan/candlab/analyses/shapes/dwi/data/3_Eddy_Corrected/sub-A715/eddy_corrected.eddy_outlier_report
191120-09:57:01,24 nipype.interface INFO:
	 sub: /gpfs/milgram/project/gee_dylan/candlab/analyses/shapes/dwi/data/3_Eddy_Corrected/_subject_id_sub-A715/eddy_corrected_resample.nii.gz -> /gpfs/milgram/project/gee_dylan/candlab/analyses/shapes/dwi/data/3_Eddy_Corrected/sub-A715/eddy_corrected_resample.nii.gz
191120-09:57:01,28 nipype.workflow INFO:
	 [Node] Setting-up "eddy_flow.datasink" in "/gpfs/milgram/project/gee_dylan/candlab/analyses/shapes/dwi/workflows/eddy_flow/_subject_id_sub-A712/datasink".
191120-09:57:01,35 nipype.workflow INFO:
	 [Node] Finished "eddy_flow.datasink".
191120-09:57:01,41 nipype.workflow INFO:
	 [Node] Running "datasink" ("nipype.interfaces.io.DataSink")
191120-09:57:01,43 nipype.interface INFO:
	 sub: /gpfs/milgram/project/gee_dylan/candlab/analyses/shapes/dwi/data/3_Eddy_Corrected/_subject_id_sub-A712/b0_img_brain_mask.nii.gz -> /gpfs/milgram/project/gee_dylan/candlab/analyses/shapes/dwi/data/3_Eddy_Corrected/sub-A712/b0_img_brain_mask.nii.gz
191120-09:57:01,44 nipype.interface INFO:
	 sub: /gpfs/milgram/project/gee_dylan/candlab/analyses/shapes/dwi/data/3_Eddy_Corrected/_subject_id_sub-A712/eddy_corrected.nii.gz -> /gpfs/milgram/project/gee_dylan/candlab/analyses/shapes/dwi/data/3_Eddy_Corrected/sub-A712/eddy_corrected.nii.gz
191120-09:57:01,45 nipype.interface INFO:
	 sub: /gpfs/milgram/project/gee_dylan/candlab/analyses/shapes/dwi/data/3_Eddy_Corrected/_subject_id_sub-A712/eddy_corrected.eddy_rotated_bvecs -> /gpfs/milgram/project/gee_dylan/candlab/analyses/shapes/dwi/data/3_Eddy_Corrected/sub-A712/eddy_corrected.eddy_rotated_bvecs
191120-09:57:01,45 nipype.interface INFO:
	 sub: /gpfs/milgram/project/gee_dylan/candlab/analyses/shapes/dwi/data/3_Eddy_Corrected/_subject_id_sub-A712/eddy_corrected.eddy_movement_rms -> /gpfs/milgram/project/gee_dylan/candlab/analyses/shapes/dwi/data/3_Eddy_Corrected/sub-A712/eddy_corrected.eddy_movement_rms
191120-09:57:01,46 nipype.interface INFO:
	 sub: /gpfs/milgram/project/gee_dylan/candlab/analyses/shapes/dwi/data/3_Eddy_Corrected/_subject_id_sub-A712/eddy_corrected.eddy_parameters -> /gpfs/milgram/project/gee_dylan/candlab/analyses/shapes/dwi/data/3_Eddy_Corrected/sub-A712/eddy_corrected.eddy_parameters
191120-09:57:01,46 nipype.interface INFO:
	 sub: /gpfs/milgram/project/gee_dylan/candlab/analyses/shapes/dwi/data/3_Eddy_Corrected/_subject_id_sub-A712/eddy_corrected.eddy_restricted_movement_rms -> /gpfs/milgram/project/gee_dylan/candlab/analyses/shapes/dwi/data/3_Eddy_Corrected/sub-A712/eddy_corrected.eddy_restricted_movement_rms
191120-09:57:01,46 nipype.interface INFO:
	 sub: /gpfs/milgram/project/gee_dylan/candlab/analyses/shapes/dwi/data/3_Eddy_Corrected/_subject_id_sub-A712/eddy_corrected.eddy_post_eddy_shell_alignment_parameters -> /gpfs/milgram/project/gee_dylan/candlab/analyses/shapes/dwi/data/3_Eddy_Corrected/sub-A712/eddy_corrected.eddy_post_eddy_shell_alignment_parameters
191120-09:57:01,47 nipype.interface INFO:
	 sub: /gpfs/milgram/project/gee_dylan/candlab/analyses/shapes/dwi/data/3_Eddy_Corrected/_subject_id_sub-A712/eddy_corrected.eddy_cnr_maps.nii.gz -> /gpfs/milgram/project/gee_dylan/candlab/analyses/shapes/dwi/data/3_Eddy_Corrected/sub-A712/eddy_corrected.eddy_cnr_maps.nii.gz
191120-09:57:01,47 nipype.interface INFO:
	 sub: /gpfs/milgram/project/gee_dylan/candlab/analyses/shapes/dwi/data/3_Eddy_Corrected/_subject_id_sub-A712/eddy_corrected.eddy_residuals.nii.gz -> /gpfs/milgram/project/gee_dylan/candlab/analyses/shapes/dwi/data/3_Eddy_Corrected/sub-A712/eddy_corrected.eddy_residuals.nii.gz
191120-09:57:01,48 nipype.interface INFO:
	 sub: /gpfs/milgram/project/gee_dylan/candlab/analyses/shapes/dwi/data/3_Eddy_Corrected/_subject_id_sub-A712/eddy_corrected.eddy_outlier_report -> /gpfs/milgram/project/gee_dylan/candlab/analyses/shapes/dwi/data/3_Eddy_Corrected/sub-A712/eddy_corrected.eddy_outlier_report
191120-09:57:01,48 nipype.interface INFO:
	 sub: /gpfs/milgram/project/gee_dylan/candlab/analyses/shapes/dwi/data/3_Eddy_Corrected/_subject_id_sub-A712/eddy_corrected_resample.nii.gz -> /gpfs/milgram/project/gee_dylan/candlab/analyses/shapes/dwi/data/3_Eddy_Corrected/sub-A712/eddy_corrected_resample.nii.gz
191120-09:57:01,59 nipype.workflow INFO:
	 [Node] Finished "eddy_flow.datasink".
191120-09:57:02,937 nipype.workflow INFO:
	 [Job 53] Completed (eddy_flow.datasink).
191120-09:57:02,939 nipype.workflow INFO:
	 [Job 59] Completed (eddy_flow.datasink).
191120-09:57:02,941 nipype.workflow INFO:
	 [MultiProc] Running 2 tasks, and 15 jobs ready. Free memory (GB): 338.51/338.91, Free processors: 2/4.
                     Currently running:
                       * eddy_flow.eddy
                       * eddy_flow.eddy
191120-09:57:02,997 nipype.workflow INFO:
	 [Node] Setting-up "eddy_flow.sf" in "/gpfs/milgram/project/gee_dylan/candlab/analyses/shapes/dwi/workflows/eddy_flow/_subject_id_sub-A708/sf".
191120-09:57:02,998 nipype.workflow INFO:
	 [Node] Setting-up "eddy_flow.sf" in "/gpfs/milgram/project/gee_dylan/candlab/analyses/shapes/dwi/workflows/eddy_flow/_subject_id_sub-A707/sf".
191120-09:57:03,7 nipype.workflow INFO:
	 [Node] Running "sf" ("nipype.interfaces.io.SelectFiles")
191120-09:57:03,9 nipype.workflow INFO:
	 [Node] Running "sf" ("nipype.interfaces.io.SelectFiles")
191120-09:57:03,27 nipype.workflow INFO:
	 [Node] Finished "eddy_flow.sf".
191120-09:57:03,29 nipype.workflow INFO:
	 [Node] Finished "eddy_flow.sf".
191120-09:57:04,939 nipype.workflow INFO:
	 [Job 72] Completed (eddy_flow.sf).
191120-09:57:04,941 nipype.workflow INFO:
	 [Job 78] Completed (eddy_flow.sf).
191120-09:57:04,942 nipype.workflow INFO:
	 [MultiProc] Running 2 tasks, and 15 jobs ready. Free memory (GB): 338.51/338.91, Free processors: 2/4.
                     Currently running:
                       * eddy_flow.eddy
                       * eddy_flow.eddy
191120-09:57:04,988 nipype.workflow INFO:
	 [Job 73] Cached (eddy_flow.fslroi).
191120-09:57:04,991 nipype.workflow INFO:
	 [Job 79] Cached (eddy_flow.fslroi).
191120-09:57:06,992 nipype.workflow INFO:
	 [Job 74] Cached (eddy_flow.stripb0).
191120-09:57:06,999 nipype.workflow INFO:
	 [Job 80] Cached (eddy_flow.stripb0).
191120-09:57:09,6 nipype.workflow INFO:
	 [Job 75] Cached (eddy_flow.eddy).
191120-09:57:09,19 nipype.workflow INFO:
	 [Job 81] Cached (eddy_flow.eddy).
191120-09:57:11,5 nipype.workflow INFO:
	 [Job 76] Cached (eddy_flow.resample).
191120-09:57:11,17 nipype.workflow INFO:
	 [Job 82] Cached (eddy_flow.resample).
191120-09:57:13,38 nipype.workflow INFO:
	 [Node] Setting-up "eddy_flow.datasink" in "/gpfs/milgram/project/gee_dylan/candlab/analyses/shapes/dwi/workflows/eddy_flow/_subject_id_sub-A708/datasink".
191120-09:57:13,51 nipype.workflow INFO:
	 [Node] Running "datasink" ("nipype.interfaces.io.DataSink")
191120-09:57:13,53 nipype.interface INFO:
	 sub: /gpfs/milgram/project/gee_dylan/candlab/analyses/shapes/dwi/data/3_Eddy_Corrected/_subject_id_sub-A708/b0_img_brain_mask.nii.gz -> /gpfs/milgram/project/gee_dylan/candlab/analyses/shapes/dwi/data/3_Eddy_Corrected/sub-A708/b0_img_brain_mask.nii.gz
191120-09:57:13,55 nipype.interface INFO:
	 sub: /gpfs/milgram/project/gee_dylan/candlab/analyses/shapes/dwi/data/3_Eddy_Corrected/_subject_id_sub-A708/eddy_corrected.nii.gz -> /gpfs/milgram/project/gee_dylan/candlab/analyses/shapes/dwi/data/3_Eddy_Corrected/sub-A708/eddy_corrected.nii.gz
191120-09:57:13,55 nipype.interface INFO:
	 sub: /gpfs/milgram/project/gee_dylan/candlab/analyses/shapes/dwi/data/3_Eddy_Corrected/_subject_id_sub-A708/eddy_corrected.eddy_rotated_bvecs -> /gpfs/milgram/project/gee_dylan/candlab/analyses/shapes/dwi/data/3_Eddy_Corrected/sub-A708/eddy_corrected.eddy_rotated_bvecs
191120-09:57:13,56 nipype.interface INFO:
	 sub: /gpfs/milgram/project/gee_dylan/candlab/analyses/shapes/dwi/data/3_Eddy_Corrected/_subject_id_sub-A708/eddy_corrected.eddy_movement_rms -> /gpfs/milgram/project/gee_dylan/candlab/analyses/shapes/dwi/data/3_Eddy_Corrected/sub-A708/eddy_corrected.eddy_movement_rms
191120-09:57:13,56 nipype.interface INFO:
	 sub: /gpfs/milgram/project/gee_dylan/candlab/analyses/shapes/dwi/data/3_Eddy_Corrected/_subject_id_sub-A708/eddy_corrected.eddy_parameters -> /gpfs/milgram/project/gee_dylan/candlab/analyses/shapes/dwi/data/3_Eddy_Corrected/sub-A708/eddy_corrected.eddy_parameters
191120-09:57:13,57 nipype.interface INFO:
	 sub: /gpfs/milgram/project/gee_dylan/candlab/analyses/shapes/dwi/data/3_Eddy_Corrected/_subject_id_sub-A708/eddy_corrected.eddy_restricted_movement_rms -> /gpfs/milgram/project/gee_dylan/candlab/analyses/shapes/dwi/data/3_Eddy_Corrected/sub-A708/eddy_corrected.eddy_restricted_movement_rms
191120-09:57:13,57 nipype.interface INFO:
	 sub: /gpfs/milgram/project/gee_dylan/candlab/analyses/shapes/dwi/data/3_Eddy_Corrected/_subject_id_sub-A708/eddy_corrected.eddy_post_eddy_shell_alignment_parameters -> /gpfs/milgram/project/gee_dylan/candlab/analyses/shapes/dwi/data/3_Eddy_Corrected/sub-A708/eddy_corrected.eddy_post_eddy_shell_alignment_parameters
191120-09:57:13,58 nipype.interface INFO:
	 sub: /gpfs/milgram/project/gee_dylan/candlab/analyses/shapes/dwi/data/3_Eddy_Corrected/_subject_id_sub-A708/eddy_corrected.eddy_cnr_maps.nii.gz -> /gpfs/milgram/project/gee_dylan/candlab/analyses/shapes/dwi/data/3_Eddy_Corrected/sub-A708/eddy_corrected.eddy_cnr_maps.nii.gz
191120-09:57:13,58 nipype.interface INFO:
	 sub: /gpfs/milgram/project/gee_dylan/candlab/analyses/shapes/dwi/data/3_Eddy_Corrected/_subject_id_sub-A708/eddy_corrected.eddy_residuals.nii.gz -> /gpfs/milgram/project/gee_dylan/candlab/analyses/shapes/dwi/data/3_Eddy_Corrected/sub-A708/eddy_corrected.eddy_residuals.nii.gz
191120-09:57:13,59 nipype.interface INFO:
	 sub: /gpfs/milgram/project/gee_dylan/candlab/analyses/shapes/dwi/data/3_Eddy_Corrected/_subject_id_sub-A708/eddy_corrected.eddy_outlier_report -> /gpfs/milgram/project/gee_dylan/candlab/analyses/shapes/dwi/data/3_Eddy_Corrected/sub-A708/eddy_corrected.eddy_outlier_report
191120-09:57:13,59 nipype.interface INFO:
	 sub: /gpfs/milgram/project/gee_dylan/candlab/analyses/shapes/dwi/data/3_Eddy_Corrected/_subject_id_sub-A708/eddy_corrected_resample.nii.gz -> /gpfs/milgram/project/gee_dylan/candlab/analyses/shapes/dwi/data/3_Eddy_Corrected/sub-A708/eddy_corrected_resample.nii.gz
191120-09:57:13,62 nipype.workflow INFO:
	 [Node] Setting-up "eddy_flow.datasink" in "/gpfs/milgram/project/gee_dylan/candlab/analyses/shapes/dwi/workflows/eddy_flow/_subject_id_sub-A707/datasink".
191120-09:57:13,69 nipype.workflow INFO:
	 [Node] Finished "eddy_flow.datasink".
191120-09:57:13,74 nipype.workflow INFO:
	 [Node] Running "datasink" ("nipype.interfaces.io.DataSink")
191120-09:57:13,77 nipype.interface INFO:
	 sub: /gpfs/milgram/project/gee_dylan/candlab/analyses/shapes/dwi/data/3_Eddy_Corrected/_subject_id_sub-A707/b0_img_brain_mask.nii.gz -> /gpfs/milgram/project/gee_dylan/candlab/analyses/shapes/dwi/data/3_Eddy_Corrected/sub-A707/b0_img_brain_mask.nii.gz
191120-09:57:13,78 nipype.interface INFO:
	 sub: /gpfs/milgram/project/gee_dylan/candlab/analyses/shapes/dwi/data/3_Eddy_Corrected/_subject_id_sub-A707/eddy_corrected.nii.gz -> /gpfs/milgram/project/gee_dylan/candlab/analyses/shapes/dwi/data/3_Eddy_Corrected/sub-A707/eddy_corrected.nii.gz
191120-09:57:13,78 nipype.interface INFO:
	 sub: /gpfs/milgram/project/gee_dylan/candlab/analyses/shapes/dwi/data/3_Eddy_Corrected/_subject_id_sub-A707/eddy_corrected.eddy_rotated_bvecs -> /gpfs/milgram/project/gee_dylan/candlab/analyses/shapes/dwi/data/3_Eddy_Corrected/sub-A707/eddy_corrected.eddy_rotated_bvecs
191120-09:57:13,79 nipype.interface INFO:
	 sub: /gpfs/milgram/project/gee_dylan/candlab/analyses/shapes/dwi/data/3_Eddy_Corrected/_subject_id_sub-A707/eddy_corrected.eddy_movement_rms -> /gpfs/milgram/project/gee_dylan/candlab/analyses/shapes/dwi/data/3_Eddy_Corrected/sub-A707/eddy_corrected.eddy_movement_rms
191120-09:57:13,79 nipype.interface INFO:
	 sub: /gpfs/milgram/project/gee_dylan/candlab/analyses/shapes/dwi/data/3_Eddy_Corrected/_subject_id_sub-A707/eddy_corrected.eddy_parameters -> /gpfs/milgram/project/gee_dylan/candlab/analyses/shapes/dwi/data/3_Eddy_Corrected/sub-A707/eddy_corrected.eddy_parameters
191120-09:57:13,80 nipype.interface INFO:
	 sub: /gpfs/milgram/project/gee_dylan/candlab/analyses/shapes/dwi/data/3_Eddy_Corrected/_subject_id_sub-A707/eddy_corrected.eddy_restricted_movement_rms -> /gpfs/milgram/project/gee_dylan/candlab/analyses/shapes/dwi/data/3_Eddy_Corrected/sub-A707/eddy_corrected.eddy_restricted_movement_rms
191120-09:57:13,80 nipype.interface INFO:
	 sub: /gpfs/milgram/project/gee_dylan/candlab/analyses/shapes/dwi/data/3_Eddy_Corrected/_subject_id_sub-A707/eddy_corrected.eddy_post_eddy_shell_alignment_parameters -> /gpfs/milgram/project/gee_dylan/candlab/analyses/shapes/dwi/data/3_Eddy_Corrected/sub-A707/eddy_corrected.eddy_post_eddy_shell_alignment_parameters
191120-09:57:13,80 nipype.interface INFO:
	 sub: /gpfs/milgram/project/gee_dylan/candlab/analyses/shapes/dwi/data/3_Eddy_Corrected/_subject_id_sub-A707/eddy_corrected.eddy_cnr_maps.nii.gz -> /gpfs/milgram/project/gee_dylan/candlab/analyses/shapes/dwi/data/3_Eddy_Corrected/sub-A707/eddy_corrected.eddy_cnr_maps.nii.gz
191120-09:57:13,81 nipype.interface INFO:
	 sub: /gpfs/milgram/project/gee_dylan/candlab/analyses/shapes/dwi/data/3_Eddy_Corrected/_subject_id_sub-A707/eddy_corrected.eddy_residuals.nii.gz -> /gpfs/milgram/project/gee_dylan/candlab/analyses/shapes/dwi/data/3_Eddy_Corrected/sub-A707/eddy_corrected.eddy_residuals.nii.gz
191120-09:57:13,81 nipype.interface INFO:
	 sub: /gpfs/milgram/project/gee_dylan/candlab/analyses/shapes/dwi/data/3_Eddy_Corrected/_subject_id_sub-A707/eddy_corrected.eddy_outlier_report -> /gpfs/milgram/project/gee_dylan/candlab/analyses/shapes/dwi/data/3_Eddy_Corrected/sub-A707/eddy_corrected.eddy_outlier_report
191120-09:57:13,81 nipype.interface INFO:
	 sub: /gpfs/milgram/project/gee_dylan/candlab/analyses/shapes/dwi/data/3_Eddy_Corrected/_subject_id_sub-A707/eddy_corrected_resample.nii.gz -> /gpfs/milgram/project/gee_dylan/candlab/analyses/shapes/dwi/data/3_Eddy_Corrected/sub-A707/eddy_corrected_resample.nii.gz
191120-09:57:13,91 nipype.workflow INFO:
	 [Node] Finished "eddy_flow.datasink".
191120-09:57:14,948 nipype.workflow INFO:
	 [Job 77] Completed (eddy_flow.datasink).
191120-09:57:14,950 nipype.workflow INFO:
	 [Job 83] Completed (eddy_flow.datasink).
191120-09:57:14,952 nipype.workflow INFO:
	 [MultiProc] Running 2 tasks, and 13 jobs ready. Free memory (GB): 338.51/338.91, Free processors: 2/4.
                     Currently running:
                       * eddy_flow.eddy
                       * eddy_flow.eddy
191120-09:57:14,999 nipype.workflow INFO:
	 [Node] Setting-up "eddy_flow.sf" in "/gpfs/milgram/project/gee_dylan/candlab/analyses/shapes/dwi/workflows/eddy_flow/_subject_id_sub-A704/sf".
191120-09:57:15,1 nipype.workflow INFO:
	 [Node] Setting-up "eddy_flow.sf" in "/gpfs/milgram/project/gee_dylan/candlab/analyses/shapes/dwi/workflows/eddy_flow/_subject_id_sub-A696/sf".
191120-09:57:15,10 nipype.workflow INFO:
	 [Node] Running "sf" ("nipype.interfaces.io.SelectFiles")
191120-09:57:15,13 nipype.workflow INFO:
	 [Node] Running "sf" ("nipype.interfaces.io.SelectFiles")
191120-09:57:15,29 nipype.workflow INFO:
	 [Node] Finished "eddy_flow.sf".
191120-09:57:15,32 nipype.workflow INFO:
	 [Node] Finished "eddy_flow.sf".
191120-09:57:16,950 nipype.workflow INFO:
	 [Job 84] Completed (eddy_flow.sf).
191120-09:57:16,951 nipype.workflow INFO:
	 [Job 90] Completed (eddy_flow.sf).
191120-09:57:16,952 nipype.workflow INFO:
	 [MultiProc] Running 2 tasks, and 13 jobs ready. Free memory (GB): 338.51/338.91, Free processors: 2/4.
                     Currently running:
                       * eddy_flow.eddy
                       * eddy_flow.eddy
191120-09:57:16,994 nipype.workflow INFO:
	 [Job 85] Cached (eddy_flow.fslroi).
191120-09:57:16,997 nipype.workflow INFO:
	 [Job 91] Cached (eddy_flow.fslroi).
191120-09:57:19,4 nipype.workflow INFO:
	 [Job 86] Cached (eddy_flow.stripb0).
191120-09:57:19,9 nipype.workflow INFO:
	 [Job 92] Cached (eddy_flow.stripb0).
191120-09:57:21,13 nipype.workflow INFO:
	 [Node] Setting-up "eddy_flow.eddy" in "/gpfs/milgram/project/gee_dylan/candlab/analyses/shapes/dwi/workflows/eddy_flow/_subject_id_sub-A704/eddy".
191120-09:57:21,24 nipype.workflow INFO:
	 [Node] Setting-up "eddy_flow.eddy" in "/gpfs/milgram/project/gee_dylan/candlab/analyses/shapes/dwi/workflows/eddy_flow/_subject_id_sub-A696/eddy".
191120-09:57:21,28 nipype.workflow INFO:
	 [Node] Running "eddy" ("nipype.interfaces.fsl.epi.Eddy"), a CommandLine Interface with command:
eddy_cuda --cnr_maps --ff=10.0 --acqp=/gpfs/milgram/project/gee_dylan/candlab/analyses/shapes/dwi/shapes_acqparams.txt --bvals=/gpfs/milgram/project/gee_dylan/candlab/data/mri/bids_recon/shapes/sub-A704/ses-shapesV1/dwi/sub-A704_ses-shapesV1_dwi.bval --bvecs=/gpfs/milgram/project/gee_dylan/candlab/data/mri/bids_recon/shapes/sub-A704/ses-shapesV1/dwi/sub-A704_ses-shapesV1_dwi.bvec --imain=/gpfs/milgram/project/gee_dylan/candlab/analyses/shapes/dwi/data/2_Preprocessed/sub-A704/preprocessed_dwi.nii.gz --index=/gpfs/milgram/project/gee_dylan/candlab/analyses/shapes/dwi/shapes_index.txt --mask=/gpfs/milgram/project/gee_dylan/candlab/analyses/shapes/dwi/workflows/eddy_flow/_subject_id_sub-A704/stripb0/b0_img_brain_mask.nii.gz --interp=trilinear --data_is_shelled --resamp=jac --niter=5 --nvoxhp=1000 --out=/gpfs/milgram/project/gee_dylan/candlab/analyses/shapes/dwi/workflows/eddy_flow/_subject_id_sub-A704/eddy/eddy_corrected --repol --residuals
191120-09:57:21,39 nipype.workflow INFO:
	 [Node] Running "eddy" ("nipype.interfaces.fsl.epi.Eddy"), a CommandLine Interface with command:
eddy_cuda --cnr_maps --ff=10.0 --acqp=/gpfs/milgram/project/gee_dylan/candlab/analyses/shapes/dwi/shapes_acqparams.txt --bvals=/gpfs/milgram/project/gee_dylan/candlab/data/mri/bids_recon/shapes/sub-A696/ses-shapesV1/dwi/sub-A696_ses-shapesV1_dwi.bval --bvecs=/gpfs/milgram/project/gee_dylan/candlab/data/mri/bids_recon/shapes/sub-A696/ses-shapesV1/dwi/sub-A696_ses-shapesV1_dwi.bvec --imain=/gpfs/milgram/project/gee_dylan/candlab/analyses/shapes/dwi/data/2_Preprocessed/sub-A696/preprocessed_dwi.nii.gz --index=/gpfs/milgram/project/gee_dylan/candlab/analyses/shapes/dwi/shapes_index.txt --mask=/gpfs/milgram/project/gee_dylan/candlab/analyses/shapes/dwi/workflows/eddy_flow/_subject_id_sub-A696/stripb0/b0_img_brain_mask.nii.gz --interp=trilinear --data_is_shelled --resamp=jac --niter=5 --nvoxhp=1000 --out=/gpfs/milgram/project/gee_dylan/candlab/analyses/shapes/dwi/workflows/eddy_flow/_subject_id_sub-A696/eddy/eddy_corrected --repol --residuals
191120-09:57:22,955 nipype.workflow INFO:
	 [MultiProc] Running 4 tasks, and 11 jobs ready. Free memory (GB): 338.11/338.91, Free processors: 0/4.
                     Currently running:
                       * eddy_flow.eddy
                       * eddy_flow.eddy
                       * eddy_flow.eddy
                       * eddy_flow.eddy
