Source the FSL configuration script using: 
  .
/gpfs/milgram/apps/hpc.rhel7/software/FSL/6.0.0-centos7_64/etc/fslconf/fsl.sh 
Source the FSL configuration script using: 
  .
/gpfs/milgram/apps/hpc.rhel7/software/FSL/6.0.0-centos7_64/etc/fslconf/fsl.sh 
Source the FSL configuration script using: 
  .
/gpfs/milgram/apps/hpc.rhel7/software/FSL/6.0.0-centos7_64/etc/fslconf/fsl.sh 
Source the FSL configuration script using: 
  .
/gpfs/milgram/apps/hpc.rhel7/software/FSL/6.0.0-centos7_64/etc/fslconf/fsl.sh 

The following have been reloaded with a version change:
  1) Python/2.7.14-foss-2018a => Python/miniconda

190923-18:58:23,329 nipype.workflow DEBUG:
	 (preproc_flow.infosource, preproc_flow.sf): No edge data
190923-18:58:23,329 nipype.workflow DEBUG:
	 (preproc_flow.infosource, preproc_flow.sf): new edge data: {'connect': [('subject_id', 'subject_id')]}
190923-18:58:23,329 nipype.workflow DEBUG:
	 (preproc_flow.sf, preproc_flow.create_merge): No edge data
190923-18:58:23,329 nipype.workflow DEBUG:
	 (preproc_flow.sf, preproc_flow.create_merge): new edge data: {'connect': [('fmapap', 'ap'), ('fmappa', 'pa')]}
190923-18:58:23,330 nipype.workflow DEBUG:
	 (preproc_flow.create_merge, preproc_flow.drop): No edge data
190923-18:58:23,330 nipype.workflow DEBUG:
	 (preproc_flow.create_merge, preproc_flow.drop): new edge data: {'connect': [('merged_file', 'in_file')]}
190923-18:58:23,330 nipype.workflow DEBUG:
	 (preproc_flow.drop, preproc_flow.topup): No edge data
190923-18:58:23,330 nipype.workflow DEBUG:
	 (preproc_flow.drop, preproc_flow.topup): new edge data: {'connect': [('roi_file', 'in_file')]}
190923-18:58:23,330 nipype.workflow DEBUG:
	 (preproc_flow.sf, preproc_flow.topup): No edge data
190923-18:58:23,330 nipype.workflow DEBUG:
	 (preproc_flow.sf, preproc_flow.topup): new edge data: {'connect': [('aps', 'encoding_file')]}
190923-18:58:23,330 nipype.workflow DEBUG:
	 (preproc_flow.topup, preproc_flow.datasink): No edge data
190923-18:58:23,330 nipype.workflow DEBUG:
	 (preproc_flow.topup, preproc_flow.datasink): new edge data: {'connect': [('out_corrected', '1_Check_Unwarped.@par')]}
190923-18:58:23,330 nipype.workflow DEBUG:
	 (preproc_flow.topup, preproc_flow.fslroi): No edge data
190923-18:58:23,330 nipype.workflow DEBUG:
	 (preproc_flow.topup, preproc_flow.fslroi): new edge data: {'connect': [('out_corrected', 'in_file')]}
190923-18:58:23,330 nipype.workflow DEBUG:
	 (preproc_flow.sf, preproc_flow.resampT1): No edge data
190923-18:58:23,330 nipype.workflow DEBUG:
	 (preproc_flow.sf, preproc_flow.resampT1): new edge data: {'connect': [('t1', 'in_file')]}
190923-18:58:23,330 nipype.workflow DEBUG:
	 (preproc_flow.resampT1, preproc_flow.register1): No edge data
190923-18:58:23,330 nipype.workflow DEBUG:
	 (preproc_flow.resampT1, preproc_flow.register1): new edge data: {'connect': [('resampled_file', 'in_file')]}
190923-18:58:23,330 nipype.workflow DEBUG:
	 (preproc_flow.fslroi, preproc_flow.register1): No edge data
190923-18:58:23,331 nipype.workflow DEBUG:
	 (preproc_flow.fslroi, preproc_flow.register1): new edge data: {'connect': [('roi_file', 'reference')]}
190923-18:58:23,331 nipype.workflow DEBUG:
	 (preproc_flow.register1, preproc_flow.stripT1): No edge data
190923-18:58:23,331 nipype.workflow DEBUG:
	 (preproc_flow.register1, preproc_flow.stripT1): new edge data: {'connect': [('out_file', 'in_file')]}
190923-18:58:23,331 nipype.workflow DEBUG:
	 (preproc_flow.stripT1, preproc_flow.datasink): No edge data
190923-18:58:23,331 nipype.workflow DEBUG:
	 (preproc_flow.stripT1, preproc_flow.datasink): new edge data: {'connect': [('mask_file', '1_Check_Unwarped.@par.@par.@par.@par.@par.@par'), ('mask_file', '2_Transfer')]}
190923-18:58:23,331 nipype.workflow DEBUG:
	 (preproc_flow.register1, preproc_flow.datasink): No edge data
190923-18:58:23,331 nipype.workflow DEBUG:
	 (preproc_flow.register1, preproc_flow.datasink): new edge data: {'connect': [('out_file', '1_Check_Unwarped.@par.@par.@par.@par.@par.@par.@par'), ('out_file', '2_Transfer.@par')]}
190923-18:58:23,334 nipype.workflow DEBUG:
	 (preproc_flow.sf, preproc_flow.drop2): No edge data
190923-18:58:23,334 nipype.workflow DEBUG:
	 (preproc_flow.sf, preproc_flow.drop2): new edge data: {'connect': [('dti', 'in_file')]}
190923-18:58:23,334 nipype.workflow DEBUG:
	 (preproc_flow.drop2, preproc_flow.denoise): No edge data
190923-18:58:23,334 nipype.workflow DEBUG:
	 (preproc_flow.drop2, preproc_flow.denoise): new edge data: {'connect': [('roi_file', 'in_file')]}
190923-18:58:23,334 nipype.workflow DEBUG:
	 (preproc_flow.denoise, preproc_flow.datasink): No edge data
190923-18:58:23,335 nipype.workflow DEBUG:
	 (preproc_flow.denoise, preproc_flow.datasink): new edge data: {'connect': [('out_file', '1_Check_Unwarped.@par.@par.@par')]}
190923-18:58:23,335 nipype.workflow DEBUG:
	 (preproc_flow.drop2, preproc_flow.gibbs): No edge data
190923-18:58:23,335 nipype.workflow DEBUG:
	 (preproc_flow.drop2, preproc_flow.gibbs): new edge data: {'connect': [('roi_file', 'in_file')]}
190923-18:58:23,335 nipype.workflow DEBUG:
	 (preproc_flow.gibbs, preproc_flow.bias): No edge data
190923-18:58:23,335 nipype.workflow DEBUG:
	 (preproc_flow.gibbs, preproc_flow.bias): new edge data: {'connect': [('out_file', 'in_file')]}
190923-18:58:23,335 nipype.workflow DEBUG:
	 (preproc_flow.sf, preproc_flow.bias): No edge data
190923-18:58:23,335 nipype.workflow DEBUG:
	 (preproc_flow.sf, preproc_flow.bias): new edge data: {'connect': [('bvec', 'in_bvec')]}
190923-18:58:23,335 nipype.workflow DEBUG:
	 (preproc_flow.sf, preproc_flow.bias): Edge data exists: {'connect': [('bvec', 'in_bvec')]}
190923-18:58:23,335 nipype.workflow DEBUG:
	 (preproc_flow.sf, preproc_flow.bias): new edge data: {'connect': [('bvec', 'in_bvec'), ('bval', 'in_bval')]}
190923-18:58:23,335 nipype.workflow DEBUG:
	 (preproc_flow.topup, preproc_flow.apptop): No edge data
190923-18:58:23,335 nipype.workflow DEBUG:
	 (preproc_flow.topup, preproc_flow.apptop): new edge data: {'connect': [('out_fieldcoef', 'in_topup_fieldcoef'), ('out_movpar', 'in_topup_movpar')]}
190923-18:58:23,335 nipype.workflow DEBUG:
	 (preproc_flow.bias, preproc_flow.apptop): No edge data
190923-18:58:23,335 nipype.workflow DEBUG:
	 (preproc_flow.bias, preproc_flow.apptop): new edge data: {'connect': [('out_file', 'in_files')]}
190923-18:58:23,335 nipype.workflow DEBUG:
	 (preproc_flow.sf, preproc_flow.apptop): No edge data
190923-18:58:23,335 nipype.workflow DEBUG:
	 (preproc_flow.sf, preproc_flow.apptop): new edge data: {'connect': [('aps', 'encoding_file')]}
190923-18:58:23,335 nipype.workflow DEBUG:
	 (preproc_flow.apptop, preproc_flow.datasink): No edge data
190923-18:58:23,335 nipype.workflow DEBUG:
	 (preproc_flow.apptop, preproc_flow.datasink): new edge data: {'connect': [('out_corrected', '1_Check_Unwarped.@par.@par.@par.@par.@par'), ('out_corrected', '2_Transfer.@par.@par')]}
190923-18:58:23,335 nipype.workflow DEBUG:
	 (preproc_flow.sf, preproc_flow.datasink): No edge data
190923-18:58:23,336 nipype.workflow DEBUG:
	 (preproc_flow.sf, preproc_flow.datasink): new edge data: {'connect': [('bval', '2_Transfer.@par.@par.@par'), ('bvec', '2_Transfer.@par.@par.@par.@par')]}
190923-18:58:23,337 nipype.workflow DEBUG:
	 Creating flat graph for workflow: preproc_flow
190923-18:58:23,345 nipype.workflow DEBUG:
	 expanding workflow: preproc_flow
190923-18:58:23,346 nipype.workflow DEBUG:
	 processing node: preproc_flow.infosource
190923-18:58:23,347 nipype.workflow DEBUG:
	 processing node: preproc_flow.sf
190923-18:58:23,347 nipype.workflow DEBUG:
	 processing node: preproc_flow.drop2
190923-18:58:23,347 nipype.workflow DEBUG:
	 processing node: preproc_flow.gibbs
190923-18:58:23,347 nipype.workflow DEBUG:
	 processing node: preproc_flow.bias
190923-18:58:23,347 nipype.workflow DEBUG:
	 processing node: preproc_flow.denoise
190923-18:58:23,347 nipype.workflow DEBUG:
	 processing node: preproc_flow.resampT1
190923-18:58:23,347 nipype.workflow DEBUG:
	 processing node: preproc_flow.create_merge
190923-18:58:23,347 nipype.workflow DEBUG:
	 processing node: preproc_flow.drop
190923-18:58:23,347 nipype.workflow DEBUG:
	 processing node: preproc_flow.topup
190923-18:58:23,347 nipype.workflow DEBUG:
	 processing node: preproc_flow.apptop
190923-18:58:23,347 nipype.workflow DEBUG:
	 processing node: preproc_flow.fslroi
190923-18:58:23,347 nipype.workflow DEBUG:
	 processing node: preproc_flow.register1
190923-18:58:23,347 nipype.workflow DEBUG:
	 processing node: preproc_flow.stripT1
190923-18:58:23,347 nipype.workflow DEBUG:
	 processing node: preproc_flow.datasink
190923-18:58:23,348 nipype.workflow DEBUG:
	 finished expanding workflow: preproc_flow
190923-18:58:23,352 nipype.workflow DEBUG:
	 using input graph
190923-18:58:23,739 nipype.workflow DEBUG:
	 creating dot graph
190923-18:58:23,935 nipype.workflow INFO:
	 Generated workflow graph: /gpfs/milgram/project/gee_dylan/candlab/analyses/shapes/dwi/preproc_workflow/preproc_flow/graph.png (graph2use=flat, simple_form=True).
190923-18:58:23,978 nipype.workflow DEBUG:
	 [MultiProc] Starting (n_procs=4, mem_gb=338.91, cwd=/gpfs/milgram/project/gee_dylan/candlab/scripts/shapes/mri/dwi/Diffusion)
190923-18:58:23,982 nipype.workflow DEBUG:
	 Creating flat graph for workflow: preproc_flow
190923-18:58:23,988 nipype.workflow DEBUG:
	 expanding workflow: preproc_flow
190923-18:58:23,988 nipype.workflow DEBUG:
	 processing node: preproc_flow.infosource
190923-18:58:23,988 nipype.workflow DEBUG:
	 processing node: preproc_flow.sf
190923-18:58:23,989 nipype.workflow DEBUG:
	 processing node: preproc_flow.drop2
190923-18:58:23,989 nipype.workflow DEBUG:
	 processing node: preproc_flow.gibbs
190923-18:58:23,989 nipype.workflow DEBUG:
	 processing node: preproc_flow.bias
190923-18:58:23,989 nipype.workflow DEBUG:
	 processing node: preproc_flow.denoise
190923-18:58:23,989 nipype.workflow DEBUG:
	 processing node: preproc_flow.resampT1
190923-18:58:23,989 nipype.workflow DEBUG:
	 processing node: preproc_flow.create_merge
190923-18:58:23,989 nipype.workflow DEBUG:
	 processing node: preproc_flow.drop
190923-18:58:23,989 nipype.workflow DEBUG:
	 processing node: preproc_flow.topup
190923-18:58:23,989 nipype.workflow DEBUG:
	 processing node: preproc_flow.apptop
190923-18:58:23,989 nipype.workflow DEBUG:
	 processing node: preproc_flow.fslroi
190923-18:58:23,989 nipype.workflow DEBUG:
	 processing node: preproc_flow.register1
190923-18:58:23,989 nipype.workflow DEBUG:
	 processing node: preproc_flow.stripT1
190923-18:58:23,989 nipype.workflow DEBUG:
	 processing node: preproc_flow.datasink
190923-18:58:23,989 nipype.workflow DEBUG:
	 finished expanding workflow: preproc_flow
190923-18:58:23,989 nipype.workflow INFO:
	 Workflow preproc_flow settings: ['check', 'execution', 'logging', 'monitoring']
190923-18:58:23,995 nipype.workflow DEBUG:
	 PE: expanding iterables
190923-18:58:23,995 nipype.workflow DEBUG:
	 Detected iterable nodes [preproc_flow.infosource]
190923-18:58:23,995 nipype.workflow DEBUG:
	 Expanding the iterable node preproc_flow.infosource...
190923-18:58:23,995 nipype.workflow DEBUG:
	 node: preproc_flow.infosource iterables: {'subject_id': <function _standardize_iterables.<locals>.make_field_func.<locals>.<lambda> at 0x2b1763f86730>}
190923-18:58:23,995 nipype.workflow DEBUG:
	 ('subnodes:', [preproc_flow.infosource, preproc_flow.sf, preproc_flow.create_merge, preproc_flow.drop, preproc_flow.topup, preproc_flow.datasink, preproc_flow.fslroi, preproc_flow.register1, preproc_flow.stripT1, preproc_flow.apptop, preproc_flow.resampT1, preproc_flow.drop2, preproc_flow.denoise, preproc_flow.gibbs, preproc_flow.bias])
190923-18:58:23,999 nipype.workflow DEBUG:
	 [Node] infosource - setting input subject_id = sub-A200
190923-18:58:23,999 nipype.workflow DEBUG:
	 Parameterization: paramstr=_subject_id_sub-A200
190923-18:58:24,0 nipype.workflow DEBUG:
	 PE: expanding iterables ... done
190923-18:58:24,0 nipype.workflow DEBUG:
	 [Node] sf - setting input subject_id = sub-A200
190923-18:58:24,0 nipype.workflow DEBUG:
	 Removed the identity node preproc_flow.infosource from the graph.
190923-18:58:24,11 nipype.workflow DEBUG:
	 Performing depth first search
190923-18:58:24,16 nipype.workflow INFO:
	 Running in parallel.
190923-18:58:24,19 nipype.workflow DEBUG:
	 Progress: 14 jobs, 0/0/1 (done/running/ready), 0/14 (pending_tasks/waiting).
190923-18:58:24,20 nipype.workflow DEBUG:
	 Tasks currently running: 0. Pending: 0.
190923-18:58:24,21 nipype.workflow INFO:
	 [MultiProc] Running 0 tasks, and 1 jobs ready. Free memory (GB): 338.91/338.91, Free processors: 4/4.
190923-18:58:24,46 nipype.workflow DEBUG:
	 Allocating preproc_flow.sf ID=0 (0.20GB, 1 threads). Free: 338.71GB, 3 threads.
190923-18:58:24,46 nipype.workflow DEBUG:
	 Setting node inputs
190923-18:58:24,47 nipype.workflow DEBUG:
	 [Node] Hashes: [('base_directory', '/gpfs/milgram/project/gee_dylan/candlab'), ('force_lists', False), ('raise_on_empty', True), ('sort_filelist', True), ('subject_id', 'sub-A200')], 9868cc5e94fad4f0aa2c74f928d06cae, /gpfs/milgram/project/gee_dylan/candlab/analyses/shapes/dwi/preproc_workflow/preproc_flow/_subject_id_sub-A200/sf/_0x9868cc5e94fad4f0aa2c74f928d06cae.json, ['/gpfs/milgram/project/gee_dylan/candlab/analyses/shapes/dwi/preproc_workflow/preproc_flow/_subject_id_sub-A200/sf/_0x9868cc5e94fad4f0aa2c74f928d06cae.json']
190923-18:58:24,47 nipype.workflow DEBUG:
	 [Node] Up-to-date cache found for "preproc_flow.sf".
190923-18:58:24,47 nipype.workflow DEBUG:
	 Checking hash "preproc_flow.sf" locally: cached=True, updated=True.
190923-18:58:24,73 nipype.workflow DEBUG:
	 [MultiProc] Submitted task preproc_flow.sf (taskid=1).
190923-18:58:24,76 nipype.workflow INFO:
	 [Node] Setting-up "preproc_flow.sf" in "/gpfs/milgram/project/gee_dylan/candlab/analyses/shapes/dwi/preproc_workflow/preproc_flow/_subject_id_sub-A200/sf".
190923-18:58:24,77 nipype.workflow DEBUG:
	 [Node] Hashes: [('base_directory', '/gpfs/milgram/project/gee_dylan/candlab'), ('force_lists', False), ('raise_on_empty', True), ('sort_filelist', True), ('subject_id', 'sub-A200')], 9868cc5e94fad4f0aa2c74f928d06cae, /gpfs/milgram/project/gee_dylan/candlab/analyses/shapes/dwi/preproc_workflow/preproc_flow/_subject_id_sub-A200/sf/_0x9868cc5e94fad4f0aa2c74f928d06cae.json, ['/gpfs/milgram/project/gee_dylan/candlab/analyses/shapes/dwi/preproc_workflow/preproc_flow/_subject_id_sub-A200/sf/_0x9868cc5e94fad4f0aa2c74f928d06cae.json']
190923-18:58:24,77 nipype.workflow DEBUG:
	 [Node] Up-to-date cache found for "preproc_flow.sf".
190923-18:58:24,77 nipype.workflow DEBUG:
	 [Node] Rerunning cached, up-to-date node "preproc_flow.sf"
190923-18:58:24,77 nipype.utils DEBUG:
	 Removing contents of /gpfs/milgram/project/gee_dylan/candlab/analyses/shapes/dwi/preproc_workflow/preproc_flow/_subject_id_sub-A200/sf
190923-18:58:24,82 nipype.utils DEBUG:
	 Creating directory /gpfs/milgram/project/gee_dylan/candlab/analyses/shapes/dwi/preproc_workflow/preproc_flow/_subject_id_sub-A200/sf/_report
190923-18:58:24,82 nipype.workflow DEBUG:
	 [Node] Writing pre-exec report to "/gpfs/milgram/project/gee_dylan/candlab/analyses/shapes/dwi/preproc_workflow/preproc_flow/_subject_id_sub-A200/sf/_report/report.rst"
190923-18:58:24,88 nipype.workflow INFO:
	 [Node] Running "sf" ("nipype.interfaces.io.SelectFiles")
190923-18:58:24,101 nipype.workflow DEBUG:
	 Needed files: /gpfs/milgram/project/gee_dylan/candlab/data/mri/bids_recon/shapes/sub-A200/ses-shapesV1/anat/sub-A200_ses-shapesV1_T1w.nii.gz;/gpfs/milgram/project/gee_dylan/candlab/data/mri/bids_recon/shapes/sub-A200/ses-shapesV1/dwi/sub-A200_ses-shapesV1_dwi.nii.gz;/gpfs/milgram/project/gee_dylan/candlab/data/mri/bids_recon/shapes/sub-A200/ses-shapesV1/dwi/sub-A200_ses-shapesV1_dwi.bval;/gpfs/milgram/project/gee_dylan/candlab/data/mri/bids_recon/shapes/sub-A200/ses-shapesV1/dwi/sub-A200_ses-shapesV1_dwi.bvec;/gpfs/milgram/project/gee_dylan/candlab/data/mri/bids_recon/shapes/sub-A200/ses-shapesV1/fmap/sub-A200_ses-shapesV1_acq-dwi_dir-PA_epi.nii.gz;/gpfs/milgram/project/gee_dylan/candlab/data/mri/bids_recon/shapes/sub-A200/ses-shapesV1/fmap/sub-A200_ses-shapesV1_acq-dwi_dir-AP_epi.nii.gz;/gpfs/milgram/project/gee_dylan/candlab/data/mri/bids_recon/shapes/shapes_acqparams.txt;/gpfs/milgram/project/gee_dylan/candlab/data/mri/bids_recon/shapes/shapes_index.txt;/gpfs/milgram/project/gee_dylan/candlab/atlases/MNI152_T1_2mm_brain.nii.gz;/gpfs/milgram/project/gee_dylan/candlab/analyses/shapes/dwi/preproc_workflow/preproc_flow/_subject_id_sub-A200/sf/_0x9868cc5e94fad4f0aa2c74f928d06cae_unfinished.json;/gpfs/milgram/project/gee_dylan/candlab/analyses/shapes/dwi/preproc_workflow/preproc_flow/_subject_id_sub-A200/sf/_inputs.pklz;/gpfs/milgram/project/gee_dylan/candlab/analyses/shapes/dwi/preproc_workflow/preproc_flow/_subject_id_sub-A200/sf/_node.pklz
190923-18:58:24,101 nipype.workflow DEBUG:
	 Needed dirs: /gpfs/milgram/project/gee_dylan/candlab/analyses/shapes/dwi/preproc_workflow/preproc_flow/_subject_id_sub-A200/sf/_report
190923-18:58:24,101 nipype.workflow DEBUG:
	 Removing files: 
190923-18:58:24,101 nipype.workflow DEBUG:
	 Saving results file: '/gpfs/milgram/project/gee_dylan/candlab/analyses/shapes/dwi/preproc_workflow/preproc_flow/_subject_id_sub-A200/sf/result_sf.pklz'
190923-18:58:24,106 nipype.workflow DEBUG:
	 [Node] Writing post-exec report to "/gpfs/milgram/project/gee_dylan/candlab/analyses/shapes/dwi/preproc_workflow/preproc_flow/_subject_id_sub-A200/sf/_report/report.rst"
190923-18:58:24,107 nipype.utils DEBUG:
	 Loading pkl: /gpfs/milgram/project/gee_dylan/candlab/analyses/shapes/dwi/preproc_workflow/preproc_flow/_subject_id_sub-A200/sf/result_sf.pklz
190923-18:58:24,110 nipype.workflow DEBUG:
	 Resolving paths in outputs loaded from results file.
190923-18:58:24,115 nipype.workflow INFO:
	 [Node] Finished "preproc_flow.sf".
190923-18:58:26,24 nipype.workflow DEBUG:
	 Progress: 14 jobs, 0/1/0 (done/running/ready), 1/13 (pending_tasks/waiting).
190923-18:58:26,24 nipype.workflow INFO:
	 [Job 0] Completed (preproc_flow.sf).
190923-18:58:26,26 nipype.workflow DEBUG:
	 Tasks currently running: 0. Pending: 0.
190923-18:58:26,27 nipype.workflow INFO:
	 [MultiProc] Running 0 tasks, and 3 jobs ready. Free memory (GB): 338.91/338.91, Free processors: 4/4.
190923-18:58:26,64 nipype.workflow DEBUG:
	 Allocating preproc_flow.drop2 ID=1 (0.20GB, 1 threads). Free: 338.71GB, 3 threads.
190923-18:58:26,64 nipype.workflow DEBUG:
	 Setting node inputs
190923-18:58:26,64 nipype.workflow DEBUG:
	 input: in_file
190923-18:58:26,64 nipype.workflow DEBUG:
	 results file: /gpfs/milgram/project/gee_dylan/candlab/analyses/shapes/dwi/preproc_workflow/preproc_flow/_subject_id_sub-A200/sf/result_sf.pklz
190923-18:58:26,64 nipype.utils DEBUG:
	 Loading pkl: /gpfs/milgram/project/gee_dylan/candlab/analyses/shapes/dwi/preproc_workflow/preproc_flow/_subject_id_sub-A200/sf/result_sf.pklz
190923-18:58:26,66 nipype.workflow DEBUG:
	 Resolving paths in outputs loaded from results file.
190923-18:58:26,66 nipype.workflow DEBUG:
	 output: dti
190923-18:58:26,66 nipype.workflow DEBUG:
	 [Node] drop2 - setting input in_file = /gpfs/milgram/project/gee_dylan/candlab/data/mri/bids_recon/shapes/sub-A200/ses-shapesV1/dwi/sub-A200_ses-shapesV1_dwi.nii.gz
190923-18:58:26,67 nipype.workflow DEBUG:
	 [Node] Hashes: [('in_file', ('/gpfs/milgram/project/gee_dylan/candlab/data/mri/bids_recon/shapes/sub-A200/ses-shapesV1/dwi/sub-A200_ses-shapesV1_dwi.nii.gz', '2abfe909b7a81d5c7209d868b2648fab')), ('output_type', 'NIFTI_GZ'), ('x_min', 0), ('x_size', 140), ('y_min', 0), ('y_size', 140), ('z_min', 1), ('z_size', 80)], 71add7dff833c41e14152c1cd0881b7b, /gpfs/milgram/project/gee_dylan/candlab/analyses/shapes/dwi/preproc_workflow/preproc_flow/_subject_id_sub-A200/drop2/_0x71add7dff833c41e14152c1cd0881b7b.json, ['/gpfs/milgram/project/gee_dylan/candlab/analyses/shapes/dwi/preproc_workflow/preproc_flow/_subject_id_sub-A200/drop2/_0x71add7dff833c41e14152c1cd0881b7b.json']
190923-18:58:26,67 nipype.workflow DEBUG:
	 [Node] Up-to-date cache found for "preproc_flow.drop2".
190923-18:58:26,68 nipype.workflow DEBUG:
	 Checking hash "preproc_flow.drop2" locally: cached=True, updated=True.
190923-18:58:26,68 nipype.workflow DEBUG:
	 Skipping cached node preproc_flow.drop2 with ID 1.
190923-18:58:26,68 nipype.workflow INFO:
	 [Job 1] Cached (preproc_flow.drop2).
190923-18:58:26,68 nipype.workflow DEBUG:
	 Allocating preproc_flow.resampT1 ID=5 (0.20GB, 1 threads). Free: 338.51GB, 2 threads.
190923-18:58:26,68 nipype.workflow DEBUG:
	 Setting node inputs
190923-18:58:26,68 nipype.workflow DEBUG:
	 input: in_file
190923-18:58:26,68 nipype.workflow DEBUG:
	 results file: /gpfs/milgram/project/gee_dylan/candlab/analyses/shapes/dwi/preproc_workflow/preproc_flow/_subject_id_sub-A200/sf/result_sf.pklz
190923-18:58:26,69 nipype.utils DEBUG:
	 Loading pkl: /gpfs/milgram/project/gee_dylan/candlab/analyses/shapes/dwi/preproc_workflow/preproc_flow/_subject_id_sub-A200/sf/result_sf.pklz
190923-18:58:26,69 nipype.workflow DEBUG:
	 Resolving paths in outputs loaded from results file.
190923-18:58:26,69 nipype.workflow DEBUG:
	 output: t1
190923-18:58:26,70 nipype.workflow DEBUG:
	 [Node] resampT1 - setting input in_file = /gpfs/milgram/project/gee_dylan/candlab/data/mri/bids_recon/shapes/sub-A200/ses-shapesV1/anat/sub-A200_ses-shapesV1_T1w.nii.gz
190923-18:58:26,71 nipype.workflow DEBUG:
	 [Node] Hashes: [('in_file', ('/gpfs/milgram/project/gee_dylan/candlab/data/mri/bids_recon/shapes/sub-A200/ses-shapesV1/anat/sub-A200_ses-shapesV1_T1w.nii.gz', '6c639f0981efb8c8421536b32ec27e0e')), ('subjects_dir', '/gpfs/milgram/project/gee_dylan/candlab/data/mri/bids_recon/shapes'), ('voxel_size', ('1.7142860000', '1.7142860000', '1.7000010000'))], c42951b76333868b9ebdae850898cc94, /gpfs/milgram/project/gee_dylan/candlab/analyses/shapes/dwi/preproc_workflow/preproc_flow/_subject_id_sub-A200/resampT1/_0xc42951b76333868b9ebdae850898cc94.json, ['/gpfs/milgram/project/gee_dylan/candlab/analyses/shapes/dwi/preproc_workflow/preproc_flow/_subject_id_sub-A200/resampT1/_0xc42951b76333868b9ebdae850898cc94.json']
190923-18:58:26,71 nipype.workflow DEBUG:
	 [Node] Up-to-date cache found for "preproc_flow.resampT1".
190923-18:58:26,71 nipype.workflow DEBUG:
	 Checking hash "preproc_flow.resampT1" locally: cached=True, updated=True.
190923-18:58:26,71 nipype.workflow DEBUG:
	 Skipping cached node preproc_flow.resampT1 with ID 5.
190923-18:58:26,71 nipype.workflow INFO:
	 [Job 5] Cached (preproc_flow.resampT1).
190923-18:58:26,71 nipype.workflow DEBUG:
	 Allocating preproc_flow.create_merge ID=6 (0.20GB, 1 threads). Free: 338.31GB, 1 threads.
190923-18:58:26,72 nipype.workflow DEBUG:
	 Setting node inputs
190923-18:58:26,72 nipype.workflow DEBUG:
	 input: ap
190923-18:58:26,72 nipype.workflow DEBUG:
	 results file: /gpfs/milgram/project/gee_dylan/candlab/analyses/shapes/dwi/preproc_workflow/preproc_flow/_subject_id_sub-A200/sf/result_sf.pklz
190923-18:58:26,72 nipype.utils DEBUG:
	 Loading pkl: /gpfs/milgram/project/gee_dylan/candlab/analyses/shapes/dwi/preproc_workflow/preproc_flow/_subject_id_sub-A200/sf/result_sf.pklz
190923-18:58:26,72 nipype.workflow DEBUG:
	 Resolving paths in outputs loaded from results file.
190923-18:58:26,73 nipype.workflow DEBUG:
	 output: fmapap
190923-18:58:26,73 nipype.workflow DEBUG:
	 [Node] create_merge - setting input ap = /gpfs/milgram/project/gee_dylan/candlab/data/mri/bids_recon/shapes/sub-A200/ses-shapesV1/fmap/sub-A200_ses-shapesV1_acq-dwi_dir-AP_epi.nii.gz
190923-18:58:26,73 nipype.workflow DEBUG:
	 input: pa
190923-18:58:26,73 nipype.workflow DEBUG:
	 results file: /gpfs/milgram/project/gee_dylan/candlab/analyses/shapes/dwi/preproc_workflow/preproc_flow/_subject_id_sub-A200/sf/result_sf.pklz
190923-18:58:26,73 nipype.utils DEBUG:
	 Loading pkl: /gpfs/milgram/project/gee_dylan/candlab/analyses/shapes/dwi/preproc_workflow/preproc_flow/_subject_id_sub-A200/sf/result_sf.pklz
190923-18:58:26,73 nipype.workflow DEBUG:
	 Resolving paths in outputs loaded from results file.
190923-18:58:26,74 nipype.workflow DEBUG:
	 output: fmappa
190923-18:58:26,74 nipype.workflow DEBUG:
	 [Node] create_merge - setting input pa = /gpfs/milgram/project/gee_dylan/candlab/data/mri/bids_recon/shapes/sub-A200/ses-shapesV1/fmap/sub-A200_ses-shapesV1_acq-dwi_dir-PA_epi.nii.gz
190923-18:58:26,75 nipype.workflow DEBUG:
	 [Node] Hashes: [('ap', ('/gpfs/milgram/project/gee_dylan/candlab/data/mri/bids_recon/shapes/sub-A200/ses-shapesV1/fmap/sub-A200_ses-shapesV1_acq-dwi_dir-AP_epi.nii.gz', '2c49a53208bd95c4229788c5097de3f0')), ('function_str', "def create_merged_files(ap, pa):\n    from nipype.interfaces import fsl\n    from os.path import abspath\n    merge = fsl.Merge(in_files=[ap, pa],\n                      dimension='t', output_type='NIFTI_GZ', merged_file='AP_PA_merged.nii.gz').run()\n    merged_file = abspath('AP_PA_merged.nii.gz')\n    return merged_file\n"), ('pa', ('/gpfs/milgram/project/gee_dylan/candlab/data/mri/bids_recon/shapes/sub-A200/ses-shapesV1/fmap/sub-A200_ses-shapesV1_acq-dwi_dir-PA_epi.nii.gz', '61c72027650a1aeb628c81851baef03e'))], 6fb16a2a8cda3f545ac2043acaba8fa0, /gpfs/milgram/project/gee_dylan/candlab/analyses/shapes/dwi/preproc_workflow/preproc_flow/_subject_id_sub-A200/create_merge/_0x6fb16a2a8cda3f545ac2043acaba8fa0.json, ['/gpfs/milgram/project/gee_dylan/candlab/analyses/shapes/dwi/preproc_workflow/preproc_flow/_subject_id_sub-A200/create_merge/_0x6fb16a2a8cda3f545ac2043acaba8fa0.json']
190923-18:58:26,75 nipype.workflow DEBUG:
	 [Node] Up-to-date cache found for "preproc_flow.create_merge".
190923-18:58:26,75 nipype.workflow DEBUG:
	 Checking hash "preproc_flow.create_merge" locally: cached=True, updated=True.
190923-18:58:26,75 nipype.workflow DEBUG:
	 Skipping cached node preproc_flow.create_merge with ID 6.
190923-18:58:26,75 nipype.workflow INFO:
	 [Job 6] Cached (preproc_flow.create_merge).
190923-18:58:28,24 nipype.workflow DEBUG:
	 Progress: 14 jobs, 4/0/3 (done/running/ready), 0/10 (pending_tasks/waiting).
190923-18:58:28,24 nipype.workflow DEBUG:
	 Tasks currently running: 0. Pending: 0.
190923-18:58:28,53 nipype.workflow DEBUG:
	 Allocating preproc_flow.gibbs ID=2 (0.20GB, 1 threads). Free: 338.71GB, 3 threads.
190923-18:58:28,53 nipype.workflow DEBUG:
	 Setting node inputs
190923-18:58:28,53 nipype.workflow DEBUG:
	 input: in_file
190923-18:58:28,53 nipype.workflow DEBUG:
	 results file: /gpfs/milgram/project/gee_dylan/candlab/analyses/shapes/dwi/preproc_workflow/preproc_flow/_subject_id_sub-A200/drop2/result_drop2.pklz
190923-18:58:28,54 nipype.utils DEBUG:
	 Loading pkl: /gpfs/milgram/project/gee_dylan/candlab/analyses/shapes/dwi/preproc_workflow/preproc_flow/_subject_id_sub-A200/drop2/result_drop2.pklz
190923-18:58:28,74 nipype.workflow DEBUG:
	 Resolving paths in outputs loaded from results file.
190923-18:58:28,74 nipype.workflow DEBUG:
	 output: roi_file
190923-18:58:28,74 nipype.workflow DEBUG:
	 [Node] gibbs - setting input in_file = /gpfs/milgram/project/gee_dylan/candlab/analyses/shapes/dwi/preproc_workflow/preproc_flow/_subject_id_sub-A200/drop2/sub-A200_ses-shapesV1_dwi_roi.nii.gz
190923-18:58:28,75 nipype.workflow DEBUG:
	 [Node] Hashes: [('axes', [0, 1]), ('in_file', ('/gpfs/milgram/project/gee_dylan/candlab/analyses/shapes/dwi/preproc_workflow/preproc_flow/_subject_id_sub-A200/drop2/sub-A200_ses-shapesV1_dwi_roi.nii.gz', '86a4fbe8638db283a7145e14117a917e')), ('maxW', 3), ('minW', 1), ('nshifts', 20), ('out_file', 'denoised_gibbs.nii.gz')], 93c5267ba5ad0f18cda0c4657c59091c, /gpfs/milgram/project/gee_dylan/candlab/analyses/shapes/dwi/preproc_workflow/preproc_flow/_subject_id_sub-A200/gibbs/_0x93c5267ba5ad0f18cda0c4657c59091c.json, ['/gpfs/milgram/project/gee_dylan/candlab/analyses/shapes/dwi/preproc_workflow/preproc_flow/_subject_id_sub-A200/gibbs/_0x93c5267ba5ad0f18cda0c4657c59091c.json']
190923-18:58:28,76 nipype.workflow DEBUG:
	 [Node] Up-to-date cache found for "preproc_flow.gibbs".
190923-18:58:28,76 nipype.workflow DEBUG:
	 Checking hash "preproc_flow.gibbs" locally: cached=True, updated=True.
190923-18:58:28,76 nipype.workflow DEBUG:
	 Skipping cached node preproc_flow.gibbs with ID 2.
190923-18:58:28,76 nipype.workflow INFO:
	 [Job 2] Cached (preproc_flow.gibbs).
190923-18:58:28,77 nipype.workflow DEBUG:
	 Allocating preproc_flow.denoise ID=4 (0.20GB, 1 threads). Free: 338.51GB, 2 threads.
190923-18:58:28,77 nipype.workflow DEBUG:
	 Setting node inputs
190923-18:58:28,77 nipype.workflow DEBUG:
	 input: in_file
190923-18:58:28,77 nipype.workflow DEBUG:
	 results file: /gpfs/milgram/project/gee_dylan/candlab/analyses/shapes/dwi/preproc_workflow/preproc_flow/_subject_id_sub-A200/drop2/result_drop2.pklz
190923-18:58:28,77 nipype.utils DEBUG:
	 Loading pkl: /gpfs/milgram/project/gee_dylan/candlab/analyses/shapes/dwi/preproc_workflow/preproc_flow/_subject_id_sub-A200/drop2/result_drop2.pklz
190923-18:58:28,78 nipype.workflow DEBUG:
	 Resolving paths in outputs loaded from results file.
190923-18:58:28,79 nipype.workflow DEBUG:
	 output: roi_file
190923-18:58:28,79 nipype.workflow DEBUG:
	 [Node] denoise - setting input in_file = /gpfs/milgram/project/gee_dylan/candlab/analyses/shapes/dwi/preproc_workflow/preproc_flow/_subject_id_sub-A200/drop2/sub-A200_ses-shapesV1_dwi_roi.nii.gz
190923-18:58:28,80 nipype.workflow DEBUG:
	 [Node] Hashes: [('in_file', ('/gpfs/milgram/project/gee_dylan/candlab/analyses/shapes/dwi/preproc_workflow/preproc_flow/_subject_id_sub-A200/drop2/sub-A200_ses-shapesV1_dwi_roi.nii.gz', '86a4fbe8638db283a7145e14117a917e')), ('out_file', 'denoised.nii.gz')], e10693f84895b9957953156539417d05, /gpfs/milgram/project/gee_dylan/candlab/analyses/shapes/dwi/preproc_workflow/preproc_flow/_subject_id_sub-A200/denoise/_0xe10693f84895b9957953156539417d05.json, ['/gpfs/milgram/project/gee_dylan/candlab/analyses/shapes/dwi/preproc_workflow/preproc_flow/_subject_id_sub-A200/denoise/_0xe10693f84895b9957953156539417d05.json']
190923-18:58:28,80 nipype.workflow DEBUG:
	 [Node] Up-to-date cache found for "preproc_flow.denoise".
190923-18:58:28,80 nipype.workflow DEBUG:
	 Checking hash "preproc_flow.denoise" locally: cached=True, updated=True.
190923-18:58:28,80 nipype.workflow DEBUG:
	 Skipping cached node preproc_flow.denoise with ID 4.
190923-18:58:28,80 nipype.workflow INFO:
	 [Job 4] Cached (preproc_flow.denoise).
190923-18:58:28,81 nipype.workflow DEBUG:
	 Allocating preproc_flow.drop ID=7 (0.20GB, 1 threads). Free: 338.31GB, 1 threads.
190923-18:58:28,81 nipype.workflow DEBUG:
	 Setting node inputs
190923-18:58:28,81 nipype.workflow DEBUG:
	 input: in_file
190923-18:58:28,82 nipype.workflow DEBUG:
	 results file: /gpfs/milgram/project/gee_dylan/candlab/analyses/shapes/dwi/preproc_workflow/preproc_flow/_subject_id_sub-A200/create_merge/result_create_merge.pklz
190923-18:58:28,82 nipype.utils DEBUG:
	 Loading pkl: /gpfs/milgram/project/gee_dylan/candlab/analyses/shapes/dwi/preproc_workflow/preproc_flow/_subject_id_sub-A200/create_merge/result_create_merge.pklz
190923-18:58:28,84 nipype.workflow DEBUG:
	 Resolving paths in outputs loaded from results file.
190923-18:58:28,84 nipype.workflow DEBUG:
	 output: merged_file
190923-18:58:28,84 nipype.workflow DEBUG:
	 [Node] drop - setting input in_file = /gpfs/milgram/project/gee_dylan/candlab/analyses/shapes/dwi/preproc_workflow/preproc_flow/_subject_id_sub-A200/create_merge/AP_PA_merged.nii.gz
190923-18:58:28,86 nipype.workflow DEBUG:
	 [Node] Hashes: [('in_file', ('/gpfs/milgram/project/gee_dylan/candlab/analyses/shapes/dwi/preproc_workflow/preproc_flow/_subject_id_sub-A200/create_merge/AP_PA_merged.nii.gz', 'e6e2cf0a47ee033971cabfe6c4587fcf')), ('output_type', 'NIFTI_GZ'), ('x_min', 0), ('x_size', 140), ('y_min', 0), ('y_size', 140), ('z_min', 1), ('z_size', 80)], afaffb6c81d5dbb6d79b47f201f53b84, /gpfs/milgram/project/gee_dylan/candlab/analyses/shapes/dwi/preproc_workflow/preproc_flow/_subject_id_sub-A200/drop/_0xafaffb6c81d5dbb6d79b47f201f53b84.json, ['/gpfs/milgram/project/gee_dylan/candlab/analyses/shapes/dwi/preproc_workflow/preproc_flow/_subject_id_sub-A200/drop/_0xafaffb6c81d5dbb6d79b47f201f53b84.json']
190923-18:58:28,86 nipype.workflow DEBUG:
	 [Node] Up-to-date cache found for "preproc_flow.drop".
190923-18:58:28,86 nipype.workflow DEBUG:
	 Checking hash "preproc_flow.drop" locally: cached=True, updated=True.
190923-18:58:28,86 nipype.workflow DEBUG:
	 Skipping cached node preproc_flow.drop with ID 7.
190923-18:58:28,86 nipype.workflow INFO:
	 [Job 7] Cached (preproc_flow.drop).
190923-18:58:30,26 nipype.workflow DEBUG:
	 Progress: 14 jobs, 7/0/2 (done/running/ready), 0/7 (pending_tasks/waiting).
190923-18:58:30,26 nipype.workflow DEBUG:
	 Tasks currently running: 0. Pending: 0.
190923-18:58:30,28 nipype.workflow INFO:
	 [MultiProc] Running 0 tasks, and 2 jobs ready. Free memory (GB): 338.91/338.91, Free processors: 4/4.
190923-18:58:30,55 nipype.workflow DEBUG:
	 Allocating preproc_flow.bias ID=3 (0.20GB, 1 threads). Free: 338.71GB, 3 threads.
190923-18:58:30,55 nipype.workflow DEBUG:
	 Setting node inputs
190923-18:58:30,55 nipype.workflow DEBUG:
	 input: in_bvec
190923-18:58:30,55 nipype.workflow DEBUG:
	 results file: /gpfs/milgram/project/gee_dylan/candlab/analyses/shapes/dwi/preproc_workflow/preproc_flow/_subject_id_sub-A200/sf/result_sf.pklz
190923-18:58:30,55 nipype.utils DEBUG:
	 Loading pkl: /gpfs/milgram/project/gee_dylan/candlab/analyses/shapes/dwi/preproc_workflow/preproc_flow/_subject_id_sub-A200/sf/result_sf.pklz
190923-18:58:30,56 nipype.workflow DEBUG:
	 Resolving paths in outputs loaded from results file.
190923-18:58:30,56 nipype.workflow DEBUG:
	 output: bvec
190923-18:58:30,56 nipype.workflow DEBUG:
	 [Node] bias - setting input in_bvec = /gpfs/milgram/project/gee_dylan/candlab/data/mri/bids_recon/shapes/sub-A200/ses-shapesV1/dwi/sub-A200_ses-shapesV1_dwi.bvec
190923-18:58:30,56 nipype.workflow DEBUG:
	 input: in_bval
190923-18:58:30,57 nipype.workflow DEBUG:
	 results file: /gpfs/milgram/project/gee_dylan/candlab/analyses/shapes/dwi/preproc_workflow/preproc_flow/_subject_id_sub-A200/sf/result_sf.pklz
190923-18:58:30,57 nipype.utils DEBUG:
	 Loading pkl: /gpfs/milgram/project/gee_dylan/candlab/analyses/shapes/dwi/preproc_workflow/preproc_flow/_subject_id_sub-A200/sf/result_sf.pklz
190923-18:58:30,57 nipype.workflow DEBUG:
	 Resolving paths in outputs loaded from results file.
190923-18:58:30,57 nipype.workflow DEBUG:
	 output: bval
190923-18:58:30,58 nipype.workflow DEBUG:
	 [Node] bias - setting input in_bval = /gpfs/milgram/project/gee_dylan/candlab/data/mri/bids_recon/shapes/sub-A200/ses-shapesV1/dwi/sub-A200_ses-shapesV1_dwi.bval
190923-18:58:30,58 nipype.workflow DEBUG:
	 input: in_file
190923-18:58:30,58 nipype.workflow DEBUG:
	 results file: /gpfs/milgram/project/gee_dylan/candlab/analyses/shapes/dwi/preproc_workflow/preproc_flow/_subject_id_sub-A200/gibbs/result_gibbs.pklz
190923-18:58:30,59 nipype.utils DEBUG:
	 Loading pkl: /gpfs/milgram/project/gee_dylan/candlab/analyses/shapes/dwi/preproc_workflow/preproc_flow/_subject_id_sub-A200/gibbs/result_gibbs.pklz
190923-18:58:30,60 nipype.workflow DEBUG:
	 Resolving paths in outputs loaded from results file.
190923-18:58:30,60 nipype.workflow DEBUG:
	 output: out_file
190923-18:58:30,61 nipype.workflow DEBUG:
	 [Node] bias - setting input in_file = /gpfs/milgram/project/gee_dylan/candlab/analyses/shapes/dwi/preproc_workflow/preproc_flow/_subject_id_sub-A200/gibbs/denoised_gibbs.nii.gz
190923-18:58:30,62 nipype.workflow DEBUG:
	 [Node] Hashes: [('in_bval', ('/gpfs/milgram/project/gee_dylan/candlab/data/mri/bids_recon/shapes/sub-A200/ses-shapesV1/dwi/sub-A200_ses-shapesV1_dwi.bval', '286321f2f3d3f560decafcf9e27e1531')), ('in_bvec', ('/gpfs/milgram/project/gee_dylan/candlab/data/mri/bids_recon/shapes/sub-A200/ses-shapesV1/dwi/sub-A200_ses-shapesV1_dwi.bvec', '877a702c71d842d25e58eba0db92553e')), ('in_file', ('/gpfs/milgram/project/gee_dylan/candlab/analyses/shapes/dwi/preproc_workflow/preproc_flow/_subject_id_sub-A200/gibbs/denoised_gibbs.nii.gz', 'b649e30408770b6340b87fe9a540c9e3')), ('out_file', 'denoised_gibbs_bias.nii.gz'), ('use_ants', True)], f55d007dc53fc021fa4f5f347145afd9, /gpfs/milgram/project/gee_dylan/candlab/analyses/shapes/dwi/preproc_workflow/preproc_flow/_subject_id_sub-A200/bias/_0xf55d007dc53fc021fa4f5f347145afd9.json, ['/gpfs/milgram/project/gee_dylan/candlab/analyses/shapes/dwi/preproc_workflow/preproc_flow/_subject_id_sub-A200/bias/_0xf55d007dc53fc021fa4f5f347145afd9.json']
190923-18:58:30,62 nipype.workflow DEBUG:
	 [Node] Up-to-date cache found for "preproc_flow.bias".
190923-18:58:30,62 nipype.workflow DEBUG:
	 Checking hash "preproc_flow.bias" locally: cached=True, updated=True.
190923-18:58:30,62 nipype.workflow DEBUG:
	 Skipping cached node preproc_flow.bias with ID 3.
190923-18:58:30,62 nipype.workflow INFO:
	 [Job 3] Cached (preproc_flow.bias).
190923-18:58:30,63 nipype.workflow DEBUG:
	 Allocating preproc_flow.topup ID=8 (0.20GB, 1 threads). Free: 338.51GB, 2 threads.
190923-18:58:30,63 nipype.workflow DEBUG:
	 Setting node inputs
190923-18:58:30,63 nipype.workflow DEBUG:
	 input: encoding_file
190923-18:58:30,63 nipype.workflow DEBUG:
	 results file: /gpfs/milgram/project/gee_dylan/candlab/analyses/shapes/dwi/preproc_workflow/preproc_flow/_subject_id_sub-A200/sf/result_sf.pklz
190923-18:58:30,63 nipype.utils DEBUG:
	 Loading pkl: /gpfs/milgram/project/gee_dylan/candlab/analyses/shapes/dwi/preproc_workflow/preproc_flow/_subject_id_sub-A200/sf/result_sf.pklz
190923-18:58:30,63 nipype.workflow DEBUG:
	 Resolving paths in outputs loaded from results file.
190923-18:58:30,64 nipype.workflow DEBUG:
	 output: aps
190923-18:58:30,64 nipype.workflow DEBUG:
	 [Node] topup - setting input encoding_file = /gpfs/milgram/project/gee_dylan/candlab/data/mri/bids_recon/shapes/shapes_acqparams.txt
190923-18:58:30,64 nipype.workflow DEBUG:
	 input: in_file
190923-18:58:30,64 nipype.workflow DEBUG:
	 results file: /gpfs/milgram/project/gee_dylan/candlab/analyses/shapes/dwi/preproc_workflow/preproc_flow/_subject_id_sub-A200/drop/result_drop.pklz
190923-18:58:30,65 nipype.utils DEBUG:
	 Loading pkl: /gpfs/milgram/project/gee_dylan/candlab/analyses/shapes/dwi/preproc_workflow/preproc_flow/_subject_id_sub-A200/drop/result_drop.pklz
190923-18:58:30,66 nipype.workflow DEBUG:
	 Resolving paths in outputs loaded from results file.
190923-18:58:30,67 nipype.workflow DEBUG:
	 output: roi_file
190923-18:58:30,67 nipype.workflow DEBUG:
	 [Node] topup - setting input in_file = /gpfs/milgram/project/gee_dylan/candlab/analyses/shapes/dwi/preproc_workflow/preproc_flow/_subject_id_sub-A200/drop/AP_PA_merged_roi.nii.gz
190923-18:58:30,68 nipype.workflow DEBUG:
	 [Node] Hashes: [('config', 'b02b0.cnf'), ('encoding_file', ('/gpfs/milgram/project/gee_dylan/candlab/data/mri/bids_recon/shapes/shapes_acqparams.txt', '7f324ec0b6adda348e6d5dce29acaca6')), ('in_file', ('/gpfs/milgram/project/gee_dylan/candlab/analyses/shapes/dwi/preproc_workflow/preproc_flow/_subject_id_sub-A200/drop/AP_PA_merged_roi.nii.gz', '4a6589c33382c64b775a6110bba3ef0b')), ('out_corrected', 'ap_pa_topup.nii.gz'), ('out_jac_prefix', 'jac'), ('out_mat_prefix', 'xfm'), ('out_warp_prefix', 'warpfield'), ('output_type', 'NIFTI_GZ')], 367c2fa77457764552bfe3518cb6b341, /gpfs/milgram/project/gee_dylan/candlab/analyses/shapes/dwi/preproc_workflow/preproc_flow/_subject_id_sub-A200/topup/_0x367c2fa77457764552bfe3518cb6b341.json, ['/gpfs/milgram/project/gee_dylan/candlab/analyses/shapes/dwi/preproc_workflow/preproc_flow/_subject_id_sub-A200/topup/_0x367c2fa77457764552bfe3518cb6b341.json']
190923-18:58:30,68 nipype.workflow DEBUG:
	 [Node] Up-to-date cache found for "preproc_flow.topup".
190923-18:58:30,68 nipype.workflow DEBUG:
	 Checking hash "preproc_flow.topup" locally: cached=True, updated=True.
190923-18:58:30,68 nipype.workflow DEBUG:
	 Skipping cached node preproc_flow.topup with ID 8.
190923-18:58:30,68 nipype.workflow INFO:
	 [Job 8] Cached (preproc_flow.topup).
190923-18:58:32,28 nipype.workflow DEBUG:
	 Progress: 14 jobs, 9/0/2 (done/running/ready), 0/5 (pending_tasks/waiting).
190923-18:58:32,29 nipype.workflow DEBUG:
	 Tasks currently running: 0. Pending: 0.
190923-18:58:32,57 nipype.workflow DEBUG:
	 Allocating preproc_flow.apptop ID=9 (0.20GB, 1 threads). Free: 338.71GB, 3 threads.
190923-18:58:32,57 nipype.workflow DEBUG:
	 Setting node inputs
190923-18:58:32,57 nipype.workflow DEBUG:
	 input: encoding_file
190923-18:58:32,57 nipype.workflow DEBUG:
	 results file: /gpfs/milgram/project/gee_dylan/candlab/analyses/shapes/dwi/preproc_workflow/preproc_flow/_subject_id_sub-A200/sf/result_sf.pklz
190923-18:58:32,57 nipype.utils DEBUG:
	 Loading pkl: /gpfs/milgram/project/gee_dylan/candlab/analyses/shapes/dwi/preproc_workflow/preproc_flow/_subject_id_sub-A200/sf/result_sf.pklz
190923-18:58:32,58 nipype.workflow DEBUG:
	 Resolving paths in outputs loaded from results file.
190923-18:58:32,58 nipype.workflow DEBUG:
	 output: aps
190923-18:58:32,58 nipype.workflow DEBUG:
	 [Node] apptop - setting input encoding_file = /gpfs/milgram/project/gee_dylan/candlab/data/mri/bids_recon/shapes/shapes_acqparams.txt
190923-18:58:32,58 nipype.workflow DEBUG:
	 input: in_topup_fieldcoef
190923-18:58:32,58 nipype.workflow DEBUG:
	 results file: /gpfs/milgram/project/gee_dylan/candlab/analyses/shapes/dwi/preproc_workflow/preproc_flow/_subject_id_sub-A200/topup/result_topup.pklz
190923-18:58:32,59 nipype.utils DEBUG:
	 Loading pkl: /gpfs/milgram/project/gee_dylan/candlab/analyses/shapes/dwi/preproc_workflow/preproc_flow/_subject_id_sub-A200/topup/result_topup.pklz
190923-18:58:32,85 nipype.workflow DEBUG:
	 Resolving paths in outputs loaded from results file.
190923-18:58:32,87 nipype.workflow DEBUG:
	 output: out_fieldcoef
190923-18:58:32,87 nipype.workflow DEBUG:
	 [Node] apptop - setting input in_topup_fieldcoef = /gpfs/milgram/project/gee_dylan/candlab/analyses/shapes/dwi/preproc_workflow/preproc_flow/_subject_id_sub-A200/topup/AP_PA_merged_roi_base_fieldcoef.nii.gz
190923-18:58:32,87 nipype.workflow DEBUG:
	 input: in_topup_movpar
190923-18:58:32,87 nipype.workflow DEBUG:
	 results file: /gpfs/milgram/project/gee_dylan/candlab/analyses/shapes/dwi/preproc_workflow/preproc_flow/_subject_id_sub-A200/topup/result_topup.pklz
190923-18:58:32,87 nipype.utils DEBUG:
	 Loading pkl: /gpfs/milgram/project/gee_dylan/candlab/analyses/shapes/dwi/preproc_workflow/preproc_flow/_subject_id_sub-A200/topup/result_topup.pklz
190923-18:58:32,89 nipype.workflow DEBUG:
	 Resolving paths in outputs loaded from results file.
190923-18:58:32,90 nipype.workflow DEBUG:
	 output: out_movpar
190923-18:58:32,90 nipype.workflow DEBUG:
	 [Node] apptop - setting input in_topup_movpar = /gpfs/milgram/project/gee_dylan/candlab/analyses/shapes/dwi/preproc_workflow/preproc_flow/_subject_id_sub-A200/topup/AP_PA_merged_roi_base_movpar.txt
190923-18:58:32,90 nipype.workflow DEBUG:
	 input: in_files
190923-18:58:32,90 nipype.workflow DEBUG:
	 results file: /gpfs/milgram/project/gee_dylan/candlab/analyses/shapes/dwi/preproc_workflow/preproc_flow/_subject_id_sub-A200/bias/result_bias.pklz
190923-18:58:32,91 nipype.utils DEBUG:
	 Loading pkl: /gpfs/milgram/project/gee_dylan/candlab/analyses/shapes/dwi/preproc_workflow/preproc_flow/_subject_id_sub-A200/bias/result_bias.pklz
190923-18:58:32,93 nipype.workflow DEBUG:
	 Resolving paths in outputs loaded from results file.
190923-18:58:32,94 nipype.workflow DEBUG:
	 output: out_file
190923-18:58:32,94 nipype.workflow DEBUG:
	 [Node] apptop - setting input in_files = /gpfs/milgram/project/gee_dylan/candlab/analyses/shapes/dwi/preproc_workflow/preproc_flow/_subject_id_sub-A200/bias/denoised_gibbs_bias.nii.gz
190923-18:58:32,95 nipype.workflow DEBUG:
	 [Node] Hashes: [('encoding_file', ('/gpfs/milgram/project/gee_dylan/candlab/data/mri/bids_recon/shapes/shapes_acqparams.txt', '7f324ec0b6adda348e6d5dce29acaca6')), ('in_files', [('/gpfs/milgram/project/gee_dylan/candlab/analyses/shapes/dwi/preproc_workflow/preproc_flow/_subject_id_sub-A200/bias/denoised_gibbs_bias.nii.gz', '0f1bd45d4a43da8a99cb2d875094a3ff')]), ('in_index', [2]), ('in_topup_fieldcoef', ('/gpfs/milgram/project/gee_dylan/candlab/analyses/shapes/dwi/preproc_workflow/preproc_flow/_subject_id_sub-A200/topup/AP_PA_merged_roi_base_fieldcoef.nii.gz', 'e93831a4ab60f243815c01f96286c0b1')), ('in_topup_movpar', ('/gpfs/milgram/project/gee_dylan/candlab/analyses/shapes/dwi/preproc_workflow/preproc_flow/_subject_id_sub-A200/topup/AP_PA_merged_roi_base_movpar.txt', '218b4d996160e1ac508fead4fc3d4a34')), ('method', 'jac'), ('out_corrected', 'preprocessed_dwi.nii.gz'), ('output_type', 'NIFTI_GZ')], cc3e5b8b2a7c395bdc8eb8ca32ec185a, /gpfs/milgram/project/gee_dylan/candlab/analyses/shapes/dwi/preproc_workflow/preproc_flow/_subject_id_sub-A200/apptop/_0xcc3e5b8b2a7c395bdc8eb8ca32ec185a.json, ['/gpfs/milgram/project/gee_dylan/candlab/analyses/shapes/dwi/preproc_workflow/preproc_flow/_subject_id_sub-A200/apptop/_0xcc3e5b8b2a7c395bdc8eb8ca32ec185a.json']
190923-18:58:32,95 nipype.workflow DEBUG:
	 [Node] Up-to-date cache found for "preproc_flow.apptop".
190923-18:58:32,96 nipype.workflow DEBUG:
	 Checking hash "preproc_flow.apptop" locally: cached=True, updated=True.
190923-18:58:32,96 nipype.workflow DEBUG:
	 Skipping cached node preproc_flow.apptop with ID 9.
190923-18:58:32,96 nipype.workflow INFO:
	 [Job 9] Cached (preproc_flow.apptop).
190923-18:58:32,97 nipype.workflow DEBUG:
	 Allocating preproc_flow.fslroi ID=10 (0.20GB, 1 threads). Free: 338.51GB, 2 threads.
190923-18:58:32,97 nipype.workflow DEBUG:
	 Setting node inputs
190923-18:58:32,97 nipype.workflow DEBUG:
	 input: in_file
190923-18:58:32,97 nipype.workflow DEBUG:
	 results file: /gpfs/milgram/project/gee_dylan/candlab/analyses/shapes/dwi/preproc_workflow/preproc_flow/_subject_id_sub-A200/topup/result_topup.pklz
190923-18:58:32,97 nipype.utils DEBUG:
	 Loading pkl: /gpfs/milgram/project/gee_dylan/candlab/analyses/shapes/dwi/preproc_workflow/preproc_flow/_subject_id_sub-A200/topup/result_topup.pklz
190923-18:58:32,99 nipype.workflow DEBUG:
	 Resolving paths in outputs loaded from results file.
190923-18:58:32,100 nipype.workflow DEBUG:
	 output: out_corrected
190923-18:58:32,100 nipype.workflow DEBUG:
	 [Node] fslroi - setting input in_file = /gpfs/milgram/project/gee_dylan/candlab/analyses/shapes/dwi/preproc_workflow/preproc_flow/_subject_id_sub-A200/topup/ap_pa_topup.nii.gz
190923-18:58:32,102 nipype.workflow DEBUG:
	 [Node] Hashes: [('in_file', ('/gpfs/milgram/project/gee_dylan/candlab/analyses/shapes/dwi/preproc_workflow/preproc_flow/_subject_id_sub-A200/topup/ap_pa_topup.nii.gz', 'c28a52bb6bd2cbe2f86ea58fc2e81018')), ('output_type', 'NIFTI_GZ'), ('roi_file', 'b0_img.nii.gz'), ('t_min', 0), ('t_size', 1)], 79f647e39b1ac537aed781217cfccda8, /gpfs/milgram/project/gee_dylan/candlab/analyses/shapes/dwi/preproc_workflow/preproc_flow/_subject_id_sub-A200/fslroi/_0x79f647e39b1ac537aed781217cfccda8.json, ['/gpfs/milgram/project/gee_dylan/candlab/analyses/shapes/dwi/preproc_workflow/preproc_flow/_subject_id_sub-A200/fslroi/_0x79f647e39b1ac537aed781217cfccda8.json']
190923-18:58:32,102 nipype.workflow DEBUG:
	 [Node] Up-to-date cache found for "preproc_flow.fslroi".
190923-18:58:32,102 nipype.workflow DEBUG:
	 Checking hash "preproc_flow.fslroi" locally: cached=True, updated=True.
190923-18:58:32,102 nipype.workflow DEBUG:
	 Skipping cached node preproc_flow.fslroi with ID 10.
190923-18:58:32,102 nipype.workflow INFO:
	 [Job 10] Cached (preproc_flow.fslroi).
190923-18:58:34,30 nipype.workflow DEBUG:
	 Progress: 14 jobs, 11/0/1 (done/running/ready), 0/3 (pending_tasks/waiting).
190923-18:58:34,31 nipype.workflow DEBUG:
	 Tasks currently running: 0. Pending: 0.
190923-18:58:34,32 nipype.workflow INFO:
	 [MultiProc] Running 0 tasks, and 1 jobs ready. Free memory (GB): 338.91/338.91, Free processors: 4/4.
190923-18:58:34,57 nipype.workflow DEBUG:
	 Allocating preproc_flow.register1 ID=11 (0.20GB, 1 threads). Free: 338.71GB, 3 threads.
190923-18:58:34,57 nipype.workflow DEBUG:
	 Setting node inputs
190923-18:58:34,57 nipype.workflow DEBUG:
	 input: reference
190923-18:58:34,57 nipype.workflow DEBUG:
	 results file: /gpfs/milgram/project/gee_dylan/candlab/analyses/shapes/dwi/preproc_workflow/preproc_flow/_subject_id_sub-A200/fslroi/result_fslroi.pklz
190923-18:58:34,58 nipype.utils DEBUG:
	 Loading pkl: /gpfs/milgram/project/gee_dylan/candlab/analyses/shapes/dwi/preproc_workflow/preproc_flow/_subject_id_sub-A200/fslroi/result_fslroi.pklz
190923-18:58:34,60 nipype.workflow DEBUG:
	 Resolving paths in outputs loaded from results file.
190923-18:58:34,60 nipype.workflow DEBUG:
	 output: roi_file
190923-18:58:34,60 nipype.workflow DEBUG:
	 [Node] register1 - setting input reference = /gpfs/milgram/project/gee_dylan/candlab/analyses/shapes/dwi/preproc_workflow/preproc_flow/_subject_id_sub-A200/fslroi/b0_img.nii.gz
190923-18:58:34,60 nipype.workflow DEBUG:
	 input: in_file
190923-18:58:34,60 nipype.workflow DEBUG:
	 results file: /gpfs/milgram/project/gee_dylan/candlab/analyses/shapes/dwi/preproc_workflow/preproc_flow/_subject_id_sub-A200/resampT1/result_resampT1.pklz
190923-18:58:34,61 nipype.utils DEBUG:
	 Loading pkl: /gpfs/milgram/project/gee_dylan/candlab/analyses/shapes/dwi/preproc_workflow/preproc_flow/_subject_id_sub-A200/resampT1/result_resampT1.pklz
190923-18:58:34,62 nipype.workflow DEBUG:
	 Resolving paths in outputs loaded from results file.
190923-18:58:34,63 nipype.workflow DEBUG:
	 output: resampled_file
190923-18:58:34,63 nipype.workflow DEBUG:
	 [Node] register1 - setting input in_file = /gpfs/milgram/project/gee_dylan/candlab/analyses/shapes/dwi/preproc_workflow/preproc_flow/_subject_id_sub-A200/resampT1/sub-A200_ses-shapesV1_T1w_resample.nii.gz
190923-18:58:34,64 nipype.workflow DEBUG:
	 [Node] Hashes: [('in_file', ('/gpfs/milgram/project/gee_dylan/candlab/analyses/shapes/dwi/preproc_workflow/preproc_flow/_subject_id_sub-A200/resampT1/sub-A200_ses-shapesV1_T1w_resample.nii.gz', '42e75b25dbd61f3363712058997e57c9')), ('no_resample', True), ('out_matrix_file', 'b0toT1_reorient_reg.mat'), ('output_type', 'NIFTI_GZ'), ('reference', ('/gpfs/milgram/project/gee_dylan/candlab/analyses/shapes/dwi/preproc_workflow/preproc_flow/_subject_id_sub-A200/fslroi/b0_img.nii.gz', '573fdd716794284a886e1ea3af2f6d61')), ('rigid2D', True)], 2164401d1254471c0c18fb15ace8a746, /gpfs/milgram/project/gee_dylan/candlab/analyses/shapes/dwi/preproc_workflow/preproc_flow/_subject_id_sub-A200/register1/_0x2164401d1254471c0c18fb15ace8a746.json, ['/gpfs/milgram/project/gee_dylan/candlab/analyses/shapes/dwi/preproc_workflow/preproc_flow/_subject_id_sub-A200/register1/_0x2164401d1254471c0c18fb15ace8a746.json']
190923-18:58:34,64 nipype.workflow DEBUG:
	 [Node] Up-to-date cache found for "preproc_flow.register1".
190923-18:58:34,64 nipype.workflow DEBUG:
	 Checking hash "preproc_flow.register1" locally: cached=True, updated=True.
190923-18:58:34,64 nipype.workflow DEBUG:
	 Skipping cached node preproc_flow.register1 with ID 11.
190923-18:58:34,64 nipype.workflow INFO:
	 [Job 11] Cached (preproc_flow.register1).
190923-18:58:36,33 nipype.workflow DEBUG:
	 Progress: 14 jobs, 12/0/1 (done/running/ready), 0/2 (pending_tasks/waiting).
190923-18:58:36,33 nipype.workflow DEBUG:
	 Tasks currently running: 0. Pending: 0.
190923-18:58:36,59 nipype.workflow DEBUG:
	 Allocating preproc_flow.stripT1 ID=12 (0.20GB, 1 threads). Free: 338.71GB, 3 threads.
190923-18:58:36,59 nipype.workflow DEBUG:
	 Setting node inputs
190923-18:58:36,59 nipype.workflow DEBUG:
	 input: in_file
190923-18:58:36,59 nipype.workflow DEBUG:
	 results file: /gpfs/milgram/project/gee_dylan/candlab/analyses/shapes/dwi/preproc_workflow/preproc_flow/_subject_id_sub-A200/register1/result_register1.pklz
190923-18:58:36,60 nipype.utils DEBUG:
	 Loading pkl: /gpfs/milgram/project/gee_dylan/candlab/analyses/shapes/dwi/preproc_workflow/preproc_flow/_subject_id_sub-A200/register1/result_register1.pklz
190923-18:58:36,62 nipype.workflow DEBUG:
	 Resolving paths in outputs loaded from results file.
190923-18:58:36,62 nipype.workflow DEBUG:
	 output: out_file
190923-18:58:36,62 nipype.workflow DEBUG:
	 [Node] stripT1 - setting input in_file = /gpfs/milgram/project/gee_dylan/candlab/analyses/shapes/dwi/preproc_workflow/preproc_flow/_subject_id_sub-A200/register1/sub-A200_ses-shapesV1_T1w_resample_flirt.nii.gz
190923-18:58:36,63 nipype.workflow DEBUG:
	 [Node] Hashes: [('in_file', ('/gpfs/milgram/project/gee_dylan/candlab/analyses/shapes/dwi/preproc_workflow/preproc_flow/_subject_id_sub-A200/register1/sub-A200_ses-shapesV1_T1w_resample_flirt.nii.gz', '01f77322d24b8752eb87e06a4c308113')), ('mask', True), ('output_type', 'NIFTI_GZ')], 2f776120eca20b9511f8f10926efcc4a, /gpfs/milgram/project/gee_dylan/candlab/analyses/shapes/dwi/preproc_workflow/preproc_flow/_subject_id_sub-A200/stripT1/_0x2f776120eca20b9511f8f10926efcc4a.json, ['/gpfs/milgram/project/gee_dylan/candlab/analyses/shapes/dwi/preproc_workflow/preproc_flow/_subject_id_sub-A200/stripT1/_0x2f776120eca20b9511f8f10926efcc4a.json']
190923-18:58:36,63 nipype.workflow DEBUG:
	 [Node] Up-to-date cache found for "preproc_flow.stripT1".
190923-18:58:36,63 nipype.workflow DEBUG:
	 Checking hash "preproc_flow.stripT1" locally: cached=True, updated=True.
190923-18:58:36,63 nipype.workflow DEBUG:
	 Skipping cached node preproc_flow.stripT1 with ID 12.
190923-18:58:36,63 nipype.workflow INFO:
	 [Job 12] Cached (preproc_flow.stripT1).
190923-18:58:38,34 nipype.workflow DEBUG:
	 Progress: 14 jobs, 13/0/1 (done/running/ready), 0/1 (pending_tasks/waiting).
190923-18:58:38,35 nipype.workflow DEBUG:
	 Tasks currently running: 0. Pending: 0.
190923-18:58:38,64 nipype.workflow DEBUG:
	 Allocating preproc_flow.datasink ID=13 (0.20GB, 1 threads). Free: 338.71GB, 3 threads.
190923-18:58:38,64 nipype.workflow DEBUG:
	 Setting node inputs
190923-18:58:38,64 nipype.workflow DEBUG:
	 input: 2_Transfer.@par.@par.@par
190923-18:58:38,64 nipype.workflow DEBUG:
	 results file: /gpfs/milgram/project/gee_dylan/candlab/analyses/shapes/dwi/preproc_workflow/preproc_flow/_subject_id_sub-A200/sf/result_sf.pklz
190923-18:58:38,64 nipype.utils DEBUG:
	 Loading pkl: /gpfs/milgram/project/gee_dylan/candlab/analyses/shapes/dwi/preproc_workflow/preproc_flow/_subject_id_sub-A200/sf/result_sf.pklz
190923-18:58:38,65 nipype.workflow DEBUG:
	 Resolving paths in outputs loaded from results file.
190923-18:58:38,65 nipype.workflow DEBUG:
	 output: bval
190923-18:58:38,65 nipype.workflow DEBUG:
	 [Node] datasink - setting input 2_Transfer.@par.@par.@par = /gpfs/milgram/project/gee_dylan/candlab/data/mri/bids_recon/shapes/sub-A200/ses-shapesV1/dwi/sub-A200_ses-shapesV1_dwi.bval
190923-18:58:38,65 nipype.workflow DEBUG:
	 input: 2_Transfer.@par.@par.@par.@par
190923-18:58:38,65 nipype.workflow DEBUG:
	 results file: /gpfs/milgram/project/gee_dylan/candlab/analyses/shapes/dwi/preproc_workflow/preproc_flow/_subject_id_sub-A200/sf/result_sf.pklz
190923-18:58:38,65 nipype.utils DEBUG:
	 Loading pkl: /gpfs/milgram/project/gee_dylan/candlab/analyses/shapes/dwi/preproc_workflow/preproc_flow/_subject_id_sub-A200/sf/result_sf.pklz
190923-18:58:38,66 nipype.workflow DEBUG:
	 Resolving paths in outputs loaded from results file.
190923-18:58:38,66 nipype.workflow DEBUG:
	 output: bvec
190923-18:58:38,66 nipype.workflow DEBUG:
	 [Node] datasink - setting input 2_Transfer.@par.@par.@par.@par = /gpfs/milgram/project/gee_dylan/candlab/data/mri/bids_recon/shapes/sub-A200/ses-shapesV1/dwi/sub-A200_ses-shapesV1_dwi.bvec
190923-18:58:38,66 nipype.workflow DEBUG:
	 input: 1_Check_Unwarped.@par
190923-18:58:38,66 nipype.workflow DEBUG:
	 results file: /gpfs/milgram/project/gee_dylan/candlab/analyses/shapes/dwi/preproc_workflow/preproc_flow/_subject_id_sub-A200/topup/result_topup.pklz
190923-18:58:38,66 nipype.utils DEBUG:
	 Loading pkl: /gpfs/milgram/project/gee_dylan/candlab/analyses/shapes/dwi/preproc_workflow/preproc_flow/_subject_id_sub-A200/topup/result_topup.pklz
190923-18:58:38,67 nipype.workflow DEBUG:
	 Resolving paths in outputs loaded from results file.
190923-18:58:38,68 nipype.workflow DEBUG:
	 output: out_corrected
190923-18:58:38,68 nipype.workflow DEBUG:
	 [Node] datasink - setting input 1_Check_Unwarped.@par = /gpfs/milgram/project/gee_dylan/candlab/analyses/shapes/dwi/preproc_workflow/preproc_flow/_subject_id_sub-A200/topup/ap_pa_topup.nii.gz
190923-18:58:38,68 nipype.workflow DEBUG:
	 input: 1_Check_Unwarped.@par.@par.@par.@par.@par.@par.@par
190923-18:58:38,68 nipype.workflow DEBUG:
	 results file: /gpfs/milgram/project/gee_dylan/candlab/analyses/shapes/dwi/preproc_workflow/preproc_flow/_subject_id_sub-A200/register1/result_register1.pklz
190923-18:58:38,68 nipype.utils DEBUG:
	 Loading pkl: /gpfs/milgram/project/gee_dylan/candlab/analyses/shapes/dwi/preproc_workflow/preproc_flow/_subject_id_sub-A200/register1/result_register1.pklz
190923-18:58:38,69 nipype.workflow DEBUG:
	 Resolving paths in outputs loaded from results file.
190923-18:58:38,69 nipype.workflow DEBUG:
	 output: out_file
190923-18:58:38,69 nipype.workflow DEBUG:
	 [Node] datasink - setting input 1_Check_Unwarped.@par.@par.@par.@par.@par.@par.@par = /gpfs/milgram/project/gee_dylan/candlab/analyses/shapes/dwi/preproc_workflow/preproc_flow/_subject_id_sub-A200/register1/sub-A200_ses-shapesV1_T1w_resample_flirt.nii.gz
190923-18:58:38,69 nipype.workflow DEBUG:
	 input: 2_Transfer.@par
190923-18:58:38,69 nipype.workflow DEBUG:
	 results file: /gpfs/milgram/project/gee_dylan/candlab/analyses/shapes/dwi/preproc_workflow/preproc_flow/_subject_id_sub-A200/register1/result_register1.pklz
190923-18:58:38,69 nipype.utils DEBUG:
	 Loading pkl: /gpfs/milgram/project/gee_dylan/candlab/analyses/shapes/dwi/preproc_workflow/preproc_flow/_subject_id_sub-A200/register1/result_register1.pklz
190923-18:58:38,70 nipype.workflow DEBUG:
	 Resolving paths in outputs loaded from results file.
190923-18:58:38,70 nipype.workflow DEBUG:
	 output: out_file
190923-18:58:38,70 nipype.workflow DEBUG:
	 [Node] datasink - setting input 2_Transfer.@par = /gpfs/milgram/project/gee_dylan/candlab/analyses/shapes/dwi/preproc_workflow/preproc_flow/_subject_id_sub-A200/register1/sub-A200_ses-shapesV1_T1w_resample_flirt.nii.gz
190923-18:58:38,70 nipype.workflow DEBUG:
	 input: 1_Check_Unwarped.@par.@par.@par.@par.@par.@par
190923-18:58:38,70 nipype.workflow DEBUG:
	 results file: /gpfs/milgram/project/gee_dylan/candlab/analyses/shapes/dwi/preproc_workflow/preproc_flow/_subject_id_sub-A200/stripT1/result_stripT1.pklz
190923-18:58:38,71 nipype.utils DEBUG:
	 Loading pkl: /gpfs/milgram/project/gee_dylan/candlab/analyses/shapes/dwi/preproc_workflow/preproc_flow/_subject_id_sub-A200/stripT1/result_stripT1.pklz
190923-18:58:38,72 nipype.workflow DEBUG:
	 Resolving paths in outputs loaded from results file.
190923-18:58:38,73 nipype.workflow DEBUG:
	 output: mask_file
190923-18:58:38,73 nipype.workflow DEBUG:
	 [Node] datasink - setting input 1_Check_Unwarped.@par.@par.@par.@par.@par.@par = /gpfs/milgram/project/gee_dylan/candlab/analyses/shapes/dwi/preproc_workflow/preproc_flow/_subject_id_sub-A200/stripT1/sub-A200_ses-shapesV1_T1w_resample_flirt_brain_mask.nii.gz
190923-18:58:38,73 nipype.workflow DEBUG:
	 input: 2_Transfer
190923-18:58:38,73 nipype.workflow DEBUG:
	 results file: /gpfs/milgram/project/gee_dylan/candlab/analyses/shapes/dwi/preproc_workflow/preproc_flow/_subject_id_sub-A200/stripT1/result_stripT1.pklz
190923-18:58:38,73 nipype.utils DEBUG:
	 Loading pkl: /gpfs/milgram/project/gee_dylan/candlab/analyses/shapes/dwi/preproc_workflow/preproc_flow/_subject_id_sub-A200/stripT1/result_stripT1.pklz
190923-18:58:38,74 nipype.workflow DEBUG:
	 Resolving paths in outputs loaded from results file.
190923-18:58:38,74 nipype.workflow DEBUG:
	 output: mask_file
190923-18:58:38,74 nipype.workflow DEBUG:
	 [Node] datasink - setting input 2_Transfer = /gpfs/milgram/project/gee_dylan/candlab/analyses/shapes/dwi/preproc_workflow/preproc_flow/_subject_id_sub-A200/stripT1/sub-A200_ses-shapesV1_T1w_resample_flirt_brain_mask.nii.gz
190923-18:58:38,74 nipype.workflow DEBUG:
	 input: 1_Check_Unwarped.@par.@par.@par
190923-18:58:38,74 nipype.workflow DEBUG:
	 results file: /gpfs/milgram/project/gee_dylan/candlab/analyses/shapes/dwi/preproc_workflow/preproc_flow/_subject_id_sub-A200/denoise/result_denoise.pklz
190923-18:58:38,75 nipype.utils DEBUG:
	 Loading pkl: /gpfs/milgram/project/gee_dylan/candlab/analyses/shapes/dwi/preproc_workflow/preproc_flow/_subject_id_sub-A200/denoise/result_denoise.pklz
190923-18:58:38,77 nipype.workflow DEBUG:
	 Resolving paths in outputs loaded from results file.
190923-18:58:38,78 nipype.workflow DEBUG:
	 output: out_file
190923-18:58:38,78 nipype.workflow DEBUG:
	 [Node] datasink - setting input 1_Check_Unwarped.@par.@par.@par = /gpfs/milgram/project/gee_dylan/candlab/analyses/shapes/dwi/preproc_workflow/preproc_flow/_subject_id_sub-A200/denoise/denoised.nii.gz
190923-18:58:38,78 nipype.workflow DEBUG:
	 input: 1_Check_Unwarped.@par.@par.@par.@par.@par
190923-18:58:38,78 nipype.workflow DEBUG:
	 results file: /gpfs/milgram/project/gee_dylan/candlab/analyses/shapes/dwi/preproc_workflow/preproc_flow/_subject_id_sub-A200/apptop/result_apptop.pklz
190923-18:58:38,78 nipype.utils DEBUG:
	 Loading pkl: /gpfs/milgram/project/gee_dylan/candlab/analyses/shapes/dwi/preproc_workflow/preproc_flow/_subject_id_sub-A200/apptop/result_apptop.pklz
190923-18:58:38,80 nipype.workflow DEBUG:
	 Resolving paths in outputs loaded from results file.
190923-18:58:38,80 nipype.workflow DEBUG:
	 output: out_corrected
190923-18:58:38,81 nipype.workflow DEBUG:
	 [Node] datasink - setting input 1_Check_Unwarped.@par.@par.@par.@par.@par = /gpfs/milgram/project/gee_dylan/candlab/analyses/shapes/dwi/preproc_workflow/preproc_flow/_subject_id_sub-A200/apptop/preprocessed_dwi.nii.gz
190923-18:58:38,81 nipype.workflow DEBUG:
	 input: 2_Transfer.@par.@par
190923-18:58:38,81 nipype.workflow DEBUG:
	 results file: /gpfs/milgram/project/gee_dylan/candlab/analyses/shapes/dwi/preproc_workflow/preproc_flow/_subject_id_sub-A200/apptop/result_apptop.pklz
190923-18:58:38,81 nipype.utils DEBUG:
	 Loading pkl: /gpfs/milgram/project/gee_dylan/candlab/analyses/shapes/dwi/preproc_workflow/preproc_flow/_subject_id_sub-A200/apptop/result_apptop.pklz
190923-18:58:38,82 nipype.workflow DEBUG:
	 Resolving paths in outputs loaded from results file.
190923-18:58:38,82 nipype.workflow DEBUG:
	 output: out_corrected
190923-18:58:38,82 nipype.workflow DEBUG:
	 [Node] datasink - setting input 2_Transfer.@par.@par = /gpfs/milgram/project/gee_dylan/candlab/analyses/shapes/dwi/preproc_workflow/preproc_flow/_subject_id_sub-A200/apptop/preprocessed_dwi.nii.gz
190923-18:58:38,86 nipype.workflow DEBUG:
	 [Node] Hashes: [('_outputs', [('1_Check_Unwarped.@par', ('/gpfs/milgram/project/gee_dylan/candlab/analyses/shapes/dwi/preproc_workflow/preproc_flow/_subject_id_sub-A200/topup/ap_pa_topup.nii.gz', 'c28a52bb6bd2cbe2f86ea58fc2e81018')), ('1_Check_Unwarped.@par.@par.@par', ('/gpfs/milgram/project/gee_dylan/candlab/analyses/shapes/dwi/preproc_workflow/preproc_flow/_subject_id_sub-A200/denoise/denoised.nii.gz', 'fcbca775798e606c79678ae4877d545f')), ('1_Check_Unwarped.@par.@par.@par.@par.@par', ('/gpfs/milgram/project/gee_dylan/candlab/analyses/shapes/dwi/preproc_workflow/preproc_flow/_subject_id_sub-A200/apptop/preprocessed_dwi.nii.gz', 'fe2249e6fb0a27eface3d2399d6463c7')), ('1_Check_Unwarped.@par.@par.@par.@par.@par.@par', ('/gpfs/milgram/project/gee_dylan/candlab/analyses/shapes/dwi/preproc_workflow/preproc_flow/_subject_id_sub-A200/stripT1/sub-A200_ses-shapesV1_T1w_resample_flirt_brain_mask.nii.gz', 'c0689b827b7959a3b0652aae90691c23')), ('1_Check_Unwarped.@par.@par.@par.@par.@par.@par.@par', ('/gpfs/milgram/project/gee_dylan/candlab/analyses/shapes/dwi/preproc_workflow/preproc_flow/_subject_id_sub-A200/register1/sub-A200_ses-shapesV1_T1w_resample_flirt.nii.gz', '01f77322d24b8752eb87e06a4c308113')), ('2_Transfer', ('/gpfs/milgram/project/gee_dylan/candlab/analyses/shapes/dwi/preproc_workflow/preproc_flow/_subject_id_sub-A200/stripT1/sub-A200_ses-shapesV1_T1w_resample_flirt_brain_mask.nii.gz', 'c0689b827b7959a3b0652aae90691c23')), ('2_Transfer.@par', ('/gpfs/milgram/project/gee_dylan/candlab/analyses/shapes/dwi/preproc_workflow/preproc_flow/_subject_id_sub-A200/register1/sub-A200_ses-shapesV1_T1w_resample_flirt.nii.gz', '01f77322d24b8752eb87e06a4c308113')), ('2_Transfer.@par.@par', ('/gpfs/milgram/project/gee_dylan/candlab/analyses/shapes/dwi/preproc_workflow/preproc_flow/_subject_id_sub-A200/apptop/preprocessed_dwi.nii.gz', 'fe2249e6fb0a27eface3d2399d6463c7')), ('2_Transfer.@par.@par.@par', ('/gpfs/milgram/project/gee_dylan/candlab/data/mri/bids_recon/shapes/sub-A200/ses-shapesV1/dwi/sub-A200_ses-shapesV1_dwi.bval', '286321f2f3d3f560decafcf9e27e1531')), ('2_Transfer.@par.@par.@par.@par', ('/gpfs/milgram/project/gee_dylan/candlab/data/mri/bids_recon/shapes/sub-A200/ses-shapesV1/dwi/sub-A200_ses-shapesV1_dwi.bvec', '877a702c71d842d25e58eba0db92553e'))]), ('base_directory', '/gpfs/milgram/project/gee_dylan/candlab/analyses/shapes/dwi/preproc_data'), ('parameterization', True), ('remove_dest_dir', False), ('substitutions', [('_subject_id_', '')])], ba04eaa4af22ce864f1fe5f4920ac863, /gpfs/milgram/project/gee_dylan/candlab/analyses/shapes/dwi/preproc_workflow/preproc_flow/_subject_id_sub-A200/datasink/_0xba04eaa4af22ce864f1fe5f4920ac863.json, ['/gpfs/milgram/project/gee_dylan/candlab/analyses/shapes/dwi/preproc_workflow/preproc_flow/_subject_id_sub-A200/datasink/_0xba04eaa4af22ce864f1fe5f4920ac863.json']
190923-18:58:38,86 nipype.workflow DEBUG:
	 [Node] Up-to-date cache found for "preproc_flow.datasink".
190923-18:58:38,86 nipype.workflow DEBUG:
	 Checking hash "preproc_flow.datasink" locally: cached=True, updated=True.
190923-18:58:38,91 nipype.workflow INFO:
	 [Node] Setting-up "preproc_flow.datasink" in "/gpfs/milgram/project/gee_dylan/candlab/analyses/shapes/dwi/preproc_workflow/preproc_flow/_subject_id_sub-A200/datasink".
190923-18:58:38,92 nipype.workflow DEBUG:
	 [Node] Hashes: [('_outputs', [('1_Check_Unwarped.@par', ('/gpfs/milgram/project/gee_dylan/candlab/analyses/shapes/dwi/preproc_workflow/preproc_flow/_subject_id_sub-A200/topup/ap_pa_topup.nii.gz', 'c28a52bb6bd2cbe2f86ea58fc2e81018')), ('1_Check_Unwarped.@par.@par.@par', ('/gpfs/milgram/project/gee_dylan/candlab/analyses/shapes/dwi/preproc_workflow/preproc_flow/_subject_id_sub-A200/denoise/denoised.nii.gz', 'fcbca775798e606c79678ae4877d545f')), ('1_Check_Unwarped.@par.@par.@par.@par.@par', ('/gpfs/milgram/project/gee_dylan/candlab/analyses/shapes/dwi/preproc_workflow/preproc_flow/_subject_id_sub-A200/apptop/preprocessed_dwi.nii.gz', 'fe2249e6fb0a27eface3d2399d6463c7')), ('1_Check_Unwarped.@par.@par.@par.@par.@par.@par', ('/gpfs/milgram/project/gee_dylan/candlab/analyses/shapes/dwi/preproc_workflow/preproc_flow/_subject_id_sub-A200/stripT1/sub-A200_ses-shapesV1_T1w_resample_flirt_brain_mask.nii.gz', 'c0689b827b7959a3b0652aae90691c23')), ('1_Check_Unwarped.@par.@par.@par.@par.@par.@par.@par', ('/gpfs/milgram/project/gee_dylan/candlab/analyses/shapes/dwi/preproc_workflow/preproc_flow/_subject_id_sub-A200/register1/sub-A200_ses-shapesV1_T1w_resample_flirt.nii.gz', '01f77322d24b8752eb87e06a4c308113')), ('2_Transfer', ('/gpfs/milgram/project/gee_dylan/candlab/analyses/shapes/dwi/preproc_workflow/preproc_flow/_subject_id_sub-A200/stripT1/sub-A200_ses-shapesV1_T1w_resample_flirt_brain_mask.nii.gz', 'c0689b827b7959a3b0652aae90691c23')), ('2_Transfer.@par', ('/gpfs/milgram/project/gee_dylan/candlab/analyses/shapes/dwi/preproc_workflow/preproc_flow/_subject_id_sub-A200/register1/sub-A200_ses-shapesV1_T1w_resample_flirt.nii.gz', '01f77322d24b8752eb87e06a4c308113')), ('2_Transfer.@par.@par', ('/gpfs/milgram/project/gee_dylan/candlab/analyses/shapes/dwi/preproc_workflow/preproc_flow/_subject_id_sub-A200/apptop/preprocessed_dwi.nii.gz', 'fe2249e6fb0a27eface3d2399d6463c7')), ('2_Transfer.@par.@par.@par', ('/gpfs/milgram/project/gee_dylan/candlab/data/mri/bids_recon/shapes/sub-A200/ses-shapesV1/dwi/sub-A200_ses-shapesV1_dwi.bval', '286321f2f3d3f560decafcf9e27e1531')), ('2_Transfer.@par.@par.@par.@par', ('/gpfs/milgram/project/gee_dylan/candlab/data/mri/bids_recon/shapes/sub-A200/ses-shapesV1/dwi/sub-A200_ses-shapesV1_dwi.bvec', '877a702c71d842d25e58eba0db92553e'))]), ('base_directory', '/gpfs/milgram/project/gee_dylan/candlab/analyses/shapes/dwi/preproc_data'), ('parameterization', True), ('remove_dest_dir', False), ('substitutions', [('_subject_id_', '')])], ba04eaa4af22ce864f1fe5f4920ac863, /gpfs/milgram/project/gee_dylan/candlab/analyses/shapes/dwi/preproc_workflow/preproc_flow/_subject_id_sub-A200/datasink/_0xba04eaa4af22ce864f1fe5f4920ac863.json, ['/gpfs/milgram/project/gee_dylan/candlab/analyses/shapes/dwi/preproc_workflow/preproc_flow/_subject_id_sub-A200/datasink/_0xba04eaa4af22ce864f1fe5f4920ac863.json']
190923-18:58:38,92 nipype.workflow DEBUG:
	 [Node] Up-to-date cache found for "preproc_flow.datasink".
190923-18:58:38,92 nipype.workflow DEBUG:
	 [Node] Rerunning cached, up-to-date node "preproc_flow.datasink"
190923-18:58:38,93 nipype.workflow DEBUG:
	 [MultiProc] Submitted task preproc_flow.datasink (taskid=2).
190923-18:58:38,93 nipype.utils DEBUG:
	 Removing contents of /gpfs/milgram/project/gee_dylan/candlab/analyses/shapes/dwi/preproc_workflow/preproc_flow/_subject_id_sub-A200/datasink
190923-18:58:38,102 nipype.utils DEBUG:
	 Creating directory /gpfs/milgram/project/gee_dylan/candlab/analyses/shapes/dwi/preproc_workflow/preproc_flow/_subject_id_sub-A200/datasink/_report
190923-18:58:38,103 nipype.workflow DEBUG:
	 [Node] Writing pre-exec report to "/gpfs/milgram/project/gee_dylan/candlab/analyses/shapes/dwi/preproc_workflow/preproc_flow/_subject_id_sub-A200/datasink/_report/report.rst"
190923-18:58:38,110 nipype.workflow INFO:
	 [Node] Running "datasink" ("nipype.interfaces.io.DataSink")
190923-18:58:38,114 nipype.interface DEBUG:
	 key: 2_Transfer.@par.@par.@par files: /gpfs/milgram/project/gee_dylan/candlab/data/mri/bids_recon/shapes/sub-A200/ses-shapesV1/dwi/sub-A200_ses-shapesV1_dwi.bval
190923-18:58:38,115 nipype.interface DEBUG:
	 copyfile: /gpfs/milgram/project/gee_dylan/candlab/data/mri/bids_recon/shapes/sub-A200/ses-shapesV1/dwi/sub-A200_ses-shapesV1_dwi.bval /gpfs/milgram/project/gee_dylan/candlab/analyses/shapes/dwi/preproc_data/2_Transfer/sub-A200_ses-shapesV1_dwi.bval
190923-18:58:38,115 nipype.utils DEBUG:
	 /gpfs/milgram/project/gee_dylan/candlab/analyses/shapes/dwi/preproc_data/2_Transfer/sub-A200_ses-shapesV1_dwi.bval
190923-18:58:38,115 nipype.utils DEBUG:
	 File: /gpfs/milgram/project/gee_dylan/candlab/analyses/shapes/dwi/preproc_data/2_Transfer/sub-A200_ses-shapesV1_dwi.bval already exists, not overwriting, copy:1
190923-18:58:38,115 nipype.utils DEBUG:
	 /gpfs/milgram/project/gee_dylan/candlab/analyses/shapes/dwi/preproc_data/2_Transfer/sub-A200_ses-shapesV1_dwi.bval
190923-18:58:38,115 nipype.utils DEBUG:
	 File: /gpfs/milgram/project/gee_dylan/candlab/analyses/shapes/dwi/preproc_data/2_Transfer/sub-A200_ses-shapesV1_dwi.bval already exists, not overwriting, copy:1
190923-18:58:38,115 nipype.interface DEBUG:
	 key: 2_Transfer.@par.@par.@par.@par files: /gpfs/milgram/project/gee_dylan/candlab/data/mri/bids_recon/shapes/sub-A200/ses-shapesV1/dwi/sub-A200_ses-shapesV1_dwi.bvec
190923-18:58:38,115 nipype.interface DEBUG:
	 copyfile: /gpfs/milgram/project/gee_dylan/candlab/data/mri/bids_recon/shapes/sub-A200/ses-shapesV1/dwi/sub-A200_ses-shapesV1_dwi.bvec /gpfs/milgram/project/gee_dylan/candlab/analyses/shapes/dwi/preproc_data/2_Transfer/sub-A200_ses-shapesV1_dwi.bvec
190923-18:58:38,115 nipype.utils DEBUG:
	 /gpfs/milgram/project/gee_dylan/candlab/analyses/shapes/dwi/preproc_data/2_Transfer/sub-A200_ses-shapesV1_dwi.bvec
190923-18:58:38,116 nipype.utils DEBUG:
	 File: /gpfs/milgram/project/gee_dylan/candlab/analyses/shapes/dwi/preproc_data/2_Transfer/sub-A200_ses-shapesV1_dwi.bvec already exists, not overwriting, copy:1
190923-18:58:38,116 nipype.utils DEBUG:
	 /gpfs/milgram/project/gee_dylan/candlab/analyses/shapes/dwi/preproc_data/2_Transfer/sub-A200_ses-shapesV1_dwi.bvec
190923-18:58:38,116 nipype.utils DEBUG:
	 File: /gpfs/milgram/project/gee_dylan/candlab/analyses/shapes/dwi/preproc_data/2_Transfer/sub-A200_ses-shapesV1_dwi.bvec already exists, not overwriting, copy:1
190923-18:58:38,116 nipype.interface DEBUG:
	 key: 1_Check_Unwarped.@par files: /gpfs/milgram/project/gee_dylan/candlab/analyses/shapes/dwi/preproc_workflow/preproc_flow/_subject_id_sub-A200/topup/ap_pa_topup.nii.gz
190923-18:58:38,116 nipype.interface DEBUG:
	 sub.str: /gpfs/milgram/project/gee_dylan/candlab/analyses/shapes/dwi/preproc_data/1_Check_Unwarped/_subject_id_sub-A200/ap_pa_topup.nii.gz -> /gpfs/milgram/project/gee_dylan/candlab/analyses/shapes/dwi/preproc_data/1_Check_Unwarped/sub-A200/ap_pa_topup.nii.gz using '_subject_id_' -> ''
190923-18:58:38,116 nipype.interface INFO:
	 sub: /gpfs/milgram/project/gee_dylan/candlab/analyses/shapes/dwi/preproc_data/1_Check_Unwarped/_subject_id_sub-A200/ap_pa_topup.nii.gz -> /gpfs/milgram/project/gee_dylan/candlab/analyses/shapes/dwi/preproc_data/1_Check_Unwarped/sub-A200/ap_pa_topup.nii.gz
190923-18:58:38,117 nipype.interface DEBUG:
	 copyfile: /gpfs/milgram/project/gee_dylan/candlab/analyses/shapes/dwi/preproc_workflow/preproc_flow/_subject_id_sub-A200/topup/ap_pa_topup.nii.gz /gpfs/milgram/project/gee_dylan/candlab/analyses/shapes/dwi/preproc_data/1_Check_Unwarped/sub-A200/ap_pa_topup.nii.gz
190923-18:58:38,117 nipype.utils DEBUG:
	 /gpfs/milgram/project/gee_dylan/candlab/analyses/shapes/dwi/preproc_data/1_Check_Unwarped/sub-A200/ap_pa_topup.nii.gz
190923-18:58:38,117 nipype.utils DEBUG:
	 File: /gpfs/milgram/project/gee_dylan/candlab/analyses/shapes/dwi/preproc_data/1_Check_Unwarped/sub-A200/ap_pa_topup.nii.gz already exists, not overwriting, copy:1
190923-18:58:38,117 nipype.utils DEBUG:
	 /gpfs/milgram/project/gee_dylan/candlab/analyses/shapes/dwi/preproc_data/1_Check_Unwarped/sub-A200/ap_pa_topup.nii.gz
190923-18:58:38,117 nipype.utils DEBUG:
	 File: /gpfs/milgram/project/gee_dylan/candlab/analyses/shapes/dwi/preproc_data/1_Check_Unwarped/sub-A200/ap_pa_topup.nii.gz already exists, not overwriting, copy:1
190923-18:58:38,117 nipype.interface DEBUG:
	 key: 1_Check_Unwarped.@par.@par.@par.@par.@par.@par.@par files: /gpfs/milgram/project/gee_dylan/candlab/analyses/shapes/dwi/preproc_workflow/preproc_flow/_subject_id_sub-A200/register1/sub-A200_ses-shapesV1_T1w_resample_flirt.nii.gz
190923-18:58:38,118 nipype.interface DEBUG:
	 sub.str: /gpfs/milgram/project/gee_dylan/candlab/analyses/shapes/dwi/preproc_data/1_Check_Unwarped/_subject_id_sub-A200/sub-A200_ses-shapesV1_T1w_resample_flirt.nii.gz -> /gpfs/milgram/project/gee_dylan/candlab/analyses/shapes/dwi/preproc_data/1_Check_Unwarped/sub-A200/sub-A200_ses-shapesV1_T1w_resample_flirt.nii.gz using '_subject_id_' -> ''
190923-18:58:38,118 nipype.interface INFO:
	 sub: /gpfs/milgram/project/gee_dylan/candlab/analyses/shapes/dwi/preproc_data/1_Check_Unwarped/_subject_id_sub-A200/sub-A200_ses-shapesV1_T1w_resample_flirt.nii.gz -> /gpfs/milgram/project/gee_dylan/candlab/analyses/shapes/dwi/preproc_data/1_Check_Unwarped/sub-A200/sub-A200_ses-shapesV1_T1w_resample_flirt.nii.gz
190923-18:58:38,118 nipype.interface DEBUG:
	 copyfile: /gpfs/milgram/project/gee_dylan/candlab/analyses/shapes/dwi/preproc_workflow/preproc_flow/_subject_id_sub-A200/register1/sub-A200_ses-shapesV1_T1w_resample_flirt.nii.gz /gpfs/milgram/project/gee_dylan/candlab/analyses/shapes/dwi/preproc_data/1_Check_Unwarped/sub-A200/sub-A200_ses-shapesV1_T1w_resample_flirt.nii.gz
190923-18:58:38,118 nipype.utils DEBUG:
	 /gpfs/milgram/project/gee_dylan/candlab/analyses/shapes/dwi/preproc_data/1_Check_Unwarped/sub-A200/sub-A200_ses-shapesV1_T1w_resample_flirt.nii.gz
190923-18:58:38,118 nipype.utils DEBUG:
	 File: /gpfs/milgram/project/gee_dylan/candlab/analyses/shapes/dwi/preproc_data/1_Check_Unwarped/sub-A200/sub-A200_ses-shapesV1_T1w_resample_flirt.nii.gz already exists, not overwriting, copy:1
190923-18:58:38,118 nipype.utils DEBUG:
	 /gpfs/milgram/project/gee_dylan/candlab/analyses/shapes/dwi/preproc_data/1_Check_Unwarped/sub-A200/sub-A200_ses-shapesV1_T1w_resample_flirt.nii.gz
190923-18:58:38,118 nipype.utils DEBUG:
	 File: /gpfs/milgram/project/gee_dylan/candlab/analyses/shapes/dwi/preproc_data/1_Check_Unwarped/sub-A200/sub-A200_ses-shapesV1_T1w_resample_flirt.nii.gz already exists, not overwriting, copy:1
190923-18:58:38,118 nipype.interface DEBUG:
	 key: 2_Transfer.@par files: /gpfs/milgram/project/gee_dylan/candlab/analyses/shapes/dwi/preproc_workflow/preproc_flow/_subject_id_sub-A200/register1/sub-A200_ses-shapesV1_T1w_resample_flirt.nii.gz
190923-18:58:38,118 nipype.interface DEBUG:
	 sub.str: /gpfs/milgram/project/gee_dylan/candlab/analyses/shapes/dwi/preproc_data/2_Transfer/_subject_id_sub-A200/sub-A200_ses-shapesV1_T1w_resample_flirt.nii.gz -> /gpfs/milgram/project/gee_dylan/candlab/analyses/shapes/dwi/preproc_data/2_Transfer/sub-A200/sub-A200_ses-shapesV1_T1w_resample_flirt.nii.gz using '_subject_id_' -> ''
190923-18:58:38,118 nipype.interface INFO:
	 sub: /gpfs/milgram/project/gee_dylan/candlab/analyses/shapes/dwi/preproc_data/2_Transfer/_subject_id_sub-A200/sub-A200_ses-shapesV1_T1w_resample_flirt.nii.gz -> /gpfs/milgram/project/gee_dylan/candlab/analyses/shapes/dwi/preproc_data/2_Transfer/sub-A200/sub-A200_ses-shapesV1_T1w_resample_flirt.nii.gz
190923-18:58:38,118 nipype.interface DEBUG:
	 copyfile: /gpfs/milgram/project/gee_dylan/candlab/analyses/shapes/dwi/preproc_workflow/preproc_flow/_subject_id_sub-A200/register1/sub-A200_ses-shapesV1_T1w_resample_flirt.nii.gz /gpfs/milgram/project/gee_dylan/candlab/analyses/shapes/dwi/preproc_data/2_Transfer/sub-A200/sub-A200_ses-shapesV1_T1w_resample_flirt.nii.gz
190923-18:58:38,118 nipype.utils DEBUG:
	 /gpfs/milgram/project/gee_dylan/candlab/analyses/shapes/dwi/preproc_data/2_Transfer/sub-A200/sub-A200_ses-shapesV1_T1w_resample_flirt.nii.gz
190923-18:58:38,119 nipype.utils DEBUG:
	 File: /gpfs/milgram/project/gee_dylan/candlab/analyses/shapes/dwi/preproc_data/2_Transfer/sub-A200/sub-A200_ses-shapesV1_T1w_resample_flirt.nii.gz already exists, not overwriting, copy:1
190923-18:58:38,119 nipype.utils DEBUG:
	 /gpfs/milgram/project/gee_dylan/candlab/analyses/shapes/dwi/preproc_data/2_Transfer/sub-A200/sub-A200_ses-shapesV1_T1w_resample_flirt.nii.gz
190923-18:58:38,119 nipype.utils DEBUG:
	 File: /gpfs/milgram/project/gee_dylan/candlab/analyses/shapes/dwi/preproc_data/2_Transfer/sub-A200/sub-A200_ses-shapesV1_T1w_resample_flirt.nii.gz already exists, not overwriting, copy:1
190923-18:58:38,119 nipype.interface DEBUG:
	 key: 1_Check_Unwarped.@par.@par.@par.@par.@par.@par files: /gpfs/milgram/project/gee_dylan/candlab/analyses/shapes/dwi/preproc_workflow/preproc_flow/_subject_id_sub-A200/stripT1/sub-A200_ses-shapesV1_T1w_resample_flirt_brain_mask.nii.gz
190923-18:58:38,119 nipype.interface DEBUG:
	 sub.str: /gpfs/milgram/project/gee_dylan/candlab/analyses/shapes/dwi/preproc_data/1_Check_Unwarped/_subject_id_sub-A200/sub-A200_ses-shapesV1_T1w_resample_flirt_brain_mask.nii.gz -> /gpfs/milgram/project/gee_dylan/candlab/analyses/shapes/dwi/preproc_data/1_Check_Unwarped/sub-A200/sub-A200_ses-shapesV1_T1w_resample_flirt_brain_mask.nii.gz using '_subject_id_' -> ''
190923-18:58:38,119 nipype.interface INFO:
	 sub: /gpfs/milgram/project/gee_dylan/candlab/analyses/shapes/dwi/preproc_data/1_Check_Unwarped/_subject_id_sub-A200/sub-A200_ses-shapesV1_T1w_resample_flirt_brain_mask.nii.gz -> /gpfs/milgram/project/gee_dylan/candlab/analyses/shapes/dwi/preproc_data/1_Check_Unwarped/sub-A200/sub-A200_ses-shapesV1_T1w_resample_flirt_brain_mask.nii.gz
190923-18:58:38,119 nipype.interface DEBUG:
	 copyfile: /gpfs/milgram/project/gee_dylan/candlab/analyses/shapes/dwi/preproc_workflow/preproc_flow/_subject_id_sub-A200/stripT1/sub-A200_ses-shapesV1_T1w_resample_flirt_brain_mask.nii.gz /gpfs/milgram/project/gee_dylan/candlab/analyses/shapes/dwi/preproc_data/1_Check_Unwarped/sub-A200/sub-A200_ses-shapesV1_T1w_resample_flirt_brain_mask.nii.gz
190923-18:58:38,119 nipype.utils DEBUG:
	 /gpfs/milgram/project/gee_dylan/candlab/analyses/shapes/dwi/preproc_data/1_Check_Unwarped/sub-A200/sub-A200_ses-shapesV1_T1w_resample_flirt_brain_mask.nii.gz
190923-18:58:38,119 nipype.utils DEBUG:
	 File: /gpfs/milgram/project/gee_dylan/candlab/analyses/shapes/dwi/preproc_data/1_Check_Unwarped/sub-A200/sub-A200_ses-shapesV1_T1w_resample_flirt_brain_mask.nii.gz already exists, not overwriting, copy:1
190923-18:58:38,119 nipype.utils DEBUG:
	 /gpfs/milgram/project/gee_dylan/candlab/analyses/shapes/dwi/preproc_data/1_Check_Unwarped/sub-A200/sub-A200_ses-shapesV1_T1w_resample_flirt_brain_mask.nii.gz
190923-18:58:38,119 nipype.utils DEBUG:
	 File: /gpfs/milgram/project/gee_dylan/candlab/analyses/shapes/dwi/preproc_data/1_Check_Unwarped/sub-A200/sub-A200_ses-shapesV1_T1w_resample_flirt_brain_mask.nii.gz already exists, not overwriting, copy:1
190923-18:58:38,119 nipype.interface DEBUG:
	 key: 2_Transfer files: /gpfs/milgram/project/gee_dylan/candlab/analyses/shapes/dwi/preproc_workflow/preproc_flow/_subject_id_sub-A200/stripT1/sub-A200_ses-shapesV1_T1w_resample_flirt_brain_mask.nii.gz
190923-18:58:38,119 nipype.interface DEBUG:
	 sub.str: /gpfs/milgram/project/gee_dylan/candlab/analyses/shapes/dwi/preproc_data/2_Transfer/_subject_id_sub-A200/sub-A200_ses-shapesV1_T1w_resample_flirt_brain_mask.nii.gz -> /gpfs/milgram/project/gee_dylan/candlab/analyses/shapes/dwi/preproc_data/2_Transfer/sub-A200/sub-A200_ses-shapesV1_T1w_resample_flirt_brain_mask.nii.gz using '_subject_id_' -> ''
190923-18:58:38,119 nipype.interface INFO:
	 sub: /gpfs/milgram/project/gee_dylan/candlab/analyses/shapes/dwi/preproc_data/2_Transfer/_subject_id_sub-A200/sub-A200_ses-shapesV1_T1w_resample_flirt_brain_mask.nii.gz -> /gpfs/milgram/project/gee_dylan/candlab/analyses/shapes/dwi/preproc_data/2_Transfer/sub-A200/sub-A200_ses-shapesV1_T1w_resample_flirt_brain_mask.nii.gz
190923-18:58:38,119 nipype.interface DEBUG:
	 copyfile: /gpfs/milgram/project/gee_dylan/candlab/analyses/shapes/dwi/preproc_workflow/preproc_flow/_subject_id_sub-A200/stripT1/sub-A200_ses-shapesV1_T1w_resample_flirt_brain_mask.nii.gz /gpfs/milgram/project/gee_dylan/candlab/analyses/shapes/dwi/preproc_data/2_Transfer/sub-A200/sub-A200_ses-shapesV1_T1w_resample_flirt_brain_mask.nii.gz
190923-18:58:38,119 nipype.utils DEBUG:
	 /gpfs/milgram/project/gee_dylan/candlab/analyses/shapes/dwi/preproc_data/2_Transfer/sub-A200/sub-A200_ses-shapesV1_T1w_resample_flirt_brain_mask.nii.gz
190923-18:58:38,119 nipype.utils DEBUG:
	 File: /gpfs/milgram/project/gee_dylan/candlab/analyses/shapes/dwi/preproc_data/2_Transfer/sub-A200/sub-A200_ses-shapesV1_T1w_resample_flirt_brain_mask.nii.gz already exists, not overwriting, copy:1
190923-18:58:38,119 nipype.utils DEBUG:
	 /gpfs/milgram/project/gee_dylan/candlab/analyses/shapes/dwi/preproc_data/2_Transfer/sub-A200/sub-A200_ses-shapesV1_T1w_resample_flirt_brain_mask.nii.gz
190923-18:58:38,119 nipype.utils DEBUG:
	 File: /gpfs/milgram/project/gee_dylan/candlab/analyses/shapes/dwi/preproc_data/2_Transfer/sub-A200/sub-A200_ses-shapesV1_T1w_resample_flirt_brain_mask.nii.gz already exists, not overwriting, copy:1
190923-18:58:38,120 nipype.interface DEBUG:
	 key: 1_Check_Unwarped.@par.@par.@par files: /gpfs/milgram/project/gee_dylan/candlab/analyses/shapes/dwi/preproc_workflow/preproc_flow/_subject_id_sub-A200/denoise/denoised.nii.gz
190923-18:58:38,120 nipype.interface DEBUG:
	 sub.str: /gpfs/milgram/project/gee_dylan/candlab/analyses/shapes/dwi/preproc_data/1_Check_Unwarped/_subject_id_sub-A200/denoised.nii.gz -> /gpfs/milgram/project/gee_dylan/candlab/analyses/shapes/dwi/preproc_data/1_Check_Unwarped/sub-A200/denoised.nii.gz using '_subject_id_' -> ''
190923-18:58:38,120 nipype.interface INFO:
	 sub: /gpfs/milgram/project/gee_dylan/candlab/analyses/shapes/dwi/preproc_data/1_Check_Unwarped/_subject_id_sub-A200/denoised.nii.gz -> /gpfs/milgram/project/gee_dylan/candlab/analyses/shapes/dwi/preproc_data/1_Check_Unwarped/sub-A200/denoised.nii.gz
190923-18:58:38,120 nipype.interface DEBUG:
	 copyfile: /gpfs/milgram/project/gee_dylan/candlab/analyses/shapes/dwi/preproc_workflow/preproc_flow/_subject_id_sub-A200/denoise/denoised.nii.gz /gpfs/milgram/project/gee_dylan/candlab/analyses/shapes/dwi/preproc_data/1_Check_Unwarped/sub-A200/denoised.nii.gz
190923-18:58:38,120 nipype.utils DEBUG:
	 /gpfs/milgram/project/gee_dylan/candlab/analyses/shapes/dwi/preproc_data/1_Check_Unwarped/sub-A200/denoised.nii.gz
190923-18:58:38,120 nipype.utils DEBUG:
	 File: /gpfs/milgram/project/gee_dylan/candlab/analyses/shapes/dwi/preproc_data/1_Check_Unwarped/sub-A200/denoised.nii.gz already exists, not overwriting, copy:1
190923-18:58:38,120 nipype.utils DEBUG:
	 /gpfs/milgram/project/gee_dylan/candlab/analyses/shapes/dwi/preproc_data/1_Check_Unwarped/sub-A200/denoised.nii.gz
190923-18:58:38,120 nipype.utils DEBUG:
	 File: /gpfs/milgram/project/gee_dylan/candlab/analyses/shapes/dwi/preproc_data/1_Check_Unwarped/sub-A200/denoised.nii.gz already exists, not overwriting, copy:1
190923-18:58:38,120 nipype.interface DEBUG:
	 key: 1_Check_Unwarped.@par.@par.@par.@par.@par files: /gpfs/milgram/project/gee_dylan/candlab/analyses/shapes/dwi/preproc_workflow/preproc_flow/_subject_id_sub-A200/apptop/preprocessed_dwi.nii.gz
190923-18:58:38,120 nipype.interface DEBUG:
	 sub.str: /gpfs/milgram/project/gee_dylan/candlab/analyses/shapes/dwi/preproc_data/1_Check_Unwarped/_subject_id_sub-A200/preprocessed_dwi.nii.gz -> /gpfs/milgram/project/gee_dylan/candlab/analyses/shapes/dwi/preproc_data/1_Check_Unwarped/sub-A200/preprocessed_dwi.nii.gz using '_subject_id_' -> ''
190923-18:58:38,120 nipype.interface INFO:
	 sub: /gpfs/milgram/project/gee_dylan/candlab/analyses/shapes/dwi/preproc_data/1_Check_Unwarped/_subject_id_sub-A200/preprocessed_dwi.nii.gz -> /gpfs/milgram/project/gee_dylan/candlab/analyses/shapes/dwi/preproc_data/1_Check_Unwarped/sub-A200/preprocessed_dwi.nii.gz
190923-18:58:38,120 nipype.interface DEBUG:
	 copyfile: /gpfs/milgram/project/gee_dylan/candlab/analyses/shapes/dwi/preproc_workflow/preproc_flow/_subject_id_sub-A200/apptop/preprocessed_dwi.nii.gz /gpfs/milgram/project/gee_dylan/candlab/analyses/shapes/dwi/preproc_data/1_Check_Unwarped/sub-A200/preprocessed_dwi.nii.gz
190923-18:58:38,120 nipype.utils DEBUG:
	 /gpfs/milgram/project/gee_dylan/candlab/analyses/shapes/dwi/preproc_data/1_Check_Unwarped/sub-A200/preprocessed_dwi.nii.gz
190923-18:58:38,120 nipype.utils DEBUG:
	 File: /gpfs/milgram/project/gee_dylan/candlab/analyses/shapes/dwi/preproc_data/1_Check_Unwarped/sub-A200/preprocessed_dwi.nii.gz already exists, not overwriting, copy:1
190923-18:58:38,120 nipype.utils DEBUG:
	 /gpfs/milgram/project/gee_dylan/candlab/analyses/shapes/dwi/preproc_data/1_Check_Unwarped/sub-A200/preprocessed_dwi.nii.gz
190923-18:58:38,120 nipype.utils DEBUG:
	 File: /gpfs/milgram/project/gee_dylan/candlab/analyses/shapes/dwi/preproc_data/1_Check_Unwarped/sub-A200/preprocessed_dwi.nii.gz already exists, not overwriting, copy:1
190923-18:58:38,120 nipype.interface DEBUG:
	 key: 2_Transfer.@par.@par files: /gpfs/milgram/project/gee_dylan/candlab/analyses/shapes/dwi/preproc_workflow/preproc_flow/_subject_id_sub-A200/apptop/preprocessed_dwi.nii.gz
190923-18:58:38,120 nipype.interface DEBUG:
	 sub.str: /gpfs/milgram/project/gee_dylan/candlab/analyses/shapes/dwi/preproc_data/2_Transfer/_subject_id_sub-A200/preprocessed_dwi.nii.gz -> /gpfs/milgram/project/gee_dylan/candlab/analyses/shapes/dwi/preproc_data/2_Transfer/sub-A200/preprocessed_dwi.nii.gz using '_subject_id_' -> ''
190923-18:58:38,120 nipype.interface INFO:
	 sub: /gpfs/milgram/project/gee_dylan/candlab/analyses/shapes/dwi/preproc_data/2_Transfer/_subject_id_sub-A200/preprocessed_dwi.nii.gz -> /gpfs/milgram/project/gee_dylan/candlab/analyses/shapes/dwi/preproc_data/2_Transfer/sub-A200/preprocessed_dwi.nii.gz
190923-18:58:38,120 nipype.interface DEBUG:
	 copyfile: /gpfs/milgram/project/gee_dylan/candlab/analyses/shapes/dwi/preproc_workflow/preproc_flow/_subject_id_sub-A200/apptop/preprocessed_dwi.nii.gz /gpfs/milgram/project/gee_dylan/candlab/analyses/shapes/dwi/preproc_data/2_Transfer/sub-A200/preprocessed_dwi.nii.gz
190923-18:58:38,120 nipype.utils DEBUG:
	 /gpfs/milgram/project/gee_dylan/candlab/analyses/shapes/dwi/preproc_data/2_Transfer/sub-A200/preprocessed_dwi.nii.gz
190923-18:58:38,121 nipype.utils DEBUG:
	 File: /gpfs/milgram/project/gee_dylan/candlab/analyses/shapes/dwi/preproc_data/2_Transfer/sub-A200/preprocessed_dwi.nii.gz already exists, not overwriting, copy:1
190923-18:58:38,121 nipype.utils DEBUG:
	 /gpfs/milgram/project/gee_dylan/candlab/analyses/shapes/dwi/preproc_data/2_Transfer/sub-A200/preprocessed_dwi.nii.gz
190923-18:58:38,121 nipype.utils DEBUG:
	 File: /gpfs/milgram/project/gee_dylan/candlab/analyses/shapes/dwi/preproc_data/2_Transfer/sub-A200/preprocessed_dwi.nii.gz already exists, not overwriting, copy:1
190923-18:58:38,123 nipype.workflow DEBUG:
	 Needed files: /gpfs/milgram/project/gee_dylan/candlab/analyses/shapes/dwi/preproc_data/2_Transfer/sub-A200_ses-shapesV1_dwi.bval;/gpfs/milgram/project/gee_dylan/candlab/analyses/shapes/dwi/preproc_data/2_Transfer/sub-A200_ses-shapesV1_dwi.bvec;/gpfs/milgram/project/gee_dylan/candlab/analyses/shapes/dwi/preproc_data/1_Check_Unwarped/sub-A200/ap_pa_topup.nii.gz;/gpfs/milgram/project/gee_dylan/candlab/analyses/shapes/dwi/preproc_data/1_Check_Unwarped/sub-A200/sub-A200_ses-shapesV1_T1w_resample_flirt.nii.gz;/gpfs/milgram/project/gee_dylan/candlab/analyses/shapes/dwi/preproc_data/2_Transfer/sub-A200/sub-A200_ses-shapesV1_T1w_resample_flirt.nii.gz;/gpfs/milgram/project/gee_dylan/candlab/analyses/shapes/dwi/preproc_data/1_Check_Unwarped/sub-A200/sub-A200_ses-shapesV1_T1w_resample_flirt_brain_mask.nii.gz;/gpfs/milgram/project/gee_dylan/candlab/analyses/shapes/dwi/preproc_data/2_Transfer/sub-A200/sub-A200_ses-shapesV1_T1w_resample_flirt_brain_mask.nii.gz;/gpfs/milgram/project/gee_dylan/candlab/analyses/shapes/dwi/preproc_data/1_Check_Unwarped/sub-A200/denoised.nii.gz;/gpfs/milgram/project/gee_dylan/candlab/analyses/shapes/dwi/preproc_data/1_Check_Unwarped/sub-A200/preprocessed_dwi.nii.gz;/gpfs/milgram/project/gee_dylan/candlab/analyses/shapes/dwi/preproc_data/2_Transfer/sub-A200/preprocessed_dwi.nii.gz;/gpfs/milgram/project/gee_dylan/candlab/analyses/shapes/dwi/preproc_workflow/preproc_flow/_subject_id_sub-A200/topup/ap_pa_topup.nii.gz;/gpfs/milgram/project/gee_dylan/candlab/analyses/shapes/dwi/preproc_workflow/preproc_flow/_subject_id_sub-A200/denoise/denoised.nii.gz;/gpfs/milgram/project/gee_dylan/candlab/analyses/shapes/dwi/preproc_workflow/preproc_flow/_subject_id_sub-A200/apptop/preprocessed_dwi.nii.gz;/gpfs/milgram/project/gee_dylan/candlab/analyses/shapes/dwi/preproc_workflow/preproc_flow/_subject_id_sub-A200/stripT1/sub-A200_ses-shapesV1_T1w_resample_flirt_brain_mask.nii.gz;/gpfs/milgram/project/gee_dylan/candlab/analyses/shapes/dwi/preproc_workflow/preproc_flow/_subject_id_sub-A200/register1/sub-A200_ses-shapesV1_T1w_resample_flirt.nii.gz;/gpfs/milgram/project/gee_dylan/candlab/analyses/shapes/dwi/preproc_workflow/preproc_flow/_subject_id_sub-A200/stripT1/sub-A200_ses-shapesV1_T1w_resample_flirt_brain_mask.nii.gz;/gpfs/milgram/project/gee_dylan/candlab/analyses/shapes/dwi/preproc_workflow/preproc_flow/_subject_id_sub-A200/register1/sub-A200_ses-shapesV1_T1w_resample_flirt.nii.gz;/gpfs/milgram/project/gee_dylan/candlab/analyses/shapes/dwi/preproc_workflow/preproc_flow/_subject_id_sub-A200/apptop/preprocessed_dwi.nii.gz;/gpfs/milgram/project/gee_dylan/candlab/data/mri/bids_recon/shapes/sub-A200/ses-shapesV1/dwi/sub-A200_ses-shapesV1_dwi.bval;/gpfs/milgram/project/gee_dylan/candlab/data/mri/bids_recon/shapes/sub-A200/ses-shapesV1/dwi/sub-A200_ses-shapesV1_dwi.bvec;/gpfs/milgram/project/gee_dylan/candlab/analyses/shapes/dwi/preproc_workflow/preproc_flow/_subject_id_sub-A200/datasink/_0xba04eaa4af22ce864f1fe5f4920ac863_unfinished.json;/gpfs/milgram/project/gee_dylan/candlab/analyses/shapes/dwi/preproc_workflow/preproc_flow/_subject_id_sub-A200/datasink/_inputs.pklz;/gpfs/milgram/project/gee_dylan/candlab/analyses/shapes/dwi/preproc_workflow/preproc_flow/_subject_id_sub-A200/datasink/_node.pklz
190923-18:58:38,123 nipype.workflow DEBUG:
	 Needed dirs: /gpfs/milgram/project/gee_dylan/candlab/analyses/shapes/dwi/preproc_workflow/preproc_flow/_subject_id_sub-A200/datasink/_report
190923-18:58:38,123 nipype.workflow DEBUG:
	 Removing files: 
190923-18:58:38,123 nipype.workflow DEBUG:
	 Saving results file: '/gpfs/milgram/project/gee_dylan/candlab/analyses/shapes/dwi/preproc_workflow/preproc_flow/_subject_id_sub-A200/datasink/result_datasink.pklz'
190923-18:58:38,128 nipype.workflow DEBUG:
	 [Node] Writing post-exec report to "/gpfs/milgram/project/gee_dylan/candlab/analyses/shapes/dwi/preproc_workflow/preproc_flow/_subject_id_sub-A200/datasink/_report/report.rst"
190923-18:58:38,129 nipype.utils DEBUG:
	 Loading pkl: /gpfs/milgram/project/gee_dylan/candlab/analyses/shapes/dwi/preproc_workflow/preproc_flow/_subject_id_sub-A200/datasink/result_datasink.pklz
190923-18:58:38,132 nipype.workflow DEBUG:
	 Resolving paths in outputs loaded from results file.
190923-18:58:38,137 nipype.workflow INFO:
	 [Node] Finished "preproc_flow.datasink".
190923-18:58:40,37 nipype.workflow DEBUG:
	 Progress: 14 jobs, 13/1/0 (done/running/ready), 1/0 (pending_tasks/waiting).
190923-18:58:40,37 nipype.workflow INFO:
	 [Job 13] Completed (preproc_flow.datasink).
190923-18:58:40,39 nipype.workflow DEBUG:
	 Tasks currently running: 0. Pending: 0.
190923-18:58:40,41 nipype.workflow INFO:
	 [MultiProc] Running 0 tasks, and 0 jobs ready. Free memory (GB): 338.91/338.91, Free processors: 4/4.
190923-18:58:40,41 nipype.workflow DEBUG:
	 No tasks are being run, and no jobs can be submitted to the queue. Potential deadlock
/gpfs/milgram/project/gee_dylan/lms233/conda_envs/shapes_dwi/lib/python3.6/site-packages/scipy/sparse/lil.py:510: FutureWarning: future versions will not create a writeable array from broadcast_array. Set the writable flag explicitly to avoid this warning.
  if not x.flags.writeable:
/gpfs/milgram/project/gee_dylan/lms233/conda_envs/shapes_dwi/lib/python3.6/site-packages/scipy/sparse/lil.py:510: FutureWarning: future versions will not create a writeable array from broadcast_array. Set the writable flag explicitly to avoid this warning.
  if not x.flags.writeable:
/gpfs/milgram/project/gee_dylan/lms233/conda_envs/shapes_dwi/lib/python3.6/site-packages/scipy/sparse/lil.py:510: FutureWarning: future versions will not create a writeable array from broadcast_array. Set the writable flag explicitly to avoid this warning.
  if not x.flags.writeable:
/gpfs/milgram/project/gee_dylan/lms233/conda_envs/shapes_dwi/lib/python3.6/site-packages/scipy/sparse/lil.py:510: FutureWarning: future versions will not create a writeable array from broadcast_array. Set the writable flag explicitly to avoid this warning.
  if not x.flags.writeable:
/gpfs/milgram/project/gee_dylan/lms233/conda_envs/shapes_dwi/lib/python3.6/site-packages/scipy/sparse/lil.py:506: FutureWarning: future versions will not create a writeable array from broadcast_array. Set the writable flag explicitly to avoid this warning.
  if not j.flags.writeable or j.dtype not in (np.int32, np.int64):
/gpfs/milgram/project/gee_dylan/lms233/conda_envs/shapes_dwi/lib/python3.6/site-packages/scipy/sparse/lil.py:510: FutureWarning: future versions will not create a writeable array from broadcast_array. Set the writable flag explicitly to avoid this warning.
  if not x.flags.writeable:
/gpfs/milgram/project/gee_dylan/lms233/conda_envs/shapes_dwi/lib/python3.6/site-packages/scipy/sparse/lil.py:506: FutureWarning: future versions will not create a writeable array from broadcast_array. Set the writable flag explicitly to avoid this warning.
  if not j.flags.writeable or j.dtype not in (np.int32, np.int64):
/gpfs/milgram/project/gee_dylan/lms233/conda_envs/shapes_dwi/lib/python3.6/site-packages/scipy/sparse/lil.py:510: FutureWarning: future versions will not create a writeable array from broadcast_array. Set the writable flag explicitly to avoid this warning.
  if not x.flags.writeable:
/gpfs/milgram/project/gee_dylan/lms233/conda_envs/shapes_dwi/lib/python3.6/site-packages/scipy/sparse/lil.py:506: FutureWarning: future versions will not create a writeable array from broadcast_array. Set the writable flag explicitly to avoid this warning.
  if not j.flags.writeable or j.dtype not in (np.int32, np.int64):
/gpfs/milgram/project/gee_dylan/lms233/conda_envs/shapes_dwi/lib/python3.6/site-packages/scipy/sparse/lil.py:510: FutureWarning: future versions will not create a writeable array from broadcast_array. Set the writable flag explicitly to avoid this warning.
  if not x.flags.writeable:
/gpfs/milgram/project/gee_dylan/lms233/conda_envs/shapes_dwi/lib/python3.6/site-packages/scipy/sparse/lil.py:506: FutureWarning: future versions will not create a writeable array from broadcast_array. Set the writable flag explicitly to avoid this warning.
  if not j.flags.writeable or j.dtype not in (np.int32, np.int64):
/gpfs/milgram/project/gee_dylan/lms233/conda_envs/shapes_dwi/lib/python3.6/site-packages/scipy/sparse/lil.py:510: FutureWarning: future versions will not create a writeable array from broadcast_array. Set the writable flag explicitly to avoid this warning.
  if not x.flags.writeable:
