Source the FSL configuration script using:
     . /gpfs/milgram/apps/hpc.rhel7/software/FSL/6.0.1-centos7_64/etc/fslconf/fsl.sh
191030-19:19:29,721 nipype.workflow DEBUG:
	 (tract_flow.infosource, tract_flow.sf): No edge data
191030-19:19:29,722 nipype.workflow DEBUG:
	 (tract_flow.infosource, tract_flow.sf): new edge data: {'connect': [('subject_id', 'subject_id')]}
191030-19:19:29,722 nipype.workflow DEBUG:
	 (tract_flow.sf, tract_flow.bet): No edge data
191030-19:19:29,722 nipype.workflow DEBUG:
	 (tract_flow.sf, tract_flow.bet): new edge data: {'connect': [('t1', 'in_file')]}
191030-19:19:29,722 nipype.workflow DEBUG:
	 (tract_flow.sf, tract_flow.seg5tt): No edge data
191030-19:19:29,722 nipype.workflow DEBUG:
	 (tract_flow.sf, tract_flow.seg5tt): new edge data: {'connect': [('t1', 'in_file')]}
191030-19:19:29,722 nipype.workflow DEBUG:
	 (tract_flow.seg5tt, tract_flow.datasink): No edge data
191030-19:19:29,723 nipype.workflow DEBUG:
	 (tract_flow.seg5tt, tract_flow.datasink): new edge data: {'connect': [('out_file', '5_tract_Reconstruction')]}
191030-19:19:29,723 nipype.workflow DEBUG:
	 (tract_flow.sf, tract_flow.gradconv): No edge data
191030-19:19:29,723 nipype.workflow DEBUG:
	 (tract_flow.sf, tract_flow.gradconv): new edge data: {'connect': [('dti', 'in_file'), ('bval', 'in_bval'), ('bvec', 'in_bvec')]}
191030-19:19:29,723 nipype.workflow DEBUG:
	 (tract_flow.gradconv, tract_flow.dwiresp): No edge data
191030-19:19:29,723 nipype.workflow DEBUG:
	 (tract_flow.gradconv, tract_flow.dwiresp): new edge data: {'connect': [('out_file', 'in_file')]}
191030-19:19:29,723 nipype.workflow DEBUG:
	 (tract_flow.dwiresp, tract_flow.datasink): No edge data
191030-19:19:29,723 nipype.workflow DEBUG:
	 (tract_flow.dwiresp, tract_flow.datasink): new edge data: {'connect': [('wm_file', '5_tract_Reconstruction.@par'), ('gm_file', '5_tract_Reconstruction.@par.@par'), ('csf_file', '5_tract_Reconstruction.@par.@par.@par')]}
191030-19:19:29,723 nipype.workflow DEBUG:
	 (tract_flow.sf, tract_flow.mscsd): No edge data
191030-19:19:29,723 nipype.workflow DEBUG:
	 (tract_flow.sf, tract_flow.mscsd): new edge data: {'connect': [('dti', 'in_file'), ('bval', 'in_bval'), ('bvec', 'in_bvec')]}
191030-19:19:29,724 nipype.workflow DEBUG:
	 (tract_flow.dwiresp, tract_flow.mscsd): No edge data
191030-19:19:29,724 nipype.workflow DEBUG:
	 (tract_flow.dwiresp, tract_flow.mscsd): new edge data: {'connect': [('wm_file', 'wm_txt'), ('gm_file', 'gm_txt'), ('csf_file', 'csf_txt')]}
191030-19:19:29,724 nipype.workflow DEBUG:
	 (tract_flow.mscsd, tract_flow.tract): No edge data
191030-19:19:29,724 nipype.workflow DEBUG:
	 (tract_flow.mscsd, tract_flow.tract): new edge data: {'connect': [('wm_odf', 'in_file')]}
191030-19:19:29,724 nipype.workflow DEBUG:
	 (tract_flow.mscsd, tract_flow.datasink): No edge data
191030-19:19:29,724 nipype.workflow DEBUG:
	 (tract_flow.mscsd, tract_flow.datasink): new edge data: {'connect': [('wm_odf', '5_tract_Reconstruction.@par.@par.@par.@par'), ('gm_odf', '5_tract_Reconstruction.@par.@par.@par.@par.@par'), ('csf_odf', '5_tract_Reconstruction.@par.@par.@par.@par.@par.@par')]}
191030-19:19:29,724 nipype.workflow DEBUG:
	 (tract_flow.sf, tract_flow.tract): No edge data
191030-19:19:29,724 nipype.workflow DEBUG:
	 (tract_flow.sf, tract_flow.tract): new edge data: {'connect': [('bval', 'in_bval'), ('bvec', 'in_bvec')]}
191030-19:19:29,724 nipype.workflow DEBUG:
	 (tract_flow.bet, tract_flow.tract): No edge data
191030-19:19:29,725 nipype.workflow DEBUG:
	 (tract_flow.bet, tract_flow.tract): new edge data: {'connect': [('mask_file', 'seed_image')]}
191030-19:19:29,725 nipype.workflow DEBUG:
	 (tract_flow.tract, tract_flow.trkconvert): No edge data
191030-19:19:29,725 nipype.workflow DEBUG:
	 (tract_flow.tract, tract_flow.trkconvert): new edge data: {'connect': [('out_file', 'in_file')]}
191030-19:19:29,725 nipype.workflow DEBUG:
	 (tract_flow.sf, tract_flow.trkconvert): No edge data
191030-19:19:29,725 nipype.workflow DEBUG:
	 (tract_flow.sf, tract_flow.trkconvert): new edge data: {'connect': [('t1', 'image_file')]}
191030-19:19:29,730 nipype.workflow DEBUG:
	 (tract_flow.sf, tract_flow.trkconvert): Edge data exists: {'connect': [('t1', 'image_file')]}
191030-19:19:29,730 nipype.workflow DEBUG:
	 (tract_flow.sf, tract_flow.trkconvert): new edge data: {'connect': [('t1', 'image_file'), ('t1', 'registration_image_file')]}
191030-19:19:29,730 nipype.workflow DEBUG:
	 (tract_flow.trkconvert, tract_flow.datasink): No edge data
191030-19:19:29,730 nipype.workflow DEBUG:
	 (tract_flow.trkconvert, tract_flow.datasink): new edge data: {'connect': [('out_file', '5_tract_Reconstruction.@par.@par.@par.@par.@par.@par.@par')]}
191030-19:19:29,730 nipype.workflow DEBUG:
	 (tract_flow.tract, tract_flow.datasink): No edge data
191030-19:19:29,731 nipype.workflow DEBUG:
	 (tract_flow.tract, tract_flow.datasink): new edge data: {'connect': [('out_file', '5_tract_Reconstruction.@par.@par.@par.@par.@par.@par.@par.@par')]}
191030-19:19:29,731 nipype.workflow DEBUG:
	 (tract_flow.bet, tract_flow.datasink): No edge data
191030-19:19:29,731 nipype.workflow DEBUG:
	 (tract_flow.bet, tract_flow.datasink): new edge data: {'connect': [('mask_file', '5_tract_Reconstruction.@par.@par.@par.@par.@par.@par.@par.@par.@par')]}
191030-19:19:29,731 nipype.workflow DEBUG:
	 (tract_flow.gradconv, tract_flow.dwi2tensor): No edge data
191030-19:19:29,731 nipype.workflow DEBUG:
	 (tract_flow.gradconv, tract_flow.dwi2tensor): new edge data: {'connect': [('out_file', 'in_file')]}
191030-19:19:29,731 nipype.workflow DEBUG:
	 (tract_flow.dwi2tensor, tract_flow.datasink): No edge data
191030-19:19:29,731 nipype.workflow DEBUG:
	 (tract_flow.dwi2tensor, tract_flow.datasink): new edge data: {'connect': [('out_file', '6_Tensor_Data')]}
191030-19:19:29,731 nipype.workflow DEBUG:
	 (tract_flow.dwi2tensor, tract_flow.tensor2fa): No edge data
191030-19:19:29,731 nipype.workflow DEBUG:
	 (tract_flow.dwi2tensor, tract_flow.tensor2fa): new edge data: {'connect': [('out_file', 'in_file')]}
191030-19:19:29,732 nipype.workflow DEBUG:
	 (tract_flow.tensor2fa, tract_flow.datasink): No edge data
191030-19:19:29,732 nipype.workflow DEBUG:
	 (tract_flow.tensor2fa, tract_flow.datasink): new edge data: {'connect': [('out_fa', '6_Tensor_Data.@par')]}
191030-19:19:29,745 nipype.workflow DEBUG:
	 Creating flat graph for workflow: tract_flow
191030-19:19:29,755 nipype.workflow DEBUG:
	 expanding workflow: tract_flow
191030-19:19:29,757 nipype.workflow DEBUG:
	 processing node: tract_flow.infosource
191030-19:19:29,758 nipype.workflow DEBUG:
	 processing node: tract_flow.sf
191030-19:19:29,758 nipype.workflow DEBUG:
	 processing node: tract_flow.gradconv
191030-19:19:29,758 nipype.workflow DEBUG:
	 processing node: tract_flow.dwi2tensor
191030-19:19:29,758 nipype.workflow DEBUG:
	 processing node: tract_flow.tensor2fa
191030-19:19:29,758 nipype.workflow DEBUG:
	 processing node: tract_flow.dwiresp
191030-19:19:29,758 nipype.workflow DEBUG:
	 processing node: tract_flow.mscsd
191030-19:19:29,758 nipype.workflow DEBUG:
	 processing node: tract_flow.seg5tt
191030-19:19:29,758 nipype.workflow DEBUG:
	 processing node: tract_flow.bet
191030-19:19:29,758 nipype.workflow DEBUG:
	 processing node: tract_flow.tract
191030-19:19:29,759 nipype.workflow DEBUG:
	 processing node: tract_flow.trkconvert
191030-19:19:29,759 nipype.workflow DEBUG:
	 processing node: tract_flow.datasink
191030-19:19:29,759 nipype.workflow DEBUG:
	 finished expanding workflow: tract_flow
191030-19:19:29,767 nipype.workflow DEBUG:
	 using input graph
191030-19:19:30,939 nipype.workflow DEBUG:
	 creating dot graph
191030-19:19:31,152 nipype.workflow INFO:
	 Generated workflow graph: /gpfs/milgram/project/gee_dylan/candlab/analyses/shapes/dwi/workflows/tract_flow/graph.png (graph2use=flat, simple_form=True).
191030-19:19:32,362 nipype.workflow DEBUG:
	 [MultiProc] Starting (n_procs=4, mem_gb=226.11, cwd=/gpfs/milgram/project/gee_dylan/candlab/scripts/shapes/mri/dwi/Diffusion)
191030-19:19:32,367 nipype.workflow DEBUG:
	 Creating flat graph for workflow: tract_flow
191030-19:19:32,372 nipype.workflow DEBUG:
	 expanding workflow: tract_flow
191030-19:19:32,373 nipype.workflow DEBUG:
	 processing node: tract_flow.infosource
191030-19:19:32,374 nipype.workflow DEBUG:
	 processing node: tract_flow.sf
191030-19:19:32,374 nipype.workflow DEBUG:
	 processing node: tract_flow.gradconv
191030-19:19:32,374 nipype.workflow DEBUG:
	 processing node: tract_flow.dwi2tensor
191030-19:19:32,374 nipype.workflow DEBUG:
	 processing node: tract_flow.tensor2fa
191030-19:19:32,374 nipype.workflow DEBUG:
	 processing node: tract_flow.dwiresp
191030-19:19:32,374 nipype.workflow DEBUG:
	 processing node: tract_flow.mscsd
191030-19:19:32,374 nipype.workflow DEBUG:
	 processing node: tract_flow.seg5tt
191030-19:19:32,374 nipype.workflow DEBUG:
	 processing node: tract_flow.bet
191030-19:19:32,374 nipype.workflow DEBUG:
	 processing node: tract_flow.tract
191030-19:19:32,374 nipype.workflow DEBUG:
	 processing node: tract_flow.trkconvert
191030-19:19:32,374 nipype.workflow DEBUG:
	 processing node: tract_flow.datasink
191030-19:19:32,374 nipype.workflow DEBUG:
	 finished expanding workflow: tract_flow
191030-19:19:32,375 nipype.workflow INFO:
	 Workflow tract_flow settings: ['check', 'execution', 'logging', 'monitoring']
191030-19:19:32,379 nipype.workflow DEBUG:
	 PE: expanding iterables
191030-19:19:32,379 nipype.workflow DEBUG:
	 Detected iterable nodes [tract_flow.infosource]
191030-19:19:32,380 nipype.workflow DEBUG:
	 Expanding the iterable node tract_flow.infosource...
191030-19:19:32,380 nipype.workflow DEBUG:
	 node: tract_flow.infosource iterables: {'subject_id': <function _standardize_iterables.<locals>.make_field_func.<locals>.<lambda> at 0x2b4f7ce2a598>}
191030-19:19:32,380 nipype.workflow DEBUG:
	 ('subnodes:', [tract_flow.infosource, tract_flow.sf, tract_flow.bet, tract_flow.tract, tract_flow.trkconvert, tract_flow.datasink, tract_flow.seg5tt, tract_flow.gradconv, tract_flow.dwiresp, tract_flow.mscsd, tract_flow.dwi2tensor, tract_flow.tensor2fa])
191030-19:19:32,385 nipype.workflow DEBUG:
	 [Node] infosource - setting input subject_id = sub-A200
191030-19:19:32,385 nipype.workflow DEBUG:
	 Parameterization: paramstr=_subject_id_sub-A200
191030-19:19:32,389 nipype.workflow DEBUG:
	 [Node] infosource - setting input subject_id = sub-A201
191030-19:19:32,389 nipype.workflow DEBUG:
	 Parameterization: paramstr=_subject_id_sub-A201
191030-19:19:32,390 nipype.workflow DEBUG:
	 PE: expanding iterables ... done
191030-19:19:32,390 nipype.workflow DEBUG:
	 [Node] sf - setting input subject_id = sub-A201
191030-19:19:32,390 nipype.workflow DEBUG:
	 Removed the identity node tract_flow.infosource from the graph.
191030-19:19:32,391 nipype.workflow DEBUG:
	 [Node] sf - setting input subject_id = sub-A200
191030-19:19:32,391 nipype.workflow DEBUG:
	 Removed the identity node tract_flow.infosource from the graph.
191030-19:19:32,421 nipype.workflow DEBUG:
	 Performing depth first search
191030-19:19:32,431 nipype.workflow INFO:
	 Running in parallel.
191030-19:19:32,435 nipype.workflow DEBUG:
	 Progress: 22 jobs, 0/0/2 (done/running/ready), 0/22 (pending_tasks/waiting).
191030-19:19:32,435 nipype.workflow DEBUG:
	 Tasks currently running: 0. Pending: 0.
191030-19:19:32,436 nipype.workflow INFO:
	 [MultiProc] Running 0 tasks, and 2 jobs ready. Free memory (GB): 226.11/226.11, Free processors: 4/4.
191030-19:19:32,475 nipype.workflow DEBUG:
	 Allocating tract_flow.sf ID=0 (0.20GB, 1 threads). Free: 225.91GB, 3 threads.
191030-19:19:32,475 nipype.workflow DEBUG:
	 Setting node inputs
191030-19:19:32,477 nipype.workflow DEBUG:
	 [Node] Hashes: [('base_directory', '/gpfs/milgram/project/gee_dylan/candlab'), ('force_lists', False), ('raise_on_empty', True), ('sort_filelist', True), ('subject_id', 'sub-A201')], 16cf75beb791f23e56aa9bb292de8992, /gpfs/milgram/project/gee_dylan/candlab/analyses/shapes/dwi/workflows/tract_flow/_subject_id_sub-A201/sf/_0x16cf75beb791f23e56aa9bb292de8992.json, ['/gpfs/milgram/project/gee_dylan/candlab/analyses/shapes/dwi/workflows/tract_flow/_subject_id_sub-A201/sf/_0x16cf75beb791f23e56aa9bb292de8992.json']
191030-19:19:32,477 nipype.workflow DEBUG:
	 [Node] Up-to-date cache found for "tract_flow.sf".
191030-19:19:32,477 nipype.workflow DEBUG:
	 Checking hash "tract_flow.sf" locally: cached=True, updated=True.
191030-19:19:32,516 nipype.workflow DEBUG:
	 [MultiProc] Submitted task tract_flow.sf (taskid=1).
191030-19:19:32,516 nipype.workflow DEBUG:
	 Allocating tract_flow.sf ID=11 (0.20GB, 1 threads). Free: 225.71GB, 2 threads.
191030-19:19:32,516 nipype.workflow DEBUG:
	 Setting node inputs
191030-19:19:32,521 nipype.workflow INFO:
	 [Node] Setting-up "tract_flow.sf" in "/gpfs/milgram/project/gee_dylan/candlab/analyses/shapes/dwi/workflows/tract_flow/_subject_id_sub-A201/sf".
191030-19:19:32,522 nipype.workflow DEBUG:
	 [Node] Hashes: [('base_directory', '/gpfs/milgram/project/gee_dylan/candlab'), ('force_lists', False), ('raise_on_empty', True), ('sort_filelist', True), ('subject_id', 'sub-A201')], 16cf75beb791f23e56aa9bb292de8992, /gpfs/milgram/project/gee_dylan/candlab/analyses/shapes/dwi/workflows/tract_flow/_subject_id_sub-A201/sf/_0x16cf75beb791f23e56aa9bb292de8992.json, ['/gpfs/milgram/project/gee_dylan/candlab/analyses/shapes/dwi/workflows/tract_flow/_subject_id_sub-A201/sf/_0x16cf75beb791f23e56aa9bb292de8992.json']
191030-19:19:32,522 nipype.workflow DEBUG:
	 [Node] Up-to-date cache found for "tract_flow.sf".
191030-19:19:32,522 nipype.workflow DEBUG:
	 [Node] Rerunning cached, up-to-date node "tract_flow.sf"
191030-19:19:32,527 nipype.utils DEBUG:
	 Removing contents of /gpfs/milgram/project/gee_dylan/candlab/analyses/shapes/dwi/workflows/tract_flow/_subject_id_sub-A201/sf
191030-19:19:32,528 nipype.workflow DEBUG:
	 [Node] Hashes: [('base_directory', '/gpfs/milgram/project/gee_dylan/candlab'), ('force_lists', False), ('raise_on_empty', True), ('sort_filelist', True), ('subject_id', 'sub-A200')], 9868cc5e94fad4f0aa2c74f928d06cae, /gpfs/milgram/project/gee_dylan/candlab/analyses/shapes/dwi/workflows/tract_flow/_subject_id_sub-A200/sf/_0x9868cc5e94fad4f0aa2c74f928d06cae.json, ['/gpfs/milgram/project/gee_dylan/candlab/analyses/shapes/dwi/workflows/tract_flow/_subject_id_sub-A200/sf/_0x9868cc5e94fad4f0aa2c74f928d06cae.json']
191030-19:19:32,528 nipype.workflow DEBUG:
	 [Node] Up-to-date cache found for "tract_flow.sf".
191030-19:19:32,528 nipype.workflow DEBUG:
	 Checking hash "tract_flow.sf" locally: cached=True, updated=True.
191030-19:19:32,529 nipype.workflow DEBUG:
	 [MultiProc] Submitted task tract_flow.sf (taskid=2).
191030-19:19:32,531 nipype.workflow INFO:
	 [Node] Setting-up "tract_flow.sf" in "/gpfs/milgram/project/gee_dylan/candlab/analyses/shapes/dwi/workflows/tract_flow/_subject_id_sub-A200/sf".
191030-19:19:32,532 nipype.workflow DEBUG:
	 [Node] Hashes: [('base_directory', '/gpfs/milgram/project/gee_dylan/candlab'), ('force_lists', False), ('raise_on_empty', True), ('sort_filelist', True), ('subject_id', 'sub-A200')], 9868cc5e94fad4f0aa2c74f928d06cae, /gpfs/milgram/project/gee_dylan/candlab/analyses/shapes/dwi/workflows/tract_flow/_subject_id_sub-A200/sf/_0x9868cc5e94fad4f0aa2c74f928d06cae.json, ['/gpfs/milgram/project/gee_dylan/candlab/analyses/shapes/dwi/workflows/tract_flow/_subject_id_sub-A200/sf/_0x9868cc5e94fad4f0aa2c74f928d06cae.json']
191030-19:19:32,532 nipype.workflow DEBUG:
	 [Node] Up-to-date cache found for "tract_flow.sf".
191030-19:19:32,532 nipype.workflow DEBUG:
	 [Node] Rerunning cached, up-to-date node "tract_flow.sf"
191030-19:19:32,534 nipype.utils DEBUG:
	 Removing contents of /gpfs/milgram/project/gee_dylan/candlab/analyses/shapes/dwi/workflows/tract_flow/_subject_id_sub-A200/sf
191030-19:19:32,544 nipype.utils DEBUG:
	 Creating directory /gpfs/milgram/project/gee_dylan/candlab/analyses/shapes/dwi/workflows/tract_flow/_subject_id_sub-A201/sf/_report
191030-19:19:32,544 nipype.workflow DEBUG:
	 [Node] Writing pre-exec report to "/gpfs/milgram/project/gee_dylan/candlab/analyses/shapes/dwi/workflows/tract_flow/_subject_id_sub-A201/sf/_report/report.rst"
191030-19:19:32,549 nipype.utils DEBUG:
	 Creating directory /gpfs/milgram/project/gee_dylan/candlab/analyses/shapes/dwi/workflows/tract_flow/_subject_id_sub-A200/sf/_report
191030-19:19:32,550 nipype.workflow INFO:
	 [Node] Running "sf" ("nipype.interfaces.io.SelectFiles")
191030-19:19:32,553 nipype.workflow DEBUG:
	 [Node] Writing pre-exec report to "/gpfs/milgram/project/gee_dylan/candlab/analyses/shapes/dwi/workflows/tract_flow/_subject_id_sub-A200/sf/_report/report.rst"
191030-19:19:32,558 nipype.workflow INFO:
	 [Node] Running "sf" ("nipype.interfaces.io.SelectFiles")
191030-19:19:32,724 nipype.workflow DEBUG:
	 Needed files: /gpfs/milgram/project/gee_dylan/candlab/analyses/shapes/dwi/data/3_Eddy_Corrected/sub-A201/eddy_corrected_resample.nii.gz;/gpfs/milgram/project/gee_dylan/candlab/data/mri/bids_recon/shapes/sub-A201/ses-shapesV1/dwi/sub-A201_ses-shapesV1_dwi.bval;/gpfs/milgram/project/gee_dylan/candlab/analyses/shapes/dwi/data/3_Eddy_Corrected/sub-A201/eddy_corrected.eddy_rotated_bvecs;/gpfs/milgram/project/gee_dylan/candlab/analyses/shapes/dwi/data/2_Preprocessed/sub-A201/sub-A201_ses-shapesV1_T1w_flirt_brain.nii.gz;/gpfs/milgram/project/gee_dylan/candlab/data/mri/hcp_pipeline_preproc/shapes/sub-A201/MNINonLinear/aparc.a2009s+aseg.nii.gz;/gpfs/milgram/project/gee_dylan/candlab/atlases/MNI152_T1_2mm_brain.nii.gz;/gpfs/milgram/project/gee_dylan/candlab/analyses/shapes/dwi/workflows/tract_flow/_subject_id_sub-A201/sf/_0x16cf75beb791f23e56aa9bb292de8992_unfinished.json;/gpfs/milgram/project/gee_dylan/candlab/analyses/shapes/dwi/workflows/tract_flow/_subject_id_sub-A201/sf/_inputs.pklz;/gpfs/milgram/project/gee_dylan/candlab/analyses/shapes/dwi/workflows/tract_flow/_subject_id_sub-A201/sf/_node.pklz
191030-19:19:32,724 nipype.workflow DEBUG:
	 Needed dirs: /gpfs/milgram/project/gee_dylan/candlab/analyses/shapes/dwi/workflows/tract_flow/_subject_id_sub-A201/sf/_report
191030-19:19:32,724 nipype.workflow DEBUG:
	 Removing files: 
191030-19:19:32,724 nipype.workflow DEBUG:
	 Saving results file: '/gpfs/milgram/project/gee_dylan/candlab/analyses/shapes/dwi/workflows/tract_flow/_subject_id_sub-A201/sf/result_sf.pklz'
191030-19:19:32,731 nipype.workflow DEBUG:
	 Needed files: /gpfs/milgram/project/gee_dylan/candlab/analyses/shapes/dwi/data/3_Eddy_Corrected/sub-A200/eddy_corrected_resample.nii.gz;/gpfs/milgram/project/gee_dylan/candlab/data/mri/bids_recon/shapes/sub-A200/ses-shapesV1/dwi/sub-A200_ses-shapesV1_dwi.bval;/gpfs/milgram/project/gee_dylan/candlab/analyses/shapes/dwi/data/3_Eddy_Corrected/sub-A200/eddy_corrected.eddy_rotated_bvecs;/gpfs/milgram/project/gee_dylan/candlab/analyses/shapes/dwi/data/2_Preprocessed/sub-A200/sub-A200_ses-shapesV1_T1w_flirt_brain.nii.gz;/gpfs/milgram/project/gee_dylan/candlab/data/mri/hcp_pipeline_preproc/shapes/sub-A200/MNINonLinear/aparc.a2009s+aseg.nii.gz;/gpfs/milgram/project/gee_dylan/candlab/atlases/MNI152_T1_2mm_brain.nii.gz;/gpfs/milgram/project/gee_dylan/candlab/analyses/shapes/dwi/workflows/tract_flow/_subject_id_sub-A200/sf/_0x9868cc5e94fad4f0aa2c74f928d06cae_unfinished.json;/gpfs/milgram/project/gee_dylan/candlab/analyses/shapes/dwi/workflows/tract_flow/_subject_id_sub-A200/sf/_inputs.pklz;/gpfs/milgram/project/gee_dylan/candlab/analyses/shapes/dwi/workflows/tract_flow/_subject_id_sub-A200/sf/_node.pklz
191030-19:19:32,731 nipype.workflow DEBUG:
	 Needed dirs: /gpfs/milgram/project/gee_dylan/candlab/analyses/shapes/dwi/workflows/tract_flow/_subject_id_sub-A200/sf/_report
191030-19:19:32,731 nipype.workflow DEBUG:
	 Removing files: 
191030-19:19:32,731 nipype.workflow DEBUG:
	 Saving results file: '/gpfs/milgram/project/gee_dylan/candlab/analyses/shapes/dwi/workflows/tract_flow/_subject_id_sub-A200/sf/result_sf.pklz'
191030-19:19:32,739 nipype.workflow DEBUG:
	 [Node] Writing post-exec report to "/gpfs/milgram/project/gee_dylan/candlab/analyses/shapes/dwi/workflows/tract_flow/_subject_id_sub-A201/sf/_report/report.rst"
191030-19:19:32,740 nipype.utils DEBUG:
	 Loading pkl: /gpfs/milgram/project/gee_dylan/candlab/analyses/shapes/dwi/workflows/tract_flow/_subject_id_sub-A201/sf/result_sf.pklz
191030-19:19:32,743 nipype.workflow DEBUG:
	 [Node] Writing post-exec report to "/gpfs/milgram/project/gee_dylan/candlab/analyses/shapes/dwi/workflows/tract_flow/_subject_id_sub-A200/sf/_report/report.rst"
191030-19:19:32,743 nipype.utils DEBUG:
	 Loading pkl: /gpfs/milgram/project/gee_dylan/candlab/analyses/shapes/dwi/workflows/tract_flow/_subject_id_sub-A200/sf/result_sf.pklz
191030-19:19:32,750 nipype.workflow DEBUG:
	 Resolving paths in outputs loaded from results file.
191030-19:19:32,748 nipype.workflow DEBUG:
	 Resolving paths in outputs loaded from results file.
191030-19:19:32,756 nipype.workflow INFO:
	 [Node] Finished "tract_flow.sf".
191030-19:19:32,759 nipype.workflow INFO:
	 [Node] Finished "tract_flow.sf".
191030-19:19:34,438 nipype.workflow DEBUG:
	 Progress: 22 jobs, 0/2/0 (done/running/ready), 2/20 (pending_tasks/waiting).
191030-19:19:34,439 nipype.workflow INFO:
	 [Job 0] Completed (tract_flow.sf).
191030-19:19:34,443 nipype.workflow INFO:
	 [Job 11] Completed (tract_flow.sf).
191030-19:19:34,445 nipype.workflow DEBUG:
	 Tasks currently running: 0. Pending: 0.
191030-19:19:34,447 nipype.workflow INFO:
	 [MultiProc] Running 0 tasks, and 6 jobs ready. Free memory (GB): 226.11/226.11, Free processors: 4/4.
191030-19:19:34,538 nipype.workflow DEBUG:
	 Allocating tract_flow.gradconv ID=1 (0.20GB, 1 threads). Free: 225.91GB, 3 threads.
191030-19:19:34,538 nipype.workflow DEBUG:
	 Setting node inputs
191030-19:19:34,539 nipype.workflow DEBUG:
	 input: in_file
191030-19:19:34,539 nipype.workflow DEBUG:
	 results file: /gpfs/milgram/project/gee_dylan/candlab/analyses/shapes/dwi/workflows/tract_flow/_subject_id_sub-A201/sf/result_sf.pklz
191030-19:19:34,539 nipype.utils DEBUG:
	 Loading pkl: /gpfs/milgram/project/gee_dylan/candlab/analyses/shapes/dwi/workflows/tract_flow/_subject_id_sub-A201/sf/result_sf.pklz
191030-19:19:34,542 nipype.workflow DEBUG:
	 Resolving paths in outputs loaded from results file.
191030-19:19:34,543 nipype.workflow DEBUG:
	 output: dti
191030-19:19:34,543 nipype.workflow DEBUG:
	 [Node] gradconv - setting input in_file = /gpfs/milgram/project/gee_dylan/candlab/analyses/shapes/dwi/data/3_Eddy_Corrected/sub-A201/eddy_corrected_resample.nii.gz
191030-19:19:34,543 nipype.workflow DEBUG:
	 input: in_bval
191030-19:19:34,543 nipype.workflow DEBUG:
	 results file: /gpfs/milgram/project/gee_dylan/candlab/analyses/shapes/dwi/workflows/tract_flow/_subject_id_sub-A201/sf/result_sf.pklz
191030-19:19:34,544 nipype.utils DEBUG:
	 Loading pkl: /gpfs/milgram/project/gee_dylan/candlab/analyses/shapes/dwi/workflows/tract_flow/_subject_id_sub-A201/sf/result_sf.pklz
191030-19:19:34,545 nipype.workflow DEBUG:
	 Resolving paths in outputs loaded from results file.
191030-19:19:34,545 nipype.workflow DEBUG:
	 output: bval
191030-19:19:34,546 nipype.workflow DEBUG:
	 [Node] gradconv - setting input in_bval = /gpfs/milgram/project/gee_dylan/candlab/data/mri/bids_recon/shapes/sub-A201/ses-shapesV1/dwi/sub-A201_ses-shapesV1_dwi.bval
191030-19:19:34,546 nipype.workflow DEBUG:
	 input: in_bvec
191030-19:19:34,546 nipype.workflow DEBUG:
	 results file: /gpfs/milgram/project/gee_dylan/candlab/analyses/shapes/dwi/workflows/tract_flow/_subject_id_sub-A201/sf/result_sf.pklz
191030-19:19:34,546 nipype.utils DEBUG:
	 Loading pkl: /gpfs/milgram/project/gee_dylan/candlab/analyses/shapes/dwi/workflows/tract_flow/_subject_id_sub-A201/sf/result_sf.pklz
191030-19:19:34,548 nipype.workflow DEBUG:
	 Resolving paths in outputs loaded from results file.
191030-19:19:34,548 nipype.workflow DEBUG:
	 output: bvec
191030-19:19:34,548 nipype.workflow DEBUG:
	 [Node] gradconv - setting input in_bvec = /gpfs/milgram/project/gee_dylan/candlab/analyses/shapes/dwi/data/3_Eddy_Corrected/sub-A201/eddy_corrected.eddy_rotated_bvecs
191030-19:19:34,552 nipype.workflow DEBUG:
	 [Node] Hashes: [('in_bval', ('/gpfs/milgram/project/gee_dylan/candlab/data/mri/bids_recon/shapes/sub-A201/ses-shapesV1/dwi/sub-A201_ses-shapesV1_dwi.bval', '491229ee49ec51038771c213c2a66dee')), ('in_bvec', ('/gpfs/milgram/project/gee_dylan/candlab/analyses/shapes/dwi/data/3_Eddy_Corrected/sub-A201/eddy_corrected.eddy_rotated_bvecs', 'da7a8c0e28e86066b3895df819dceebd')), ('in_file', ('/gpfs/milgram/project/gee_dylan/candlab/analyses/shapes/dwi/data/3_Eddy_Corrected/sub-A201/eddy_corrected_resample.nii.gz', '6d8d046ef253a1d50cb4c13318c71483')), ('out_file', 'dwi_converted.mif')], a8378a6bddea0dc5817c37a02b5ec287, /gpfs/milgram/project/gee_dylan/candlab/analyses/shapes/dwi/workflows/tract_flow/_subject_id_sub-A201/gradconv/_0xa8378a6bddea0dc5817c37a02b5ec287.json, ['/gpfs/milgram/project/gee_dylan/candlab/analyses/shapes/dwi/workflows/tract_flow/_subject_id_sub-A201/gradconv/_0xa8378a6bddea0dc5817c37a02b5ec287.json']
191030-19:19:34,552 nipype.workflow DEBUG:
	 [Node] Up-to-date cache found for "tract_flow.gradconv".
191030-19:19:34,552 nipype.workflow DEBUG:
	 Checking hash "tract_flow.gradconv" locally: cached=True, updated=True.
191030-19:19:34,552 nipype.workflow DEBUG:
	 Skipping cached node tract_flow.gradconv with ID 1.
191030-19:19:34,552 nipype.workflow INFO:
	 [Job 1] Cached (tract_flow.gradconv).
191030-19:19:34,555 nipype.workflow DEBUG:
	 Allocating tract_flow.seg5tt ID=6 (0.20GB, 1 threads). Free: 225.71GB, 2 threads.
191030-19:19:34,555 nipype.workflow DEBUG:
	 Setting node inputs
191030-19:19:34,555 nipype.workflow DEBUG:
	 input: in_file
191030-19:19:34,555 nipype.workflow DEBUG:
	 results file: /gpfs/milgram/project/gee_dylan/candlab/analyses/shapes/dwi/workflows/tract_flow/_subject_id_sub-A201/sf/result_sf.pklz
191030-19:19:34,555 nipype.utils DEBUG:
	 Loading pkl: /gpfs/milgram/project/gee_dylan/candlab/analyses/shapes/dwi/workflows/tract_flow/_subject_id_sub-A201/sf/result_sf.pklz
191030-19:19:34,557 nipype.workflow DEBUG:
	 Resolving paths in outputs loaded from results file.
191030-19:19:34,557 nipype.workflow DEBUG:
	 output: t1
191030-19:19:34,557 nipype.workflow DEBUG:
	 [Node] seg5tt - setting input in_file = /gpfs/milgram/project/gee_dylan/candlab/analyses/shapes/dwi/data/2_Preprocessed/sub-A201/sub-A201_ses-shapesV1_T1w_flirt_brain.nii.gz
191030-19:19:34,559 nipype.workflow DEBUG:
	 [Node] Hashes: [('algorithm', 'fsl'), ('in_file', ('/gpfs/milgram/project/gee_dylan/candlab/analyses/shapes/dwi/data/2_Preprocessed/sub-A201/sub-A201_ses-shapesV1_T1w_flirt_brain.nii.gz', 'afa11f2f6736869581c2d1340415052d')), ('out_file', 'T1s_5tt_segmented.nii.gz')], 3ac3b5c3ace6538f8e8b0f2d8838d59e, /gpfs/milgram/project/gee_dylan/candlab/analyses/shapes/dwi/workflows/tract_flow/_subject_id_sub-A201/seg5tt/_0x3ac3b5c3ace6538f8e8b0f2d8838d59e.json, ['/gpfs/milgram/project/gee_dylan/candlab/analyses/shapes/dwi/workflows/tract_flow/_subject_id_sub-A201/seg5tt/_0x3ac3b5c3ace6538f8e8b0f2d8838d59e.json']
191030-19:19:34,559 nipype.workflow DEBUG:
	 [Node] Up-to-date cache found for "tract_flow.seg5tt".
191030-19:19:34,560 nipype.workflow DEBUG:
	 Checking hash "tract_flow.seg5tt" locally: cached=True, updated=True.
191030-19:19:34,560 nipype.workflow DEBUG:
	 Skipping cached node tract_flow.seg5tt with ID 6.
191030-19:19:34,560 nipype.workflow INFO:
	 [Job 6] Cached (tract_flow.seg5tt).
191030-19:19:34,562 nipype.workflow DEBUG:
	 Allocating tract_flow.bet ID=7 (0.20GB, 1 threads). Free: 225.51GB, 1 threads.
191030-19:19:34,562 nipype.workflow DEBUG:
	 Setting node inputs
191030-19:19:34,562 nipype.workflow DEBUG:
	 input: in_file
191030-19:19:34,562 nipype.workflow DEBUG:
	 results file: /gpfs/milgram/project/gee_dylan/candlab/analyses/shapes/dwi/workflows/tract_flow/_subject_id_sub-A201/sf/result_sf.pklz
191030-19:19:34,562 nipype.utils DEBUG:
	 Loading pkl: /gpfs/milgram/project/gee_dylan/candlab/analyses/shapes/dwi/workflows/tract_flow/_subject_id_sub-A201/sf/result_sf.pklz
191030-19:19:34,564 nipype.workflow DEBUG:
	 Resolving paths in outputs loaded from results file.
191030-19:19:34,564 nipype.workflow DEBUG:
	 output: t1
191030-19:19:34,564 nipype.workflow DEBUG:
	 [Node] bet - setting input in_file = /gpfs/milgram/project/gee_dylan/candlab/analyses/shapes/dwi/data/2_Preprocessed/sub-A201/sub-A201_ses-shapesV1_T1w_flirt_brain.nii.gz
191030-19:19:34,567 nipype.workflow DEBUG:
	 [Node] Hashes: [('frac', '0.2000000000'), ('in_file', ('/gpfs/milgram/project/gee_dylan/candlab/analyses/shapes/dwi/data/2_Preprocessed/sub-A201/sub-A201_ses-shapesV1_T1w_flirt_brain.nii.gz', 'afa11f2f6736869581c2d1340415052d')), ('mask', True), ('output_type', 'NIFTI_GZ')], 903925d13cadb14fcdc085eac75dd03d, /gpfs/milgram/project/gee_dylan/candlab/analyses/shapes/dwi/workflows/tract_flow/_subject_id_sub-A201/bet/_0x903925d13cadb14fcdc085eac75dd03d.json, ['/gpfs/milgram/project/gee_dylan/candlab/analyses/shapes/dwi/workflows/tract_flow/_subject_id_sub-A201/bet/_0x903925d13cadb14fcdc085eac75dd03d.json']
191030-19:19:34,567 nipype.workflow DEBUG:
	 [Node] Up-to-date cache found for "tract_flow.bet".
191030-19:19:34,568 nipype.workflow DEBUG:
	 Checking hash "tract_flow.bet" locally: cached=True, updated=True.
191030-19:19:34,568 nipype.workflow DEBUG:
	 Skipping cached node tract_flow.bet with ID 7.
191030-19:19:34,568 nipype.workflow INFO:
	 [Job 7] Cached (tract_flow.bet).
191030-19:19:34,570 nipype.workflow DEBUG:
	 Allocating tract_flow.gradconv ID=12 (0.20GB, 1 threads). Free: 225.31GB, 0 threads.
191030-19:19:34,570 nipype.workflow DEBUG:
	 Setting node inputs
191030-19:19:34,570 nipype.workflow DEBUG:
	 input: in_file
191030-19:19:34,570 nipype.workflow DEBUG:
	 results file: /gpfs/milgram/project/gee_dylan/candlab/analyses/shapes/dwi/workflows/tract_flow/_subject_id_sub-A200/sf/result_sf.pklz
191030-19:19:34,570 nipype.utils DEBUG:
	 Loading pkl: /gpfs/milgram/project/gee_dylan/candlab/analyses/shapes/dwi/workflows/tract_flow/_subject_id_sub-A200/sf/result_sf.pklz
191030-19:19:34,572 nipype.workflow DEBUG:
	 Resolving paths in outputs loaded from results file.
191030-19:19:34,572 nipype.workflow DEBUG:
	 output: dti
191030-19:19:34,572 nipype.workflow DEBUG:
	 [Node] gradconv - setting input in_file = /gpfs/milgram/project/gee_dylan/candlab/analyses/shapes/dwi/data/3_Eddy_Corrected/sub-A200/eddy_corrected_resample.nii.gz
191030-19:19:34,573 nipype.workflow DEBUG:
	 input: in_bval
191030-19:19:34,573 nipype.workflow DEBUG:
	 results file: /gpfs/milgram/project/gee_dylan/candlab/analyses/shapes/dwi/workflows/tract_flow/_subject_id_sub-A200/sf/result_sf.pklz
191030-19:19:34,573 nipype.utils DEBUG:
	 Loading pkl: /gpfs/milgram/project/gee_dylan/candlab/analyses/shapes/dwi/workflows/tract_flow/_subject_id_sub-A200/sf/result_sf.pklz
191030-19:19:34,575 nipype.workflow DEBUG:
	 Resolving paths in outputs loaded from results file.
191030-19:19:34,575 nipype.workflow DEBUG:
	 output: bval
191030-19:19:34,575 nipype.workflow DEBUG:
	 [Node] gradconv - setting input in_bval = /gpfs/milgram/project/gee_dylan/candlab/data/mri/bids_recon/shapes/sub-A200/ses-shapesV1/dwi/sub-A200_ses-shapesV1_dwi.bval
191030-19:19:34,575 nipype.workflow DEBUG:
	 input: in_bvec
191030-19:19:34,576 nipype.workflow DEBUG:
	 results file: /gpfs/milgram/project/gee_dylan/candlab/analyses/shapes/dwi/workflows/tract_flow/_subject_id_sub-A200/sf/result_sf.pklz
191030-19:19:34,576 nipype.utils DEBUG:
	 Loading pkl: /gpfs/milgram/project/gee_dylan/candlab/analyses/shapes/dwi/workflows/tract_flow/_subject_id_sub-A200/sf/result_sf.pklz
191030-19:19:34,577 nipype.workflow DEBUG:
	 Resolving paths in outputs loaded from results file.
191030-19:19:34,578 nipype.workflow DEBUG:
	 output: bvec
191030-19:19:34,578 nipype.workflow DEBUG:
	 [Node] gradconv - setting input in_bvec = /gpfs/milgram/project/gee_dylan/candlab/analyses/shapes/dwi/data/3_Eddy_Corrected/sub-A200/eddy_corrected.eddy_rotated_bvecs
191030-19:19:34,580 nipype.workflow DEBUG:
	 [Node] Hashes: [('in_bval', ('/gpfs/milgram/project/gee_dylan/candlab/data/mri/bids_recon/shapes/sub-A200/ses-shapesV1/dwi/sub-A200_ses-shapesV1_dwi.bval', '286321f2f3d3f560decafcf9e27e1531')), ('in_bvec', ('/gpfs/milgram/project/gee_dylan/candlab/analyses/shapes/dwi/data/3_Eddy_Corrected/sub-A200/eddy_corrected.eddy_rotated_bvecs', '213976fe9084584e7ba130e3a19865d5')), ('in_file', ('/gpfs/milgram/project/gee_dylan/candlab/analyses/shapes/dwi/data/3_Eddy_Corrected/sub-A200/eddy_corrected_resample.nii.gz', 'f4d93e85af8616ee85e7f60a066b08ea')), ('out_file', 'dwi_converted.mif')], 0af20dd909dfb694d3f00a8a5308c161, /gpfs/milgram/project/gee_dylan/candlab/analyses/shapes/dwi/workflows/tract_flow/_subject_id_sub-A200/gradconv/_0x0af20dd909dfb694d3f00a8a5308c161.json, ['/gpfs/milgram/project/gee_dylan/candlab/analyses/shapes/dwi/workflows/tract_flow/_subject_id_sub-A200/gradconv/_0x0af20dd909dfb694d3f00a8a5308c161.json']
191030-19:19:34,580 nipype.workflow DEBUG:
	 [Node] Up-to-date cache found for "tract_flow.gradconv".
191030-19:19:34,581 nipype.workflow DEBUG:
	 Checking hash "tract_flow.gradconv" locally: cached=True, updated=True.
191030-19:19:34,581 nipype.workflow DEBUG:
	 Skipping cached node tract_flow.gradconv with ID 12.
191030-19:19:34,581 nipype.workflow INFO:
	 [Job 12] Cached (tract_flow.gradconv).
191030-19:19:34,583 nipype.workflow DEBUG:
	 Cannot allocate job 17 (0.20GB, 1 threads).
191030-19:19:34,583 nipype.workflow DEBUG:
	 Cannot allocate job 18 (0.20GB, 1 threads).
191030-19:19:36,439 nipype.workflow DEBUG:
	 Progress: 22 jobs, 6/0/6 (done/running/ready), 0/16 (pending_tasks/waiting).
191030-19:19:36,439 nipype.workflow DEBUG:
	 Tasks currently running: 0. Pending: 0.
191030-19:19:36,493 nipype.workflow DEBUG:
	 Allocating tract_flow.dwi2tensor ID=2 (0.20GB, 1 threads). Free: 225.91GB, 3 threads.
191030-19:19:36,493 nipype.workflow DEBUG:
	 Setting node inputs
191030-19:19:36,493 nipype.workflow DEBUG:
	 input: in_file
191030-19:19:36,494 nipype.workflow DEBUG:
	 results file: /gpfs/milgram/project/gee_dylan/candlab/analyses/shapes/dwi/workflows/tract_flow/_subject_id_sub-A201/gradconv/result_gradconv.pklz
191030-19:19:36,495 nipype.utils DEBUG:
	 Loading pkl: /gpfs/milgram/project/gee_dylan/candlab/analyses/shapes/dwi/workflows/tract_flow/_subject_id_sub-A201/gradconv/result_gradconv.pklz
191030-19:19:36,513 nipype.workflow DEBUG:
	 Resolving paths in outputs loaded from results file.
191030-19:19:36,514 nipype.workflow DEBUG:
	 output: out_file
191030-19:19:36,514 nipype.workflow DEBUG:
	 [Node] dwi2tensor - setting input in_file = /gpfs/milgram/project/gee_dylan/candlab/analyses/shapes/dwi/workflows/tract_flow/_subject_id_sub-A201/gradconv/dwi_converted.mif
191030-19:19:36,515 nipype.workflow DEBUG:
	 [Node] Directory not found "/gpfs/milgram/project/gee_dylan/candlab/analyses/shapes/dwi/workflows/tract_flow/_subject_id_sub-A201/dwi2tensor".
191030-19:19:36,515 nipype.workflow DEBUG:
	 Checking hash "tract_flow.dwi2tensor" locally: cached=False, updated=False.
191030-19:19:36,520 nipype.workflow INFO:
	 [Node] Setting-up "tract_flow.dwi2tensor" in "/gpfs/milgram/project/gee_dylan/candlab/analyses/shapes/dwi/workflows/tract_flow/_subject_id_sub-A201/dwi2tensor".
191030-19:19:36,521 nipype.workflow DEBUG:
	 [Node] Directory not found "/gpfs/milgram/project/gee_dylan/candlab/analyses/shapes/dwi/workflows/tract_flow/_subject_id_sub-A201/dwi2tensor".
191030-19:19:36,521 nipype.utils DEBUG:
	 Removing contents of /gpfs/milgram/project/gee_dylan/candlab/analyses/shapes/dwi/workflows/tract_flow/_subject_id_sub-A201/dwi2tensor
191030-19:19:36,521 nipype.utils DEBUG:
	 Creating directory /gpfs/milgram/project/gee_dylan/candlab/analyses/shapes/dwi/workflows/tract_flow/_subject_id_sub-A201/dwi2tensor
191030-19:19:36,522 nipype.workflow DEBUG:
	 [MultiProc] Submitted task tract_flow.dwi2tensor (taskid=3).
191030-19:19:36,522 nipype.workflow DEBUG:
	 Allocating tract_flow.dwiresp ID=4 (0.20GB, 1 threads). Free: 225.71GB, 2 threads.
191030-19:19:36,522 nipype.workflow DEBUG:
	 Setting node inputs
191030-19:19:36,522 nipype.workflow DEBUG:
	 input: in_file
191030-19:19:36,523 nipype.workflow DEBUG:
	 results file: /gpfs/milgram/project/gee_dylan/candlab/analyses/shapes/dwi/workflows/tract_flow/_subject_id_sub-A201/gradconv/result_gradconv.pklz
191030-19:19:36,523 nipype.utils DEBUG:
	 Loading pkl: /gpfs/milgram/project/gee_dylan/candlab/analyses/shapes/dwi/workflows/tract_flow/_subject_id_sub-A201/gradconv/result_gradconv.pklz
191030-19:19:36,526 nipype.utils DEBUG:
	 Creating directory /gpfs/milgram/project/gee_dylan/candlab/analyses/shapes/dwi/workflows/tract_flow/_subject_id_sub-A201/dwi2tensor/_report
191030-19:19:36,527 nipype.workflow DEBUG:
	 [Node] Writing pre-exec report to "/gpfs/milgram/project/gee_dylan/candlab/analyses/shapes/dwi/workflows/tract_flow/_subject_id_sub-A201/dwi2tensor/_report/report.rst"
191030-19:19:36,528 nipype.workflow DEBUG:
	 Resolving paths in outputs loaded from results file.
191030-19:19:36,529 nipype.workflow DEBUG:
	 output: out_file
191030-19:19:36,529 nipype.workflow DEBUG:
	 [Node] dwiresp - setting input in_file = /gpfs/milgram/project/gee_dylan/candlab/analyses/shapes/dwi/workflows/tract_flow/_subject_id_sub-A201/gradconv/dwi_converted.mif
191030-19:19:36,536 nipype.interface DEBUG:
	 bval_scale_yes
191030-19:19:36,536 nipype.interface DEBUG:
	 in_file_/gpfs/milgram/project/gee_dylan/candlab/analyses/shapes/dwi/workflows/tract_flow/_subject_id_sub-A201/gradconv/dwi_converted.mif
191030-19:19:36,536 nipype.interface DEBUG:
	 out_file_whole_brain_tensorfile.mif
191030-19:19:36,537 nipype.workflow INFO:
	 [Node] Running "dwi2tensor" ("nipype.interfaces.mrtrix3.reconst.FitTensor"), a CommandLine Interface with command:
dwi2tensor -bvalue_scaling yes /gpfs/milgram/project/gee_dylan/candlab/analyses/shapes/dwi/workflows/tract_flow/_subject_id_sub-A201/gradconv/dwi_converted.mif whole_brain_tensorfile.mif
191030-19:19:36,544 nipype.workflow DEBUG:
	 [Node] Hashes: [('algorithm', 'dhollander'), ('csf_file', 'csf_response.txt'), ('gm_file', 'gm_response.txt'), ('in_file', ('/gpfs/milgram/project/gee_dylan/candlab/analyses/shapes/dwi/workflows/tract_flow/_subject_id_sub-A201/gradconv/dwi_converted.mif', '45411cfebbff333d38339dfa4b2e9fb0')), ('max_sh', [0, 2, 4, 4, 8]), ('wm_file', 'wm_response.txt')], c02bb13e83c51c74676962c9d4eb0c9a, /gpfs/milgram/project/gee_dylan/candlab/analyses/shapes/dwi/workflows/tract_flow/_subject_id_sub-A201/dwiresp/_0xc02bb13e83c51c74676962c9d4eb0c9a.json, ['/gpfs/milgram/project/gee_dylan/candlab/analyses/shapes/dwi/workflows/tract_flow/_subject_id_sub-A201/dwiresp/_0xc02bb13e83c51c74676962c9d4eb0c9a.json']
191030-19:19:36,544 nipype.workflow DEBUG:
	 [Node] Up-to-date cache found for "tract_flow.dwiresp".
191030-19:19:36,544 nipype.workflow DEBUG:
	 Checking hash "tract_flow.dwiresp" locally: cached=True, updated=True.
191030-19:19:36,544 nipype.workflow DEBUG:
	 Skipping cached node tract_flow.dwiresp with ID 4.
191030-19:19:36,544 nipype.workflow INFO:
	 [Job 4] Cached (tract_flow.dwiresp).
191030-19:19:36,546 nipype.workflow DEBUG:
	 Allocating tract_flow.dwi2tensor ID=13 (0.20GB, 1 threads). Free: 225.51GB, 1 threads.
191030-19:19:36,547 nipype.workflow DEBUG:
	 Setting node inputs
191030-19:19:36,547 nipype.workflow DEBUG:
	 input: in_file
191030-19:19:36,547 nipype.workflow DEBUG:
	 results file: /gpfs/milgram/project/gee_dylan/candlab/analyses/shapes/dwi/workflows/tract_flow/_subject_id_sub-A200/gradconv/result_gradconv.pklz
191030-19:19:36,548 nipype.utils DEBUG:
	 Loading pkl: /gpfs/milgram/project/gee_dylan/candlab/analyses/shapes/dwi/workflows/tract_flow/_subject_id_sub-A200/gradconv/result_gradconv.pklz
191030-19:19:36,564 nipype.workflow DEBUG:
	 Resolving paths in outputs loaded from results file.
191030-19:19:36,565 nipype.workflow DEBUG:
	 output: out_file
191030-19:19:36,565 nipype.workflow DEBUG:
	 [Node] dwi2tensor - setting input in_file = /gpfs/milgram/project/gee_dylan/candlab/analyses/shapes/dwi/workflows/tract_flow/_subject_id_sub-A200/gradconv/dwi_converted.mif
191030-19:19:36,566 nipype.workflow DEBUG:
	 [Node] Directory not found "/gpfs/milgram/project/gee_dylan/candlab/analyses/shapes/dwi/workflows/tract_flow/_subject_id_sub-A200/dwi2tensor".
191030-19:19:36,566 nipype.workflow DEBUG:
	 Checking hash "tract_flow.dwi2tensor" locally: cached=False, updated=False.
191030-19:19:36,570 nipype.workflow INFO:
	 [Node] Setting-up "tract_flow.dwi2tensor" in "/gpfs/milgram/project/gee_dylan/candlab/analyses/shapes/dwi/workflows/tract_flow/_subject_id_sub-A200/dwi2tensor".
191030-19:19:36,570 nipype.workflow DEBUG:
	 [Node] Directory not found "/gpfs/milgram/project/gee_dylan/candlab/analyses/shapes/dwi/workflows/tract_flow/_subject_id_sub-A200/dwi2tensor".
191030-19:19:36,570 nipype.utils DEBUG:
	 Removing contents of /gpfs/milgram/project/gee_dylan/candlab/analyses/shapes/dwi/workflows/tract_flow/_subject_id_sub-A200/dwi2tensor
191030-19:19:36,570 nipype.utils DEBUG:
	 Creating directory /gpfs/milgram/project/gee_dylan/candlab/analyses/shapes/dwi/workflows/tract_flow/_subject_id_sub-A200/dwi2tensor
191030-19:19:36,571 nipype.workflow DEBUG:
	 [MultiProc] Submitted task tract_flow.dwi2tensor (taskid=4).
191030-19:19:36,571 nipype.workflow DEBUG:
	 Allocating tract_flow.dwiresp ID=15 (0.20GB, 1 threads). Free: 225.31GB, 0 threads.
191030-19:19:36,571 nipype.workflow DEBUG:
	 Setting node inputs
191030-19:19:36,571 nipype.workflow DEBUG:
	 input: in_file
191030-19:19:36,571 nipype.workflow DEBUG:
	 results file: /gpfs/milgram/project/gee_dylan/candlab/analyses/shapes/dwi/workflows/tract_flow/_subject_id_sub-A200/gradconv/result_gradconv.pklz
191030-19:19:36,573 nipype.utils DEBUG:
	 Creating directory /gpfs/milgram/project/gee_dylan/candlab/analyses/shapes/dwi/workflows/tract_flow/_subject_id_sub-A200/dwi2tensor/_report
191030-19:19:36,572 nipype.utils DEBUG:
	 Loading pkl: /gpfs/milgram/project/gee_dylan/candlab/analyses/shapes/dwi/workflows/tract_flow/_subject_id_sub-A200/gradconv/result_gradconv.pklz
191030-19:19:36,573 nipype.workflow DEBUG:
	 [Node] Writing pre-exec report to "/gpfs/milgram/project/gee_dylan/candlab/analyses/shapes/dwi/workflows/tract_flow/_subject_id_sub-A200/dwi2tensor/_report/report.rst"
191030-19:19:36,581 nipype.interface DEBUG:
	 bval_scale_yes
191030-19:19:36,581 nipype.interface DEBUG:
	 in_file_/gpfs/milgram/project/gee_dylan/candlab/analyses/shapes/dwi/workflows/tract_flow/_subject_id_sub-A200/gradconv/dwi_converted.mif
191030-19:19:36,581 nipype.interface DEBUG:
	 out_file_whole_brain_tensorfile.mif
191030-19:19:36,582 nipype.workflow DEBUG:
	 Resolving paths in outputs loaded from results file.
191030-19:19:36,583 nipype.workflow DEBUG:
	 output: out_file
191030-19:19:36,583 nipype.workflow DEBUG:
	 [Node] dwiresp - setting input in_file = /gpfs/milgram/project/gee_dylan/candlab/analyses/shapes/dwi/workflows/tract_flow/_subject_id_sub-A200/gradconv/dwi_converted.mif
191030-19:19:36,584 nipype.workflow INFO:
	 [Node] Running "dwi2tensor" ("nipype.interfaces.mrtrix3.reconst.FitTensor"), a CommandLine Interface with command:
dwi2tensor -bvalue_scaling yes /gpfs/milgram/project/gee_dylan/candlab/analyses/shapes/dwi/workflows/tract_flow/_subject_id_sub-A200/gradconv/dwi_converted.mif whole_brain_tensorfile.mif
191030-19:19:36,599 nipype.workflow DEBUG:
	 [Node] Hashes: [('algorithm', 'dhollander'), ('csf_file', 'csf_response.txt'), ('gm_file', 'gm_response.txt'), ('in_file', ('/gpfs/milgram/project/gee_dylan/candlab/analyses/shapes/dwi/workflows/tract_flow/_subject_id_sub-A200/gradconv/dwi_converted.mif', 'fa6c30ce09c3a975ba6feb57855643e4')), ('max_sh', [0, 2, 4, 4, 8]), ('wm_file', 'wm_response.txt')], 32360435a271ba041233b67e0ef1a7e3, /gpfs/milgram/project/gee_dylan/candlab/analyses/shapes/dwi/workflows/tract_flow/_subject_id_sub-A200/dwiresp/_0x32360435a271ba041233b67e0ef1a7e3.json, ['/gpfs/milgram/project/gee_dylan/candlab/analyses/shapes/dwi/workflows/tract_flow/_subject_id_sub-A200/dwiresp/_0x32360435a271ba041233b67e0ef1a7e3.json']
191030-19:19:36,599 nipype.workflow DEBUG:
	 [Node] Up-to-date cache found for "tract_flow.dwiresp".
191030-19:19:36,599 nipype.workflow DEBUG:
	 Checking hash "tract_flow.dwiresp" locally: cached=True, updated=True.
191030-19:19:36,599 nipype.workflow DEBUG:
	 Skipping cached node tract_flow.dwiresp with ID 15.
191030-19:19:36,599 nipype.workflow INFO:
	 [Job 15] Cached (tract_flow.dwiresp).
191030-19:19:36,601 nipype.workflow DEBUG:
	 Cannot allocate job 17 (0.20GB, 1 threads).
191030-19:19:36,601 nipype.workflow DEBUG:
	 Cannot allocate job 18 (0.20GB, 1 threads).
191030-19:19:36,880 nipype.interface DEBUG:
	 bval_scale_yes
191030-19:19:36,880 nipype.interface DEBUG:
	 in_file_/gpfs/milgram/project/gee_dylan/candlab/analyses/shapes/dwi/workflows/tract_flow/_subject_id_sub-A201/gradconv/dwi_converted.mif
191030-19:19:36,880 nipype.interface DEBUG:
	 out_file_whole_brain_tensorfile.mif
191030-19:19:36,902 nipype.interface DEBUG:
	 bval_scale_yes
191030-19:19:36,902 nipype.interface DEBUG:
	 in_file_/gpfs/milgram/project/gee_dylan/candlab/analyses/shapes/dwi/workflows/tract_flow/_subject_id_sub-A200/gradconv/dwi_converted.mif
191030-19:19:36,902 nipype.interface DEBUG:
	 out_file_whole_brain_tensorfile.mif
191030-19:19:38,440 nipype.workflow DEBUG:
	 Progress: 22 jobs, 8/2/4 (done/running/ready), 2/12 (pending_tasks/waiting).
191030-19:19:38,441 nipype.workflow DEBUG:
	 Tasks currently running: 2. Pending: 2.
191030-19:19:38,442 nipype.workflow INFO:
	 [MultiProc] Running 2 tasks, and 4 jobs ready. Free memory (GB): 225.71/226.11, Free processors: 2/4.
                     Currently running:
                       * tract_flow.dwi2tensor
                       * tract_flow.dwi2tensor
191030-19:19:41,64 nipype.workflow DEBUG:
	 Allocating tract_flow.mscsd ID=5 (0.20GB, 1 threads). Free: 225.51GB, 1 threads.
191030-19:20:33,452 nipype.workflow DEBUG:
	 Setting node inputs
191030-19:20:33,453 nipype.workflow DEBUG:
	 input: in_file
191030-19:20:33,453 nipype.workflow DEBUG:
	 results file: /gpfs/milgram/project/gee_dylan/candlab/analyses/shapes/dwi/workflows/tract_flow/_subject_id_sub-A201/sf/result_sf.pklz
191030-19:20:33,453 nipype.utils DEBUG:
	 Loading pkl: /gpfs/milgram/project/gee_dylan/candlab/analyses/shapes/dwi/workflows/tract_flow/_subject_id_sub-A201/sf/result_sf.pklz
191030-19:20:33,454 nipype.workflow DEBUG:
	 Resolving paths in outputs loaded from results file.
191030-19:20:33,454 nipype.workflow DEBUG:
	 output: dti
191030-19:20:33,454 nipype.workflow DEBUG:
	 [Node] mscsd - setting input in_file = /gpfs/milgram/project/gee_dylan/candlab/analyses/shapes/dwi/data/3_Eddy_Corrected/sub-A201/eddy_corrected_resample.nii.gz
191030-19:20:33,454 nipype.workflow DEBUG:
	 input: in_bval
191030-19:20:33,454 nipype.workflow DEBUG:
	 results file: /gpfs/milgram/project/gee_dylan/candlab/analyses/shapes/dwi/workflows/tract_flow/_subject_id_sub-A201/sf/result_sf.pklz
191030-19:20:33,454 nipype.utils DEBUG:
	 Loading pkl: /gpfs/milgram/project/gee_dylan/candlab/analyses/shapes/dwi/workflows/tract_flow/_subject_id_sub-A201/sf/result_sf.pklz
191030-19:20:33,455 nipype.workflow DEBUG:
	 Resolving paths in outputs loaded from results file.
191030-19:20:33,455 nipype.workflow DEBUG:
	 output: bval
191030-19:20:33,455 nipype.workflow DEBUG:
	 [Node] mscsd - setting input in_bval = /gpfs/milgram/project/gee_dylan/candlab/data/mri/bids_recon/shapes/sub-A201/ses-shapesV1/dwi/sub-A201_ses-shapesV1_dwi.bval
191030-19:20:33,456 nipype.workflow DEBUG:
	 input: in_bvec
191030-19:20:33,456 nipype.workflow DEBUG:
	 results file: /gpfs/milgram/project/gee_dylan/candlab/analyses/shapes/dwi/workflows/tract_flow/_subject_id_sub-A201/sf/result_sf.pklz
191030-19:20:33,456 nipype.utils DEBUG:
	 Loading pkl: /gpfs/milgram/project/gee_dylan/candlab/analyses/shapes/dwi/workflows/tract_flow/_subject_id_sub-A201/sf/result_sf.pklz
191030-19:20:33,457 nipype.workflow DEBUG:
	 Resolving paths in outputs loaded from results file.
191030-19:20:33,457 nipype.workflow DEBUG:
	 output: bvec
191030-19:20:33,457 nipype.workflow DEBUG:
	 [Node] mscsd - setting input in_bvec = /gpfs/milgram/project/gee_dylan/candlab/analyses/shapes/dwi/data/3_Eddy_Corrected/sub-A201/eddy_corrected.eddy_rotated_bvecs
191030-19:20:33,457 nipype.workflow DEBUG:
	 input: wm_txt
191030-19:20:33,457 nipype.workflow DEBUG:
	 results file: /gpfs/milgram/project/gee_dylan/candlab/analyses/shapes/dwi/workflows/tract_flow/_subject_id_sub-A201/dwiresp/result_dwiresp.pklz
191030-19:20:33,458 nipype.utils DEBUG:
	 Loading pkl: /gpfs/milgram/project/gee_dylan/candlab/analyses/shapes/dwi/workflows/tract_flow/_subject_id_sub-A201/dwiresp/result_dwiresp.pklz
191030-19:20:33,474 nipype.workflow DEBUG:
	 Resolving paths in outputs loaded from results file.
191030-19:20:33,474 nipype.workflow DEBUG:
	 output: wm_file
191030-19:20:33,474 nipype.workflow DEBUG:
	 [Node] mscsd - setting input wm_txt = /gpfs/milgram/project/gee_dylan/candlab/analyses/shapes/dwi/workflows/tract_flow/_subject_id_sub-A201/dwiresp/wm_response.txt
191030-19:20:33,474 nipype.workflow DEBUG:
	 input: gm_txt
191030-19:20:33,474 nipype.workflow DEBUG:
	 results file: /gpfs/milgram/project/gee_dylan/candlab/analyses/shapes/dwi/workflows/tract_flow/_subject_id_sub-A201/dwiresp/result_dwiresp.pklz
191030-19:20:33,474 nipype.utils DEBUG:
	 Loading pkl: /gpfs/milgram/project/gee_dylan/candlab/analyses/shapes/dwi/workflows/tract_flow/_subject_id_sub-A201/dwiresp/result_dwiresp.pklz
191030-19:20:33,476 nipype.workflow DEBUG:
	 Resolving paths in outputs loaded from results file.
191030-19:20:33,476 nipype.workflow DEBUG:
	 output: gm_file
191030-19:20:33,476 nipype.workflow DEBUG:
	 [Node] mscsd - setting input gm_txt = /gpfs/milgram/project/gee_dylan/candlab/analyses/shapes/dwi/workflows/tract_flow/_subject_id_sub-A201/dwiresp/gm_response.txt
191030-19:20:33,476 nipype.workflow DEBUG:
	 input: csf_txt
191030-19:20:33,476 nipype.workflow DEBUG:
	 results file: /gpfs/milgram/project/gee_dylan/candlab/analyses/shapes/dwi/workflows/tract_flow/_subject_id_sub-A201/dwiresp/result_dwiresp.pklz
191030-19:20:33,476 nipype.utils DEBUG:
	 Loading pkl: /gpfs/milgram/project/gee_dylan/candlab/analyses/shapes/dwi/workflows/tract_flow/_subject_id_sub-A201/dwiresp/result_dwiresp.pklz
191030-19:20:33,485 nipype.workflow DEBUG:
	 Resolving paths in outputs loaded from results file.
191030-19:20:33,486 nipype.workflow DEBUG:
	 output: csf_file
191030-19:20:33,486 nipype.workflow DEBUG:
	 [Node] mscsd - setting input csf_txt = /gpfs/milgram/project/gee_dylan/candlab/analyses/shapes/dwi/workflows/tract_flow/_subject_id_sub-A201/dwiresp/csf_response.txt
191030-19:20:33,512 nipype.workflow DEBUG:
	 [Node] Hashes: [('algorithm', 'msmt_csd'), ('bval_scale', 'yes'), ('csf_odf', 'csf.mif'), ('csf_txt', ('/gpfs/milgram/project/gee_dylan/candlab/analyses/shapes/dwi/workflows/tract_flow/_subject_id_sub-A201/dwiresp/csf_response.txt', 'd6eb85c6f610ef430e757189eb4daf98')), ('gm_odf', 'gm.mif'), ('gm_txt', ('/gpfs/milgram/project/gee_dylan/candlab/analyses/shapes/dwi/workflows/tract_flow/_subject_id_sub-A201/dwiresp/gm_response.txt', '3abe2fd0c611c9c22d09e341640fcc44')), ('in_bval', ('/gpfs/milgram/project/gee_dylan/candlab/data/mri/bids_recon/shapes/sub-A201/ses-shapesV1/dwi/sub-A201_ses-shapesV1_dwi.bval', '491229ee49ec51038771c213c2a66dee')), ('in_bvec', ('/gpfs/milgram/project/gee_dylan/candlab/analyses/shapes/dwi/data/3_Eddy_Corrected/sub-A201/eddy_corrected.eddy_rotated_bvecs', 'da7a8c0e28e86066b3895df819dceebd')), ('in_file', ('/gpfs/milgram/project/gee_dylan/candlab/analyses/shapes/dwi/data/3_Eddy_Corrected/sub-A201/eddy_corrected_resample.nii.gz', '6d8d046ef253a1d50cb4c13318c71483')), ('max_sh', [8, 8, 8]), ('wm_odf', 'wm.mif'), ('wm_txt', ('/gpfs/milgram/project/gee_dylan/candlab/analyses/shapes/dwi/workflows/tract_flow/_subject_id_sub-A201/dwiresp/wm_response.txt', '9d2b1faa392967063f1f8959f37a6158'))], 628d08cd315b84717ad15897182574b7, /gpfs/milgram/project/gee_dylan/candlab/analyses/shapes/dwi/workflows/tract_flow/_subject_id_sub-A201/mscsd/_0x628d08cd315b84717ad15897182574b7.json, []
191030-19:20:33,512 nipype.workflow DEBUG:
	 [Node] No hashfiles found in "/gpfs/milgram/project/gee_dylan/candlab/analyses/shapes/dwi/workflows/tract_flow/_subject_id_sub-A201/mscsd".
191030-19:20:33,512 nipype.workflow DEBUG:
	 Checking hash "tract_flow.mscsd" locally: cached=False, updated=False.
191030-19:20:33,514 nipype.workflow INFO:
	 [Node] Setting-up "tract_flow.mscsd" in "/gpfs/milgram/project/gee_dylan/candlab/analyses/shapes/dwi/workflows/tract_flow/_subject_id_sub-A201/mscsd".
191030-19:20:33,514 nipype.workflow DEBUG:
	 [Node] Hashes: [('algorithm', 'msmt_csd'), ('bval_scale', 'yes'), ('csf_odf', 'csf.mif'), ('csf_txt', ('/gpfs/milgram/project/gee_dylan/candlab/analyses/shapes/dwi/workflows/tract_flow/_subject_id_sub-A201/dwiresp/csf_response.txt', 'd6eb85c6f610ef430e757189eb4daf98')), ('gm_odf', 'gm.mif'), ('gm_txt', ('/gpfs/milgram/project/gee_dylan/candlab/analyses/shapes/dwi/workflows/tract_flow/_subject_id_sub-A201/dwiresp/gm_response.txt', '3abe2fd0c611c9c22d09e341640fcc44')), ('in_bval', ('/gpfs/milgram/project/gee_dylan/candlab/data/mri/bids_recon/shapes/sub-A201/ses-shapesV1/dwi/sub-A201_ses-shapesV1_dwi.bval', '491229ee49ec51038771c213c2a66dee')), ('in_bvec', ('/gpfs/milgram/project/gee_dylan/candlab/analyses/shapes/dwi/data/3_Eddy_Corrected/sub-A201/eddy_corrected.eddy_rotated_bvecs', 'da7a8c0e28e86066b3895df819dceebd')), ('in_file', ('/gpfs/milgram/project/gee_dylan/candlab/analyses/shapes/dwi/data/3_Eddy_Corrected/sub-A201/eddy_corrected_resample.nii.gz', '6d8d046ef253a1d50cb4c13318c71483')), ('max_sh', [8, 8, 8]), ('wm_odf', 'wm.mif'), ('wm_txt', ('/gpfs/milgram/project/gee_dylan/candlab/analyses/shapes/dwi/workflows/tract_flow/_subject_id_sub-A201/dwiresp/wm_response.txt', '9d2b1faa392967063f1f8959f37a6158'))], 628d08cd315b84717ad15897182574b7, /gpfs/milgram/project/gee_dylan/candlab/analyses/shapes/dwi/workflows/tract_flow/_subject_id_sub-A201/mscsd/_0x628d08cd315b84717ad15897182574b7.json, []
191030-19:20:33,515 nipype.workflow DEBUG:
	 [Node] No hashfiles found in "/gpfs/milgram/project/gee_dylan/candlab/analyses/shapes/dwi/workflows/tract_flow/_subject_id_sub-A201/mscsd".
191030-19:20:33,515 nipype.utils DEBUG:
	 Removing contents of /gpfs/milgram/project/gee_dylan/candlab/analyses/shapes/dwi/workflows/tract_flow/_subject_id_sub-A201/mscsd
191030-19:20:33,515 nipype.workflow DEBUG:
	 [MultiProc] Submitted task tract_flow.mscsd (taskid=5).
191030-19:20:33,515 nipype.workflow DEBUG:
	 Allocating tract_flow.mscsd ID=16 (0.20GB, 1 threads). Free: 225.31GB, 0 threads.
191030-19:20:33,515 nipype.workflow DEBUG:
	 Setting node inputs
191030-19:20:33,515 nipype.workflow DEBUG:
	 input: in_file
191030-19:20:33,515 nipype.workflow DEBUG:
	 results file: /gpfs/milgram/project/gee_dylan/candlab/analyses/shapes/dwi/workflows/tract_flow/_subject_id_sub-A200/sf/result_sf.pklz
191030-19:20:33,515 nipype.utils DEBUG:
	 Loading pkl: /gpfs/milgram/project/gee_dylan/candlab/analyses/shapes/dwi/workflows/tract_flow/_subject_id_sub-A200/sf/result_sf.pklz
191030-19:20:33,516 nipype.workflow DEBUG:
	 Resolving paths in outputs loaded from results file.
191030-19:20:33,516 nipype.workflow DEBUG:
	 output: dti
191030-19:20:33,516 nipype.workflow DEBUG:
	 [Node] mscsd - setting input in_file = /gpfs/milgram/project/gee_dylan/candlab/analyses/shapes/dwi/data/3_Eddy_Corrected/sub-A200/eddy_corrected_resample.nii.gz
191030-19:20:33,517 nipype.workflow DEBUG:
	 input: in_bval
191030-19:20:33,517 nipype.workflow DEBUG:
	 results file: /gpfs/milgram/project/gee_dylan/candlab/analyses/shapes/dwi/workflows/tract_flow/_subject_id_sub-A200/sf/result_sf.pklz
191030-19:20:33,517 nipype.utils DEBUG:
	 Loading pkl: /gpfs/milgram/project/gee_dylan/candlab/analyses/shapes/dwi/workflows/tract_flow/_subject_id_sub-A200/sf/result_sf.pklz
191030-19:20:33,517 nipype.workflow DEBUG:
	 Resolving paths in outputs loaded from results file.
191030-19:20:33,518 nipype.workflow DEBUG:
	 output: bval
191030-19:20:33,518 nipype.workflow DEBUG:
	 [Node] mscsd - setting input in_bval = /gpfs/milgram/project/gee_dylan/candlab/data/mri/bids_recon/shapes/sub-A200/ses-shapesV1/dwi/sub-A200_ses-shapesV1_dwi.bval
191030-19:20:33,518 nipype.workflow DEBUG:
	 input: in_bvec
191030-19:20:33,518 nipype.workflow DEBUG:
	 results file: /gpfs/milgram/project/gee_dylan/candlab/analyses/shapes/dwi/workflows/tract_flow/_subject_id_sub-A200/sf/result_sf.pklz
191030-19:20:33,518 nipype.utils DEBUG:
	 Loading pkl: /gpfs/milgram/project/gee_dylan/candlab/analyses/shapes/dwi/workflows/tract_flow/_subject_id_sub-A200/sf/result_sf.pklz
191030-19:20:33,570 nipype.utils DEBUG:
	 Creating directory /gpfs/milgram/project/gee_dylan/candlab/analyses/shapes/dwi/workflows/tract_flow/_subject_id_sub-A201/mscsd/_report
191030-19:20:33,570 nipype.workflow DEBUG:
	 [Node] Writing pre-exec report to "/gpfs/milgram/project/gee_dylan/candlab/analyses/shapes/dwi/workflows/tract_flow/_subject_id_sub-A201/mscsd/_report/report.rst"
191030-19:20:33,575 nipype.interface DEBUG:
	 algorithm_msmt_csd
191030-19:20:33,575 nipype.interface DEBUG:
	 bval_scale_yes
191030-19:20:33,575 nipype.interface DEBUG:
	 csf_odf_csf.mif
191030-19:20:33,575 nipype.interface DEBUG:
	 csf_txt_/gpfs/milgram/project/gee_dylan/candlab/analyses/shapes/dwi/workflows/tract_flow/_subject_id_sub-A201/dwiresp/csf_response.txt
191030-19:20:33,575 nipype.interface DEBUG:
	 gm_odf_gm.mif
191030-19:20:33,575 nipype.interface DEBUG:
	 gm_txt_/gpfs/milgram/project/gee_dylan/candlab/analyses/shapes/dwi/workflows/tract_flow/_subject_id_sub-A201/dwiresp/gm_response.txt
191030-19:20:33,575 nipype.interface DEBUG:
	 in_file_/gpfs/milgram/project/gee_dylan/candlab/analyses/shapes/dwi/data/3_Eddy_Corrected/sub-A201/eddy_corrected_resample.nii.gz
191030-19:20:33,575 nipype.interface DEBUG:
	 max_sh_[8, 8, 8]
191030-19:20:33,575 nipype.interface DEBUG:
	 wm_odf_wm.mif
191030-19:20:33,575 nipype.interface DEBUG:
	 wm_txt_/gpfs/milgram/project/gee_dylan/candlab/analyses/shapes/dwi/workflows/tract_flow/_subject_id_sub-A201/dwiresp/wm_response.txt
191030-19:20:33,576 nipype.workflow INFO:
	 [Node] Running "mscsd" ("nipype.interfaces.mrtrix3.reconst.EstimateFOD"), a CommandLine Interface with command:
dwi2fod -bvalue_scaling yes -fslgrad /gpfs/milgram/project/gee_dylan/candlab/analyses/shapes/dwi/data/3_Eddy_Corrected/sub-A201/eddy_corrected.eddy_rotated_bvecs /gpfs/milgram/project/gee_dylan/candlab/data/mri/bids_recon/shapes/sub-A201/ses-shapesV1/dwi/sub-A201_ses-shapesV1_dwi.bval -lmax 8,8,8 msmt_csd /gpfs/milgram/project/gee_dylan/candlab/analyses/shapes/dwi/data/3_Eddy_Corrected/sub-A201/eddy_corrected_resample.nii.gz /gpfs/milgram/project/gee_dylan/candlab/analyses/shapes/dwi/workflows/tract_flow/_subject_id_sub-A201/dwiresp/wm_response.txt wm.mif /gpfs/milgram/project/gee_dylan/candlab/analyses/shapes/dwi/workflows/tract_flow/_subject_id_sub-A201/dwiresp/gm_response.txt gm.mif /gpfs/milgram/project/gee_dylan/candlab/analyses/shapes/dwi/workflows/tract_flow/_subject_id_sub-A201/dwiresp/csf_response.txt csf.mif
191030-19:20:33,670 nipype.workflow DEBUG:
	 Resolving paths in outputs loaded from results file.
191030-19:20:33,670 nipype.workflow DEBUG:
	 output: bvec
191030-19:20:33,670 nipype.workflow DEBUG:
	 [Node] mscsd - setting input in_bvec = /gpfs/milgram/project/gee_dylan/candlab/analyses/shapes/dwi/data/3_Eddy_Corrected/sub-A200/eddy_corrected.eddy_rotated_bvecs
191030-19:20:33,670 nipype.workflow DEBUG:
	 input: wm_txt
191030-19:20:33,671 nipype.workflow DEBUG:
	 results file: /gpfs/milgram/project/gee_dylan/candlab/analyses/shapes/dwi/workflows/tract_flow/_subject_id_sub-A200/dwiresp/result_dwiresp.pklz
191030-19:20:33,684 nipype.utils DEBUG:
	 Loading pkl: /gpfs/milgram/project/gee_dylan/candlab/analyses/shapes/dwi/workflows/tract_flow/_subject_id_sub-A200/dwiresp/result_dwiresp.pklz
191030-19:20:33,716 nipype.workflow DEBUG:
	 Resolving paths in outputs loaded from results file.
191030-19:20:33,716 nipype.workflow DEBUG:
	 output: wm_file
191030-19:20:33,716 nipype.workflow DEBUG:
	 [Node] mscsd - setting input wm_txt = /gpfs/milgram/project/gee_dylan/candlab/analyses/shapes/dwi/workflows/tract_flow/_subject_id_sub-A200/dwiresp/wm_response.txt
191030-19:20:33,716 nipype.workflow DEBUG:
	 input: gm_txt
191030-19:20:33,716 nipype.workflow DEBUG:
	 results file: /gpfs/milgram/project/gee_dylan/candlab/analyses/shapes/dwi/workflows/tract_flow/_subject_id_sub-A200/dwiresp/result_dwiresp.pklz
191030-19:20:33,716 nipype.utils DEBUG:
	 Loading pkl: /gpfs/milgram/project/gee_dylan/candlab/analyses/shapes/dwi/workflows/tract_flow/_subject_id_sub-A200/dwiresp/result_dwiresp.pklz
191030-19:20:33,718 nipype.workflow DEBUG:
	 Resolving paths in outputs loaded from results file.
191030-19:20:33,718 nipype.workflow DEBUG:
	 output: gm_file
191030-19:20:33,718 nipype.workflow DEBUG:
	 [Node] mscsd - setting input gm_txt = /gpfs/milgram/project/gee_dylan/candlab/analyses/shapes/dwi/workflows/tract_flow/_subject_id_sub-A200/dwiresp/gm_response.txt
191030-19:20:33,718 nipype.workflow DEBUG:
	 input: csf_txt
191030-19:20:33,718 nipype.workflow DEBUG:
	 results file: /gpfs/milgram/project/gee_dylan/candlab/analyses/shapes/dwi/workflows/tract_flow/_subject_id_sub-A200/dwiresp/result_dwiresp.pklz
191030-19:20:33,718 nipype.utils DEBUG:
	 Loading pkl: /gpfs/milgram/project/gee_dylan/candlab/analyses/shapes/dwi/workflows/tract_flow/_subject_id_sub-A200/dwiresp/result_dwiresp.pklz
191030-19:20:33,720 nipype.workflow DEBUG:
	 Resolving paths in outputs loaded from results file.
191030-19:20:33,720 nipype.workflow DEBUG:
	 output: csf_file
191030-19:20:33,720 nipype.workflow DEBUG:
	 [Node] mscsd - setting input csf_txt = /gpfs/milgram/project/gee_dylan/candlab/analyses/shapes/dwi/workflows/tract_flow/_subject_id_sub-A200/dwiresp/csf_response.txt
191030-19:20:33,776 nipype.workflow DEBUG:
	 [Node] Hashes: [('algorithm', 'msmt_csd'), ('bval_scale', 'yes'), ('csf_odf', 'csf.mif'), ('csf_txt', ('/gpfs/milgram/project/gee_dylan/candlab/analyses/shapes/dwi/workflows/tract_flow/_subject_id_sub-A200/dwiresp/csf_response.txt', '7b487b1688d5d4e101c36a382b01b4bb')), ('gm_odf', 'gm.mif'), ('gm_txt', ('/gpfs/milgram/project/gee_dylan/candlab/analyses/shapes/dwi/workflows/tract_flow/_subject_id_sub-A200/dwiresp/gm_response.txt', '34bd9cf63dea2dbacf4cc518c928c57c')), ('in_bval', ('/gpfs/milgram/project/gee_dylan/candlab/data/mri/bids_recon/shapes/sub-A200/ses-shapesV1/dwi/sub-A200_ses-shapesV1_dwi.bval', '286321f2f3d3f560decafcf9e27e1531')), ('in_bvec', ('/gpfs/milgram/project/gee_dylan/candlab/analyses/shapes/dwi/data/3_Eddy_Corrected/sub-A200/eddy_corrected.eddy_rotated_bvecs', '213976fe9084584e7ba130e3a19865d5')), ('in_file', ('/gpfs/milgram/project/gee_dylan/candlab/analyses/shapes/dwi/data/3_Eddy_Corrected/sub-A200/eddy_corrected_resample.nii.gz', 'f4d93e85af8616ee85e7f60a066b08ea')), ('max_sh', [8, 8, 8]), ('wm_odf', 'wm.mif'), ('wm_txt', ('/gpfs/milgram/project/gee_dylan/candlab/analyses/shapes/dwi/workflows/tract_flow/_subject_id_sub-A200/dwiresp/wm_response.txt', '0892aada53e6a11703764fb34b321442'))], 224b9c471c961493abc0d37dfe65a448, /gpfs/milgram/project/gee_dylan/candlab/analyses/shapes/dwi/workflows/tract_flow/_subject_id_sub-A200/mscsd/_0x224b9c471c961493abc0d37dfe65a448.json, []
191030-19:20:33,777 nipype.workflow DEBUG:
	 [Node] No hashfiles found in "/gpfs/milgram/project/gee_dylan/candlab/analyses/shapes/dwi/workflows/tract_flow/_subject_id_sub-A200/mscsd".
191030-19:20:33,777 nipype.workflow DEBUG:
	 Checking hash "tract_flow.mscsd" locally: cached=False, updated=False.
191030-19:20:33,778 nipype.workflow DEBUG:
	 [MultiProc] Submitted task tract_flow.mscsd (taskid=6).
191030-19:20:33,778 nipype.workflow DEBUG:
	 Cannot allocate job 17 (0.20GB, 1 threads).
191030-19:20:33,778 nipype.workflow DEBUG:
	 Cannot allocate job 18 (0.20GB, 1 threads).
191030-19:20:33,779 nipype.workflow DEBUG:
	 Progress: 22 jobs, 8/4/2 (done/running/ready), 4/10 (pending_tasks/waiting).
191030-19:20:33,779 nipype.workflow DEBUG:
	 Tasks currently running: 4. Pending: 4.
191030-19:20:33,780 nipype.workflow INFO:
	 [MultiProc] Running 4 tasks, and 2 jobs ready. Free memory (GB): 225.31/226.11, Free processors: 0/4.
                     Currently running:
                       * tract_flow.mscsd
                       * tract_flow.mscsd
                       * tract_flow.dwi2tensor
                       * tract_flow.dwi2tensor
191030-19:20:33,780 nipype.workflow DEBUG:
	 No resources available
191030-19:20:33,781 nipype.workflow INFO:
	 [Node] Setting-up "tract_flow.mscsd" in "/gpfs/milgram/project/gee_dylan/candlab/analyses/shapes/dwi/workflows/tract_flow/_subject_id_sub-A200/mscsd".
191030-19:20:33,782 nipype.workflow DEBUG:
	 [Node] Hashes: [('algorithm', 'msmt_csd'), ('bval_scale', 'yes'), ('csf_odf', 'csf.mif'), ('csf_txt', ('/gpfs/milgram/project/gee_dylan/candlab/analyses/shapes/dwi/workflows/tract_flow/_subject_id_sub-A200/dwiresp/csf_response.txt', '7b487b1688d5d4e101c36a382b01b4bb')), ('gm_odf', 'gm.mif'), ('gm_txt', ('/gpfs/milgram/project/gee_dylan/candlab/analyses/shapes/dwi/workflows/tract_flow/_subject_id_sub-A200/dwiresp/gm_response.txt', '34bd9cf63dea2dbacf4cc518c928c57c')), ('in_bval', ('/gpfs/milgram/project/gee_dylan/candlab/data/mri/bids_recon/shapes/sub-A200/ses-shapesV1/dwi/sub-A200_ses-shapesV1_dwi.bval', '286321f2f3d3f560decafcf9e27e1531')), ('in_bvec', ('/gpfs/milgram/project/gee_dylan/candlab/analyses/shapes/dwi/data/3_Eddy_Corrected/sub-A200/eddy_corrected.eddy_rotated_bvecs', '213976fe9084584e7ba130e3a19865d5')), ('in_file', ('/gpfs/milgram/project/gee_dylan/candlab/analyses/shapes/dwi/data/3_Eddy_Corrected/sub-A200/eddy_corrected_resample.nii.gz', 'f4d93e85af8616ee85e7f60a066b08ea')), ('max_sh', [8, 8, 8]), ('wm_odf', 'wm.mif'), ('wm_txt', ('/gpfs/milgram/project/gee_dylan/candlab/analyses/shapes/dwi/workflows/tract_flow/_subject_id_sub-A200/dwiresp/wm_response.txt', '0892aada53e6a11703764fb34b321442'))], 224b9c471c961493abc0d37dfe65a448, /gpfs/milgram/project/gee_dylan/candlab/analyses/shapes/dwi/workflows/tract_flow/_subject_id_sub-A200/mscsd/_0x224b9c471c961493abc0d37dfe65a448.json, []
191030-19:20:33,782 nipype.workflow DEBUG:
	 [Node] No hashfiles found in "/gpfs/milgram/project/gee_dylan/candlab/analyses/shapes/dwi/workflows/tract_flow/_subject_id_sub-A200/mscsd".
191030-19:20:33,782 nipype.utils DEBUG:
	 Removing contents of /gpfs/milgram/project/gee_dylan/candlab/analyses/shapes/dwi/workflows/tract_flow/_subject_id_sub-A200/mscsd
191030-19:20:33,834 nipype.utils DEBUG:
	 Creating directory /gpfs/milgram/project/gee_dylan/candlab/analyses/shapes/dwi/workflows/tract_flow/_subject_id_sub-A200/mscsd/_report
191030-19:20:33,835 nipype.workflow DEBUG:
	 [Node] Writing pre-exec report to "/gpfs/milgram/project/gee_dylan/candlab/analyses/shapes/dwi/workflows/tract_flow/_subject_id_sub-A200/mscsd/_report/report.rst"
191030-19:20:33,841 nipype.interface DEBUG:
	 algorithm_msmt_csd
191030-19:20:33,841 nipype.interface DEBUG:
	 bval_scale_yes
191030-19:20:33,841 nipype.interface DEBUG:
	 csf_odf_csf.mif
191030-19:20:33,841 nipype.interface DEBUG:
	 csf_txt_/gpfs/milgram/project/gee_dylan/candlab/analyses/shapes/dwi/workflows/tract_flow/_subject_id_sub-A200/dwiresp/csf_response.txt
191030-19:20:33,842 nipype.interface DEBUG:
	 gm_odf_gm.mif
191030-19:20:33,842 nipype.interface DEBUG:
	 gm_txt_/gpfs/milgram/project/gee_dylan/candlab/analyses/shapes/dwi/workflows/tract_flow/_subject_id_sub-A200/dwiresp/gm_response.txt
191030-19:20:33,842 nipype.interface DEBUG:
	 in_file_/gpfs/milgram/project/gee_dylan/candlab/analyses/shapes/dwi/data/3_Eddy_Corrected/sub-A200/eddy_corrected_resample.nii.gz
191030-19:20:33,842 nipype.interface DEBUG:
	 max_sh_[8, 8, 8]
191030-19:20:33,842 nipype.interface DEBUG:
	 wm_odf_wm.mif
191030-19:20:33,842 nipype.interface DEBUG:
	 wm_txt_/gpfs/milgram/project/gee_dylan/candlab/analyses/shapes/dwi/workflows/tract_flow/_subject_id_sub-A200/dwiresp/wm_response.txt
191030-19:20:33,843 nipype.workflow INFO:
	 [Node] Running "mscsd" ("nipype.interfaces.mrtrix3.reconst.EstimateFOD"), a CommandLine Interface with command:
dwi2fod -bvalue_scaling yes -fslgrad /gpfs/milgram/project/gee_dylan/candlab/analyses/shapes/dwi/data/3_Eddy_Corrected/sub-A200/eddy_corrected.eddy_rotated_bvecs /gpfs/milgram/project/gee_dylan/candlab/data/mri/bids_recon/shapes/sub-A200/ses-shapesV1/dwi/sub-A200_ses-shapesV1_dwi.bval -lmax 8,8,8 msmt_csd /gpfs/milgram/project/gee_dylan/candlab/analyses/shapes/dwi/data/3_Eddy_Corrected/sub-A200/eddy_corrected_resample.nii.gz /gpfs/milgram/project/gee_dylan/candlab/analyses/shapes/dwi/workflows/tract_flow/_subject_id_sub-A200/dwiresp/wm_response.txt wm.mif /gpfs/milgram/project/gee_dylan/candlab/analyses/shapes/dwi/workflows/tract_flow/_subject_id_sub-A200/dwiresp/gm_response.txt gm.mif /gpfs/milgram/project/gee_dylan/candlab/analyses/shapes/dwi/workflows/tract_flow/_subject_id_sub-A200/dwiresp/csf_response.txt csf.mif
191030-19:20:33,972 nipype.workflow DEBUG:
	 Needed files: /gpfs/milgram/project/gee_dylan/candlab/analyses/shapes/dwi/workflows/tract_flow/_subject_id_sub-A201/dwi2tensor/whole_brain_tensorfile.mif;/gpfs/milgram/project/gee_dylan/candlab/analyses/shapes/dwi/workflows/tract_flow/_subject_id_sub-A201/gradconv/dwi_converted.mif;/gpfs/milgram/project/gee_dylan/candlab/analyses/shapes/dwi/workflows/tract_flow/_subject_id_sub-A201/dwi2tensor/_0x32a20f37cf206d4b8b8b6d33de3704c4_unfinished.json;/gpfs/milgram/project/gee_dylan/candlab/analyses/shapes/dwi/workflows/tract_flow/_subject_id_sub-A201/dwi2tensor/command.txt;/gpfs/milgram/project/gee_dylan/candlab/analyses/shapes/dwi/workflows/tract_flow/_subject_id_sub-A201/dwi2tensor/_inputs.pklz;/gpfs/milgram/project/gee_dylan/candlab/analyses/shapes/dwi/workflows/tract_flow/_subject_id_sub-A201/dwi2tensor/_node.pklz
191030-19:20:33,980 nipype.workflow DEBUG:
	 Needed dirs: /gpfs/milgram/project/gee_dylan/candlab/analyses/shapes/dwi/workflows/tract_flow/_subject_id_sub-A201/dwi2tensor/_report
191030-19:20:33,980 nipype.workflow DEBUG:
	 Removing files: 
191030-19:20:33,980 nipype.workflow DEBUG:
	 Saving results file: '/gpfs/milgram/project/gee_dylan/candlab/analyses/shapes/dwi/workflows/tract_flow/_subject_id_sub-A201/dwi2tensor/result_dwi2tensor.pklz'
191030-19:20:33,993 nipype.workflow DEBUG:
	 [Node] Writing post-exec report to "/gpfs/milgram/project/gee_dylan/candlab/analyses/shapes/dwi/workflows/tract_flow/_subject_id_sub-A201/dwi2tensor/_report/report.rst"
191030-19:20:33,993 nipype.utils DEBUG:
	 Loading pkl: /gpfs/milgram/project/gee_dylan/candlab/analyses/shapes/dwi/workflows/tract_flow/_subject_id_sub-A201/dwi2tensor/result_dwi2tensor.pklz
191030-19:20:33,998 nipype.workflow DEBUG:
	 Resolving paths in outputs loaded from results file.
191030-19:20:34,9 nipype.workflow INFO:
	 [Node] Finished "tract_flow.dwi2tensor".
191030-19:20:34,29 nipype.workflow DEBUG:
	 Needed files: /gpfs/milgram/project/gee_dylan/candlab/analyses/shapes/dwi/workflows/tract_flow/_subject_id_sub-A200/dwi2tensor/whole_brain_tensorfile.mif;/gpfs/milgram/project/gee_dylan/candlab/analyses/shapes/dwi/workflows/tract_flow/_subject_id_sub-A200/gradconv/dwi_converted.mif;/gpfs/milgram/project/gee_dylan/candlab/analyses/shapes/dwi/workflows/tract_flow/_subject_id_sub-A200/dwi2tensor/_0x3f392fde0a50ef7f1360e9c5d17b44a5_unfinished.json;/gpfs/milgram/project/gee_dylan/candlab/analyses/shapes/dwi/workflows/tract_flow/_subject_id_sub-A200/dwi2tensor/command.txt;/gpfs/milgram/project/gee_dylan/candlab/analyses/shapes/dwi/workflows/tract_flow/_subject_id_sub-A200/dwi2tensor/_inputs.pklz;/gpfs/milgram/project/gee_dylan/candlab/analyses/shapes/dwi/workflows/tract_flow/_subject_id_sub-A200/dwi2tensor/_node.pklz
191030-19:20:34,29 nipype.workflow DEBUG:
	 Needed dirs: /gpfs/milgram/project/gee_dylan/candlab/analyses/shapes/dwi/workflows/tract_flow/_subject_id_sub-A200/dwi2tensor/_report
191030-19:20:34,30 nipype.workflow DEBUG:
	 Removing files: 
191030-19:20:34,30 nipype.workflow DEBUG:
	 Saving results file: '/gpfs/milgram/project/gee_dylan/candlab/analyses/shapes/dwi/workflows/tract_flow/_subject_id_sub-A200/dwi2tensor/result_dwi2tensor.pklz'
191030-19:20:34,47 nipype.workflow DEBUG:
	 [Node] Writing post-exec report to "/gpfs/milgram/project/gee_dylan/candlab/analyses/shapes/dwi/workflows/tract_flow/_subject_id_sub-A200/dwi2tensor/_report/report.rst"
191030-19:20:34,48 nipype.utils DEBUG:
	 Loading pkl: /gpfs/milgram/project/gee_dylan/candlab/analyses/shapes/dwi/workflows/tract_flow/_subject_id_sub-A200/dwi2tensor/result_dwi2tensor.pklz
191030-19:20:34,49 nipype.workflow DEBUG:
	 Resolving paths in outputs loaded from results file.
191030-19:20:34,62 nipype.workflow INFO:
	 [Node] Finished "tract_flow.dwi2tensor".
191030-19:20:34,75 nipype.interface DEBUG:
	 algorithm_msmt_csd
191030-19:20:34,75 nipype.interface DEBUG:
	 bval_scale_yes
191030-19:20:34,75 nipype.interface DEBUG:
	 csf_odf_csf.mif
191030-19:20:34,75 nipype.interface DEBUG:
	 csf_txt_/gpfs/milgram/project/gee_dylan/candlab/analyses/shapes/dwi/workflows/tract_flow/_subject_id_sub-A201/dwiresp/csf_response.txt
191030-19:20:34,93 nipype.interface DEBUG:
	 gm_odf_gm.mif
191030-19:20:34,94 nipype.interface DEBUG:
	 gm_txt_/gpfs/milgram/project/gee_dylan/candlab/analyses/shapes/dwi/workflows/tract_flow/_subject_id_sub-A201/dwiresp/gm_response.txt
191030-19:20:34,94 nipype.interface DEBUG:
	 in_file_/gpfs/milgram/project/gee_dylan/candlab/analyses/shapes/dwi/data/3_Eddy_Corrected/sub-A201/eddy_corrected_resample.nii.gz
191030-19:20:34,94 nipype.interface DEBUG:
	 max_sh_[8, 8, 8]
191030-19:20:34,94 nipype.interface DEBUG:
	 wm_odf_wm.mif
191030-19:20:34,94 nipype.interface DEBUG:
	 wm_txt_/gpfs/milgram/project/gee_dylan/candlab/analyses/shapes/dwi/workflows/tract_flow/_subject_id_sub-A201/dwiresp/wm_response.txt
191030-19:20:34,160 nipype.interface DEBUG:
	 algorithm_msmt_csd
191030-19:20:34,160 nipype.interface DEBUG:
	 bval_scale_yes
191030-19:20:34,160 nipype.interface DEBUG:
	 csf_odf_csf.mif
191030-19:20:34,160 nipype.interface DEBUG:
	 csf_txt_/gpfs/milgram/project/gee_dylan/candlab/analyses/shapes/dwi/workflows/tract_flow/_subject_id_sub-A200/dwiresp/csf_response.txt
191030-19:20:34,160 nipype.interface DEBUG:
	 gm_odf_gm.mif
191030-19:20:34,160 nipype.interface DEBUG:
	 gm_txt_/gpfs/milgram/project/gee_dylan/candlab/analyses/shapes/dwi/workflows/tract_flow/_subject_id_sub-A200/dwiresp/gm_response.txt
191030-19:20:34,160 nipype.interface DEBUG:
	 in_file_/gpfs/milgram/project/gee_dylan/candlab/analyses/shapes/dwi/data/3_Eddy_Corrected/sub-A200/eddy_corrected_resample.nii.gz
191030-19:20:34,160 nipype.interface DEBUG:
	 max_sh_[8, 8, 8]
191030-19:20:34,160 nipype.interface DEBUG:
	 wm_odf_wm.mif
191030-19:20:34,160 nipype.interface DEBUG:
	 wm_txt_/gpfs/milgram/project/gee_dylan/candlab/analyses/shapes/dwi/workflows/tract_flow/_subject_id_sub-A200/dwiresp/wm_response.txt
191030-19:20:35,785 nipype.workflow INFO:
	 [Job 2] Completed (tract_flow.dwi2tensor).
191030-19:20:35,787 nipype.workflow INFO:
	 [Job 13] Completed (tract_flow.dwi2tensor).
191030-19:20:35,788 nipype.workflow DEBUG:
	 Tasks currently running: 2. Pending: 2.
191030-19:20:35,789 nipype.workflow INFO:
	 [MultiProc] Running 2 tasks, and 4 jobs ready. Free memory (GB): 225.71/226.11, Free processors: 2/4.
                     Currently running:
                       * tract_flow.mscsd
                       * tract_flow.mscsd
191030-19:20:35,906 nipype.workflow DEBUG:
	 Allocating tract_flow.tensor2fa ID=3 (0.20GB, 1 threads). Free: 225.51GB, 1 threads.
191030-19:20:35,906 nipype.workflow DEBUG:
	 Setting node inputs
191030-19:20:35,906 nipype.workflow DEBUG:
	 input: in_file
191030-19:20:35,906 nipype.workflow DEBUG:
	 results file: /gpfs/milgram/project/gee_dylan/candlab/analyses/shapes/dwi/workflows/tract_flow/_subject_id_sub-A201/dwi2tensor/result_dwi2tensor.pklz
191030-19:20:35,907 nipype.utils DEBUG:
	 Loading pkl: /gpfs/milgram/project/gee_dylan/candlab/analyses/shapes/dwi/workflows/tract_flow/_subject_id_sub-A201/dwi2tensor/result_dwi2tensor.pklz
191030-19:20:35,908 nipype.workflow DEBUG:
	 Resolving paths in outputs loaded from results file.
191030-19:20:35,908 nipype.workflow DEBUG:
	 output: out_file
191030-19:20:35,908 nipype.workflow DEBUG:
	 [Node] tensor2fa - setting input in_file = /gpfs/milgram/project/gee_dylan/candlab/analyses/shapes/dwi/workflows/tract_flow/_subject_id_sub-A201/dwi2tensor/whole_brain_tensorfile.mif
191030-19:20:35,908 nipype.workflow DEBUG:
	 [Node] Directory not found "/gpfs/milgram/project/gee_dylan/candlab/analyses/shapes/dwi/workflows/tract_flow/_subject_id_sub-A201/tensor2fa".
191030-19:20:35,909 nipype.workflow DEBUG:
	 Checking hash "tract_flow.tensor2fa" locally: cached=False, updated=False.
191030-19:20:35,910 nipype.workflow INFO:
	 [Node] Setting-up "tract_flow.tensor2fa" in "/gpfs/milgram/project/gee_dylan/candlab/analyses/shapes/dwi/workflows/tract_flow/_subject_id_sub-A201/tensor2fa".
191030-19:20:35,910 nipype.workflow DEBUG:
	 [Node] Directory not found "/gpfs/milgram/project/gee_dylan/candlab/analyses/shapes/dwi/workflows/tract_flow/_subject_id_sub-A201/tensor2fa".
191030-19:20:35,910 nipype.utils DEBUG:
	 Removing contents of /gpfs/milgram/project/gee_dylan/candlab/analyses/shapes/dwi/workflows/tract_flow/_subject_id_sub-A201/tensor2fa
191030-19:20:35,910 nipype.utils DEBUG:
	 Creating directory /gpfs/milgram/project/gee_dylan/candlab/analyses/shapes/dwi/workflows/tract_flow/_subject_id_sub-A201/tensor2fa
191030-19:20:35,912 nipype.utils DEBUG:
	 Creating directory /gpfs/milgram/project/gee_dylan/candlab/analyses/shapes/dwi/workflows/tract_flow/_subject_id_sub-A201/tensor2fa/_report
191030-19:20:35,913 nipype.workflow DEBUG:
	 [Node] Writing pre-exec report to "/gpfs/milgram/project/gee_dylan/candlab/analyses/shapes/dwi/workflows/tract_flow/_subject_id_sub-A201/tensor2fa/_report/report.rst"
191030-19:20:35,915 nipype.workflow DEBUG:
	 [MultiProc] Submitted task tract_flow.tensor2fa (taskid=7).
191030-19:20:35,915 nipype.workflow DEBUG:
	 Allocating tract_flow.tensor2fa ID=14 (0.20GB, 1 threads). Free: 225.31GB, 0 threads.
191030-19:20:35,915 nipype.workflow DEBUG:
	 Setting node inputs
191030-19:20:35,915 nipype.workflow DEBUG:
	 input: in_file
191030-19:20:35,915 nipype.workflow DEBUG:
	 results file: /gpfs/milgram/project/gee_dylan/candlab/analyses/shapes/dwi/workflows/tract_flow/_subject_id_sub-A200/dwi2tensor/result_dwi2tensor.pklz
191030-19:20:35,915 nipype.utils DEBUG:
	 Loading pkl: /gpfs/milgram/project/gee_dylan/candlab/analyses/shapes/dwi/workflows/tract_flow/_subject_id_sub-A200/dwi2tensor/result_dwi2tensor.pklz
191030-19:20:35,917 nipype.interface DEBUG:
	 component_[1]
191030-19:20:35,917 nipype.interface DEBUG:
	 in_file_/gpfs/milgram/project/gee_dylan/candlab/analyses/shapes/dwi/workflows/tract_flow/_subject_id_sub-A201/dwi2tensor/whole_brain_tensorfile.mif
191030-19:20:35,917 nipype.interface DEBUG:
	 out_fa_whole_brain_FA.mif
191030-19:20:35,918 nipype.workflow INFO:
	 [Node] Running "tensor2fa" ("nipype.interfaces.mrtrix3.utils.TensorMetrics"), a CommandLine Interface with command:
tensor2metric -num 1 -fa whole_brain_FA.mif /gpfs/milgram/project/gee_dylan/candlab/analyses/shapes/dwi/workflows/tract_flow/_subject_id_sub-A201/dwi2tensor/whole_brain_tensorfile.mif
191030-19:20:35,919 nipype.interface DEBUG:
	 component_[1]
191030-19:20:35,920 nipype.interface DEBUG:
	 in_file_/gpfs/milgram/project/gee_dylan/candlab/analyses/shapes/dwi/workflows/tract_flow/_subject_id_sub-A201/dwi2tensor/whole_brain_tensorfile.mif
191030-19:20:35,920 nipype.interface DEBUG:
	 out_fa_whole_brain_FA.mif
191030-19:20:35,940 nipype.workflow DEBUG:
	 Resolving paths in outputs loaded from results file.
191030-19:20:35,941 nipype.workflow DEBUG:
	 output: out_file
191030-19:20:35,941 nipype.workflow DEBUG:
	 [Node] tensor2fa - setting input in_file = /gpfs/milgram/project/gee_dylan/candlab/analyses/shapes/dwi/workflows/tract_flow/_subject_id_sub-A200/dwi2tensor/whole_brain_tensorfile.mif
191030-19:20:35,941 nipype.workflow DEBUG:
	 [Node] Directory not found "/gpfs/milgram/project/gee_dylan/candlab/analyses/shapes/dwi/workflows/tract_flow/_subject_id_sub-A200/tensor2fa".
191030-19:20:35,941 nipype.workflow DEBUG:
	 Checking hash "tract_flow.tensor2fa" locally: cached=False, updated=False.
191030-19:20:35,943 nipype.workflow INFO:
	 [Node] Setting-up "tract_flow.tensor2fa" in "/gpfs/milgram/project/gee_dylan/candlab/analyses/shapes/dwi/workflows/tract_flow/_subject_id_sub-A200/tensor2fa".
191030-19:20:35,943 nipype.workflow DEBUG:
	 [Node] Directory not found "/gpfs/milgram/project/gee_dylan/candlab/analyses/shapes/dwi/workflows/tract_flow/_subject_id_sub-A200/tensor2fa".
191030-19:20:35,943 nipype.utils DEBUG:
	 Removing contents of /gpfs/milgram/project/gee_dylan/candlab/analyses/shapes/dwi/workflows/tract_flow/_subject_id_sub-A200/tensor2fa
191030-19:20:35,943 nipype.utils DEBUG:
	 Creating directory /gpfs/milgram/project/gee_dylan/candlab/analyses/shapes/dwi/workflows/tract_flow/_subject_id_sub-A200/tensor2fa
191030-19:20:35,943 nipype.workflow DEBUG:
	 [MultiProc] Submitted task tract_flow.tensor2fa (taskid=8).
191030-19:20:35,943 nipype.workflow DEBUG:
	 Cannot allocate job 17 (0.20GB, 1 threads).
191030-19:20:35,944 nipype.workflow DEBUG:
	 Cannot allocate job 18 (0.20GB, 1 threads).
191030-19:20:35,947 nipype.utils DEBUG:
	 Creating directory /gpfs/milgram/project/gee_dylan/candlab/analyses/shapes/dwi/workflows/tract_flow/_subject_id_sub-A200/tensor2fa/_report
191030-19:20:35,948 nipype.workflow DEBUG:
	 [Node] Writing pre-exec report to "/gpfs/milgram/project/gee_dylan/candlab/analyses/shapes/dwi/workflows/tract_flow/_subject_id_sub-A200/tensor2fa/_report/report.rst"
191030-19:20:35,953 nipype.interface DEBUG:
	 component_[1]
191030-19:20:35,953 nipype.interface DEBUG:
	 in_file_/gpfs/milgram/project/gee_dylan/candlab/analyses/shapes/dwi/workflows/tract_flow/_subject_id_sub-A200/dwi2tensor/whole_brain_tensorfile.mif
191030-19:20:35,953 nipype.interface DEBUG:
	 out_fa_whole_brain_FA.mif
191030-19:20:35,954 nipype.workflow INFO:
	 [Node] Running "tensor2fa" ("nipype.interfaces.mrtrix3.utils.TensorMetrics"), a CommandLine Interface with command:
tensor2metric -num 1 -fa whole_brain_FA.mif /gpfs/milgram/project/gee_dylan/candlab/analyses/shapes/dwi/workflows/tract_flow/_subject_id_sub-A200/dwi2tensor/whole_brain_tensorfile.mif
191030-19:20:35,956 nipype.interface DEBUG:
	 component_[1]
191030-19:20:35,956 nipype.interface DEBUG:
	 in_file_/gpfs/milgram/project/gee_dylan/candlab/analyses/shapes/dwi/workflows/tract_flow/_subject_id_sub-A200/dwi2tensor/whole_brain_tensorfile.mif
191030-19:20:35,956 nipype.interface DEBUG:
	 out_fa_whole_brain_FA.mif
191030-19:20:36,709 nipype.workflow DEBUG:
	 Needed files: /gpfs/milgram/project/gee_dylan/candlab/analyses/shapes/dwi/workflows/tract_flow/_subject_id_sub-A201/tensor2fa/whole_brain_FA.mif;/gpfs/milgram/project/gee_dylan/candlab/analyses/shapes/dwi/workflows/tract_flow/_subject_id_sub-A201/dwi2tensor/whole_brain_tensorfile.mif;/gpfs/milgram/project/gee_dylan/candlab/analyses/shapes/dwi/workflows/tract_flow/_subject_id_sub-A201/tensor2fa/_0xf94e2308dd9409b7af149521c37ac608_unfinished.json;/gpfs/milgram/project/gee_dylan/candlab/analyses/shapes/dwi/workflows/tract_flow/_subject_id_sub-A201/tensor2fa/command.txt;/gpfs/milgram/project/gee_dylan/candlab/analyses/shapes/dwi/workflows/tract_flow/_subject_id_sub-A201/tensor2fa/_inputs.pklz;/gpfs/milgram/project/gee_dylan/candlab/analyses/shapes/dwi/workflows/tract_flow/_subject_id_sub-A201/tensor2fa/_node.pklz
191030-19:20:36,709 nipype.workflow DEBUG:
	 Needed dirs: /gpfs/milgram/project/gee_dylan/candlab/analyses/shapes/dwi/workflows/tract_flow/_subject_id_sub-A201/tensor2fa/_report
191030-19:20:36,710 nipype.workflow DEBUG:
	 Removing files: 
191030-19:20:36,710 nipype.workflow DEBUG:
	 Saving results file: '/gpfs/milgram/project/gee_dylan/candlab/analyses/shapes/dwi/workflows/tract_flow/_subject_id_sub-A201/tensor2fa/result_tensor2fa.pklz'
191030-19:20:36,712 nipype.workflow DEBUG:
	 Needed files: /gpfs/milgram/project/gee_dylan/candlab/analyses/shapes/dwi/workflows/tract_flow/_subject_id_sub-A200/tensor2fa/whole_brain_FA.mif;/gpfs/milgram/project/gee_dylan/candlab/analyses/shapes/dwi/workflows/tract_flow/_subject_id_sub-A200/dwi2tensor/whole_brain_tensorfile.mif;/gpfs/milgram/project/gee_dylan/candlab/analyses/shapes/dwi/workflows/tract_flow/_subject_id_sub-A200/tensor2fa/_0x3dc0c72181d7b49f543157872bc7b057_unfinished.json;/gpfs/milgram/project/gee_dylan/candlab/analyses/shapes/dwi/workflows/tract_flow/_subject_id_sub-A200/tensor2fa/command.txt;/gpfs/milgram/project/gee_dylan/candlab/analyses/shapes/dwi/workflows/tract_flow/_subject_id_sub-A200/tensor2fa/_inputs.pklz;/gpfs/milgram/project/gee_dylan/candlab/analyses/shapes/dwi/workflows/tract_flow/_subject_id_sub-A200/tensor2fa/_node.pklz
191030-19:20:36,712 nipype.workflow DEBUG:
	 Needed dirs: /gpfs/milgram/project/gee_dylan/candlab/analyses/shapes/dwi/workflows/tract_flow/_subject_id_sub-A200/tensor2fa/_report
191030-19:20:36,712 nipype.workflow DEBUG:
	 Removing files: 
191030-19:20:36,712 nipype.workflow DEBUG:
	 Saving results file: '/gpfs/milgram/project/gee_dylan/candlab/analyses/shapes/dwi/workflows/tract_flow/_subject_id_sub-A200/tensor2fa/result_tensor2fa.pklz'
191030-19:20:36,729 nipype.workflow DEBUG:
	 [Node] Writing post-exec report to "/gpfs/milgram/project/gee_dylan/candlab/analyses/shapes/dwi/workflows/tract_flow/_subject_id_sub-A200/tensor2fa/_report/report.rst"
191030-19:20:36,730 nipype.utils DEBUG:
	 Loading pkl: /gpfs/milgram/project/gee_dylan/candlab/analyses/shapes/dwi/workflows/tract_flow/_subject_id_sub-A200/tensor2fa/result_tensor2fa.pklz
191030-19:20:36,734 nipype.workflow DEBUG:
	 Resolving paths in outputs loaded from results file.
191030-19:20:36,738 nipype.workflow DEBUG:
	 [Node] Writing post-exec report to "/gpfs/milgram/project/gee_dylan/candlab/analyses/shapes/dwi/workflows/tract_flow/_subject_id_sub-A201/tensor2fa/_report/report.rst"
191030-19:20:36,738 nipype.utils DEBUG:
	 Loading pkl: /gpfs/milgram/project/gee_dylan/candlab/analyses/shapes/dwi/workflows/tract_flow/_subject_id_sub-A201/tensor2fa/result_tensor2fa.pklz
191030-19:20:36,743 nipype.workflow DEBUG:
	 Resolving paths in outputs loaded from results file.
191030-19:20:36,746 nipype.workflow INFO:
	 [Node] Finished "tract_flow.tensor2fa".
191030-19:20:36,755 nipype.workflow INFO:
	 [Node] Finished "tract_flow.tensor2fa".
191030-19:20:37,786 nipype.workflow DEBUG:
	 Progress: 22 jobs, 10/4/2 (done/running/ready), 4/8 (pending_tasks/waiting).
191030-19:20:37,787 nipype.workflow INFO:
	 [Job 3] Completed (tract_flow.tensor2fa).
191030-19:20:37,788 nipype.workflow INFO:
	 [Job 14] Completed (tract_flow.tensor2fa).
191030-19:20:37,789 nipype.workflow DEBUG:
	 Tasks currently running: 2. Pending: 2.
191030-19:20:37,790 nipype.workflow INFO:
	 [MultiProc] Running 2 tasks, and 2 jobs ready. Free memory (GB): 225.71/226.11, Free processors: 2/4.
                     Currently running:
                       * tract_flow.mscsd
                       * tract_flow.mscsd
191030-19:20:37,906 nipype.workflow DEBUG:
	 Allocating tract_flow.seg5tt ID=17 (0.20GB, 1 threads). Free: 225.51GB, 1 threads.
191030-19:20:37,906 nipype.workflow DEBUG:
	 Setting node inputs
191030-19:20:37,906 nipype.workflow DEBUG:
	 input: in_file
191030-19:20:37,906 nipype.workflow DEBUG:
	 results file: /gpfs/milgram/project/gee_dylan/candlab/analyses/shapes/dwi/workflows/tract_flow/_subject_id_sub-A200/sf/result_sf.pklz
191030-19:20:37,907 nipype.utils DEBUG:
	 Loading pkl: /gpfs/milgram/project/gee_dylan/candlab/analyses/shapes/dwi/workflows/tract_flow/_subject_id_sub-A200/sf/result_sf.pklz
191030-19:20:37,908 nipype.workflow DEBUG:
	 Resolving paths in outputs loaded from results file.
191030-19:20:37,908 nipype.workflow DEBUG:
	 output: t1
191030-19:20:37,908 nipype.workflow DEBUG:
	 [Node] seg5tt - setting input in_file = /gpfs/milgram/project/gee_dylan/candlab/analyses/shapes/dwi/data/2_Preprocessed/sub-A200/sub-A200_ses-shapesV1_T1w_flirt_brain.nii.gz
191030-19:20:37,918 nipype.workflow DEBUG:
	 [Node] Hashes: [('algorithm', 'fsl'), ('in_file', ('/gpfs/milgram/project/gee_dylan/candlab/analyses/shapes/dwi/data/2_Preprocessed/sub-A200/sub-A200_ses-shapesV1_T1w_flirt_brain.nii.gz', '020df884c89be6bdefaaeb8262e39fef')), ('out_file', 'T1s_5tt_segmented.nii.gz')], 8d78750ec90788507a925d68f73448b8, /gpfs/milgram/project/gee_dylan/candlab/analyses/shapes/dwi/workflows/tract_flow/_subject_id_sub-A200/seg5tt/_0x8d78750ec90788507a925d68f73448b8.json, ['/gpfs/milgram/project/gee_dylan/candlab/analyses/shapes/dwi/workflows/tract_flow/_subject_id_sub-A200/seg5tt/_0x8d78750ec90788507a925d68f73448b8.json']
191030-19:20:37,919 nipype.workflow DEBUG:
	 [Node] Up-to-date cache found for "tract_flow.seg5tt".
191030-19:20:37,919 nipype.workflow DEBUG:
	 Checking hash "tract_flow.seg5tt" locally: cached=True, updated=True.
191030-19:20:37,919 nipype.workflow DEBUG:
	 Skipping cached node tract_flow.seg5tt with ID 17.
191030-19:20:37,919 nipype.workflow INFO:
	 [Job 17] Cached (tract_flow.seg5tt).
191030-19:20:37,920 nipype.workflow DEBUG:
	 Allocating tract_flow.bet ID=18 (0.20GB, 1 threads). Free: 225.31GB, 0 threads.
191030-19:20:37,920 nipype.workflow DEBUG:
	 Setting node inputs
191030-19:20:37,920 nipype.workflow DEBUG:
	 input: in_file
191030-19:20:37,920 nipype.workflow DEBUG:
	 results file: /gpfs/milgram/project/gee_dylan/candlab/analyses/shapes/dwi/workflows/tract_flow/_subject_id_sub-A200/sf/result_sf.pklz
191030-19:20:37,920 nipype.utils DEBUG:
	 Loading pkl: /gpfs/milgram/project/gee_dylan/candlab/analyses/shapes/dwi/workflows/tract_flow/_subject_id_sub-A200/sf/result_sf.pklz
191030-19:20:37,921 nipype.workflow DEBUG:
	 Resolving paths in outputs loaded from results file.
191030-19:20:37,921 nipype.workflow DEBUG:
	 output: t1
191030-19:20:37,921 nipype.workflow DEBUG:
	 [Node] bet - setting input in_file = /gpfs/milgram/project/gee_dylan/candlab/analyses/shapes/dwi/data/2_Preprocessed/sub-A200/sub-A200_ses-shapesV1_T1w_flirt_brain.nii.gz
191030-19:20:37,939 nipype.workflow DEBUG:
	 [Node] Hashes: [('frac', '0.2000000000'), ('in_file', ('/gpfs/milgram/project/gee_dylan/candlab/analyses/shapes/dwi/data/2_Preprocessed/sub-A200/sub-A200_ses-shapesV1_T1w_flirt_brain.nii.gz', '020df884c89be6bdefaaeb8262e39fef')), ('mask', True), ('output_type', 'NIFTI_GZ')], 2a3fad4152f5048795425ccf49357655, /gpfs/milgram/project/gee_dylan/candlab/analyses/shapes/dwi/workflows/tract_flow/_subject_id_sub-A200/bet/_0x2a3fad4152f5048795425ccf49357655.json, ['/gpfs/milgram/project/gee_dylan/candlab/analyses/shapes/dwi/workflows/tract_flow/_subject_id_sub-A200/bet/_0x2a3fad4152f5048795425ccf49357655.json']
191030-19:20:37,939 nipype.workflow DEBUG:
	 [Node] Up-to-date cache found for "tract_flow.bet".
191030-19:20:37,939 nipype.workflow DEBUG:
	 Checking hash "tract_flow.bet" locally: cached=True, updated=True.
191030-19:20:37,939 nipype.workflow DEBUG:
	 Skipping cached node tract_flow.bet with ID 18.
191030-19:20:37,939 nipype.workflow INFO:
	 [Job 18] Cached (tract_flow.bet).
191030-19:20:39,788 nipype.workflow DEBUG:
	 Progress: 22 jobs, 14/2/0 (done/running/ready), 2/6 (pending_tasks/waiting).
191030-19:20:39,788 nipype.workflow DEBUG:
	 Tasks currently running: 2. Pending: 2.
191030-19:20:39,789 nipype.workflow INFO:
	 [MultiProc] Running 2 tasks, and 0 jobs ready. Free memory (GB): 225.71/226.11, Free processors: 2/4.
                     Currently running:
                       * tract_flow.mscsd
                       * tract_flow.mscsd
slurmstepd: error: *** JOB 10082727 ON c02n04 CANCELLED AT 2019-10-30T19:42:27 ***
